[28-Jul-2025 14:01:14 UTC] PHP Warning:  foreach() argument must be of type array|object, string given in F:\os\OSPanel\domains\land.kiavi\wp-content\plugins\wpp-loan-application\includes\functions\wpp-helper.php on line 189
[28-Jul-2025 14:01:14 UTC] PHP Notice:  Function wpdb::prepare was called <strong>incorrectly</strong>. The query argument of wpdb::prepare() must have a placeholder. Please see <a href="https://developer.wordpress.org/advanced-administration/debug/debug-wordpress/">Debugging in WordPress</a> for more information. (This message was added in version 3.9.0.) in F:\os\OSPanel\domains\land.kiavi\wp-includes\functions.php on line 6121
[28-Jul-2025 14:02:43 UTC] PHP Warning:  foreach() argument must be of type array|object, string given in F:\os\OSPanel\domains\land.kiavi\wp-content\plugins\wpp-loan-application\includes\functions\wpp-helper.php on line 189
[28-Jul-2025 14:02:43 UTC] PHP Notice:  Function wpdb::prepare was called <strong>incorrectly</strong>. The query argument of wpdb::prepare() must have a placeholder. Please see <a href="https://developer.wordpress.org/advanced-administration/debug/debug-wordpress/">Debugging in WordPress</a> for more information. (This message was added in version 3.9.0.) in F:\os\OSPanel\domains\land.kiavi\wp-includes\functions.php on line 6121
[28-Jul-2025 14:03:46 UTC] PHP Warning:  foreach() argument must be of type array|object, string given in F:\os\OSPanel\domains\land.kiavi\wp-content\plugins\wpp-loan-application\includes\functions\wpp-helper.php on line 189
[28-Jul-2025 14:03:46 UTC] PHP Notice:  Function wpdb::prepare was called <strong>incorrectly</strong>. The query argument of wpdb::prepare() must have a placeholder. Please see <a href="https://developer.wordpress.org/advanced-administration/debug/debug-wordpress/">Debugging in WordPress</a> for more information. (This message was added in version 3.9.0.) in F:\os\OSPanel\domains\land.kiavi\wp-includes\functions.php on line 6121
[28-Jul-2025 14:03:49 UTC] PHP Warning:  foreach() argument must be of type array|object, string given in F:\os\OSPanel\domains\land.kiavi\wp-content\plugins\wpp-loan-application\includes\functions\wpp-helper.php on line 189
[28-Jul-2025 14:03:52 UTC] PHP Warning:  foreach() argument must be of type array|object, string given in F:\os\OSPanel\domains\land.kiavi\wp-content\plugins\wpp-loan-application\includes\functions\wpp-helper.php on line 189
[28-Jul-2025 14:03:52 UTC] PHP Warning:  Undefined array key "icon" in F:\os\OSPanel\domains\land.kiavi\wp-content\plugins\landvent-manager-panel\core\functions\navs.php on line 102
[28-Jul-2025 14:03:52 UTC] PHP Warning:  Undefined array key "icon" in F:\os\OSPanel\domains\land.kiavi\wp-content\plugins\landvent-manager-panel\core\functions\navs.php on line 102
[28-Jul-2025 14:03:52 UTC] PHP Warning:  Undefined array key "icon" in F:\os\OSPanel\domains\land.kiavi\wp-content\plugins\landvent-manager-panel\core\functions\navs.php on line 102
[28-Jul-2025 14:03:52 UTC] PHP Warning:  Undefined array key "icon" in F:\os\OSPanel\domains\land.kiavi\wp-content\plugins\landvent-manager-panel\core\functions\navs.php on line 102
[28-Jul-2025 14:03:52 UTC] PHP Warning:  Undefined array key "icon" in F:\os\OSPanel\domains\land.kiavi\wp-content\plugins\landvent-manager-panel\core\functions\navs.php on line 102
[28-Jul-2025 14:03:52 UTC] PHP Warning:  Undefined array key "icon" in F:\os\OSPanel\domains\land.kiavi\wp-content\plugins\landvent-manager-panel\core\functions\navs.php on line 102
[28-Jul-2025 14:03:52 UTC] PHP Warning:  Undefined array key "icon" in F:\os\OSPanel\domains\land.kiavi\wp-content\plugins\landvent-manager-panel\core\functions\navs.php on line 102
[28-Jul-2025 14:03:52 UTC] PHP Warning:  Undefined array key "icon" in F:\os\OSPanel\domains\land.kiavi\wp-content\plugins\landvent-manager-panel\core\functions\navs.php on line 102
[28-Jul-2025 14:03:52 UTC] PHP Warning:  Undefined array key "icon" in F:\os\OSPanel\domains\land.kiavi\wp-content\plugins\landvent-manager-panel\core\functions\navs.php on line 102
[28-Jul-2025 14:03:52 UTC] PHP Warning:  Undefined array key "icon" in F:\os\OSPanel\domains\land.kiavi\wp-content\plugins\landvent-manager-panel\core\functions\navs.php on line 102
[28-Jul-2025 14:03:52 UTC] PHP Warning:  Undefined array key "icon" in F:\os\OSPanel\domains\land.kiavi\wp-content\plugins\landvent-manager-panel\core\functions\navs.php on line 102
[28-Jul-2025 14:03:52 UTC] PHP Warning:  Undefined array key "icon" in F:\os\OSPanel\domains\land.kiavi\wp-content\plugins\landvent-manager-panel\core\functions\navs.php on line 102
[28-Jul-2025 14:03:52 UTC] PHP Warning:  Undefined array key "icon" in F:\os\OSPanel\domains\land.kiavi\wp-content\plugins\landvent-manager-panel\core\functions\navs.php on line 102
[28-Jul-2025 14:03:52 UTC] PHP Warning:  foreach() argument must be of type array|object, string given in F:\os\OSPanel\domains\land.kiavi\wp-content\plugins\landvent-manager-panel\core\config\applicant-info.php on line 258
[28-Jul-2025 14:03:52 UTC] PHP Warning:  foreach() argument must be of type array|object, string given in F:\os\OSPanel\domains\land.kiavi\wp-content\plugins\landvent-manager-panel\core\config\property-details.php on line 807
[28-Jul-2025 14:03:52 UTC] PHP Warning:  foreach() argument must be of type array|object, string given in F:\os\OSPanel\domains\land.kiavi\wp-content\plugins\landvent-manager-panel\core\config\property-details.php on line 913
[28-Jul-2025 14:09:22 UTC] PHP Warning:  foreach() argument must be of type array|object, string given in F:\os\OSPanel\domains\land.kiavi\wp-content\plugins\wpp-loan-application\includes\functions\wpp-helper.php on line 189
[28-Jul-2025 14:09:22 UTC] PHP Warning:  Undefined array key "icon" in F:\os\OSPanel\domains\land.kiavi\wp-content\plugins\landvent-manager-panel\core\functions\navs.php on line 102
[28-Jul-2025 14:09:22 UTC] PHP Warning:  Undefined array key "icon" in F:\os\OSPanel\domains\land.kiavi\wp-content\plugins\landvent-manager-panel\core\functions\navs.php on line 102
[28-Jul-2025 14:09:22 UTC] PHP Warning:  Undefined array key "icon" in F:\os\OSPanel\domains\land.kiavi\wp-content\plugins\landvent-manager-panel\core\functions\navs.php on line 102
[28-Jul-2025 14:09:22 UTC] PHP Warning:  Undefined array key "icon" in F:\os\OSPanel\domains\land.kiavi\wp-content\plugins\landvent-manager-panel\core\functions\navs.php on line 102
[28-Jul-2025 14:09:22 UTC] PHP Warning:  Undefined array key "icon" in F:\os\OSPanel\domains\land.kiavi\wp-content\plugins\landvent-manager-panel\core\functions\navs.php on line 102
[28-Jul-2025 14:09:22 UTC] PHP Warning:  Undefined array key "icon" in F:\os\OSPanel\domains\land.kiavi\wp-content\plugins\landvent-manager-panel\core\functions\navs.php on line 102
[28-Jul-2025 14:09:22 UTC] PHP Warning:  Undefined array key "icon" in F:\os\OSPanel\domains\land.kiavi\wp-content\plugins\landvent-manager-panel\core\functions\navs.php on line 102
[28-Jul-2025 14:09:22 UTC] PHP Warning:  Undefined array key "icon" in F:\os\OSPanel\domains\land.kiavi\wp-content\plugins\landvent-manager-panel\core\functions\navs.php on line 102
[28-Jul-2025 14:09:22 UTC] PHP Warning:  Undefined array key "icon" in F:\os\OSPanel\domains\land.kiavi\wp-content\plugins\landvent-manager-panel\core\functions\navs.php on line 102
[28-Jul-2025 14:09:22 UTC] PHP Warning:  Undefined array key "icon" in F:\os\OSPanel\domains\land.kiavi\wp-content\plugins\landvent-manager-panel\core\functions\navs.php on line 102
[28-Jul-2025 14:09:22 UTC] PHP Warning:  Undefined array key "icon" in F:\os\OSPanel\domains\land.kiavi\wp-content\plugins\landvent-manager-panel\core\functions\navs.php on line 102
[28-Jul-2025 14:09:22 UTC] PHP Warning:  Undefined array key "icon" in F:\os\OSPanel\domains\land.kiavi\wp-content\plugins\landvent-manager-panel\core\functions\navs.php on line 102
[28-Jul-2025 14:09:22 UTC] PHP Warning:  Undefined array key "icon" in F:\os\OSPanel\domains\land.kiavi\wp-content\plugins\landvent-manager-panel\core\functions\navs.php on line 102
[28-Jul-2025 14:09:22 UTC] PHP Warning:  foreach() argument must be of type array|object, string given in F:\os\OSPanel\domains\land.kiavi\wp-content\plugins\landvent-manager-panel\core\config\applicant-info.php on line 258
[28-Jul-2025 14:09:23 UTC] PHP Warning:  foreach() argument must be of type array|object, string given in F:\os\OSPanel\domains\land.kiavi\wp-content\plugins\landvent-manager-panel\core\config\property-details.php on line 807
[28-Jul-2025 14:09:23 UTC] PHP Warning:  foreach() argument must be of type array|object, string given in F:\os\OSPanel\domains\land.kiavi\wp-content\plugins\landvent-manager-panel\core\config\property-details.php on line 913
[28-Jul-2025 14:09:28 UTC] PHP Warning:  foreach() argument must be of type array|object, string given in F:\os\OSPanel\domains\land.kiavi\wp-content\plugins\wpp-loan-application\includes\functions\wpp-helper.php on line 189
[28-Jul-2025 14:09:28 UTC] PHP Warning:  Undefined array key "icon" in F:\os\OSPanel\domains\land.kiavi\wp-content\plugins\landvent-manager-panel\core\functions\navs.php on line 102
[28-Jul-2025 14:09:28 UTC] PHP Warning:  Undefined array key "icon" in F:\os\OSPanel\domains\land.kiavi\wp-content\plugins\landvent-manager-panel\core\functions\navs.php on line 102
[28-Jul-2025 14:09:28 UTC] PHP Warning:  Undefined array key "icon" in F:\os\OSPanel\domains\land.kiavi\wp-content\plugins\landvent-manager-panel\core\functions\navs.php on line 102
[28-Jul-2025 14:09:28 UTC] PHP Warning:  Undefined array key "icon" in F:\os\OSPanel\domains\land.kiavi\wp-content\plugins\landvent-manager-panel\core\functions\navs.php on line 102
[28-Jul-2025 14:09:28 UTC] PHP Warning:  Undefined array key "icon" in F:\os\OSPanel\domains\land.kiavi\wp-content\plugins\landvent-manager-panel\core\functions\navs.php on line 102
[28-Jul-2025 14:09:28 UTC] PHP Warning:  Undefined array key "icon" in F:\os\OSPanel\domains\land.kiavi\wp-content\plugins\landvent-manager-panel\core\functions\navs.php on line 102
[28-Jul-2025 14:09:28 UTC] PHP Warning:  Undefined array key "icon" in F:\os\OSPanel\domains\land.kiavi\wp-content\plugins\landvent-manager-panel\core\functions\navs.php on line 102
[28-Jul-2025 14:09:28 UTC] PHP Warning:  Undefined array key "icon" in F:\os\OSPanel\domains\land.kiavi\wp-content\plugins\landvent-manager-panel\core\functions\navs.php on line 102
[28-Jul-2025 14:09:28 UTC] PHP Warning:  Undefined array key "icon" in F:\os\OSPanel\domains\land.kiavi\wp-content\plugins\landvent-manager-panel\core\functions\navs.php on line 102
[28-Jul-2025 14:09:28 UTC] PHP Warning:  Undefined array key "icon" in F:\os\OSPanel\domains\land.kiavi\wp-content\plugins\landvent-manager-panel\core\functions\navs.php on line 102
[28-Jul-2025 14:09:28 UTC] PHP Warning:  Undefined array key "icon" in F:\os\OSPanel\domains\land.kiavi\wp-content\plugins\landvent-manager-panel\core\functions\navs.php on line 102
[28-Jul-2025 14:09:28 UTC] PHP Warning:  Undefined array key "icon" in F:\os\OSPanel\domains\land.kiavi\wp-content\plugins\landvent-manager-panel\core\functions\navs.php on line 102
[28-Jul-2025 14:09:28 UTC] PHP Warning:  Undefined array key "icon" in F:\os\OSPanel\domains\land.kiavi\wp-content\plugins\landvent-manager-panel\core\functions\navs.php on line 102
[28-Jul-2025 14:09:28 UTC] PHP Warning:  foreach() argument must be of type array|object, string given in F:\os\OSPanel\domains\land.kiavi\wp-content\plugins\landvent-manager-panel\core\config\applicant-info.php on line 258
[28-Jul-2025 14:09:28 UTC] PHP Warning:  foreach() argument must be of type array|object, string given in F:\os\OSPanel\domains\land.kiavi\wp-content\plugins\landvent-manager-panel\core\config\property-details.php on line 807
[28-Jul-2025 14:09:28 UTC] PHP Warning:  foreach() argument must be of type array|object, string given in F:\os\OSPanel\domains\land.kiavi\wp-content\plugins\landvent-manager-panel\core\config\property-details.php on line 913
[28-Jul-2025 14:09:43 UTC] PHP Warning:  foreach() argument must be of type array|object, string given in F:\os\OSPanel\domains\land.kiavi\wp-content\plugins\wpp-loan-application\includes\functions\wpp-helper.php on line 189
[28-Jul-2025 14:09:43 UTC] PHP Warning:  Undefined array key "icon" in F:\os\OSPanel\domains\land.kiavi\wp-content\plugins\landvent-manager-panel\core\functions\navs.php on line 102
[28-Jul-2025 14:09:43 UTC] PHP Warning:  Undefined array key "icon" in F:\os\OSPanel\domains\land.kiavi\wp-content\plugins\landvent-manager-panel\core\functions\navs.php on line 102
[28-Jul-2025 14:09:43 UTC] PHP Warning:  Undefined array key "icon" in F:\os\OSPanel\domains\land.kiavi\wp-content\plugins\landvent-manager-panel\core\functions\navs.php on line 102
[28-Jul-2025 14:09:43 UTC] PHP Warning:  Undefined array key "icon" in F:\os\OSPanel\domains\land.kiavi\wp-content\plugins\landvent-manager-panel\core\functions\navs.php on line 102
[28-Jul-2025 14:09:43 UTC] PHP Warning:  Undefined array key "icon" in F:\os\OSPanel\domains\land.kiavi\wp-content\plugins\landvent-manager-panel\core\functions\navs.php on line 102
[28-Jul-2025 14:09:43 UTC] PHP Warning:  Undefined array key "icon" in F:\os\OSPanel\domains\land.kiavi\wp-content\plugins\landvent-manager-panel\core\functions\navs.php on line 102
[28-Jul-2025 14:09:43 UTC] PHP Warning:  Undefined array key "icon" in F:\os\OSPanel\domains\land.kiavi\wp-content\plugins\landvent-manager-panel\core\functions\navs.php on line 102
[28-Jul-2025 14:09:43 UTC] PHP Warning:  Undefined array key "icon" in F:\os\OSPanel\domains\land.kiavi\wp-content\plugins\landvent-manager-panel\core\functions\navs.php on line 102
[28-Jul-2025 14:09:43 UTC] PHP Warning:  Undefined array key "icon" in F:\os\OSPanel\domains\land.kiavi\wp-content\plugins\landvent-manager-panel\core\functions\navs.php on line 102
[28-Jul-2025 14:09:43 UTC] PHP Warning:  Undefined array key "icon" in F:\os\OSPanel\domains\land.kiavi\wp-content\plugins\landvent-manager-panel\core\functions\navs.php on line 102
[28-Jul-2025 14:09:43 UTC] PHP Warning:  Undefined array key "icon" in F:\os\OSPanel\domains\land.kiavi\wp-content\plugins\landvent-manager-panel\core\functions\navs.php on line 102
[28-Jul-2025 14:09:43 UTC] PHP Warning:  Undefined array key "icon" in F:\os\OSPanel\domains\land.kiavi\wp-content\plugins\landvent-manager-panel\core\functions\navs.php on line 102
[28-Jul-2025 14:09:43 UTC] PHP Warning:  Undefined array key "icon" in F:\os\OSPanel\domains\land.kiavi\wp-content\plugins\landvent-manager-panel\core\functions\navs.php on line 102
[28-Jul-2025 14:09:43 UTC] PHP Warning:  foreach() argument must be of type array|object, string given in F:\os\OSPanel\domains\land.kiavi\wp-content\plugins\landvent-manager-panel\core\config\applicant-info.php on line 258
[28-Jul-2025 14:09:43 UTC] PHP Warning:  foreach() argument must be of type array|object, string given in F:\os\OSPanel\domains\land.kiavi\wp-content\plugins\landvent-manager-panel\core\config\property-details.php on line 807
[28-Jul-2025 14:09:43 UTC] PHP Warning:  foreach() argument must be of type array|object, string given in F:\os\OSPanel\domains\land.kiavi\wp-content\plugins\landvent-manager-panel\core\config\property-details.php on line 913
[28-Jul-2025 14:10:15 UTC] PHP Warning:  foreach() argument must be of type array|object, string given in F:\os\OSPanel\domains\land.kiavi\wp-content\plugins\wpp-loan-application\includes\functions\wpp-helper.php on line 189
[28-Jul-2025 14:10:15 UTC] PHP Warning:  Undefined array key "icon" in F:\os\OSPanel\domains\land.kiavi\wp-content\plugins\landvent-manager-panel\core\functions\navs.php on line 102
[28-Jul-2025 14:10:15 UTC] PHP Warning:  Undefined array key "icon" in F:\os\OSPanel\domains\land.kiavi\wp-content\plugins\landvent-manager-panel\core\functions\navs.php on line 102
[28-Jul-2025 14:10:15 UTC] PHP Warning:  Undefined array key "icon" in F:\os\OSPanel\domains\land.kiavi\wp-content\plugins\landvent-manager-panel\core\functions\navs.php on line 102
[28-Jul-2025 14:10:15 UTC] PHP Warning:  Undefined array key "icon" in F:\os\OSPanel\domains\land.kiavi\wp-content\plugins\landvent-manager-panel\core\functions\navs.php on line 102
[28-Jul-2025 14:10:15 UTC] PHP Warning:  Undefined array key "icon" in F:\os\OSPanel\domains\land.kiavi\wp-content\plugins\landvent-manager-panel\core\functions\navs.php on line 102
[28-Jul-2025 14:10:15 UTC] PHP Warning:  Undefined array key "icon" in F:\os\OSPanel\domains\land.kiavi\wp-content\plugins\landvent-manager-panel\core\functions\navs.php on line 102
[28-Jul-2025 14:10:15 UTC] PHP Warning:  Undefined array key "icon" in F:\os\OSPanel\domains\land.kiavi\wp-content\plugins\landvent-manager-panel\core\functions\navs.php on line 102
[28-Jul-2025 14:10:15 UTC] PHP Warning:  Undefined array key "icon" in F:\os\OSPanel\domains\land.kiavi\wp-content\plugins\landvent-manager-panel\core\functions\navs.php on line 102
[28-Jul-2025 14:10:15 UTC] PHP Warning:  Undefined array key "icon" in F:\os\OSPanel\domains\land.kiavi\wp-content\plugins\landvent-manager-panel\core\functions\navs.php on line 102
[28-Jul-2025 14:10:15 UTC] PHP Warning:  Undefined array key "icon" in F:\os\OSPanel\domains\land.kiavi\wp-content\plugins\landvent-manager-panel\core\functions\navs.php on line 102
[28-Jul-2025 14:10:15 UTC] PHP Warning:  Undefined array key "icon" in F:\os\OSPanel\domains\land.kiavi\wp-content\plugins\landvent-manager-panel\core\functions\navs.php on line 102
[28-Jul-2025 14:10:15 UTC] PHP Warning:  Undefined array key "icon" in F:\os\OSPanel\domains\land.kiavi\wp-content\plugins\landvent-manager-panel\core\functions\navs.php on line 102
[28-Jul-2025 14:10:15 UTC] PHP Warning:  Undefined array key "icon" in F:\os\OSPanel\domains\land.kiavi\wp-content\plugins\landvent-manager-panel\core\functions\navs.php on line 102
[28-Jul-2025 14:10:15 UTC] PHP Warning:  foreach() argument must be of type array|object, string given in F:\os\OSPanel\domains\land.kiavi\wp-content\plugins\landvent-manager-panel\core\config\applicant-info.php on line 258
[28-Jul-2025 14:10:15 UTC] PHP Warning:  foreach() argument must be of type array|object, string given in F:\os\OSPanel\domains\land.kiavi\wp-content\plugins\landvent-manager-panel\core\config\property-details.php on line 807
[28-Jul-2025 14:10:15 UTC] PHP Warning:  foreach() argument must be of type array|object, string given in F:\os\OSPanel\domains\land.kiavi\wp-content\plugins\landvent-manager-panel\core\config\property-details.php on line 913
[28-Jul-2025 14:28:23 UTC] PHP Warning:  foreach() argument must be of type array|object, string given in F:\os\OSPanel\domains\land.kiavi\wp-content\plugins\wpp-loan-application\includes\functions\wpp-helper.php on line 189
[28-Jul-2025 14:28:23 UTC] PHP Warning:  Undefined array key "icon" in F:\os\OSPanel\domains\land.kiavi\wp-content\plugins\landvent-manager-panel\core\functions\navs.php on line 102
[28-Jul-2025 14:28:23 UTC] PHP Warning:  Undefined array key "icon" in F:\os\OSPanel\domains\land.kiavi\wp-content\plugins\landvent-manager-panel\core\functions\navs.php on line 102
[28-Jul-2025 14:28:23 UTC] PHP Warning:  Undefined array key "icon" in F:\os\OSPanel\domains\land.kiavi\wp-content\plugins\landvent-manager-panel\core\functions\navs.php on line 102
[28-Jul-2025 14:28:23 UTC] PHP Warning:  Undefined array key "icon" in F:\os\OSPanel\domains\land.kiavi\wp-content\plugins\landvent-manager-panel\core\functions\navs.php on line 102
[28-Jul-2025 14:28:23 UTC] PHP Warning:  Undefined array key "icon" in F:\os\OSPanel\domains\land.kiavi\wp-content\plugins\landvent-manager-panel\core\functions\navs.php on line 102
[28-Jul-2025 14:28:23 UTC] PHP Warning:  Undefined array key "icon" in F:\os\OSPanel\domains\land.kiavi\wp-content\plugins\landvent-manager-panel\core\functions\navs.php on line 102
[28-Jul-2025 14:28:23 UTC] PHP Warning:  Undefined array key "icon" in F:\os\OSPanel\domains\land.kiavi\wp-content\plugins\landvent-manager-panel\core\functions\navs.php on line 102
[28-Jul-2025 14:28:23 UTC] PHP Warning:  Undefined array key "icon" in F:\os\OSPanel\domains\land.kiavi\wp-content\plugins\landvent-manager-panel\core\functions\navs.php on line 102
[28-Jul-2025 14:28:23 UTC] PHP Warning:  Undefined array key "icon" in F:\os\OSPanel\domains\land.kiavi\wp-content\plugins\landvent-manager-panel\core\functions\navs.php on line 102
[28-Jul-2025 14:28:23 UTC] PHP Warning:  Undefined array key "icon" in F:\os\OSPanel\domains\land.kiavi\wp-content\plugins\landvent-manager-panel\core\functions\navs.php on line 102
[28-Jul-2025 14:28:23 UTC] PHP Warning:  Undefined array key "icon" in F:\os\OSPanel\domains\land.kiavi\wp-content\plugins\landvent-manager-panel\core\functions\navs.php on line 102
[28-Jul-2025 14:28:23 UTC] PHP Warning:  Undefined array key "icon" in F:\os\OSPanel\domains\land.kiavi\wp-content\plugins\landvent-manager-panel\core\functions\navs.php on line 102
[28-Jul-2025 14:28:23 UTC] PHP Warning:  Undefined array key "icon" in F:\os\OSPanel\domains\land.kiavi\wp-content\plugins\landvent-manager-panel\core\functions\navs.php on line 102
[28-Jul-2025 14:28:23 UTC] PHP Warning:  foreach() argument must be of type array|object, string given in F:\os\OSPanel\domains\land.kiavi\wp-content\plugins\landvent-manager-panel\core\config\applicant-info.php on line 258
[28-Jul-2025 14:28:24 UTC] PHP Warning:  foreach() argument must be of type array|object, string given in F:\os\OSPanel\domains\land.kiavi\wp-content\plugins\landvent-manager-panel\core\config\property-details.php on line 807
[28-Jul-2025 14:28:24 UTC] PHP Warning:  foreach() argument must be of type array|object, string given in F:\os\OSPanel\domains\land.kiavi\wp-content\plugins\landvent-manager-panel\core\config\property-details.php on line 913
[28-Jul-2025 14:31:28 UTC] PHP Warning:  foreach() argument must be of type array|object, string given in F:\os\OSPanel\domains\land.kiavi\wp-content\plugins\wpp-loan-application\includes\functions\wpp-helper.php on line 189
[28-Jul-2025 14:31:35 UTC] PHP Warning:  foreach() argument must be of type array|object, string given in F:\os\OSPanel\domains\land.kiavi\wp-content\plugins\wpp-loan-application\includes\functions\wpp-helper.php on line 189
[28-Jul-2025 14:31:37 UTC] PHP Warning:  foreach() argument must be of type array|object, string given in F:\os\OSPanel\domains\land.kiavi\wp-content\plugins\wpp-loan-application\includes\functions\wpp-helper.php on line 189
[28-Jul-2025 14:31:44 UTC] PHP Warning:  foreach() argument must be of type array|object, string given in F:\os\OSPanel\domains\land.kiavi\wp-content\plugins\wpp-loan-application\includes\functions\wpp-helper.php on line 189
[28-Jul-2025 14:31:46 UTC] PHP Warning:  foreach() argument must be of type array|object, string given in F:\os\OSPanel\domains\land.kiavi\wp-content\plugins\wpp-loan-application\includes\functions\wpp-helper.php on line 189
[28-Jul-2025 14:32:00 UTC] PHP Warning:  foreach() argument must be of type array|object, string given in F:\os\OSPanel\domains\land.kiavi\wp-content\plugins\wpp-loan-application\includes\functions\wpp-helper.php on line 189
[28-Jul-2025 14:32:55 UTC] Гарант сохранён под ID: 15
[28-Jul-2025 14:32:57 UTC] PHP Warning:  foreach() argument must be of type array|object, string given in F:\os\OSPanel\domains\land.kiavi\wp-content\plugins\wpp-loan-application\includes\functions\wpp-helper.php on line 189
[28-Jul-2025 14:32:59 UTC] PHP Warning:  foreach() argument must be of type array|object, string given in F:\os\OSPanel\domains\land.kiavi\wp-content\plugins\wpp-loan-application\includes\functions\wpp-helper.php on line 189
[28-Jul-2025 14:33:41 UTC] PHP Warning:  foreach() argument must be of type array|object, string given in F:\os\OSPanel\domains\land.kiavi\wp-content\plugins\wpp-loan-application\includes\functions\wpp-helper.php on line 189
[28-Jul-2025 14:33:43 UTC] PHP Warning:  foreach() argument must be of type array|object, string given in F:\os\OSPanel\domains\land.kiavi\wp-content\plugins\wpp-loan-application\includes\functions\wpp-helper.php on line 189
[28-Jul-2025 14:35:03 UTC] PHP Warning:  foreach() argument must be of type array|object, string given in F:\os\OSPanel\domains\land.kiavi\wp-content\plugins\wpp-loan-application\includes\functions\wpp-helper.php on line 189
[28-Jul-2025 14:35:38 UTC] PHP Warning:  foreach() argument must be of type array|object, string given in F:\os\OSPanel\domains\land.kiavi\wp-content\plugins\wpp-loan-application\includes\functions\wpp-helper.php on line 189
[28-Jul-2025 14:35:41 UTC] PHP Warning:  foreach() argument must be of type array|object, string given in F:\os\OSPanel\domains\land.kiavi\wp-content\plugins\wpp-loan-application\includes\functions\wpp-helper.php on line 189
[28-Jul-2025 14:36:12 UTC] PHP Warning:  foreach() argument must be of type array|object, string given in F:\os\OSPanel\domains\land.kiavi\wp-content\plugins\wpp-loan-application\includes\functions\wpp-helper.php on line 189
[28-Jul-2025 14:36:14 UTC] PHP Warning:  foreach() argument must be of type array|object, string given in F:\os\OSPanel\domains\land.kiavi\wp-content\plugins\wpp-loan-application\includes\functions\wpp-helper.php on line 189
[28-Jul-2025 14:36:22 UTC] PHP Warning:  foreach() argument must be of type array|object, string given in F:\os\OSPanel\domains\land.kiavi\wp-content\plugins\wpp-loan-application\includes\functions\wpp-helper.php on line 189
[28-Jul-2025 14:36:24 UTC] PHP Warning:  foreach() argument must be of type array|object, string given in F:\os\OSPanel\domains\land.kiavi\wp-content\plugins\wpp-loan-application\includes\functions\wpp-helper.php on line 189
[28-Jul-2025 14:36:33 UTC] PHP Warning:  foreach() argument must be of type array|object, string given in F:\os\OSPanel\domains\land.kiavi\wp-content\plugins\wpp-loan-application\includes\functions\wpp-helper.php on line 189
[28-Jul-2025 14:36:35 UTC] PHP Warning:  foreach() argument must be of type array|object, string given in F:\os\OSPanel\domains\land.kiavi\wp-content\plugins\wpp-loan-application\includes\functions\wpp-helper.php on line 189
[28-Jul-2025 14:37:06 UTC] PHP Warning:  foreach() argument must be of type array|object, string given in F:\os\OSPanel\domains\land.kiavi\wp-content\plugins\wpp-loan-application\includes\functions\wpp-helper.php on line 189
[28-Jul-2025 14:37:08 UTC] PHP Warning:  foreach() argument must be of type array|object, string given in F:\os\OSPanel\domains\land.kiavi\wp-content\plugins\wpp-loan-application\includes\functions\wpp-helper.php on line 189
[28-Jul-2025 14:37:11 UTC] PHP Warning:  foreach() argument must be of type array|object, string given in F:\os\OSPanel\domains\land.kiavi\wp-content\plugins\wpp-loan-application\includes\functions\wpp-helper.php on line 189
[28-Jul-2025 14:37:19 UTC] PHP Warning:  foreach() argument must be of type array|object, string given in F:\os\OSPanel\domains\land.kiavi\wp-content\plugins\wpp-loan-application\includes\functions\wpp-helper.php on line 189
[28-Jul-2025 14:37:19 UTC] PHP Notice:  Function wpdb::prepare was called <strong>incorrectly</strong>. The query argument of wpdb::prepare() must have a placeholder. Please see <a href="https://developer.wordpress.org/advanced-administration/debug/debug-wordpress/">Debugging in WordPress</a> for more information. (This message was added in version 3.9.0.) in F:\os\OSPanel\domains\land.kiavi\wp-includes\functions.php on line 6121
[28-Jul-2025 14:37:19 UTC] PHP Warning:  Undefined property: stdClass::$s4_total_loan_amount_sum in F:\os\OSPanel\domains\land.kiavi\wp-content\plugins\landvent-manager-panel\public\templates\dashboard-template.php on line 108
[28-Jul-2025 14:37:19 UTC] PHP Deprecated:  number_format(): Passing null to parameter #1 ($num) of type float is deprecated in F:\os\OSPanel\domains\land.kiavi\wp-content\plugins\landvent-manager-panel\public\templates\dashboard-template.php on line 108
[28-Jul-2025 14:37:57 UTC] PHP Warning:  foreach() argument must be of type array|object, string given in F:\os\OSPanel\domains\land.kiavi\wp-content\plugins\wpp-loan-application\includes\functions\wpp-helper.php on line 189
[28-Jul-2025 14:37:57 UTC] PHP Notice:  Function wpdb::prepare was called <strong>incorrectly</strong>. The query argument of wpdb::prepare() must have a placeholder. Please see <a href="https://developer.wordpress.org/advanced-administration/debug/debug-wordpress/">Debugging in WordPress</a> for more information. (This message was added in version 3.9.0.) in F:\os\OSPanel\domains\land.kiavi\wp-includes\functions.php on line 6121
[28-Jul-2025 14:37:57 UTC] PHP Warning:  Undefined property: stdClass::$s4_total_loan_amount_sum in F:\os\OSPanel\domains\land.kiavi\wp-content\plugins\landvent-manager-panel\public\templates\dashboard-template.php on line 197
[28-Jul-2025 14:37:57 UTC] PHP Deprecated:  number_format(): Passing null to parameter #1 ($num) of type float is deprecated in F:\os\OSPanel\domains\land.kiavi\wp-content\plugins\landvent-manager-panel\public\templates\dashboard-template.php on line 197
[28-Jul-2025 14:38:02 UTC] PHP Warning:  Attempt to read property "card_ids" on null in F:\os\OSPanel\domains\land.kiavi\wp-content\plugins\landvent-manager-panel\core\functions\trello-columns.php on line 165
[28-Jul-2025 14:38:02 UTC] PHP Deprecated:  json_decode(): Passing null to parameter #1 ($json) of type string is deprecated in F:\os\OSPanel\domains\land.kiavi\wp-content\plugins\landvent-manager-panel\core\functions\trello-columns.php on line 165
[28-Jul-2025 14:38:02 UTC] PHP Fatal error:  Uncaught TypeError: array_filter(): Argument #1 ($array) must be of type array, null given in F:\os\OSPanel\domains\land.kiavi\wp-content\plugins\landvent-manager-panel\core\functions\trello-columns.php:168
Stack trace:
#0 F:\os\OSPanel\domains\land.kiavi\wp-content\plugins\landvent-manager-panel\core\functions\trello-columns.php(168): array_filter()
#1 F:\os\OSPanel\domains\land.kiavi\wp-includes\class-wp-hook.php(324): update_card_position_callback()
#2 F:\os\OSPanel\domains\land.kiavi\wp-includes\class-wp-hook.php(348): WP_Hook->apply_filters()
#3 F:\os\OSPanel\domains\land.kiavi\wp-includes\plugin.php(517): WP_Hook->do_action()
#4 F:\os\OSPanel\domains\land.kiavi\wp-admin\admin-ajax.php(192): do_action()
#5 {main}
  thrown in F:\os\OSPanel\domains\land.kiavi\wp-content\plugins\landvent-manager-panel\core\functions\trello-columns.php on line 168
[28-Jul-2025 14:38:07 UTC] PHP Warning:  foreach() argument must be of type array|object, string given in F:\os\OSPanel\domains\land.kiavi\wp-content\plugins\wpp-loan-application\includes\functions\wpp-helper.php on line 189
[28-Jul-2025 14:38:07 UTC] PHP Notice:  Function wpdb::prepare was called <strong>incorrectly</strong>. The query argument of wpdb::prepare() must have a placeholder. Please see <a href="https://developer.wordpress.org/advanced-administration/debug/debug-wordpress/">Debugging in WordPress</a> for more information. (This message was added in version 3.9.0.) in F:\os\OSPanel\domains\land.kiavi\wp-includes\functions.php on line 6121
[28-Jul-2025 14:38:07 UTC] PHP Warning:  Undefined property: stdClass::$s4_total_loan_amount_sum in F:\os\OSPanel\domains\land.kiavi\wp-content\plugins\landvent-manager-panel\public\templates\dashboard-template.php on line 197
[28-Jul-2025 14:38:07 UTC] PHP Deprecated:  number_format(): Passing null to parameter #1 ($num) of type float is deprecated in F:\os\OSPanel\domains\land.kiavi\wp-content\plugins\landvent-manager-panel\public\templates\dashboard-template.php on line 197
[28-Jul-2025 14:38:11 UTC] PHP Warning:  foreach() argument must be of type array|object, string given in F:\os\OSPanel\domains\land.kiavi\wp-content\plugins\wpp-loan-application\includes\functions\wpp-helper.php on line 189
[28-Jul-2025 14:38:14 UTC] PHP Warning:  foreach() argument must be of type array|object, string given in F:\os\OSPanel\domains\land.kiavi\wp-content\plugins\wpp-loan-application\includes\functions\wpp-helper.php on line 189
[28-Jul-2025 14:38:14 UTC] PHP Warning:  Undefined array key "icon" in F:\os\OSPanel\domains\land.kiavi\wp-content\plugins\landvent-manager-panel\core\functions\navs.php on line 102
[28-Jul-2025 14:38:14 UTC] PHP Warning:  Undefined array key "icon" in F:\os\OSPanel\domains\land.kiavi\wp-content\plugins\landvent-manager-panel\core\functions\navs.php on line 102
[28-Jul-2025 14:38:14 UTC] PHP Warning:  Undefined array key "icon" in F:\os\OSPanel\domains\land.kiavi\wp-content\plugins\landvent-manager-panel\core\functions\navs.php on line 102
[28-Jul-2025 14:38:14 UTC] PHP Warning:  Undefined array key "icon" in F:\os\OSPanel\domains\land.kiavi\wp-content\plugins\landvent-manager-panel\core\functions\navs.php on line 102
[28-Jul-2025 14:38:14 UTC] PHP Warning:  Undefined array key "icon" in F:\os\OSPanel\domains\land.kiavi\wp-content\plugins\landvent-manager-panel\core\functions\navs.php on line 102
[28-Jul-2025 14:38:14 UTC] PHP Warning:  Undefined array key "icon" in F:\os\OSPanel\domains\land.kiavi\wp-content\plugins\landvent-manager-panel\core\functions\navs.php on line 102
[28-Jul-2025 14:38:14 UTC] PHP Warning:  Undefined array key "icon" in F:\os\OSPanel\domains\land.kiavi\wp-content\plugins\landvent-manager-panel\core\functions\navs.php on line 102
[28-Jul-2025 14:38:14 UTC] PHP Warning:  Undefined array key "icon" in F:\os\OSPanel\domains\land.kiavi\wp-content\plugins\landvent-manager-panel\core\functions\navs.php on line 102
[28-Jul-2025 14:38:14 UTC] PHP Warning:  Undefined array key "icon" in F:\os\OSPanel\domains\land.kiavi\wp-content\plugins\landvent-manager-panel\core\functions\navs.php on line 102
[28-Jul-2025 14:38:14 UTC] PHP Warning:  Undefined array key "icon" in F:\os\OSPanel\domains\land.kiavi\wp-content\plugins\landvent-manager-panel\core\functions\navs.php on line 102
[28-Jul-2025 14:38:14 UTC] PHP Warning:  Undefined array key "icon" in F:\os\OSPanel\domains\land.kiavi\wp-content\plugins\landvent-manager-panel\core\functions\navs.php on line 102
[28-Jul-2025 14:38:14 UTC] PHP Warning:  Undefined array key "icon" in F:\os\OSPanel\domains\land.kiavi\wp-content\plugins\landvent-manager-panel\core\functions\navs.php on line 102
[28-Jul-2025 14:38:14 UTC] PHP Warning:  Undefined array key "icon" in F:\os\OSPanel\domains\land.kiavi\wp-content\plugins\landvent-manager-panel\core\functions\navs.php on line 102
[28-Jul-2025 14:38:18 UTC] PHP Warning:  foreach() argument must be of type array|object, string given in F:\os\OSPanel\domains\land.kiavi\wp-content\plugins\wpp-loan-application\includes\functions\wpp-helper.php on line 189
[28-Jul-2025 14:38:18 UTC] PHP Notice:  Function wpdb::prepare was called <strong>incorrectly</strong>. The query argument of wpdb::prepare() must have a placeholder. Please see <a href="https://developer.wordpress.org/advanced-administration/debug/debug-wordpress/">Debugging in WordPress</a> for more information. (This message was added in version 3.9.0.) in F:\os\OSPanel\domains\land.kiavi\wp-includes\functions.php on line 6121
[28-Jul-2025 14:38:18 UTC] PHP Warning:  Undefined property: stdClass::$s4_total_loan_amount_sum in F:\os\OSPanel\domains\land.kiavi\wp-content\plugins\landvent-manager-panel\public\templates\dashboard-template.php on line 197
[28-Jul-2025 14:38:18 UTC] PHP Deprecated:  number_format(): Passing null to parameter #1 ($num) of type float is deprecated in F:\os\OSPanel\domains\land.kiavi\wp-content\plugins\landvent-manager-panel\public\templates\dashboard-template.php on line 197
[28-Jul-2025 14:38:22 UTC] PHP Warning:  foreach() argument must be of type array|object, string given in F:\os\OSPanel\domains\land.kiavi\wp-content\plugins\wpp-loan-application\includes\functions\wpp-helper.php on line 189
[28-Jul-2025 14:38:24 UTC] PHP Warning:  foreach() argument must be of type array|object, string given in F:\os\OSPanel\domains\land.kiavi\wp-content\plugins\wpp-loan-application\includes\functions\wpp-helper.php on line 189
[28-Jul-2025 14:38:24 UTC] PHP Warning:  Undefined array key "icon" in F:\os\OSPanel\domains\land.kiavi\wp-content\plugins\landvent-manager-panel\core\functions\navs.php on line 102
[28-Jul-2025 14:38:24 UTC] PHP Warning:  Undefined array key "icon" in F:\os\OSPanel\domains\land.kiavi\wp-content\plugins\landvent-manager-panel\core\functions\navs.php on line 102
[28-Jul-2025 14:38:24 UTC] PHP Warning:  Undefined array key "icon" in F:\os\OSPanel\domains\land.kiavi\wp-content\plugins\landvent-manager-panel\core\functions\navs.php on line 102
[28-Jul-2025 14:38:24 UTC] PHP Warning:  Undefined array key "icon" in F:\os\OSPanel\domains\land.kiavi\wp-content\plugins\landvent-manager-panel\core\functions\navs.php on line 102
[28-Jul-2025 14:38:24 UTC] PHP Warning:  Undefined array key "icon" in F:\os\OSPanel\domains\land.kiavi\wp-content\plugins\landvent-manager-panel\core\functions\navs.php on line 102
[28-Jul-2025 14:38:24 UTC] PHP Warning:  Undefined array key "icon" in F:\os\OSPanel\domains\land.kiavi\wp-content\plugins\landvent-manager-panel\core\functions\navs.php on line 102
[28-Jul-2025 14:38:24 UTC] PHP Warning:  Undefined array key "icon" in F:\os\OSPanel\domains\land.kiavi\wp-content\plugins\landvent-manager-panel\core\functions\navs.php on line 102
[28-Jul-2025 14:38:24 UTC] PHP Warning:  Undefined array key "icon" in F:\os\OSPanel\domains\land.kiavi\wp-content\plugins\landvent-manager-panel\core\functions\navs.php on line 102
[28-Jul-2025 14:38:24 UTC] PHP Warning:  Undefined array key "icon" in F:\os\OSPanel\domains\land.kiavi\wp-content\plugins\landvent-manager-panel\core\functions\navs.php on line 102
[28-Jul-2025 14:38:24 UTC] PHP Warning:  Undefined array key "icon" in F:\os\OSPanel\domains\land.kiavi\wp-content\plugins\landvent-manager-panel\core\functions\navs.php on line 102
[28-Jul-2025 14:38:24 UTC] PHP Warning:  Undefined array key "icon" in F:\os\OSPanel\domains\land.kiavi\wp-content\plugins\landvent-manager-panel\core\functions\navs.php on line 102
[28-Jul-2025 14:38:24 UTC] PHP Warning:  Undefined array key "icon" in F:\os\OSPanel\domains\land.kiavi\wp-content\plugins\landvent-manager-panel\core\functions\navs.php on line 102
[28-Jul-2025 14:38:24 UTC] PHP Warning:  Undefined array key "icon" in F:\os\OSPanel\domains\land.kiavi\wp-content\plugins\landvent-manager-panel\core\functions\navs.php on line 102
[28-Jul-2025 14:38:27 UTC] PHP Warning:  foreach() argument must be of type array|object, string given in F:\os\OSPanel\domains\land.kiavi\wp-content\plugins\wpp-loan-application\includes\functions\wpp-helper.php on line 189
[28-Jul-2025 14:38:27 UTC] PHP Notice:  Function wpdb::prepare was called <strong>incorrectly</strong>. The query argument of wpdb::prepare() must have a placeholder. Please see <a href="https://developer.wordpress.org/advanced-administration/debug/debug-wordpress/">Debugging in WordPress</a> for more information. (This message was added in version 3.9.0.) in F:\os\OSPanel\domains\land.kiavi\wp-includes\functions.php on line 6121
[28-Jul-2025 14:38:27 UTC] PHP Warning:  Undefined property: stdClass::$s4_total_loan_amount_sum in F:\os\OSPanel\domains\land.kiavi\wp-content\plugins\landvent-manager-panel\public\templates\dashboard-template.php on line 197
[28-Jul-2025 14:38:27 UTC] PHP Deprecated:  number_format(): Passing null to parameter #1 ($num) of type float is deprecated in F:\os\OSPanel\domains\land.kiavi\wp-content\plugins\landvent-manager-panel\public\templates\dashboard-template.php on line 197
[28-Jul-2025 14:38:31 UTC] PHP Warning:  foreach() argument must be of type array|object, string given in F:\os\OSPanel\domains\land.kiavi\wp-content\plugins\wpp-loan-application\includes\functions\wpp-helper.php on line 189
[28-Jul-2025 14:38:33 UTC] PHP Warning:  foreach() argument must be of type array|object, string given in F:\os\OSPanel\domains\land.kiavi\wp-content\plugins\wpp-loan-application\includes\functions\wpp-helper.php on line 189
[28-Jul-2025 14:38:33 UTC] PHP Warning:  Undefined array key "icon" in F:\os\OSPanel\domains\land.kiavi\wp-content\plugins\landvent-manager-panel\core\functions\navs.php on line 102
[28-Jul-2025 14:38:33 UTC] PHP Warning:  Undefined array key "icon" in F:\os\OSPanel\domains\land.kiavi\wp-content\plugins\landvent-manager-panel\core\functions\navs.php on line 102
[28-Jul-2025 14:38:33 UTC] PHP Warning:  Undefined array key "icon" in F:\os\OSPanel\domains\land.kiavi\wp-content\plugins\landvent-manager-panel\core\functions\navs.php on line 102
[28-Jul-2025 14:38:33 UTC] PHP Warning:  Undefined array key "icon" in F:\os\OSPanel\domains\land.kiavi\wp-content\plugins\landvent-manager-panel\core\functions\navs.php on line 102
[28-Jul-2025 14:38:33 UTC] PHP Warning:  Undefined array key "icon" in F:\os\OSPanel\domains\land.kiavi\wp-content\plugins\landvent-manager-panel\core\functions\navs.php on line 102
[28-Jul-2025 14:38:33 UTC] PHP Warning:  Undefined array key "icon" in F:\os\OSPanel\domains\land.kiavi\wp-content\plugins\landvent-manager-panel\core\functions\navs.php on line 102
[28-Jul-2025 14:38:33 UTC] PHP Warning:  Undefined array key "icon" in F:\os\OSPanel\domains\land.kiavi\wp-content\plugins\landvent-manager-panel\core\functions\navs.php on line 102
[28-Jul-2025 14:38:33 UTC] PHP Warning:  Undefined array key "icon" in F:\os\OSPanel\domains\land.kiavi\wp-content\plugins\landvent-manager-panel\core\functions\navs.php on line 102
[28-Jul-2025 14:38:33 UTC] PHP Warning:  Undefined array key "icon" in F:\os\OSPanel\domains\land.kiavi\wp-content\plugins\landvent-manager-panel\core\functions\navs.php on line 102
[28-Jul-2025 14:38:33 UTC] PHP Warning:  Undefined array key "icon" in F:\os\OSPanel\domains\land.kiavi\wp-content\plugins\landvent-manager-panel\core\functions\navs.php on line 102
[28-Jul-2025 14:38:33 UTC] PHP Warning:  Undefined array key "icon" in F:\os\OSPanel\domains\land.kiavi\wp-content\plugins\landvent-manager-panel\core\functions\navs.php on line 102
[28-Jul-2025 14:38:33 UTC] PHP Warning:  Undefined array key "icon" in F:\os\OSPanel\domains\land.kiavi\wp-content\plugins\landvent-manager-panel\core\functions\navs.php on line 102
[28-Jul-2025 14:38:33 UTC] PHP Warning:  Undefined array key "icon" in F:\os\OSPanel\domains\land.kiavi\wp-content\plugins\landvent-manager-panel\core\functions\navs.php on line 102
[28-Jul-2025 14:38:33 UTC] PHP Warning:  foreach() argument must be of type array|object, string given in F:\os\OSPanel\domains\land.kiavi\wp-content\plugins\landvent-manager-panel\core\config\applicant-info.php on line 258
[28-Jul-2025 14:38:33 UTC] PHP Warning:  foreach() argument must be of type array|object, string given in F:\os\OSPanel\domains\land.kiavi\wp-content\plugins\landvent-manager-panel\core\config\property-details.php on line 807
[28-Jul-2025 14:38:33 UTC] PHP Warning:  foreach() argument must be of type array|object, string given in F:\os\OSPanel\domains\land.kiavi\wp-content\plugins\landvent-manager-panel\core\config\property-details.php on line 913
[28-Jul-2025 14:38:38 UTC] PHP Warning:  foreach() argument must be of type array|object, string given in F:\os\OSPanel\domains\land.kiavi\wp-content\plugins\wpp-loan-application\includes\functions\wpp-helper.php on line 189
[28-Jul-2025 14:38:38 UTC] PHP Notice:  Function wpdb::prepare was called <strong>incorrectly</strong>. The query argument of wpdb::prepare() must have a placeholder. Please see <a href="https://developer.wordpress.org/advanced-administration/debug/debug-wordpress/">Debugging in WordPress</a> for more information. (This message was added in version 3.9.0.) in F:\os\OSPanel\domains\land.kiavi\wp-includes\functions.php on line 6121
[28-Jul-2025 14:38:38 UTC] PHP Warning:  Undefined property: stdClass::$s4_total_loan_amount_sum in F:\os\OSPanel\domains\land.kiavi\wp-content\plugins\landvent-manager-panel\public\templates\dashboard-template.php on line 197
[28-Jul-2025 14:38:38 UTC] PHP Deprecated:  number_format(): Passing null to parameter #1 ($num) of type float is deprecated in F:\os\OSPanel\domains\land.kiavi\wp-content\plugins\landvent-manager-panel\public\templates\dashboard-template.php on line 197
[28-Jul-2025 14:38:42 UTC] PHP Warning:  foreach() argument must be of type array|object, string given in F:\os\OSPanel\domains\land.kiavi\wp-content\plugins\wpp-loan-application\includes\functions\wpp-helper.php on line 189
[28-Jul-2025 14:38:44 UTC] PHP Warning:  foreach() argument must be of type array|object, string given in F:\os\OSPanel\domains\land.kiavi\wp-content\plugins\wpp-loan-application\includes\functions\wpp-helper.php on line 189
[28-Jul-2025 14:38:44 UTC] PHP Warning:  Undefined array key "icon" in F:\os\OSPanel\domains\land.kiavi\wp-content\plugins\landvent-manager-panel\core\functions\navs.php on line 102
[28-Jul-2025 14:38:44 UTC] PHP Warning:  Undefined array key "icon" in F:\os\OSPanel\domains\land.kiavi\wp-content\plugins\landvent-manager-panel\core\functions\navs.php on line 102
[28-Jul-2025 14:38:44 UTC] PHP Warning:  Undefined array key "icon" in F:\os\OSPanel\domains\land.kiavi\wp-content\plugins\landvent-manager-panel\core\functions\navs.php on line 102
[28-Jul-2025 14:38:44 UTC] PHP Warning:  Undefined array key "icon" in F:\os\OSPanel\domains\land.kiavi\wp-content\plugins\landvent-manager-panel\core\functions\navs.php on line 102
[28-Jul-2025 14:38:44 UTC] PHP Warning:  Undefined array key "icon" in F:\os\OSPanel\domains\land.kiavi\wp-content\plugins\landvent-manager-panel\core\functions\navs.php on line 102
[28-Jul-2025 14:38:44 UTC] PHP Warning:  Undefined array key "icon" in F:\os\OSPanel\domains\land.kiavi\wp-content\plugins\landvent-manager-panel\core\functions\navs.php on line 102
[28-Jul-2025 14:38:44 UTC] PHP Warning:  Undefined array key "icon" in F:\os\OSPanel\domains\land.kiavi\wp-content\plugins\landvent-manager-panel\core\functions\navs.php on line 102
[28-Jul-2025 14:38:44 UTC] PHP Warning:  Undefined array key "icon" in F:\os\OSPanel\domains\land.kiavi\wp-content\plugins\landvent-manager-panel\core\functions\navs.php on line 102
[28-Jul-2025 14:38:44 UTC] PHP Warning:  Undefined array key "icon" in F:\os\OSPanel\domains\land.kiavi\wp-content\plugins\landvent-manager-panel\core\functions\navs.php on line 102
[28-Jul-2025 14:38:44 UTC] PHP Warning:  Undefined array key "icon" in F:\os\OSPanel\domains\land.kiavi\wp-content\plugins\landvent-manager-panel\core\functions\navs.php on line 102
[28-Jul-2025 14:38:44 UTC] PHP Warning:  Undefined array key "icon" in F:\os\OSPanel\domains\land.kiavi\wp-content\plugins\landvent-manager-panel\core\functions\navs.php on line 102
[28-Jul-2025 14:38:44 UTC] PHP Warning:  Undefined array key "icon" in F:\os\OSPanel\domains\land.kiavi\wp-content\plugins\landvent-manager-panel\core\functions\navs.php on line 102
[28-Jul-2025 14:38:44 UTC] PHP Warning:  Undefined array key "icon" in F:\os\OSPanel\domains\land.kiavi\wp-content\plugins\landvent-manager-panel\core\functions\navs.php on line 102
[28-Jul-2025 14:38:52 UTC] PHP Warning:  foreach() argument must be of type array|object, string given in F:\os\OSPanel\domains\land.kiavi\wp-content\plugins\wpp-loan-application\includes\functions\wpp-helper.php on line 189
[28-Jul-2025 14:38:52 UTC] PHP Notice:  Function wpdb::prepare was called <strong>incorrectly</strong>. The query argument of wpdb::prepare() must have a placeholder. Please see <a href="https://developer.wordpress.org/advanced-administration/debug/debug-wordpress/">Debugging in WordPress</a> for more information. (This message was added in version 3.9.0.) in F:\os\OSPanel\domains\land.kiavi\wp-includes\functions.php on line 6121
[28-Jul-2025 14:38:52 UTC] PHP Warning:  Undefined property: stdClass::$s4_total_loan_amount_sum in F:\os\OSPanel\domains\land.kiavi\wp-content\plugins\landvent-manager-panel\public\templates\dashboard-template.php on line 197
[28-Jul-2025 14:38:52 UTC] PHP Deprecated:  number_format(): Passing null to parameter #1 ($num) of type float is deprecated in F:\os\OSPanel\domains\land.kiavi\wp-content\plugins\landvent-manager-panel\public\templates\dashboard-template.php on line 197
[28-Jul-2025 14:38:55 UTC] PHP Warning:  foreach() argument must be of type array|object, string given in F:\os\OSPanel\domains\land.kiavi\wp-content\plugins\wpp-loan-application\includes\functions\wpp-helper.php on line 189
[28-Jul-2025 14:38:57 UTC] PHP Warning:  foreach() argument must be of type array|object, string given in F:\os\OSPanel\domains\land.kiavi\wp-content\plugins\wpp-loan-application\includes\functions\wpp-helper.php on line 189
[28-Jul-2025 14:38:57 UTC] PHP Warning:  Undefined array key "icon" in F:\os\OSPanel\domains\land.kiavi\wp-content\plugins\landvent-manager-panel\core\functions\navs.php on line 102
[28-Jul-2025 14:38:57 UTC] PHP Warning:  Undefined array key "icon" in F:\os\OSPanel\domains\land.kiavi\wp-content\plugins\landvent-manager-panel\core\functions\navs.php on line 102
[28-Jul-2025 14:38:57 UTC] PHP Warning:  Undefined array key "icon" in F:\os\OSPanel\domains\land.kiavi\wp-content\plugins\landvent-manager-panel\core\functions\navs.php on line 102
[28-Jul-2025 14:38:57 UTC] PHP Warning:  Undefined array key "icon" in F:\os\OSPanel\domains\land.kiavi\wp-content\plugins\landvent-manager-panel\core\functions\navs.php on line 102
[28-Jul-2025 14:38:57 UTC] PHP Warning:  Undefined array key "icon" in F:\os\OSPanel\domains\land.kiavi\wp-content\plugins\landvent-manager-panel\core\functions\navs.php on line 102
[28-Jul-2025 14:38:57 UTC] PHP Warning:  Undefined array key "icon" in F:\os\OSPanel\domains\land.kiavi\wp-content\plugins\landvent-manager-panel\core\functions\navs.php on line 102
[28-Jul-2025 14:38:57 UTC] PHP Warning:  Undefined array key "icon" in F:\os\OSPanel\domains\land.kiavi\wp-content\plugins\landvent-manager-panel\core\functions\navs.php on line 102
[28-Jul-2025 14:38:57 UTC] PHP Warning:  Undefined array key "icon" in F:\os\OSPanel\domains\land.kiavi\wp-content\plugins\landvent-manager-panel\core\functions\navs.php on line 102
[28-Jul-2025 14:38:57 UTC] PHP Warning:  Undefined array key "icon" in F:\os\OSPanel\domains\land.kiavi\wp-content\plugins\landvent-manager-panel\core\functions\navs.php on line 102
[28-Jul-2025 14:38:57 UTC] PHP Warning:  Undefined array key "icon" in F:\os\OSPanel\domains\land.kiavi\wp-content\plugins\landvent-manager-panel\core\functions\navs.php on line 102
[28-Jul-2025 14:38:57 UTC] PHP Warning:  Undefined array key "icon" in F:\os\OSPanel\domains\land.kiavi\wp-content\plugins\landvent-manager-panel\core\functions\navs.php on line 102
[28-Jul-2025 14:38:57 UTC] PHP Warning:  Undefined array key "icon" in F:\os\OSPanel\domains\land.kiavi\wp-content\plugins\landvent-manager-panel\core\functions\navs.php on line 102
[28-Jul-2025 14:38:57 UTC] PHP Warning:  Undefined array key "icon" in F:\os\OSPanel\domains\land.kiavi\wp-content\plugins\landvent-manager-panel\core\functions\navs.php on line 102
[28-Jul-2025 14:38:57 UTC] PHP Warning:  foreach() argument must be of type array|object, string given in F:\os\OSPanel\domains\land.kiavi\wp-content\plugins\landvent-manager-panel\core\config\applicant-info.php on line 258
[28-Jul-2025 14:38:57 UTC] PHP Warning:  foreach() argument must be of type array|object, string given in F:\os\OSPanel\domains\land.kiavi\wp-content\plugins\landvent-manager-panel\core\config\property-details.php on line 807
[28-Jul-2025 14:38:57 UTC] PHP Warning:  foreach() argument must be of type array|object, string given in F:\os\OSPanel\domains\land.kiavi\wp-content\plugins\landvent-manager-panel\core\config\property-details.php on line 913
[28-Jul-2025 14:39:54 UTC] PHP Warning:  foreach() argument must be of type array|object, string given in F:\os\OSPanel\domains\land.kiavi\wp-content\plugins\wpp-loan-application\includes\functions\wpp-helper.php on line 189
[28-Jul-2025 14:39:54 UTC] PHP Notice:  Function wpdb::prepare was called <strong>incorrectly</strong>. The query argument of wpdb::prepare() must have a placeholder. Please see <a href="https://developer.wordpress.org/advanced-administration/debug/debug-wordpress/">Debugging in WordPress</a> for more information. (This message was added in version 3.9.0.) in F:\os\OSPanel\domains\land.kiavi\wp-includes\functions.php on line 6121
[28-Jul-2025 14:39:54 UTC] PHP Warning:  Undefined property: stdClass::$s4_total_loan_amount_sum in F:\os\OSPanel\domains\land.kiavi\wp-content\plugins\landvent-manager-panel\public\templates\dashboard-template.php on line 197
[28-Jul-2025 14:39:54 UTC] PHP Deprecated:  number_format(): Passing null to parameter #1 ($num) of type float is deprecated in F:\os\OSPanel\domains\land.kiavi\wp-content\plugins\landvent-manager-panel\public\templates\dashboard-template.php on line 197
[28-Jul-2025 14:40:13 UTC] PHP Warning:  foreach() argument must be of type array|object, string given in F:\os\OSPanel\domains\land.kiavi\wp-content\plugins\wpp-loan-application\includes\functions\wpp-helper.php on line 189
[28-Jul-2025 14:40:15 UTC] PHP Warning:  foreach() argument must be of type array|object, string given in F:\os\OSPanel\domains\land.kiavi\wp-content\plugins\wpp-loan-application\includes\functions\wpp-helper.php on line 189
[28-Jul-2025 14:40:15 UTC] PHP Warning:  Undefined array key "icon" in F:\os\OSPanel\domains\land.kiavi\wp-content\plugins\landvent-manager-panel\core\functions\navs.php on line 102
[28-Jul-2025 14:40:15 UTC] PHP Warning:  Undefined array key "icon" in F:\os\OSPanel\domains\land.kiavi\wp-content\plugins\landvent-manager-panel\core\functions\navs.php on line 102
[28-Jul-2025 14:40:15 UTC] PHP Warning:  Undefined array key "icon" in F:\os\OSPanel\domains\land.kiavi\wp-content\plugins\landvent-manager-panel\core\functions\navs.php on line 102
[28-Jul-2025 14:40:15 UTC] PHP Warning:  Undefined array key "icon" in F:\os\OSPanel\domains\land.kiavi\wp-content\plugins\landvent-manager-panel\core\functions\navs.php on line 102
[28-Jul-2025 14:40:15 UTC] PHP Warning:  Undefined array key "icon" in F:\os\OSPanel\domains\land.kiavi\wp-content\plugins\landvent-manager-panel\core\functions\navs.php on line 102
[28-Jul-2025 14:40:15 UTC] PHP Warning:  Undefined array key "icon" in F:\os\OSPanel\domains\land.kiavi\wp-content\plugins\landvent-manager-panel\core\functions\navs.php on line 102
[28-Jul-2025 14:40:15 UTC] PHP Warning:  Undefined array key "icon" in F:\os\OSPanel\domains\land.kiavi\wp-content\plugins\landvent-manager-panel\core\functions\navs.php on line 102
[28-Jul-2025 14:40:15 UTC] PHP Warning:  Undefined array key "icon" in F:\os\OSPanel\domains\land.kiavi\wp-content\plugins\landvent-manager-panel\core\functions\navs.php on line 102
[28-Jul-2025 14:40:15 UTC] PHP Warning:  Undefined array key "icon" in F:\os\OSPanel\domains\land.kiavi\wp-content\plugins\landvent-manager-panel\core\functions\navs.php on line 102
[28-Jul-2025 14:40:15 UTC] PHP Warning:  Undefined array key "icon" in F:\os\OSPanel\domains\land.kiavi\wp-content\plugins\landvent-manager-panel\core\functions\navs.php on line 102
[28-Jul-2025 14:40:15 UTC] PHP Warning:  Undefined array key "icon" in F:\os\OSPanel\domains\land.kiavi\wp-content\plugins\landvent-manager-panel\core\functions\navs.php on line 102
[28-Jul-2025 14:40:15 UTC] PHP Warning:  Undefined array key "icon" in F:\os\OSPanel\domains\land.kiavi\wp-content\plugins\landvent-manager-panel\core\functions\navs.php on line 102
[28-Jul-2025 14:40:15 UTC] PHP Warning:  Undefined array key "icon" in F:\os\OSPanel\domains\land.kiavi\wp-content\plugins\landvent-manager-panel\core\functions\navs.php on line 102
[28-Jul-2025 14:40:18 UTC] PHP Warning:  foreach() argument must be of type array|object, string given in F:\os\OSPanel\domains\land.kiavi\wp-content\plugins\wpp-loan-application\includes\functions\wpp-helper.php on line 189
[28-Jul-2025 14:40:20 UTC] PHP Warning:  foreach() argument must be of type array|object, string given in F:\os\OSPanel\domains\land.kiavi\wp-content\plugins\wpp-loan-application\includes\functions\wpp-helper.php on line 189
[28-Jul-2025 14:40:21 UTC] PHP Warning:  foreach() argument must be of type array|object, string given in F:\os\OSPanel\domains\land.kiavi\wp-content\plugins\wpp-loan-application\includes\functions\wpp-helper.php on line 189
[28-Jul-2025 14:40:23 UTC] PHP Warning:  foreach() argument must be of type array|object, string given in F:\os\OSPanel\domains\land.kiavi\wp-content\plugins\wpp-loan-application\includes\functions\wpp-helper.php on line 189
[28-Jul-2025 14:40:25 UTC] PHP Warning:  foreach() argument must be of type array|object, string given in F:\os\OSPanel\domains\land.kiavi\wp-content\plugins\wpp-loan-application\includes\functions\wpp-helper.php on line 189
[28-Jul-2025 14:40:29 UTC] PHP Warning:  foreach() argument must be of type array|object, string given in F:\os\OSPanel\domains\land.kiavi\wp-content\plugins\wpp-loan-application\includes\functions\wpp-helper.php on line 189
[28-Jul-2025 14:40:46 UTC] PHP Warning:  foreach() argument must be of type array|object, string given in F:\os\OSPanel\domains\land.kiavi\wp-content\plugins\wpp-loan-application\includes\functions\wpp-helper.php on line 189
[28-Jul-2025 14:40:55 UTC] PHP Warning:  foreach() argument must be of type array|object, string given in F:\os\OSPanel\domains\land.kiavi\wp-content\plugins\wpp-loan-application\includes\functions\wpp-helper.php on line 189
[28-Jul-2025 14:42:04 UTC] PHP Warning:  foreach() argument must be of type array|object, string given in F:\os\OSPanel\domains\land.kiavi\wp-content\plugins\wpp-loan-application\includes\functions\wpp-helper.php on line 189
[28-Jul-2025 14:42:04 UTC] PHP Notice:  Function wpdb::prepare was called <strong>incorrectly</strong>. The query argument of wpdb::prepare() must have a placeholder. Please see <a href="https://developer.wordpress.org/advanced-administration/debug/debug-wordpress/">Debugging in WordPress</a> for more information. (This message was added in version 3.9.0.) in F:\os\OSPanel\domains\land.kiavi\wp-includes\functions.php on line 6121
[28-Jul-2025 14:42:04 UTC] PHP Warning:  Undefined property: stdClass::$s4_total_loan_amount_sum in F:\os\OSPanel\domains\land.kiavi\wp-content\plugins\landvent-manager-panel\public\templates\dashboard-template.php on line 197
[28-Jul-2025 14:42:04 UTC] PHP Deprecated:  number_format(): Passing null to parameter #1 ($num) of type float is deprecated in F:\os\OSPanel\domains\land.kiavi\wp-content\plugins\landvent-manager-panel\public\templates\dashboard-template.php on line 197
[28-Jul-2025 14:42:08 UTC] PHP Warning:  foreach() argument must be of type array|object, string given in F:\os\OSPanel\domains\land.kiavi\wp-content\plugins\wpp-loan-application\includes\functions\wpp-helper.php on line 189
[28-Jul-2025 14:42:10 UTC] PHP Warning:  foreach() argument must be of type array|object, string given in F:\os\OSPanel\domains\land.kiavi\wp-content\plugins\wpp-loan-application\includes\functions\wpp-helper.php on line 189
[28-Jul-2025 14:42:10 UTC] PHP Warning:  Undefined array key "icon" in F:\os\OSPanel\domains\land.kiavi\wp-content\plugins\landvent-manager-panel\core\functions\navs.php on line 102
[28-Jul-2025 14:42:10 UTC] PHP Warning:  Undefined array key "icon" in F:\os\OSPanel\domains\land.kiavi\wp-content\plugins\landvent-manager-panel\core\functions\navs.php on line 102
[28-Jul-2025 14:42:10 UTC] PHP Warning:  Undefined array key "icon" in F:\os\OSPanel\domains\land.kiavi\wp-content\plugins\landvent-manager-panel\core\functions\navs.php on line 102
[28-Jul-2025 14:42:10 UTC] PHP Warning:  Undefined array key "icon" in F:\os\OSPanel\domains\land.kiavi\wp-content\plugins\landvent-manager-panel\core\functions\navs.php on line 102
[28-Jul-2025 14:42:10 UTC] PHP Warning:  Undefined array key "icon" in F:\os\OSPanel\domains\land.kiavi\wp-content\plugins\landvent-manager-panel\core\functions\navs.php on line 102
[28-Jul-2025 14:42:10 UTC] PHP Warning:  Undefined array key "icon" in F:\os\OSPanel\domains\land.kiavi\wp-content\plugins\landvent-manager-panel\core\functions\navs.php on line 102
[28-Jul-2025 14:42:10 UTC] PHP Warning:  Undefined array key "icon" in F:\os\OSPanel\domains\land.kiavi\wp-content\plugins\landvent-manager-panel\core\functions\navs.php on line 102
[28-Jul-2025 14:42:10 UTC] PHP Warning:  Undefined array key "icon" in F:\os\OSPanel\domains\land.kiavi\wp-content\plugins\landvent-manager-panel\core\functions\navs.php on line 102
[28-Jul-2025 14:42:10 UTC] PHP Warning:  Undefined array key "icon" in F:\os\OSPanel\domains\land.kiavi\wp-content\plugins\landvent-manager-panel\core\functions\navs.php on line 102
[28-Jul-2025 14:42:10 UTC] PHP Warning:  Undefined array key "icon" in F:\os\OSPanel\domains\land.kiavi\wp-content\plugins\landvent-manager-panel\core\functions\navs.php on line 102
[28-Jul-2025 14:42:10 UTC] PHP Warning:  Undefined array key "icon" in F:\os\OSPanel\domains\land.kiavi\wp-content\plugins\landvent-manager-panel\core\functions\navs.php on line 102
[28-Jul-2025 14:42:10 UTC] PHP Warning:  Undefined array key "icon" in F:\os\OSPanel\domains\land.kiavi\wp-content\plugins\landvent-manager-panel\core\functions\navs.php on line 102
[28-Jul-2025 14:42:10 UTC] PHP Warning:  Undefined array key "icon" in F:\os\OSPanel\domains\land.kiavi\wp-content\plugins\landvent-manager-panel\core\functions\navs.php on line 102
[28-Jul-2025 14:42:10 UTC] PHP Warning:  foreach() argument must be of type array|object, string given in F:\os\OSPanel\domains\land.kiavi\wp-content\plugins\landvent-manager-panel\core\config\applicant-info.php on line 258
[28-Jul-2025 14:42:10 UTC] PHP Warning:  foreach() argument must be of type array|object, string given in F:\os\OSPanel\domains\land.kiavi\wp-content\plugins\landvent-manager-panel\core\config\property-details.php on line 807
[28-Jul-2025 14:42:10 UTC] PHP Warning:  foreach() argument must be of type array|object, string given in F:\os\OSPanel\domains\land.kiavi\wp-content\plugins\landvent-manager-panel\core\config\property-details.php on line 913
[28-Jul-2025 14:42:57 UTC] PHP Deprecated:  strpos(): Passing null to parameter #1 ($haystack) of type string is deprecated in F:\os\OSPanel\domains\land.kiavi\wp-includes\functions.php on line 7360
[28-Jul-2025 14:42:57 UTC] PHP Deprecated:  str_replace(): Passing null to parameter #3 ($subject) of type array|string is deprecated in F:\os\OSPanel\domains\land.kiavi\wp-includes\functions.php on line 2195
[28-Jul-2025 14:42:57 UTC] PHP Deprecated:  basename(): Passing null to parameter #1 ($path) of type string is deprecated in F:\os\OSPanel\domains\land.kiavi\wp-content\plugins\wpp-dev\libs\show-current-template\show-current-template.php on line 20
[28-Jul-2025 14:42:57 UTC] PHP Deprecated:  str_replace(): Passing null to parameter #3 ($subject) of type array|string is deprecated in F:\os\OSPanel\domains\land.kiavi\wp-content\plugins\wpp-dev\libs\show-current-template\show-current-template.php on line 21
[28-Jul-2025 14:43:03 UTC] PHP Deprecated:  strpos(): Passing null to parameter #1 ($haystack) of type string is deprecated in F:\os\OSPanel\domains\land.kiavi\wp-includes\functions.php on line 7360
[28-Jul-2025 14:43:03 UTC] PHP Deprecated:  str_replace(): Passing null to parameter #3 ($subject) of type array|string is deprecated in F:\os\OSPanel\domains\land.kiavi\wp-includes\functions.php on line 2195
[28-Jul-2025 14:43:03 UTC] PHP Deprecated:  basename(): Passing null to parameter #1 ($path) of type string is deprecated in F:\os\OSPanel\domains\land.kiavi\wp-content\plugins\wpp-dev\libs\show-current-template\show-current-template.php on line 20
[28-Jul-2025 14:43:03 UTC] PHP Deprecated:  str_replace(): Passing null to parameter #3 ($subject) of type array|string is deprecated in F:\os\OSPanel\domains\land.kiavi\wp-content\plugins\wpp-dev\libs\show-current-template\show-current-template.php on line 21
[28-Jul-2025 14:43:16 UTC] PHP Deprecated:  strpos(): Passing null to parameter #1 ($haystack) of type string is deprecated in F:\os\OSPanel\domains\land.kiavi\wp-includes\functions.php on line 7360
[28-Jul-2025 14:43:16 UTC] PHP Deprecated:  str_replace(): Passing null to parameter #3 ($subject) of type array|string is deprecated in F:\os\OSPanel\domains\land.kiavi\wp-includes\functions.php on line 2195
[28-Jul-2025 14:43:16 UTC] PHP Deprecated:  basename(): Passing null to parameter #1 ($path) of type string is deprecated in F:\os\OSPanel\domains\land.kiavi\wp-content\plugins\wpp-dev\libs\show-current-template\show-current-template.php on line 20
[28-Jul-2025 14:43:16 UTC] PHP Deprecated:  str_replace(): Passing null to parameter #3 ($subject) of type array|string is deprecated in F:\os\OSPanel\domains\land.kiavi\wp-content\plugins\wpp-dev\libs\show-current-template\show-current-template.php on line 21
