[31-Jul-2025 07:59:41 UTC] ❌ Файл не найден: F:\os\OSPanel\domains\land.kiavi\wp-content\plugins\wpp-field-builder-manager/fields/borrower_id_field/WPP_Borrower_id_field_Field.php
[31-Jul-2025 07:59:42 UTC] PHP Warning:  foreach() argument must be of type array|object, string given in F:\os\OSPanel\domains\land.kiavi\wp-content\plugins\wpp-loan-application\includes\functions\wpp-helper.php on line 189
[31-Jul-2025 07:59:42 UTC] PHP Deprecated:  Constant FILTER_SANITIZE_STRING is deprecated in F:\os\OSPanel\domains\land.kiavi\wp-content\plugins\landvent-manager-panel\core\functions\helpers.php on line 27
[31-Jul-2025 07:59:42 UTC] PHP Warning:  Undefined array key "icon" in F:\os\OSPanel\domains\land.kiavi\wp-content\plugins\landvent-manager-panel\core\functions\navs.php on line 102
[31-Jul-2025 07:59:42 UTC] PHP Warning:  Undefined array key "icon" in F:\os\OSPanel\domains\land.kiavi\wp-content\plugins\landvent-manager-panel\core\functions\navs.php on line 102
[31-Jul-2025 07:59:42 UTC] PHP Warning:  Undefined array key "icon" in F:\os\OSPanel\domains\land.kiavi\wp-content\plugins\landvent-manager-panel\core\functions\navs.php on line 102
[31-Jul-2025 07:59:42 UTC] PHP Warning:  Undefined array key "icon" in F:\os\OSPanel\domains\land.kiavi\wp-content\plugins\landvent-manager-panel\core\functions\navs.php on line 102
[31-Jul-2025 07:59:42 UTC] PHP Warning:  Undefined array key "icon" in F:\os\OSPanel\domains\land.kiavi\wp-content\plugins\landvent-manager-panel\core\functions\navs.php on line 102
[31-Jul-2025 07:59:42 UTC] PHP Warning:  Undefined array key "icon" in F:\os\OSPanel\domains\land.kiavi\wp-content\plugins\landvent-manager-panel\core\functions\navs.php on line 102
[31-Jul-2025 07:59:42 UTC] PHP Warning:  Undefined array key "icon" in F:\os\OSPanel\domains\land.kiavi\wp-content\plugins\landvent-manager-panel\core\functions\navs.php on line 102
[31-Jul-2025 07:59:42 UTC] PHP Warning:  Undefined array key "icon" in F:\os\OSPanel\domains\land.kiavi\wp-content\plugins\landvent-manager-panel\core\functions\navs.php on line 102
[31-Jul-2025 07:59:42 UTC] PHP Warning:  Undefined array key "icon" in F:\os\OSPanel\domains\land.kiavi\wp-content\plugins\landvent-manager-panel\core\functions\navs.php on line 102
[31-Jul-2025 07:59:42 UTC] PHP Warning:  Undefined array key "icon" in F:\os\OSPanel\domains\land.kiavi\wp-content\plugins\landvent-manager-panel\core\functions\navs.php on line 102
[31-Jul-2025 07:59:42 UTC] PHP Warning:  Undefined array key "icon" in F:\os\OSPanel\domains\land.kiavi\wp-content\plugins\landvent-manager-panel\core\functions\navs.php on line 102
[31-Jul-2025 07:59:42 UTC] PHP Warning:  Undefined array key "icon" in F:\os\OSPanel\domains\land.kiavi\wp-content\plugins\landvent-manager-panel\core\functions\navs.php on line 102
[31-Jul-2025 07:59:42 UTC] PHP Warning:  Undefined array key "icon" in F:\os\OSPanel\domains\land.kiavi\wp-content\plugins\landvent-manager-panel\core\functions\navs.php on line 102
[31-Jul-2025 07:59:42 UTC] PHP Deprecated:  Constant FILTER_SANITIZE_STRING is deprecated in F:\os\OSPanel\domains\land.kiavi\wp-content\plugins\landvent-manager-panel\core\functions\helpers.php on line 27
[31-Jul-2025 07:59:42 UTC] PHP Warning:  foreach() argument must be of type array|object, string given in F:\os\OSPanel\domains\land.kiavi\wp-content\plugins\landvent-manager-panel\core\config\applicant-info.php on line 258
[31-Jul-2025 07:59:42 UTC] PHP Warning:  foreach() argument must be of type array|object, string given in F:\os\OSPanel\domains\land.kiavi\wp-content\plugins\landvent-manager-panel\core\config\property-details.php on line 807
[31-Jul-2025 07:59:42 UTC] PHP Warning:  foreach() argument must be of type array|object, string given in F:\os\OSPanel\domains\land.kiavi\wp-content\plugins\landvent-manager-panel\core\config\property-details.php on line 913
[31-Jul-2025 07:59:42 UTC] PHP Deprecated:  Constant FILTER_SANITIZE_STRING is deprecated in F:\os\OSPanel\domains\land.kiavi\wp-content\plugins\landvent-manager-panel\core\functions\helpers.php on line 27
[31-Jul-2025 07:59:42 UTC] PHP Warning:  foreach() argument must be of type array|object, string given in F:\os\OSPanel\domains\land.kiavi\wp-content\plugins\landvent-manager-panel\core\config\payments.php on line 186
[31-Jul-2025 07:59:44 UTC] ❌ Файл не найден: F:\os\OSPanel\domains\land.kiavi\wp-content\plugins\wpp-field-builder-manager/fields/borrower_id_field/WPP_Borrower_id_field_Field.php
[31-Jul-2025 07:59:44 UTC] Automatic updates starting...
[31-Jul-2025 07:59:44 UTC] ❌ Файл не найден: F:\os\OSPanel\domains\land.kiavi\wp-content\plugins\wpp-field-builder-manager/fields/borrower_id_field/WPP_Borrower_id_field_Field.php
[31-Jul-2025 07:59:45 UTC] Automatic updates complete.
[31-Jul-2025 07:59:46 UTC] ❌ Файл не найден: F:\os\OSPanel\domains\land.kiavi\wp-content\plugins\wpp-field-builder-manager/fields/borrower_id_field/WPP_Borrower_id_field_Field.php
[31-Jul-2025 07:59:48 UTC] ❌ Файл не найден: F:\os\OSPanel\domains\land.kiavi\wp-content\plugins\wpp-field-builder-manager/fields/borrower_id_field/WPP_Borrower_id_field_Field.php
[31-Jul-2025 07:59:53 UTC] ❌ Файл не найден: F:\os\OSPanel\domains\land.kiavi\wp-content\plugins\wpp-field-builder-manager/fields/borrower_id_field/WPP_Borrower_id_field_Field.php
[31-Jul-2025 07:59:55 UTC] ❌ Файл не найден: F:\os\OSPanel\domains\land.kiavi\wp-content\plugins\wpp-field-builder-manager/fields/borrower_id_field/WPP_Borrower_id_field_Field.php
[31-Jul-2025 07:59:55 UTC] PHP Deprecated:  strpos(): Passing null to parameter #1 ($haystack) of type string is deprecated in F:\os\OSPanel\domains\land.kiavi\wp-includes\functions.php on line 7360
[31-Jul-2025 07:59:55 UTC] PHP Deprecated:  str_replace(): Passing null to parameter #3 ($subject) of type array|string is deprecated in F:\os\OSPanel\domains\land.kiavi\wp-includes\functions.php on line 2195
[31-Jul-2025 07:59:55 UTC] PHP Deprecated:  basename(): Passing null to parameter #1 ($path) of type string is deprecated in F:\os\OSPanel\domains\land.kiavi\wp-content\plugins\wpp-dev\libs\show-current-template\show-current-template.php on line 20
[31-Jul-2025 07:59:55 UTC] PHP Deprecated:  str_replace(): Passing null to parameter #3 ($subject) of type array|string is deprecated in F:\os\OSPanel\domains\land.kiavi\wp-content\plugins\wpp-dev\libs\show-current-template\show-current-template.php on line 21
