[31-Jul-2025 08:00:05 UTC] ❌ Файл не найден: F:\os\OSPanel\domains\land.kiavi\wp-content\plugins\wpp-field-builder-manager/fields/borrower_id_field/WPP_Borrower_id_field_Field.php
[31-Jul-2025 08:00:05 UTC] PHP Deprecated:  strpos(): Passing null to parameter #1 ($haystack) of type string is deprecated in F:\os\OSPanel\domains\land.kiavi\wp-includes\functions.php on line 7360
[31-Jul-2025 08:00:05 UTC] PHP Deprecated:  str_replace(): Passing null to parameter #3 ($subject) of type array|string is deprecated in F:\os\OSPanel\domains\land.kiavi\wp-includes\functions.php on line 2195
[31-Jul-2025 08:00:06 UTC] PHP Deprecated:  basename(): Passing null to parameter #1 ($path) of type string is deprecated in F:\os\OSPanel\domains\land.kiavi\wp-content\plugins\wpp-dev\libs\show-current-template\show-current-template.php on line 20
[31-Jul-2025 08:00:06 UTC] PHP Deprecated:  str_replace(): Passing null to parameter #3 ($subject) of type array|string is deprecated in F:\os\OSPanel\domains\land.kiavi\wp-content\plugins\wpp-dev\libs\show-current-template\show-current-template.php on line 21
[31-Jul-2025 08:00:24 UTC] ❌ Файл не найден: F:\os\OSPanel\domains\land.kiavi\wp-content\plugins\wpp-field-builder-manager/fields/borrower_id_field/WPP_Borrower_id_field_Field.php
[31-Jul-2025 08:00:34 UTC] ❌ Файл не найден: F:\os\OSPanel\domains\land.kiavi\wp-content\plugins\wpp-field-builder-manager/fields/borrower_id_field/WPP_Borrower_id_field_Field.php
[31-Jul-2025 08:00:44 UTC] ❌ Файл не найден: F:\os\OSPanel\domains\land.kiavi\wp-content\plugins\wpp-field-builder-manager/fields/borrower_id_field/WPP_Borrower_id_field_Field.php
[31-Jul-2025 08:00:48 UTC] ❌ Файл не найден: F:\os\OSPanel\domains\land.kiavi\wp-content\plugins\wpp-field-builder-manager/fields/borrower_id_field/WPP_Borrower_id_field_Field.php
[31-Jul-2025 08:00:48 UTC] PHP Deprecated:  strpos(): Passing null to parameter #1 ($haystack) of type string is deprecated in F:\os\OSPanel\domains\land.kiavi\wp-includes\functions.php on line 7360
[31-Jul-2025 08:00:48 UTC] PHP Deprecated:  str_replace(): Passing null to parameter #3 ($subject) of type array|string is deprecated in F:\os\OSPanel\domains\land.kiavi\wp-includes\functions.php on line 2195
[31-Jul-2025 08:00:51 UTC] ❌ Файл не найден: F:\os\OSPanel\domains\land.kiavi\wp-content\plugins\wpp-field-builder-manager/fields/borrower_id_field/WPP_Borrower_id_field_Field.php
[31-Jul-2025 08:00:52 UTC] PHP Deprecated:  strpos(): Passing null to parameter #1 ($haystack) of type string is deprecated in F:\os\OSPanel\domains\land.kiavi\wp-includes\functions.php on line 7360
[31-Jul-2025 08:00:52 UTC] PHP Deprecated:  str_replace(): Passing null to parameter #3 ($subject) of type array|string is deprecated in F:\os\OSPanel\domains\land.kiavi\wp-includes\functions.php on line 2195
[31-Jul-2025 08:00:53 UTC] PHP Deprecated:  basename(): Passing null to parameter #1 ($path) of type string is deprecated in F:\os\OSPanel\domains\land.kiavi\wp-content\plugins\wpp-dev\libs\show-current-template\show-current-template.php on line 20
[31-Jul-2025 08:00:53 UTC] PHP Deprecated:  str_replace(): Passing null to parameter #3 ($subject) of type array|string is deprecated in F:\os\OSPanel\domains\land.kiavi\wp-content\plugins\wpp-dev\libs\show-current-template\show-current-template.php on line 21
[31-Jul-2025 08:00:54 UTC] ❌ Файл не найден: F:\os\OSPanel\domains\land.kiavi\wp-content\plugins\wpp-field-builder-manager/fields/borrower_id_field/WPP_Borrower_id_field_Field.php
[31-Jul-2025 08:01:55 UTC] ❌ Файл не найден: F:\os\OSPanel\domains\land.kiavi\wp-content\plugins\wpp-field-builder-manager/fields/borrower_id_field/WPP_Borrower_id_field_Field.php
[31-Jul-2025 08:01:58 UTC] ❌ Файл не найден: F:\os\OSPanel\domains\land.kiavi\wp-content\plugins\wpp-field-builder-manager/fields/borrower_id_field/WPP_Borrower_id_field_Field.php
[31-Jul-2025 08:01:59 UTC] ❌ Файл не найден: F:\os\OSPanel\domains\land.kiavi\wp-content\plugins\wpp-field-builder-manager/fields/borrower_id_field/WPP_Borrower_id_field_Field.php
[31-Jul-2025 08:03:02 UTC] ❌ Файл не найден: F:\os\OSPanel\domains\land.kiavi\wp-content\plugins\wpp-field-builder-manager/fields/borrower_id_field/WPP_Borrower_id_field_Field.php
[31-Jul-2025 08:03:04 UTC] ❌ Файл не найден: F:\os\OSPanel\domains\land.kiavi\wp-content\plugins\wpp-field-builder-manager/fields/borrower_id_field/WPP_Borrower_id_field_Field.php
[31-Jul-2025 08:03:06 UTC] ❌ Файл не найден: F:\os\OSPanel\domains\land.kiavi\wp-content\plugins\wpp-field-builder-manager/fields/borrower_id_field/WPP_Borrower_id_field_Field.php
[31-Jul-2025 08:03:06 UTC] PHP Deprecated:  strpos(): Passing null to parameter #1 ($haystack) of type string is deprecated in F:\os\OSPanel\domains\land.kiavi\wp-includes\functions.php on line 7360
[31-Jul-2025 08:03:06 UTC] PHP Deprecated:  str_replace(): Passing null to parameter #3 ($subject) of type array|string is deprecated in F:\os\OSPanel\domains\land.kiavi\wp-includes\functions.php on line 2195
[31-Jul-2025 08:03:06 UTC] PHP Deprecated:  basename(): Passing null to parameter #1 ($path) of type string is deprecated in F:\os\OSPanel\domains\land.kiavi\wp-content\plugins\wpp-dev\libs\show-current-template\show-current-template.php on line 20
[31-Jul-2025 08:03:06 UTC] PHP Deprecated:  str_replace(): Passing null to parameter #3 ($subject) of type array|string is deprecated in F:\os\OSPanel\domains\land.kiavi\wp-content\plugins\wpp-dev\libs\show-current-template\show-current-template.php on line 21
[31-Jul-2025 08:03:35 UTC] ❌ Файл не найден: F:\os\OSPanel\domains\land.kiavi\wp-content\plugins\wpp-field-builder-manager/fields/borrower_id_field/WPP_Borrower_id_field_Field.php
[31-Jul-2025 08:03:35 UTC] PHP Deprecated:  strpos(): Passing null to parameter #1 ($haystack) of type string is deprecated in F:\os\OSPanel\domains\land.kiavi\wp-includes\functions.php on line 7360
[31-Jul-2025 08:03:35 UTC] PHP Deprecated:  str_replace(): Passing null to parameter #3 ($subject) of type array|string is deprecated in F:\os\OSPanel\domains\land.kiavi\wp-includes\functions.php on line 2195
[31-Jul-2025 08:03:35 UTC] PHP Deprecated:  basename(): Passing null to parameter #1 ($path) of type string is deprecated in F:\os\OSPanel\domains\land.kiavi\wp-content\plugins\wpp-dev\libs\show-current-template\show-current-template.php on line 20
[31-Jul-2025 08:03:35 UTC] PHP Deprecated:  str_replace(): Passing null to parameter #3 ($subject) of type array|string is deprecated in F:\os\OSPanel\domains\land.kiavi\wp-content\plugins\wpp-dev\libs\show-current-template\show-current-template.php on line 21
[31-Jul-2025 08:03:38 UTC] ❌ Файл не найден: F:\os\OSPanel\domains\land.kiavi\wp-content\plugins\wpp-field-builder-manager/fields/borrower_id_field/WPP_Borrower_id_field_Field.php
[31-Jul-2025 08:03:53 UTC] ❌ Файл не найден: F:\os\OSPanel\domains\land.kiavi\wp-content\plugins\wpp-field-builder-manager/fields/borrower_id_field/WPP_Borrower_id_field_Field.php
[31-Jul-2025 08:03:54 UTC] PHP Deprecated:  strpos(): Passing null to parameter #1 ($haystack) of type string is deprecated in F:\os\OSPanel\domains\land.kiavi\wp-includes\functions.php on line 7360
[31-Jul-2025 08:03:54 UTC] PHP Deprecated:  str_replace(): Passing null to parameter #3 ($subject) of type array|string is deprecated in F:\os\OSPanel\domains\land.kiavi\wp-includes\functions.php on line 2195
[31-Jul-2025 08:03:55 UTC] ❌ Файл не найден: F:\os\OSPanel\domains\land.kiavi\wp-content\plugins\wpp-field-builder-manager/fields/borrower_id_field/WPP_Borrower_id_field_Field.php
[31-Jul-2025 08:03:56 UTC] ❌ Файл не найден: F:\os\OSPanel\domains\land.kiavi\wp-content\plugins\wpp-field-builder-manager/fields/borrower_id_field/WPP_Borrower_id_field_Field.php
[31-Jul-2025 08:03:59 UTC] ❌ Файл не найден: F:\os\OSPanel\domains\land.kiavi\wp-content\plugins\wpp-field-builder-manager/fields/borrower_id_field/WPP_Borrower_id_field_Field.php
[31-Jul-2025 08:03:59 UTC] PHP Deprecated:  strpos(): Passing null to parameter #1 ($haystack) of type string is deprecated in F:\os\OSPanel\domains\land.kiavi\wp-includes\functions.php on line 7360
[31-Jul-2025 08:03:59 UTC] PHP Deprecated:  str_replace(): Passing null to parameter #3 ($subject) of type array|string is deprecated in F:\os\OSPanel\domains\land.kiavi\wp-includes\functions.php on line 2195
[31-Jul-2025 08:03:59 UTC] PHP Deprecated:  basename(): Passing null to parameter #1 ($path) of type string is deprecated in F:\os\OSPanel\domains\land.kiavi\wp-content\plugins\wpp-dev\libs\show-current-template\show-current-template.php on line 20
[31-Jul-2025 08:03:59 UTC] PHP Deprecated:  str_replace(): Passing null to parameter #3 ($subject) of type array|string is deprecated in F:\os\OSPanel\domains\land.kiavi\wp-content\plugins\wpp-dev\libs\show-current-template\show-current-template.php on line 21
[31-Jul-2025 08:04:01 UTC] ❌ Файл не найден: F:\os\OSPanel\domains\land.kiavi\wp-content\plugins\wpp-field-builder-manager/fields/borrower_id_field/WPP_Borrower_id_field_Field.php
[31-Jul-2025 08:04:01 UTC] PHP Deprecated:  strpos(): Passing null to parameter #1 ($haystack) of type string is deprecated in F:\os\OSPanel\domains\land.kiavi\wp-includes\functions.php on line 7360
[31-Jul-2025 08:04:01 UTC] PHP Deprecated:  str_replace(): Passing null to parameter #3 ($subject) of type array|string is deprecated in F:\os\OSPanel\domains\land.kiavi\wp-includes\functions.php on line 2195
[31-Jul-2025 08:04:04 UTC] ❌ Файл не найден: F:\os\OSPanel\domains\land.kiavi\wp-content\plugins\wpp-field-builder-manager/fields/borrower_id_field/WPP_Borrower_id_field_Field.php
[31-Jul-2025 08:04:09 UTC] ❌ Файл не найден: F:\os\OSPanel\domains\land.kiavi\wp-content\plugins\wpp-field-builder-manager/fields/borrower_id_field/WPP_Borrower_id_field_Field.php
[31-Jul-2025 08:04:10 UTC] PHP Deprecated:  strpos(): Passing null to parameter #1 ($haystack) of type string is deprecated in F:\os\OSPanel\domains\land.kiavi\wp-includes\functions.php on line 7360
[31-Jul-2025 08:04:10 UTC] PHP Deprecated:  str_replace(): Passing null to parameter #3 ($subject) of type array|string is deprecated in F:\os\OSPanel\domains\land.kiavi\wp-includes\functions.php on line 2195
[31-Jul-2025 08:04:12 UTC] ❌ Файл не найден: F:\os\OSPanel\domains\land.kiavi\wp-content\plugins\wpp-field-builder-manager/fields/borrower_id_field/WPP_Borrower_id_field_Field.php
[31-Jul-2025 08:04:38 UTC] ❌ Файл не найден: F:\os\OSPanel\domains\land.kiavi\wp-content\plugins\wpp-field-builder-manager/fields/borrower_id_field/WPP_Borrower_id_field_Field.php
[31-Jul-2025 08:04:38 UTC] ❌ Файл не найден: F:\os\OSPanel\domains\land.kiavi\wp-content\plugins\wpp-field-builder-manager/fields/borrower_id_field/WPP_Borrower_id_field_Field.php
[31-Jul-2025 08:04:58 UTC] ❌ Файл не найден: F:\os\OSPanel\domains\land.kiavi\wp-content\plugins\wpp-field-builder-manager/fields/borrower_id_field/WPP_Borrower_id_field_Field.php
[31-Jul-2025 08:04:59 UTC] PHP Deprecated:  strpos(): Passing null to parameter #1 ($haystack) of type string is deprecated in F:\os\OSPanel\domains\land.kiavi\wp-includes\functions.php on line 7360
[31-Jul-2025 08:04:59 UTC] PHP Deprecated:  str_replace(): Passing null to parameter #3 ($subject) of type array|string is deprecated in F:\os\OSPanel\domains\land.kiavi\wp-includes\functions.php on line 2195
[31-Jul-2025 08:04:59 UTC] PHP Deprecated:  basename(): Passing null to parameter #1 ($path) of type string is deprecated in F:\os\OSPanel\domains\land.kiavi\wp-content\plugins\wpp-dev\libs\show-current-template\show-current-template.php on line 20
[31-Jul-2025 08:04:59 UTC] PHP Deprecated:  str_replace(): Passing null to parameter #3 ($subject) of type array|string is deprecated in F:\os\OSPanel\domains\land.kiavi\wp-content\plugins\wpp-dev\libs\show-current-template\show-current-template.php on line 21
[31-Jul-2025 08:05:00 UTC] ❌ Файл не найден: F:\os\OSPanel\domains\land.kiavi\wp-content\plugins\wpp-field-builder-manager/fields/borrower_id_field/WPP_Borrower_id_field_Field.php
[31-Jul-2025 08:05:02 UTC] ❌ Файл не найден: F:\os\OSPanel\domains\land.kiavi\wp-content\plugins\wpp-field-builder-manager/fields/borrower_id_field/WPP_Borrower_id_field_Field.php
[31-Jul-2025 08:05:03 UTC] ❌ Файл не найден: F:\os\OSPanel\domains\land.kiavi\wp-content\plugins\wpp-field-builder-manager/fields/borrower_id_field/WPP_Borrower_id_field_Field.php
[31-Jul-2025 08:05:05 UTC] ❌ Файл не найден: F:\os\OSPanel\domains\land.kiavi\wp-content\plugins\wpp-field-builder-manager/fields/borrower_id_field/WPP_Borrower_id_field_Field.php
[31-Jul-2025 08:05:05 UTC] PHP Deprecated:  strpos(): Passing null to parameter #1 ($haystack) of type string is deprecated in F:\os\OSPanel\domains\land.kiavi\wp-includes\functions.php on line 7360
[31-Jul-2025 08:05:05 UTC] PHP Deprecated:  str_replace(): Passing null to parameter #3 ($subject) of type array|string is deprecated in F:\os\OSPanel\domains\land.kiavi\wp-includes\functions.php on line 2195
[31-Jul-2025 08:05:05 UTC] PHP Deprecated:  basename(): Passing null to parameter #1 ($path) of type string is deprecated in F:\os\OSPanel\domains\land.kiavi\wp-content\plugins\wpp-dev\libs\show-current-template\show-current-template.php on line 20
[31-Jul-2025 08:05:05 UTC] PHP Deprecated:  str_replace(): Passing null to parameter #3 ($subject) of type array|string is deprecated in F:\os\OSPanel\domains\land.kiavi\wp-content\plugins\wpp-dev\libs\show-current-template\show-current-template.php on line 21
[31-Jul-2025 08:05:15 UTC] ❌ Файл не найден: F:\os\OSPanel\domains\land.kiavi\wp-content\plugins\wpp-field-builder-manager/fields/borrower_id_field/WPP_Borrower_id_field_Field.php
[31-Jul-2025 08:05:28 UTC] ❌ Файл не найден: F:\os\OSPanel\domains\land.kiavi\wp-content\plugins\wpp-field-builder-manager/fields/borrower_id_field/WPP_Borrower_id_field_Field.php
[31-Jul-2025 08:05:29 UTC] PHP Deprecated:  strpos(): Passing null to parameter #1 ($haystack) of type string is deprecated in F:\os\OSPanel\domains\land.kiavi\wp-includes\functions.php on line 7360
[31-Jul-2025 08:05:29 UTC] PHP Deprecated:  str_replace(): Passing null to parameter #3 ($subject) of type array|string is deprecated in F:\os\OSPanel\domains\land.kiavi\wp-includes\functions.php on line 2195
[31-Jul-2025 08:05:29 UTC] PHP Deprecated:  basename(): Passing null to parameter #1 ($path) of type string is deprecated in F:\os\OSPanel\domains\land.kiavi\wp-content\plugins\wpp-dev\libs\show-current-template\show-current-template.php on line 20
[31-Jul-2025 08:05:29 UTC] PHP Deprecated:  str_replace(): Passing null to parameter #3 ($subject) of type array|string is deprecated in F:\os\OSPanel\domains\land.kiavi\wp-content\plugins\wpp-dev\libs\show-current-template\show-current-template.php on line 21
[31-Jul-2025 08:05:38 UTC] ❌ Файл не найден: F:\os\OSPanel\domains\land.kiavi\wp-content\plugins\wpp-field-builder-manager/fields/borrower_id_field/WPP_Borrower_id_field_Field.php
[31-Jul-2025 08:05:38 UTC] ❌ Файл не найден: F:\os\OSPanel\domains\land.kiavi\wp-content\plugins\wpp-field-builder-manager/fields/borrower_id_field/WPP_Borrower_id_field_Field.php
[31-Jul-2025 08:05:39 UTC] ❌ Файл не найден: F:\os\OSPanel\domains\land.kiavi\wp-content\plugins\wpp-field-builder-manager/fields/borrower_id_field/WPP_Borrower_id_field_Field.php
[31-Jul-2025 08:05:39 UTC] PHP Deprecated:  strpos(): Passing null to parameter #1 ($haystack) of type string is deprecated in F:\os\OSPanel\domains\land.kiavi\wp-includes\functions.php on line 7360
[31-Jul-2025 08:05:39 UTC] PHP Deprecated:  str_replace(): Passing null to parameter #3 ($subject) of type array|string is deprecated in F:\os\OSPanel\domains\land.kiavi\wp-includes\functions.php on line 2195
[31-Jul-2025 08:05:39 UTC] PHP Warning:  foreach() argument must be of type array|object, string given in F:\os\OSPanel\domains\land.kiavi\wp-content\plugins\wpp-loan-application\includes\functions\wpp-helper.php on line 189
[31-Jul-2025 08:05:39 UTC] PHP Deprecated:  basename(): Passing null to parameter #1 ($path) of type string is deprecated in F:\os\OSPanel\domains\land.kiavi\wp-content\plugins\wpp-dev\libs\show-current-template\show-current-template.php on line 20
[31-Jul-2025 08:05:39 UTC] PHP Deprecated:  str_replace(): Passing null to parameter #3 ($subject) of type array|string is deprecated in F:\os\OSPanel\domains\land.kiavi\wp-content\plugins\wpp-dev\libs\show-current-template\show-current-template.php on line 21
[31-Jul-2025 08:05:55 UTC] ❌ Файл не найден: F:\os\OSPanel\domains\land.kiavi\wp-content\plugins\wpp-field-builder-manager/fields/borrower_id_field/WPP_Borrower_id_field_Field.php
[31-Jul-2025 08:05:57 UTC] ❌ Файл не найден: F:\os\OSPanel\domains\land.kiavi\wp-content\plugins\wpp-field-builder-manager/fields/borrower_id_field/WPP_Borrower_id_field_Field.php
[31-Jul-2025 08:06:04 UTC] ❌ Файл не найден: F:\os\OSPanel\domains\land.kiavi\wp-content\plugins\wpp-field-builder-manager/fields/borrower_id_field/WPP_Borrower_id_field_Field.php
[31-Jul-2025 08:06:04 UTC] PHP Deprecated:  strpos(): Passing null to parameter #1 ($haystack) of type string is deprecated in F:\os\OSPanel\domains\land.kiavi\wp-includes\functions.php on line 7360
[31-Jul-2025 08:06:04 UTC] PHP Deprecated:  str_replace(): Passing null to parameter #3 ($subject) of type array|string is deprecated in F:\os\OSPanel\domains\land.kiavi\wp-includes\functions.php on line 2195
[31-Jul-2025 08:06:06 UTC] ❌ Файл не найден: F:\os\OSPanel\domains\land.kiavi\wp-content\plugins\wpp-field-builder-manager/fields/borrower_id_field/WPP_Borrower_id_field_Field.php
[31-Jul-2025 08:06:06 UTC] PHP Deprecated:  strpos(): Passing null to parameter #1 ($haystack) of type string is deprecated in F:\os\OSPanel\domains\land.kiavi\wp-includes\functions.php on line 7360
[31-Jul-2025 08:06:06 UTC] PHP Deprecated:  str_replace(): Passing null to parameter #3 ($subject) of type array|string is deprecated in F:\os\OSPanel\domains\land.kiavi\wp-includes\functions.php on line 2195
[31-Jul-2025 08:06:06 UTC] PHP Deprecated:  basename(): Passing null to parameter #1 ($path) of type string is deprecated in F:\os\OSPanel\domains\land.kiavi\wp-content\plugins\wpp-dev\libs\show-current-template\show-current-template.php on line 20
[31-Jul-2025 08:06:06 UTC] PHP Deprecated:  str_replace(): Passing null to parameter #3 ($subject) of type array|string is deprecated in F:\os\OSPanel\domains\land.kiavi\wp-content\plugins\wpp-dev\libs\show-current-template\show-current-template.php on line 21
[31-Jul-2025 08:06:07 UTC] ❌ Файл не найден: F:\os\OSPanel\domains\land.kiavi\wp-content\plugins\wpp-field-builder-manager/fields/borrower_id_field/WPP_Borrower_id_field_Field.php
[31-Jul-2025 08:06:07 UTC] ❌ Файл не найден: F:\os\OSPanel\domains\land.kiavi\wp-content\plugins\wpp-field-builder-manager/fields/borrower_id_field/WPP_Borrower_id_field_Field.php
[31-Jul-2025 08:06:42 UTC] ❌ Файл не найден: F:\os\OSPanel\domains\land.kiavi\wp-content\plugins\wpp-field-builder-manager/fields/borrower_id_field/WPP_Borrower_id_field_Field.php
[31-Jul-2025 08:06:42 UTC] ❌ Файл не найден: F:\os\OSPanel\domains\land.kiavi\wp-content\plugins\wpp-field-builder-manager/fields/borrower_id_field/WPP_Borrower_id_field_Field.php
[31-Jul-2025 08:07:08 UTC] ❌ Файл не найден: F:\os\OSPanel\domains\land.kiavi\wp-content\plugins\wpp-field-builder-manager/fields/borrower_id_field/WPP_Borrower_id_field_Field.php
[31-Jul-2025 08:07:08 UTC] ❌ Файл не найден: F:\os\OSPanel\domains\land.kiavi\wp-content\plugins\wpp-field-builder-manager/fields/borrower_id_field/WPP_Borrower_id_field_Field.php
[31-Jul-2025 08:07:11 UTC] ❌ Файл не найден: F:\os\OSPanel\domains\land.kiavi\wp-content\plugins\wpp-field-builder-manager/fields/borrower_id_field/WPP_Borrower_id_field_Field.php
[31-Jul-2025 08:07:39 UTC] ❌ Файл не найден: F:\os\OSPanel\domains\land.kiavi\wp-content\plugins\wpp-field-builder-manager/fields/borrower_id_field/WPP_Borrower_id_field_Field.php
[31-Jul-2025 08:07:39 UTC] ❌ Файл не найден: F:\os\OSPanel\domains\land.kiavi\wp-content\plugins\wpp-field-builder-manager/fields/borrower_id_field/WPP_Borrower_id_field_Field.php
[31-Jul-2025 08:08:08 UTC] ❌ Файл не найден: F:\os\OSPanel\domains\land.kiavi\wp-content\plugins\wpp-field-builder-manager/fields/borrower_id_field/WPP_Borrower_id_field_Field.php
[31-Jul-2025 08:08:08 UTC] ❌ Файл не найден: F:\os\OSPanel\domains\land.kiavi\wp-content\plugins\wpp-field-builder-manager/fields/borrower_id_field/WPP_Borrower_id_field_Field.php
[31-Jul-2025 08:08:11 UTC] ❌ Файл не найден: F:\os\OSPanel\domains\land.kiavi\wp-content\plugins\wpp-field-builder-manager/fields/borrower_id_field/WPP_Borrower_id_field_Field.php
[31-Jul-2025 08:08:43 UTC] ❌ Файл не найден: F:\os\OSPanel\domains\land.kiavi\wp-content\plugins\wpp-field-builder-manager/fields/borrower_id_field/WPP_Borrower_id_field_Field.php
[31-Jul-2025 08:08:43 UTC] ❌ Файл не найден: F:\os\OSPanel\domains\land.kiavi\wp-content\plugins\wpp-field-builder-manager/fields/borrower_id_field/WPP_Borrower_id_field_Field.php
[31-Jul-2025 08:09:40 UTC] ❌ Файл не найден: F:\os\OSPanel\domains\land.kiavi\wp-content\plugins\wpp-field-builder-manager/fields/borrower_id_field/WPP_Borrower_id_field_Field.php
[31-Jul-2025 08:09:40 UTC] ❌ Файл не найден: F:\os\OSPanel\domains\land.kiavi\wp-content\plugins\wpp-field-builder-manager/fields/borrower_id_field/WPP_Borrower_id_field_Field.php
[31-Jul-2025 08:09:43 UTC] ❌ Файл не найден: F:\os\OSPanel\domains\land.kiavi\wp-content\plugins\wpp-field-builder-manager/fields/borrower_id_field/WPP_Borrower_id_field_Field.php
[31-Jul-2025 08:10:44 UTC] ❌ Файл не найден: F:\os\OSPanel\domains\land.kiavi\wp-content\plugins\wpp-field-builder-manager/fields/borrower_id_field/WPP_Borrower_id_field_Field.php
[31-Jul-2025 08:10:44 UTC] ❌ Файл не найден: F:\os\OSPanel\domains\land.kiavi\wp-content\plugins\wpp-field-builder-manager/fields/borrower_id_field/WPP_Borrower_id_field_Field.php
[31-Jul-2025 08:10:47 UTC] ❌ Файл не найден: F:\os\OSPanel\domains\land.kiavi\wp-content\plugins\wpp-field-builder-manager/fields/borrower_id_field/WPP_Borrower_id_field_Field.php
[31-Jul-2025 08:11:41 UTC] ❌ Файл не найден: F:\os\OSPanel\domains\land.kiavi\wp-content\plugins\wpp-field-builder-manager/fields/borrower_id_field/WPP_Borrower_id_field_Field.php
[31-Jul-2025 08:11:41 UTC] ❌ Файл не найден: F:\os\OSPanel\domains\land.kiavi\wp-content\plugins\wpp-field-builder-manager/fields/borrower_id_field/WPP_Borrower_id_field_Field.php
[31-Jul-2025 08:11:44 UTC] ❌ Файл не найден: F:\os\OSPanel\domains\land.kiavi\wp-content\plugins\wpp-field-builder-manager/fields/borrower_id_field/WPP_Borrower_id_field_Field.php
[31-Jul-2025 08:12:45 UTC] ❌ Файл не найден: F:\os\OSPanel\domains\land.kiavi\wp-content\plugins\wpp-field-builder-manager/fields/borrower_id_field/WPP_Borrower_id_field_Field.php
[31-Jul-2025 08:12:45 UTC] ❌ Файл не найден: F:\os\OSPanel\domains\land.kiavi\wp-content\plugins\wpp-field-builder-manager/fields/borrower_id_field/WPP_Borrower_id_field_Field.php
[31-Jul-2025 08:12:48 UTC] ❌ Файл не найден: F:\os\OSPanel\domains\land.kiavi\wp-content\plugins\wpp-field-builder-manager/fields/borrower_id_field/WPP_Borrower_id_field_Field.php
[31-Jul-2025 08:13:42 UTC] ❌ Файл не найден: F:\os\OSPanel\domains\land.kiavi\wp-content\plugins\wpp-field-builder-manager/fields/borrower_id_field/WPP_Borrower_id_field_Field.php
[31-Jul-2025 08:13:42 UTC] ❌ Файл не найден: F:\os\OSPanel\domains\land.kiavi\wp-content\plugins\wpp-field-builder-manager/fields/borrower_id_field/WPP_Borrower_id_field_Field.php
[31-Jul-2025 08:13:45 UTC] ❌ Файл не найден: F:\os\OSPanel\domains\land.kiavi\wp-content\plugins\wpp-field-builder-manager/fields/borrower_id_field/WPP_Borrower_id_field_Field.php
[31-Jul-2025 08:14:46 UTC] ❌ Файл не найден: F:\os\OSPanel\domains\land.kiavi\wp-content\plugins\wpp-field-builder-manager/fields/borrower_id_field/WPP_Borrower_id_field_Field.php
[31-Jul-2025 08:14:46 UTC] ❌ Файл не найден: F:\os\OSPanel\domains\land.kiavi\wp-content\plugins\wpp-field-builder-manager/fields/borrower_id_field/WPP_Borrower_id_field_Field.php
[31-Jul-2025 08:14:49 UTC] ❌ Файл не найден: F:\os\OSPanel\domains\land.kiavi\wp-content\plugins\wpp-field-builder-manager/fields/borrower_id_field/WPP_Borrower_id_field_Field.php
[31-Jul-2025 08:16:47 UTC] ❌ Файл не найден: F:\os\OSPanel\domains\land.kiavi\wp-content\plugins\wpp-field-builder-manager/fields/borrower_id_field/WPP_Borrower_id_field_Field.php
[31-Jul-2025 08:16:47 UTC] ❌ Файл не найден: F:\os\OSPanel\domains\land.kiavi\wp-content\plugins\wpp-field-builder-manager/fields/borrower_id_field/WPP_Borrower_id_field_Field.php
[31-Jul-2025 08:16:50 UTC] ❌ Файл не найден: F:\os\OSPanel\domains\land.kiavi\wp-content\plugins\wpp-field-builder-manager/fields/borrower_id_field/WPP_Borrower_id_field_Field.php
[31-Jul-2025 08:18:48 UTC] ❌ Файл не найден: F:\os\OSPanel\domains\land.kiavi\wp-content\plugins\wpp-field-builder-manager/fields/borrower_id_field/WPP_Borrower_id_field_Field.php
[31-Jul-2025 08:18:48 UTC] ❌ Файл не найден: F:\os\OSPanel\domains\land.kiavi\wp-content\plugins\wpp-field-builder-manager/fields/borrower_id_field/WPP_Borrower_id_field_Field.php
[31-Jul-2025 08:18:51 UTC] ❌ Файл не найден: F:\os\OSPanel\domains\land.kiavi\wp-content\plugins\wpp-field-builder-manager/fields/borrower_id_field/WPP_Borrower_id_field_Field.php
[31-Jul-2025 08:20:49 UTC] ❌ Файл не найден: F:\os\OSPanel\domains\land.kiavi\wp-content\plugins\wpp-field-builder-manager/fields/borrower_id_field/WPP_Borrower_id_field_Field.php
[31-Jul-2025 08:20:49 UTC] ❌ Файл не найден: F:\os\OSPanel\domains\land.kiavi\wp-content\plugins\wpp-field-builder-manager/fields/borrower_id_field/WPP_Borrower_id_field_Field.php
[31-Jul-2025 08:20:52 UTC] ❌ Файл не найден: F:\os\OSPanel\domains\land.kiavi\wp-content\plugins\wpp-field-builder-manager/fields/borrower_id_field/WPP_Borrower_id_field_Field.php
[31-Jul-2025 08:22:50 UTC] ❌ Файл не найден: F:\os\OSPanel\domains\land.kiavi\wp-content\plugins\wpp-field-builder-manager/fields/borrower_id_field/WPP_Borrower_id_field_Field.php
[31-Jul-2025 08:22:50 UTC] ❌ Файл не найден: F:\os\OSPanel\domains\land.kiavi\wp-content\plugins\wpp-field-builder-manager/fields/borrower_id_field/WPP_Borrower_id_field_Field.php
[31-Jul-2025 08:22:53 UTC] ❌ Файл не найден: F:\os\OSPanel\domains\land.kiavi\wp-content\plugins\wpp-field-builder-manager/fields/borrower_id_field/WPP_Borrower_id_field_Field.php
[31-Jul-2025 08:24:51 UTC] ❌ Файл не найден: F:\os\OSPanel\domains\land.kiavi\wp-content\plugins\wpp-field-builder-manager/fields/borrower_id_field/WPP_Borrower_id_field_Field.php
[31-Jul-2025 08:24:51 UTC] ❌ Файл не найден: F:\os\OSPanel\domains\land.kiavi\wp-content\plugins\wpp-field-builder-manager/fields/borrower_id_field/WPP_Borrower_id_field_Field.php
[31-Jul-2025 08:24:54 UTC] ❌ Файл не найден: F:\os\OSPanel\domains\land.kiavi\wp-content\plugins\wpp-field-builder-manager/fields/borrower_id_field/WPP_Borrower_id_field_Field.php
[31-Jul-2025 08:26:52 UTC] ❌ Файл не найден: F:\os\OSPanel\domains\land.kiavi\wp-content\plugins\wpp-field-builder-manager/fields/borrower_id_field/WPP_Borrower_id_field_Field.php
[31-Jul-2025 08:26:52 UTC] ❌ Файл не найден: F:\os\OSPanel\domains\land.kiavi\wp-content\plugins\wpp-field-builder-manager/fields/borrower_id_field/WPP_Borrower_id_field_Field.php
[31-Jul-2025 08:26:55 UTC] ❌ Файл не найден: F:\os\OSPanel\domains\land.kiavi\wp-content\plugins\wpp-field-builder-manager/fields/borrower_id_field/WPP_Borrower_id_field_Field.php
[31-Jul-2025 08:28:53 UTC] ❌ Файл не найден: F:\os\OSPanel\domains\land.kiavi\wp-content\plugins\wpp-field-builder-manager/fields/borrower_id_field/WPP_Borrower_id_field_Field.php
[31-Jul-2025 08:28:53 UTC] ❌ Файл не найден: F:\os\OSPanel\domains\land.kiavi\wp-content\plugins\wpp-field-builder-manager/fields/borrower_id_field/WPP_Borrower_id_field_Field.php
[31-Jul-2025 08:28:56 UTC] ❌ Файл не найден: F:\os\OSPanel\domains\land.kiavi\wp-content\plugins\wpp-field-builder-manager/fields/borrower_id_field/WPP_Borrower_id_field_Field.php
[31-Jul-2025 08:30:54 UTC] ❌ Файл не найден: F:\os\OSPanel\domains\land.kiavi\wp-content\plugins\wpp-field-builder-manager/fields/borrower_id_field/WPP_Borrower_id_field_Field.php
[31-Jul-2025 08:30:54 UTC] ❌ Файл не найден: F:\os\OSPanel\domains\land.kiavi\wp-content\plugins\wpp-field-builder-manager/fields/borrower_id_field/WPP_Borrower_id_field_Field.php
[31-Jul-2025 08:30:57 UTC] ❌ Файл не найден: F:\os\OSPanel\domains\land.kiavi\wp-content\plugins\wpp-field-builder-manager/fields/borrower_id_field/WPP_Borrower_id_field_Field.php
[31-Jul-2025 08:32:55 UTC] ❌ Файл не найден: F:\os\OSPanel\domains\land.kiavi\wp-content\plugins\wpp-field-builder-manager/fields/borrower_id_field/WPP_Borrower_id_field_Field.php
[31-Jul-2025 08:32:55 UTC] ❌ Файл не найден: F:\os\OSPanel\domains\land.kiavi\wp-content\plugins\wpp-field-builder-manager/fields/borrower_id_field/WPP_Borrower_id_field_Field.php
[31-Jul-2025 08:32:58 UTC] ❌ Файл не найден: F:\os\OSPanel\domains\land.kiavi\wp-content\plugins\wpp-field-builder-manager/fields/borrower_id_field/WPP_Borrower_id_field_Field.php
[31-Jul-2025 08:34:56 UTC] ❌ Файл не найден: F:\os\OSPanel\domains\land.kiavi\wp-content\plugins\wpp-field-builder-manager/fields/borrower_id_field/WPP_Borrower_id_field_Field.php
[31-Jul-2025 08:34:56 UTC] ❌ Файл не найден: F:\os\OSPanel\domains\land.kiavi\wp-content\plugins\wpp-field-builder-manager/fields/borrower_id_field/WPP_Borrower_id_field_Field.php
[31-Jul-2025 08:34:59 UTC] ❌ Файл не найден: F:\os\OSPanel\domains\land.kiavi\wp-content\plugins\wpp-field-builder-manager/fields/borrower_id_field/WPP_Borrower_id_field_Field.php
[31-Jul-2025 08:36:57 UTC] ❌ Файл не найден: F:\os\OSPanel\domains\land.kiavi\wp-content\plugins\wpp-field-builder-manager/fields/borrower_id_field/WPP_Borrower_id_field_Field.php
[31-Jul-2025 08:36:57 UTC] ❌ Файл не найден: F:\os\OSPanel\domains\land.kiavi\wp-content\plugins\wpp-field-builder-manager/fields/borrower_id_field/WPP_Borrower_id_field_Field.php
[31-Jul-2025 08:37:00 UTC] ❌ Файл не найден: F:\os\OSPanel\domains\land.kiavi\wp-content\plugins\wpp-field-builder-manager/fields/borrower_id_field/WPP_Borrower_id_field_Field.php
[31-Jul-2025 08:38:58 UTC] ❌ Файл не найден: F:\os\OSPanel\domains\land.kiavi\wp-content\plugins\wpp-field-builder-manager/fields/borrower_id_field/WPP_Borrower_id_field_Field.php
[31-Jul-2025 08:38:58 UTC] ❌ Файл не найден: F:\os\OSPanel\domains\land.kiavi\wp-content\plugins\wpp-field-builder-manager/fields/borrower_id_field/WPP_Borrower_id_field_Field.php
[31-Jul-2025 08:39:01 UTC] ❌ Файл не найден: F:\os\OSPanel\domains\land.kiavi\wp-content\plugins\wpp-field-builder-manager/fields/borrower_id_field/WPP_Borrower_id_field_Field.php
[31-Jul-2025 08:40:59 UTC] ❌ Файл не найден: F:\os\OSPanel\domains\land.kiavi\wp-content\plugins\wpp-field-builder-manager/fields/borrower_id_field/WPP_Borrower_id_field_Field.php
[31-Jul-2025 08:40:59 UTC] ❌ Файл не найден: F:\os\OSPanel\domains\land.kiavi\wp-content\plugins\wpp-field-builder-manager/fields/borrower_id_field/WPP_Borrower_id_field_Field.php
[31-Jul-2025 08:41:02 UTC] ❌ Файл не найден: F:\os\OSPanel\domains\land.kiavi\wp-content\plugins\wpp-field-builder-manager/fields/borrower_id_field/WPP_Borrower_id_field_Field.php
[31-Jul-2025 08:43:00 UTC] ❌ Файл не найден: F:\os\OSPanel\domains\land.kiavi\wp-content\plugins\wpp-field-builder-manager/fields/borrower_id_field/WPP_Borrower_id_field_Field.php
[31-Jul-2025 08:43:00 UTC] ❌ Файл не найден: F:\os\OSPanel\domains\land.kiavi\wp-content\plugins\wpp-field-builder-manager/fields/borrower_id_field/WPP_Borrower_id_field_Field.php
[31-Jul-2025 08:43:03 UTC] ❌ Файл не найден: F:\os\OSPanel\domains\land.kiavi\wp-content\plugins\wpp-field-builder-manager/fields/borrower_id_field/WPP_Borrower_id_field_Field.php
[31-Jul-2025 08:45:01 UTC] ❌ Файл не найден: F:\os\OSPanel\domains\land.kiavi\wp-content\plugins\wpp-field-builder-manager/fields/borrower_id_field/WPP_Borrower_id_field_Field.php
[31-Jul-2025 08:45:01 UTC] ❌ Файл не найден: F:\os\OSPanel\domains\land.kiavi\wp-content\plugins\wpp-field-builder-manager/fields/borrower_id_field/WPP_Borrower_id_field_Field.php
[31-Jul-2025 08:45:04 UTC] ❌ Файл не найден: F:\os\OSPanel\domains\land.kiavi\wp-content\plugins\wpp-field-builder-manager/fields/borrower_id_field/WPP_Borrower_id_field_Field.php
[31-Jul-2025 08:47:02 UTC] ❌ Файл не найден: F:\os\OSPanel\domains\land.kiavi\wp-content\plugins\wpp-field-builder-manager/fields/borrower_id_field/WPP_Borrower_id_field_Field.php
[31-Jul-2025 08:47:02 UTC] ❌ Файл не найден: F:\os\OSPanel\domains\land.kiavi\wp-content\plugins\wpp-field-builder-manager/fields/borrower_id_field/WPP_Borrower_id_field_Field.php
[31-Jul-2025 08:47:05 UTC] ❌ Файл не найден: F:\os\OSPanel\domains\land.kiavi\wp-content\plugins\wpp-field-builder-manager/fields/borrower_id_field/WPP_Borrower_id_field_Field.php
[31-Jul-2025 08:49:03 UTC] ❌ Файл не найден: F:\os\OSPanel\domains\land.kiavi\wp-content\plugins\wpp-field-builder-manager/fields/borrower_id_field/WPP_Borrower_id_field_Field.php
[31-Jul-2025 08:49:03 UTC] ❌ Файл не найден: F:\os\OSPanel\domains\land.kiavi\wp-content\plugins\wpp-field-builder-manager/fields/borrower_id_field/WPP_Borrower_id_field_Field.php
[31-Jul-2025 08:49:06 UTC] ❌ Файл не найден: F:\os\OSPanel\domains\land.kiavi\wp-content\plugins\wpp-field-builder-manager/fields/borrower_id_field/WPP_Borrower_id_field_Field.php
[31-Jul-2025 08:51:04 UTC] ❌ Файл не найден: F:\os\OSPanel\domains\land.kiavi\wp-content\plugins\wpp-field-builder-manager/fields/borrower_id_field/WPP_Borrower_id_field_Field.php
[31-Jul-2025 08:51:04 UTC] ❌ Файл не найден: F:\os\OSPanel\domains\land.kiavi\wp-content\plugins\wpp-field-builder-manager/fields/borrower_id_field/WPP_Borrower_id_field_Field.php
[31-Jul-2025 08:51:07 UTC] ❌ Файл не найден: F:\os\OSPanel\domains\land.kiavi\wp-content\plugins\wpp-field-builder-manager/fields/borrower_id_field/WPP_Borrower_id_field_Field.php
[31-Jul-2025 08:53:05 UTC] ❌ Файл не найден: F:\os\OSPanel\domains\land.kiavi\wp-content\plugins\wpp-field-builder-manager/fields/borrower_id_field/WPP_Borrower_id_field_Field.php
[31-Jul-2025 08:53:05 UTC] ❌ Файл не найден: F:\os\OSPanel\domains\land.kiavi\wp-content\plugins\wpp-field-builder-manager/fields/borrower_id_field/WPP_Borrower_id_field_Field.php
[31-Jul-2025 08:53:08 UTC] ❌ Файл не найден: F:\os\OSPanel\domains\land.kiavi\wp-content\plugins\wpp-field-builder-manager/fields/borrower_id_field/WPP_Borrower_id_field_Field.php
[31-Jul-2025 08:55:06 UTC] ❌ Файл не найден: F:\os\OSPanel\domains\land.kiavi\wp-content\plugins\wpp-field-builder-manager/fields/borrower_id_field/WPP_Borrower_id_field_Field.php
[31-Jul-2025 08:55:06 UTC] ❌ Файл не найден: F:\os\OSPanel\domains\land.kiavi\wp-content\plugins\wpp-field-builder-manager/fields/borrower_id_field/WPP_Borrower_id_field_Field.php
[31-Jul-2025 08:55:09 UTC] ❌ Файл не найден: F:\os\OSPanel\domains\land.kiavi\wp-content\plugins\wpp-field-builder-manager/fields/borrower_id_field/WPP_Borrower_id_field_Field.php
[31-Jul-2025 08:57:07 UTC] ❌ Файл не найден: F:\os\OSPanel\domains\land.kiavi\wp-content\plugins\wpp-field-builder-manager/fields/borrower_id_field/WPP_Borrower_id_field_Field.php
[31-Jul-2025 08:57:07 UTC] ❌ Файл не найден: F:\os\OSPanel\domains\land.kiavi\wp-content\plugins\wpp-field-builder-manager/fields/borrower_id_field/WPP_Borrower_id_field_Field.php
[31-Jul-2025 08:57:10 UTC] ❌ Файл не найден: F:\os\OSPanel\domains\land.kiavi\wp-content\plugins\wpp-field-builder-manager/fields/borrower_id_field/WPP_Borrower_id_field_Field.php
[31-Jul-2025 08:59:08 UTC] ❌ Файл не найден: F:\os\OSPanel\domains\land.kiavi\wp-content\plugins\wpp-field-builder-manager/fields/borrower_id_field/WPP_Borrower_id_field_Field.php
[31-Jul-2025 08:59:08 UTC] ❌ Файл не найден: F:\os\OSPanel\domains\land.kiavi\wp-content\plugins\wpp-field-builder-manager/fields/borrower_id_field/WPP_Borrower_id_field_Field.php
[31-Jul-2025 08:59:11 UTC] ❌ Файл не найден: F:\os\OSPanel\domains\land.kiavi\wp-content\plugins\wpp-field-builder-manager/fields/borrower_id_field/WPP_Borrower_id_field_Field.php
