[31-Jul-2025 20:32:57 UTC] PHP Warning:  foreach() argument must be of type array|object, string given in F:\os\OSPanel\domains\land.kiavi\wp-content\plugins\wpp-loan-application\includes\functions\wpp-helper.php on line 189
[31-Jul-2025 20:32:57 UTC] PHP Deprecated:  Constant FILTER_SANITIZE_STRING is deprecated in F:\os\OSPanel\domains\land.kiavi\wp-content\plugins\landvent-manager-panel\core\functions\helpers.php on line 27
[31-Jul-2025 20:32:57 UTC] PHP Warning:  Undefined array key "icon" in F:\os\OSPanel\domains\land.kiavi\wp-content\plugins\landvent-manager-panel\core\functions\navs.php on line 102
[31-Jul-2025 20:32:57 UTC] PHP Warning:  Undefined array key "icon" in F:\os\OSPanel\domains\land.kiavi\wp-content\plugins\landvent-manager-panel\core\functions\navs.php on line 102
[31-Jul-2025 20:32:57 UTC] PHP Warning:  Undefined array key "icon" in F:\os\OSPanel\domains\land.kiavi\wp-content\plugins\landvent-manager-panel\core\functions\navs.php on line 102
[31-Jul-2025 20:32:57 UTC] PHP Warning:  Undefined array key "icon" in F:\os\OSPanel\domains\land.kiavi\wp-content\plugins\landvent-manager-panel\core\functions\navs.php on line 102
[31-Jul-2025 20:32:57 UTC] PHP Warning:  Undefined array key "icon" in F:\os\OSPanel\domains\land.kiavi\wp-content\plugins\landvent-manager-panel\core\functions\navs.php on line 102
[31-Jul-2025 20:32:57 UTC] PHP Warning:  Undefined array key "icon" in F:\os\OSPanel\domains\land.kiavi\wp-content\plugins\landvent-manager-panel\core\functions\navs.php on line 102
[31-Jul-2025 20:32:57 UTC] PHP Warning:  Undefined array key "icon" in F:\os\OSPanel\domains\land.kiavi\wp-content\plugins\landvent-manager-panel\core\functions\navs.php on line 102
[31-Jul-2025 20:32:57 UTC] PHP Warning:  Undefined array key "icon" in F:\os\OSPanel\domains\land.kiavi\wp-content\plugins\landvent-manager-panel\core\functions\navs.php on line 102
[31-Jul-2025 20:32:57 UTC] PHP Warning:  Undefined array key "icon" in F:\os\OSPanel\domains\land.kiavi\wp-content\plugins\landvent-manager-panel\core\functions\navs.php on line 102
[31-Jul-2025 20:32:57 UTC] PHP Warning:  Undefined array key "icon" in F:\os\OSPanel\domains\land.kiavi\wp-content\plugins\landvent-manager-panel\core\functions\navs.php on line 102
[31-Jul-2025 20:32:57 UTC] PHP Warning:  Undefined array key "icon" in F:\os\OSPanel\domains\land.kiavi\wp-content\plugins\landvent-manager-panel\core\functions\navs.php on line 102
[31-Jul-2025 20:32:57 UTC] PHP Warning:  Undefined array key "icon" in F:\os\OSPanel\domains\land.kiavi\wp-content\plugins\landvent-manager-panel\core\functions\navs.php on line 102
[31-Jul-2025 20:32:57 UTC] PHP Warning:  Undefined array key "icon" in F:\os\OSPanel\domains\land.kiavi\wp-content\plugins\landvent-manager-panel\core\functions\navs.php on line 102
[31-Jul-2025 20:32:57 UTC] PHP Deprecated:  Constant FILTER_SANITIZE_STRING is deprecated in F:\os\OSPanel\domains\land.kiavi\wp-content\plugins\landvent-manager-panel\core\functions\helpers.php on line 27
[31-Jul-2025 20:32:57 UTC] PHP Warning:  foreach() argument must be of type array|object, string given in F:\os\OSPanel\domains\land.kiavi\wp-content\plugins\landvent-manager-panel\core\config\applicant-info.php on line 258
[31-Jul-2025 20:32:57 UTC] PHP Warning:  foreach() argument must be of type array|object, string given in F:\os\OSPanel\domains\land.kiavi\wp-content\plugins\landvent-manager-panel\core\config\property-details.php on line 807
[31-Jul-2025 20:32:57 UTC] PHP Warning:  foreach() argument must be of type array|object, string given in F:\os\OSPanel\domains\land.kiavi\wp-content\plugins\landvent-manager-panel\core\config\property-details.php on line 913
[31-Jul-2025 20:32:57 UTC] PHP Deprecated:  Constant FILTER_SANITIZE_STRING is deprecated in F:\os\OSPanel\domains\land.kiavi\wp-content\plugins\landvent-manager-panel\core\functions\helpers.php on line 27
[31-Jul-2025 20:32:57 UTC] PHP Warning:  foreach() argument must be of type array|object, string given in F:\os\OSPanel\domains\land.kiavi\wp-content\plugins\landvent-manager-panel\core\config\payments.php on line 186
[31-Jul-2025 20:32:58 UTC] Automatic updates starting...
[31-Jul-2025 20:32:59 UTC] Automatic updates complete.
[31-Jul-2025 20:36:03 UTC] PHP Deprecated:  strpos(): Passing null to parameter #1 ($haystack) of type string is deprecated in F:\os\OSPanel\domains\land.kiavi\wp-includes\functions.php on line 7360
[31-Jul-2025 20:36:03 UTC] PHP Deprecated:  str_replace(): Passing null to parameter #3 ($subject) of type array|string is deprecated in F:\os\OSPanel\domains\land.kiavi\wp-includes\functions.php on line 2195
[31-Jul-2025 20:36:04 UTC] PHP Deprecated:  basename(): Passing null to parameter #1 ($path) of type string is deprecated in F:\os\OSPanel\domains\land.kiavi\wp-content\plugins\wpp-dev\libs\show-current-template\show-current-template.php on line 20
[31-Jul-2025 20:36:04 UTC] PHP Deprecated:  str_replace(): Passing null to parameter #3 ($subject) of type array|string is deprecated in F:\os\OSPanel\domains\land.kiavi\wp-content\plugins\wpp-dev\libs\show-current-template\show-current-template.php on line 21
[31-Jul-2025 20:36:12 UTC] PHP Deprecated:  strpos(): Passing null to parameter #1 ($haystack) of type string is deprecated in F:\os\OSPanel\domains\land.kiavi\wp-includes\functions.php on line 7360
[31-Jul-2025 20:36:12 UTC] PHP Deprecated:  str_replace(): Passing null to parameter #3 ($subject) of type array|string is deprecated in F:\os\OSPanel\domains\land.kiavi\wp-includes\functions.php on line 2195
[31-Jul-2025 20:36:12 UTC] PHP Deprecated:  basename(): Passing null to parameter #1 ($path) of type string is deprecated in F:\os\OSPanel\domains\land.kiavi\wp-content\plugins\wpp-dev\libs\show-current-template\show-current-template.php on line 20
[31-Jul-2025 20:36:12 UTC] PHP Deprecated:  str_replace(): Passing null to parameter #3 ($subject) of type array|string is deprecated in F:\os\OSPanel\domains\land.kiavi\wp-content\plugins\wpp-dev\libs\show-current-template\show-current-template.php on line 21
[31-Jul-2025 20:48:51 UTC] PHP Deprecated:  strpos(): Passing null to parameter #1 ($haystack) of type string is deprecated in F:\os\OSPanel\domains\land.kiavi\wp-includes\functions.php on line 7360
[31-Jul-2025 20:48:51 UTC] PHP Deprecated:  str_replace(): Passing null to parameter #3 ($subject) of type array|string is deprecated in F:\os\OSPanel\domains\land.kiavi\wp-includes\functions.php on line 2195
[31-Jul-2025 20:48:58 UTC] PHP Deprecated:  strpos(): Passing null to parameter #1 ($haystack) of type string is deprecated in F:\os\OSPanel\domains\land.kiavi\wp-includes\functions.php on line 7360
[31-Jul-2025 20:48:58 UTC] PHP Deprecated:  str_replace(): Passing null to parameter #3 ($subject) of type array|string is deprecated in F:\os\OSPanel\domains\land.kiavi\wp-includes\functions.php on line 2195
[31-Jul-2025 20:48:58 UTC] PHP Deprecated:  basename(): Passing null to parameter #1 ($path) of type string is deprecated in F:\os\OSPanel\domains\land.kiavi\wp-content\plugins\wpp-dev\libs\show-current-template\show-current-template.php on line 20
[31-Jul-2025 20:48:58 UTC] PHP Deprecated:  str_replace(): Passing null to parameter #3 ($subject) of type array|string is deprecated in F:\os\OSPanel\domains\land.kiavi\wp-content\plugins\wpp-dev\libs\show-current-template\show-current-template.php on line 21
