[17-Jul-2025 14:00:47 UTC] PHP Warning:  foreach() argument must be of type array|object, string given in F:\os\OSPanel\domains\land.kiavi\wp-content\plugins\wpp-loan-application\includes\functions\wpp-helper.php on line 189
[17-Jul-2025 14:00:47 UTC] PHP Notice:  Function wpdb::prepare was called <strong>incorrectly</strong>. The query argument of wpdb::prepare() must have a placeholder. Please see <a href="https://developer.wordpress.org/advanced-administration/debug/debug-wordpress/">Debugging in WordPress</a> for more information. (This message was added in version 3.9.0.) in F:\os\OSPanel\domains\land.kiavi\wp-includes\functions.php on line 6121
[17-Jul-2025 14:04:12 UTC] PHP Warning:  foreach() argument must be of type array|object, string given in F:\os\OSPanel\domains\land.kiavi\wp-content\plugins\wpp-loan-application\includes\functions\wpp-helper.php on line 189
[17-Jul-2025 14:04:12 UTC] PHP Notice:  Function wpdb::prepare was called <strong>incorrectly</strong>. The query argument of wpdb::prepare() must have a placeholder. Please see <a href="https://developer.wordpress.org/advanced-administration/debug/debug-wordpress/">Debugging in WordPress</a> for more information. (This message was added in version 3.9.0.) in F:\os\OSPanel\domains\land.kiavi\wp-includes\functions.php on line 6121
[17-Jul-2025 14:04:21 UTC] PHP Warning:  foreach() argument must be of type array|object, string given in F:\os\OSPanel\domains\land.kiavi\wp-content\plugins\wpp-loan-application\includes\functions\wpp-helper.php on line 189
[17-Jul-2025 14:04:21 UTC] PHP Notice:  Function wpdb::prepare was called <strong>incorrectly</strong>. The query argument of wpdb::prepare() must have a placeholder. Please see <a href="https://developer.wordpress.org/advanced-administration/debug/debug-wordpress/">Debugging in WordPress</a> for more information. (This message was added in version 3.9.0.) in F:\os\OSPanel\domains\land.kiavi\wp-includes\functions.php on line 6121
[17-Jul-2025 14:07:28 UTC] PHP Warning:  foreach() argument must be of type array|object, string given in F:\os\OSPanel\domains\land.kiavi\wp-content\plugins\wpp-loan-application\includes\functions\wpp-helper.php on line 189
[17-Jul-2025 14:07:28 UTC] PHP Notice:  Function wpdb::prepare was called <strong>incorrectly</strong>. The query argument of wpdb::prepare() must have a placeholder. Please see <a href="https://developer.wordpress.org/advanced-administration/debug/debug-wordpress/">Debugging in WordPress</a> for more information. (This message was added in version 3.9.0.) in F:\os\OSPanel\domains\land.kiavi\wp-includes\functions.php on line 6121
[17-Jul-2025 14:07:43 UTC] PHP Fatal error:  Uncaught TypeError: call_user_func_array(): Argument #1 ($callback) must be a valid callback, function "handle_update_card_position" not found or invalid function name in F:\os\OSPanel\domains\land.kiavi\wp-includes\class-wp-hook.php:324
Stack trace:
#0 F:\os\OSPanel\domains\land.kiavi\wp-includes\class-wp-hook.php(348): WP_Hook->apply_filters()
#1 F:\os\OSPanel\domains\land.kiavi\wp-includes\plugin.php(517): WP_Hook->do_action()
#2 F:\os\OSPanel\domains\land.kiavi\wp-admin\admin-ajax.php(192): do_action()
#3 {main}
  thrown in F:\os\OSPanel\domains\land.kiavi\wp-includes\class-wp-hook.php on line 324
[17-Jul-2025 14:07:43 UTC] PHP Fatal error:  Uncaught TypeError: call_user_func_array(): Argument #1 ($callback) must be a valid callback, function "handle_update_card_position" not found or invalid function name in F:\os\OSPanel\domains\land.kiavi\wp-includes\class-wp-hook.php:324
Stack trace:
#0 F:\os\OSPanel\domains\land.kiavi\wp-includes\class-wp-hook.php(348): WP_Hook->apply_filters()
#1 F:\os\OSPanel\domains\land.kiavi\wp-includes\plugin.php(517): WP_Hook->do_action()
#2 F:\os\OSPanel\domains\land.kiavi\wp-admin\admin-ajax.php(192): do_action()
#3 {main}
  thrown in F:\os\OSPanel\domains\land.kiavi\wp-includes\class-wp-hook.php on line 324
[17-Jul-2025 14:07:43 UTC] PHP Fatal error:  Uncaught TypeError: call_user_func_array(): Argument #1 ($callback) must be a valid callback, function "handle_update_card_position" not found or invalid function name in F:\os\OSPanel\domains\land.kiavi\wp-includes\class-wp-hook.php:324
Stack trace:
#0 F:\os\OSPanel\domains\land.kiavi\wp-includes\class-wp-hook.php(348): WP_Hook->apply_filters()
#1 F:\os\OSPanel\domains\land.kiavi\wp-includes\plugin.php(517): WP_Hook->do_action()
#2 F:\os\OSPanel\domains\land.kiavi\wp-admin\admin-ajax.php(192): do_action()
#3 {main}
  thrown in F:\os\OSPanel\domains\land.kiavi\wp-includes\class-wp-hook.php on line 324
[17-Jul-2025 14:07:51 UTC] PHP Fatal error:  Uncaught TypeError: call_user_func_array(): Argument #1 ($callback) must be a valid callback, function "handle_update_card_position" not found or invalid function name in F:\os\OSPanel\domains\land.kiavi\wp-includes\class-wp-hook.php:324
Stack trace:
#0 F:\os\OSPanel\domains\land.kiavi\wp-includes\class-wp-hook.php(348): WP_Hook->apply_filters()
#1 F:\os\OSPanel\domains\land.kiavi\wp-includes\plugin.php(517): WP_Hook->do_action()
#2 F:\os\OSPanel\domains\land.kiavi\wp-admin\admin-ajax.php(192): do_action()
#3 {main}
  thrown in F:\os\OSPanel\domains\land.kiavi\wp-includes\class-wp-hook.php on line 324
[17-Jul-2025 14:07:51 UTC] PHP Fatal error:  Uncaught TypeError: call_user_func_array(): Argument #1 ($callback) must be a valid callback, function "handle_update_card_position" not found or invalid function name in F:\os\OSPanel\domains\land.kiavi\wp-includes\class-wp-hook.php:324
Stack trace:
#0 F:\os\OSPanel\domains\land.kiavi\wp-includes\class-wp-hook.php(348): WP_Hook->apply_filters()
#1 F:\os\OSPanel\domains\land.kiavi\wp-includes\plugin.php(517): WP_Hook->do_action()
#2 F:\os\OSPanel\domains\land.kiavi\wp-admin\admin-ajax.php(192): do_action()
#3 {main}
  thrown in F:\os\OSPanel\domains\land.kiavi\wp-includes\class-wp-hook.php on line 324
[17-Jul-2025 14:07:51 UTC] PHP Fatal error:  Uncaught TypeError: call_user_func_array(): Argument #1 ($callback) must be a valid callback, function "handle_update_card_position" not found or invalid function name in F:\os\OSPanel\domains\land.kiavi\wp-includes\class-wp-hook.php:324
Stack trace:
#0 F:\os\OSPanel\domains\land.kiavi\wp-includes\class-wp-hook.php(348): WP_Hook->apply_filters()
#1 F:\os\OSPanel\domains\land.kiavi\wp-includes\plugin.php(517): WP_Hook->do_action()
#2 F:\os\OSPanel\domains\land.kiavi\wp-admin\admin-ajax.php(192): do_action()
#3 {main}
  thrown in F:\os\OSPanel\domains\land.kiavi\wp-includes\class-wp-hook.php on line 324
[17-Jul-2025 14:08:56 UTC] PHP Warning:  foreach() argument must be of type array|object, string given in F:\os\OSPanel\domains\land.kiavi\wp-content\plugins\wpp-loan-application\includes\functions\wpp-helper.php on line 189
[17-Jul-2025 14:08:56 UTC] PHP Notice:  Function wpdb::prepare was called <strong>incorrectly</strong>. The query argument of wpdb::prepare() must have a placeholder. Please see <a href="https://developer.wordpress.org/advanced-administration/debug/debug-wordpress/">Debugging in WordPress</a> for more information. (This message was added in version 3.9.0.) in F:\os\OSPanel\domains\land.kiavi\wp-includes\functions.php on line 6121
[17-Jul-2025 14:09:16 UTC] PHP Warning:  Undefined variable $wpdb in F:\os\OSPanel\domains\land.kiavi\wp-content\plugins\landvent-manager-panel\core\functions\trello-columns.php on line 97
[17-Jul-2025 14:09:16 UTC] PHP Fatal error:  Uncaught Error: Call to a member function get_row() on null in F:\os\OSPanel\domains\land.kiavi\wp-content\plugins\landvent-manager-panel\core\functions\trello-columns.php:97
Stack trace:
#0 F:\os\OSPanel\domains\land.kiavi\wp-includes\class-wp-hook.php(324): update_card_position_callback()
#1 F:\os\OSPanel\domains\land.kiavi\wp-includes\class-wp-hook.php(348): WP_Hook->apply_filters()
#2 F:\os\OSPanel\domains\land.kiavi\wp-includes\plugin.php(517): WP_Hook->do_action()
#3 F:\os\OSPanel\domains\land.kiavi\wp-admin\admin-ajax.php(192): do_action()
#4 {main}
  thrown in F:\os\OSPanel\domains\land.kiavi\wp-content\plugins\landvent-manager-panel\core\functions\trello-columns.php on line 97
[17-Jul-2025 14:09:16 UTC] PHP Warning:  Undefined variable $wpdb in F:\os\OSPanel\domains\land.kiavi\wp-content\plugins\landvent-manager-panel\core\functions\trello-columns.php on line 97
[17-Jul-2025 14:09:16 UTC] PHP Fatal error:  Uncaught Error: Call to a member function get_row() on null in F:\os\OSPanel\domains\land.kiavi\wp-content\plugins\landvent-manager-panel\core\functions\trello-columns.php:97
Stack trace:
#0 F:\os\OSPanel\domains\land.kiavi\wp-includes\class-wp-hook.php(324): update_card_position_callback()
#1 F:\os\OSPanel\domains\land.kiavi\wp-includes\class-wp-hook.php(348): WP_Hook->apply_filters()
#2 F:\os\OSPanel\domains\land.kiavi\wp-includes\plugin.php(517): WP_Hook->do_action()
#3 F:\os\OSPanel\domains\land.kiavi\wp-admin\admin-ajax.php(192): do_action()
#4 {main}
  thrown in F:\os\OSPanel\domains\land.kiavi\wp-content\plugins\landvent-manager-panel\core\functions\trello-columns.php on line 97
[17-Jul-2025 14:09:16 UTC] PHP Warning:  Undefined variable $wpdb in F:\os\OSPanel\domains\land.kiavi\wp-content\plugins\landvent-manager-panel\core\functions\trello-columns.php on line 97
[17-Jul-2025 14:09:16 UTC] PHP Fatal error:  Uncaught Error: Call to a member function get_row() on null in F:\os\OSPanel\domains\land.kiavi\wp-content\plugins\landvent-manager-panel\core\functions\trello-columns.php:97
Stack trace:
#0 F:\os\OSPanel\domains\land.kiavi\wp-includes\class-wp-hook.php(324): update_card_position_callback()
#1 F:\os\OSPanel\domains\land.kiavi\wp-includes\class-wp-hook.php(348): WP_Hook->apply_filters()
#2 F:\os\OSPanel\domains\land.kiavi\wp-includes\plugin.php(517): WP_Hook->do_action()
#3 F:\os\OSPanel\domains\land.kiavi\wp-admin\admin-ajax.php(192): do_action()
#4 {main}
  thrown in F:\os\OSPanel\domains\land.kiavi\wp-content\plugins\landvent-manager-panel\core\functions\trello-columns.php on line 97
[17-Jul-2025 14:09:24 UTC] PHP Warning:  Undefined variable $wpdb in F:\os\OSPanel\domains\land.kiavi\wp-content\plugins\landvent-manager-panel\core\functions\trello-columns.php on line 97
[17-Jul-2025 14:09:24 UTC] PHP Fatal error:  Uncaught Error: Call to a member function get_row() on null in F:\os\OSPanel\domains\land.kiavi\wp-content\plugins\landvent-manager-panel\core\functions\trello-columns.php:97
Stack trace:
#0 F:\os\OSPanel\domains\land.kiavi\wp-includes\class-wp-hook.php(324): update_card_position_callback()
#1 F:\os\OSPanel\domains\land.kiavi\wp-includes\class-wp-hook.php(348): WP_Hook->apply_filters()
#2 F:\os\OSPanel\domains\land.kiavi\wp-includes\plugin.php(517): WP_Hook->do_action()
#3 F:\os\OSPanel\domains\land.kiavi\wp-admin\admin-ajax.php(192): do_action()
#4 {main}
  thrown in F:\os\OSPanel\domains\land.kiavi\wp-content\plugins\landvent-manager-panel\core\functions\trello-columns.php on line 97
[17-Jul-2025 14:09:24 UTC] PHP Warning:  Undefined variable $wpdb in F:\os\OSPanel\domains\land.kiavi\wp-content\plugins\landvent-manager-panel\core\functions\trello-columns.php on line 97
[17-Jul-2025 14:09:24 UTC] PHP Fatal error:  Uncaught Error: Call to a member function get_row() on null in F:\os\OSPanel\domains\land.kiavi\wp-content\plugins\landvent-manager-panel\core\functions\trello-columns.php:97
Stack trace:
#0 F:\os\OSPanel\domains\land.kiavi\wp-includes\class-wp-hook.php(324): update_card_position_callback()
#1 F:\os\OSPanel\domains\land.kiavi\wp-includes\class-wp-hook.php(348): WP_Hook->apply_filters()
#2 F:\os\OSPanel\domains\land.kiavi\wp-includes\plugin.php(517): WP_Hook->do_action()
#3 F:\os\OSPanel\domains\land.kiavi\wp-admin\admin-ajax.php(192): do_action()
#4 {main}
  thrown in F:\os\OSPanel\domains\land.kiavi\wp-content\plugins\landvent-manager-panel\core\functions\trello-columns.php on line 97
[17-Jul-2025 14:09:24 UTC] PHP Warning:  Undefined variable $wpdb in F:\os\OSPanel\domains\land.kiavi\wp-content\plugins\landvent-manager-panel\core\functions\trello-columns.php on line 97
[17-Jul-2025 14:09:24 UTC] PHP Fatal error:  Uncaught Error: Call to a member function get_row() on null in F:\os\OSPanel\domains\land.kiavi\wp-content\plugins\landvent-manager-panel\core\functions\trello-columns.php:97
Stack trace:
#0 F:\os\OSPanel\domains\land.kiavi\wp-includes\class-wp-hook.php(324): update_card_position_callback()
#1 F:\os\OSPanel\domains\land.kiavi\wp-includes\class-wp-hook.php(348): WP_Hook->apply_filters()
#2 F:\os\OSPanel\domains\land.kiavi\wp-includes\plugin.php(517): WP_Hook->do_action()
#3 F:\os\OSPanel\domains\land.kiavi\wp-admin\admin-ajax.php(192): do_action()
#4 {main}
  thrown in F:\os\OSPanel\domains\land.kiavi\wp-content\plugins\landvent-manager-panel\core\functions\trello-columns.php on line 97
[17-Jul-2025 14:10:07 UTC] PHP Warning:  foreach() argument must be of type array|object, string given in F:\os\OSPanel\domains\land.kiavi\wp-content\plugins\wpp-loan-application\includes\functions\wpp-helper.php on line 189
[17-Jul-2025 14:10:07 UTC] PHP Notice:  Function wpdb::prepare was called <strong>incorrectly</strong>. The query argument of wpdb::prepare() must have a placeholder. Please see <a href="https://developer.wordpress.org/advanced-administration/debug/debug-wordpress/">Debugging in WordPress</a> for more information. (This message was added in version 3.9.0.) in F:\os\OSPanel\domains\land.kiavi\wp-includes\functions.php on line 6121
[17-Jul-2025 14:12:29 UTC] PHP Warning:  foreach() argument must be of type array|object, string given in F:\os\OSPanel\domains\land.kiavi\wp-content\plugins\wpp-loan-application\includes\functions\wpp-helper.php on line 189
[17-Jul-2025 14:12:29 UTC] PHP Notice:  Function wpdb::prepare was called <strong>incorrectly</strong>. The query argument of wpdb::prepare() must have a placeholder. Please see <a href="https://developer.wordpress.org/advanced-administration/debug/debug-wordpress/">Debugging in WordPress</a> for more information. (This message was added in version 3.9.0.) in F:\os\OSPanel\domains\land.kiavi\wp-includes\functions.php on line 6121
[17-Jul-2025 14:12:46 UTC] PHP Warning:  foreach() argument must be of type array|object, string given in F:\os\OSPanel\domains\land.kiavi\wp-content\plugins\wpp-loan-application\includes\functions\wpp-helper.php on line 189
[17-Jul-2025 14:12:48 UTC] PHP Warning:  foreach() argument must be of type array|object, string given in F:\os\OSPanel\domains\land.kiavi\wp-content\plugins\wpp-loan-application\includes\functions\wpp-helper.php on line 189
[17-Jul-2025 14:12:48 UTC] PHP Warning:  Undefined array key "icon" in F:\os\OSPanel\domains\land.kiavi\wp-content\plugins\landvent-manager-panel\core\functions\navs.php on line 102
[17-Jul-2025 14:12:48 UTC] PHP Warning:  Undefined array key "icon" in F:\os\OSPanel\domains\land.kiavi\wp-content\plugins\landvent-manager-panel\core\functions\navs.php on line 102
[17-Jul-2025 14:12:48 UTC] PHP Warning:  Undefined array key "icon" in F:\os\OSPanel\domains\land.kiavi\wp-content\plugins\landvent-manager-panel\core\functions\navs.php on line 102
[17-Jul-2025 14:12:48 UTC] PHP Warning:  Undefined array key "icon" in F:\os\OSPanel\domains\land.kiavi\wp-content\plugins\landvent-manager-panel\core\functions\navs.php on line 102
[17-Jul-2025 14:12:48 UTC] PHP Warning:  Undefined array key "icon" in F:\os\OSPanel\domains\land.kiavi\wp-content\plugins\landvent-manager-panel\core\functions\navs.php on line 102
[17-Jul-2025 14:12:48 UTC] PHP Warning:  Undefined array key "icon" in F:\os\OSPanel\domains\land.kiavi\wp-content\plugins\landvent-manager-panel\core\functions\navs.php on line 102
[17-Jul-2025 14:12:48 UTC] PHP Warning:  Undefined array key "icon" in F:\os\OSPanel\domains\land.kiavi\wp-content\plugins\landvent-manager-panel\core\functions\navs.php on line 102
[17-Jul-2025 14:12:48 UTC] PHP Warning:  Undefined array key "icon" in F:\os\OSPanel\domains\land.kiavi\wp-content\plugins\landvent-manager-panel\core\functions\navs.php on line 102
[17-Jul-2025 14:12:48 UTC] PHP Warning:  Undefined array key "icon" in F:\os\OSPanel\domains\land.kiavi\wp-content\plugins\landvent-manager-panel\core\functions\navs.php on line 102
[17-Jul-2025 14:12:48 UTC] PHP Warning:  Undefined array key "icon" in F:\os\OSPanel\domains\land.kiavi\wp-content\plugins\landvent-manager-panel\core\functions\navs.php on line 102
[17-Jul-2025 14:12:48 UTC] PHP Warning:  Undefined array key "icon" in F:\os\OSPanel\domains\land.kiavi\wp-content\plugins\landvent-manager-panel\core\functions\navs.php on line 102
[17-Jul-2025 14:12:48 UTC] PHP Warning:  Undefined array key "icon" in F:\os\OSPanel\domains\land.kiavi\wp-content\plugins\landvent-manager-panel\core\functions\navs.php on line 102
[17-Jul-2025 14:12:48 UTC] PHP Warning:  Undefined array key "icon" in F:\os\OSPanel\domains\land.kiavi\wp-content\plugins\landvent-manager-panel\core\functions\navs.php on line 102
[17-Jul-2025 14:12:48 UTC] PHP Warning:  foreach() argument must be of type array|object, string given in F:\os\OSPanel\domains\land.kiavi\wp-content\plugins\landvent-manager-panel\core\config\applicant-info.php on line 262
[17-Jul-2025 14:12:48 UTC] PHP Warning:  foreach() argument must be of type array|object, string given in F:\os\OSPanel\domains\land.kiavi\wp-content\plugins\landvent-manager-panel\core\config\property-details.php on line 755
[17-Jul-2025 14:12:48 UTC] PHP Warning:  foreach() argument must be of type array|object, string given in F:\os\OSPanel\domains\land.kiavi\wp-content\plugins\landvent-manager-panel\core\config\property-details.php on line 861
[17-Jul-2025 14:13:17 UTC] PHP Warning:  foreach() argument must be of type array|object, string given in F:\os\OSPanel\domains\land.kiavi\wp-content\plugins\wpp-loan-application\includes\functions\wpp-helper.php on line 189
[17-Jul-2025 14:13:17 UTC] PHP Notice:  Function wpdb::prepare was called <strong>incorrectly</strong>. The query argument of wpdb::prepare() must have a placeholder. Please see <a href="https://developer.wordpress.org/advanced-administration/debug/debug-wordpress/">Debugging in WordPress</a> for more information. (This message was added in version 3.9.0.) in F:\os\OSPanel\domains\land.kiavi\wp-includes\functions.php on line 6121
[17-Jul-2025 14:17:31 UTC] PHP Warning:  foreach() argument must be of type array|object, string given in F:\os\OSPanel\domains\land.kiavi\wp-content\plugins\wpp-loan-application\includes\functions\wpp-helper.php on line 189
[17-Jul-2025 14:17:31 UTC] PHP Notice:  Function wpdb::prepare was called <strong>incorrectly</strong>. The query argument of wpdb::prepare() must have a placeholder. Please see <a href="https://developer.wordpress.org/advanced-administration/debug/debug-wordpress/">Debugging in WordPress</a> for more information. (This message was added in version 3.9.0.) in F:\os\OSPanel\domains\land.kiavi\wp-includes\functions.php on line 6121
[17-Jul-2025 14:18:27 UTC] PHP Warning:  Attempt to read property "card_ids" on null in F:\os\OSPanel\domains\land.kiavi\wp-content\plugins\landvent-manager-panel\core\functions\trello-columns.php on line 128
[17-Jul-2025 14:18:27 UTC] PHP Deprecated:  json_decode(): Passing null to parameter #1 ($json) of type string is deprecated in F:\os\OSPanel\domains\land.kiavi\wp-content\plugins\landvent-manager-panel\core\functions\trello-columns.php on line 128
[17-Jul-2025 14:18:27 UTC] PHP Fatal error:  Uncaught TypeError: array_splice(): Argument #1 ($array) must be of type array, null given in F:\os\OSPanel\domains\land.kiavi\wp-content\plugins\landvent-manager-panel\core\functions\trello-columns.php:129
Stack trace:
#0 F:\os\OSPanel\domains\land.kiavi\wp-content\plugins\landvent-manager-panel\core\functions\trello-columns.php(129): array_splice()
#1 F:\os\OSPanel\domains\land.kiavi\wp-includes\class-wp-hook.php(324): update_card_position_callback()
#2 F:\os\OSPanel\domains\land.kiavi\wp-includes\class-wp-hook.php(348): WP_Hook->apply_filters()
#3 F:\os\OSPanel\domains\land.kiavi\wp-includes\plugin.php(517): WP_Hook->do_action()
#4 F:\os\OSPanel\domains\land.kiavi\wp-admin\admin-ajax.php(192): do_action()
#5 {main}
  thrown in F:\os\OSPanel\domains\land.kiavi\wp-content\plugins\landvent-manager-panel\core\functions\trello-columns.php on line 129
[17-Jul-2025 14:18:27 UTC] PHP Warning:  Attempt to read property "card_ids" on null in F:\os\OSPanel\domains\land.kiavi\wp-content\plugins\landvent-manager-panel\core\functions\trello-columns.php on line 128
[17-Jul-2025 14:18:27 UTC] PHP Deprecated:  json_decode(): Passing null to parameter #1 ($json) of type string is deprecated in F:\os\OSPanel\domains\land.kiavi\wp-content\plugins\landvent-manager-panel\core\functions\trello-columns.php on line 128
[17-Jul-2025 14:18:27 UTC] PHP Fatal error:  Uncaught TypeError: array_splice(): Argument #1 ($array) must be of type array, null given in F:\os\OSPanel\domains\land.kiavi\wp-content\plugins\landvent-manager-panel\core\functions\trello-columns.php:129
Stack trace:
#0 F:\os\OSPanel\domains\land.kiavi\wp-content\plugins\landvent-manager-panel\core\functions\trello-columns.php(129): array_splice()
#1 F:\os\OSPanel\domains\land.kiavi\wp-includes\class-wp-hook.php(324): update_card_position_callback()
#2 F:\os\OSPanel\domains\land.kiavi\wp-includes\class-wp-hook.php(348): WP_Hook->apply_filters()
#3 F:\os\OSPanel\domains\land.kiavi\wp-includes\plugin.php(517): WP_Hook->do_action()
#4 F:\os\OSPanel\domains\land.kiavi\wp-admin\admin-ajax.php(192): do_action()
#5 {main}
  thrown in F:\os\OSPanel\domains\land.kiavi\wp-content\plugins\landvent-manager-panel\core\functions\trello-columns.php on line 129
[17-Jul-2025 14:21:03 UTC] PHP Fatal error:  Uncaught TypeError: in_array(): Argument #2 ($haystack) must be of type array, string given in F:\os\OSPanel\domains\land.kiavi\wp-content\plugins\landvent-manager-panel\core\functions\trello-columns.php:109
Stack trace:
#0 F:\os\OSPanel\domains\land.kiavi\wp-content\plugins\landvent-manager-panel\core\functions\trello-columns.php(109): in_array()
#1 F:\os\OSPanel\domains\land.kiavi\wp-includes\class-wp-hook.php(324): update_card_position_callback()
#2 F:\os\OSPanel\domains\land.kiavi\wp-includes\class-wp-hook.php(348): WP_Hook->apply_filters()
#3 F:\os\OSPanel\domains\land.kiavi\wp-includes\plugin.php(517): WP_Hook->do_action()
#4 F:\os\OSPanel\domains\land.kiavi\wp-admin\admin-ajax.php(192): do_action()
#5 {main}
  thrown in F:\os\OSPanel\domains\land.kiavi\wp-content\plugins\landvent-manager-panel\core\functions\trello-columns.php on line 109
[17-Jul-2025 14:21:03 UTC] PHP Fatal error:  Uncaught TypeError: in_array(): Argument #2 ($haystack) must be of type array, string given in F:\os\OSPanel\domains\land.kiavi\wp-content\plugins\landvent-manager-panel\core\functions\trello-columns.php:109
Stack trace:
#0 F:\os\OSPanel\domains\land.kiavi\wp-content\plugins\landvent-manager-panel\core\functions\trello-columns.php(109): in_array()
#1 F:\os\OSPanel\domains\land.kiavi\wp-includes\class-wp-hook.php(324): update_card_position_callback()
#2 F:\os\OSPanel\domains\land.kiavi\wp-includes\class-wp-hook.php(348): WP_Hook->apply_filters()
#3 F:\os\OSPanel\domains\land.kiavi\wp-includes\plugin.php(517): WP_Hook->do_action()
#4 F:\os\OSPanel\domains\land.kiavi\wp-admin\admin-ajax.php(192): do_action()
#5 {main}
  thrown in F:\os\OSPanel\domains\land.kiavi\wp-content\plugins\landvent-manager-panel\core\functions\trello-columns.php on line 109
[17-Jul-2025 14:21:12 UTC] PHP Fatal error:  Uncaught TypeError: in_array(): Argument #2 ($haystack) must be of type array, string given in F:\os\OSPanel\domains\land.kiavi\wp-content\plugins\landvent-manager-panel\core\functions\trello-columns.php:109
Stack trace:
#0 F:\os\OSPanel\domains\land.kiavi\wp-content\plugins\landvent-manager-panel\core\functions\trello-columns.php(109): in_array()
#1 F:\os\OSPanel\domains\land.kiavi\wp-includes\class-wp-hook.php(324): update_card_position_callback()
#2 F:\os\OSPanel\domains\land.kiavi\wp-includes\class-wp-hook.php(348): WP_Hook->apply_filters()
#3 F:\os\OSPanel\domains\land.kiavi\wp-includes\plugin.php(517): WP_Hook->do_action()
#4 F:\os\OSPanel\domains\land.kiavi\wp-admin\admin-ajax.php(192): do_action()
#5 {main}
  thrown in F:\os\OSPanel\domains\land.kiavi\wp-content\plugins\landvent-manager-panel\core\functions\trello-columns.php on line 109
[17-Jul-2025 14:21:12 UTC] PHP Fatal error:  Uncaught TypeError: in_array(): Argument #2 ($haystack) must be of type array, string given in F:\os\OSPanel\domains\land.kiavi\wp-content\plugins\landvent-manager-panel\core\functions\trello-columns.php:109
Stack trace:
#0 F:\os\OSPanel\domains\land.kiavi\wp-content\plugins\landvent-manager-panel\core\functions\trello-columns.php(109): in_array()
#1 F:\os\OSPanel\domains\land.kiavi\wp-includes\class-wp-hook.php(324): update_card_position_callback()
#2 F:\os\OSPanel\domains\land.kiavi\wp-includes\class-wp-hook.php(348): WP_Hook->apply_filters()
#3 F:\os\OSPanel\domains\land.kiavi\wp-includes\plugin.php(517): WP_Hook->do_action()
#4 F:\os\OSPanel\domains\land.kiavi\wp-admin\admin-ajax.php(192): do_action()
#5 {main}
  thrown in F:\os\OSPanel\domains\land.kiavi\wp-content\plugins\landvent-manager-panel\core\functions\trello-columns.php on line 109
[17-Jul-2025 14:21:13 UTC] PHP Fatal error:  Uncaught TypeError: in_array(): Argument #2 ($haystack) must be of type array, string given in F:\os\OSPanel\domains\land.kiavi\wp-content\plugins\landvent-manager-panel\core\functions\trello-columns.php:109
Stack trace:
#0 F:\os\OSPanel\domains\land.kiavi\wp-content\plugins\landvent-manager-panel\core\functions\trello-columns.php(109): in_array()
#1 F:\os\OSPanel\domains\land.kiavi\wp-includes\class-wp-hook.php(324): update_card_position_callback()
#2 F:\os\OSPanel\domains\land.kiavi\wp-includes\class-wp-hook.php(348): WP_Hook->apply_filters()
#3 F:\os\OSPanel\domains\land.kiavi\wp-includes\plugin.php(517): WP_Hook->do_action()
#4 F:\os\OSPanel\domains\land.kiavi\wp-admin\admin-ajax.php(192): do_action()
#5 {main}
  thrown in F:\os\OSPanel\domains\land.kiavi\wp-content\plugins\landvent-manager-panel\core\functions\trello-columns.php on line 109
[17-Jul-2025 14:21:13 UTC] PHP Fatal error:  Uncaught TypeError: in_array(): Argument #2 ($haystack) must be of type array, string given in F:\os\OSPanel\domains\land.kiavi\wp-content\plugins\landvent-manager-panel\core\functions\trello-columns.php:109
Stack trace:
#0 F:\os\OSPanel\domains\land.kiavi\wp-content\plugins\landvent-manager-panel\core\functions\trello-columns.php(109): in_array()
#1 F:\os\OSPanel\domains\land.kiavi\wp-includes\class-wp-hook.php(324): update_card_position_callback()
#2 F:\os\OSPanel\domains\land.kiavi\wp-includes\class-wp-hook.php(348): WP_Hook->apply_filters()
#3 F:\os\OSPanel\domains\land.kiavi\wp-includes\plugin.php(517): WP_Hook->do_action()
#4 F:\os\OSPanel\domains\land.kiavi\wp-admin\admin-ajax.php(192): do_action()
#5 {main}
  thrown in F:\os\OSPanel\domains\land.kiavi\wp-content\plugins\landvent-manager-panel\core\functions\trello-columns.php on line 109
[17-Jul-2025 14:21:14 UTC] PHP Fatal error:  Uncaught TypeError: in_array(): Argument #2 ($haystack) must be of type array, string given in F:\os\OSPanel\domains\land.kiavi\wp-content\plugins\landvent-manager-panel\core\functions\trello-columns.php:109
Stack trace:
#0 F:\os\OSPanel\domains\land.kiavi\wp-content\plugins\landvent-manager-panel\core\functions\trello-columns.php(109): in_array()
#1 F:\os\OSPanel\domains\land.kiavi\wp-includes\class-wp-hook.php(324): update_card_position_callback()
#2 F:\os\OSPanel\domains\land.kiavi\wp-includes\class-wp-hook.php(348): WP_Hook->apply_filters()
#3 F:\os\OSPanel\domains\land.kiavi\wp-includes\plugin.php(517): WP_Hook->do_action()
#4 F:\os\OSPanel\domains\land.kiavi\wp-admin\admin-ajax.php(192): do_action()
#5 {main}
  thrown in F:\os\OSPanel\domains\land.kiavi\wp-content\plugins\landvent-manager-panel\core\functions\trello-columns.php on line 109
[17-Jul-2025 14:21:14 UTC] PHP Fatal error:  Uncaught TypeError: in_array(): Argument #2 ($haystack) must be of type array, string given in F:\os\OSPanel\domains\land.kiavi\wp-content\plugins\landvent-manager-panel\core\functions\trello-columns.php:109
Stack trace:
#0 F:\os\OSPanel\domains\land.kiavi\wp-content\plugins\landvent-manager-panel\core\functions\trello-columns.php(109): in_array()
#1 F:\os\OSPanel\domains\land.kiavi\wp-includes\class-wp-hook.php(324): update_card_position_callback()
#2 F:\os\OSPanel\domains\land.kiavi\wp-includes\class-wp-hook.php(348): WP_Hook->apply_filters()
#3 F:\os\OSPanel\domains\land.kiavi\wp-includes\plugin.php(517): WP_Hook->do_action()
#4 F:\os\OSPanel\domains\land.kiavi\wp-admin\admin-ajax.php(192): do_action()
#5 {main}
  thrown in F:\os\OSPanel\domains\land.kiavi\wp-content\plugins\landvent-manager-panel\core\functions\trello-columns.php on line 109
[17-Jul-2025 14:44:46 UTC] WordPress database error SELECT command denied to user 'wp_panda'@'localhost' for table 'wpp_trello_columns' for query SELECT * FROM etgfp_ . wpp_trello_columns WHERE id = 20 FOR UPDATE made by do_action('wp_ajax_update_card_position'), WP_Hook->do_action, WP_Hook->apply_filters, update_card_position_callback
[17-Jul-2025 14:44:46 UTC] WordPress database error SELECT command denied to user 'wp_panda'@'localhost' for table 'wpp_trello_columns' for query SELECT * FROM etgfp_ . wpp_trello_columns WHERE id = 20 FOR UPDATE made by do_action('wp_ajax_update_card_position'), WP_Hook->do_action, WP_Hook->apply_filters, update_card_position_callback
[17-Jul-2025 14:45:02 UTC] WordPress database error SELECT command denied to user 'wp_panda'@'localhost' for table 'wpp_trello_columns' for query SELECT * FROM etgfp_ . wpp_trello_columns WHERE id = 20 FOR UPDATE made by do_action('wp_ajax_update_card_position'), WP_Hook->do_action, WP_Hook->apply_filters, update_card_position_callback
[17-Jul-2025 14:45:02 UTC] WordPress database error SELECT command denied to user 'wp_panda'@'localhost' for table 'wpp_trello_columns' for query SELECT * FROM etgfp_ . wpp_trello_columns WHERE id = 20 FOR UPDATE made by do_action('wp_ajax_update_card_position'), WP_Hook->do_action, WP_Hook->apply_filters, update_card_position_callback
[17-Jul-2025 14:46:44 UTC] PHP Warning:  foreach() argument must be of type array|object, string given in F:\os\OSPanel\domains\land.kiavi\wp-content\plugins\wpp-loan-application\includes\functions\wpp-helper.php on line 189
[17-Jul-2025 14:46:44 UTC] PHP Notice:  Function wpdb::prepare was called <strong>incorrectly</strong>. The query argument of wpdb::prepare() must have a placeholder. Please see <a href="https://developer.wordpress.org/advanced-administration/debug/debug-wordpress/">Debugging in WordPress</a> for more information. (This message was added in version 3.9.0.) in F:\os\OSPanel\domains\land.kiavi\wp-includes\functions.php on line 6121
