[27-Jul-2025 09:46:40 UTC] PHP Warning:  foreach() argument must be of type array|object, string given in F:\os\OSPanel\domains\land.kiavi\wp-content\plugins\wpp-loan-application\includes\functions\wpp-helper.php on line 189
[27-Jul-2025 09:46:40 UTC] PHP Warning:  Undefined array key "icon" in F:\os\OSPanel\domains\land.kiavi\wp-content\plugins\landvent-manager-panel\core\functions\navs.php on line 102
[27-Jul-2025 09:46:40 UTC] PHP Warning:  Undefined array key "icon" in F:\os\OSPanel\domains\land.kiavi\wp-content\plugins\landvent-manager-panel\core\functions\navs.php on line 102
[27-Jul-2025 09:46:40 UTC] PHP Warning:  Undefined array key "icon" in F:\os\OSPanel\domains\land.kiavi\wp-content\plugins\landvent-manager-panel\core\functions\navs.php on line 102
[27-Jul-2025 09:46:40 UTC] PHP Warning:  Undefined array key "icon" in F:\os\OSPanel\domains\land.kiavi\wp-content\plugins\landvent-manager-panel\core\functions\navs.php on line 102
[27-Jul-2025 09:46:40 UTC] PHP Warning:  Undefined array key "icon" in F:\os\OSPanel\domains\land.kiavi\wp-content\plugins\landvent-manager-panel\core\functions\navs.php on line 102
[27-Jul-2025 09:46:40 UTC] PHP Warning:  Undefined array key "icon" in F:\os\OSPanel\domains\land.kiavi\wp-content\plugins\landvent-manager-panel\core\functions\navs.php on line 102
[27-Jul-2025 09:46:40 UTC] PHP Warning:  Undefined array key "icon" in F:\os\OSPanel\domains\land.kiavi\wp-content\plugins\landvent-manager-panel\core\functions\navs.php on line 102
[27-Jul-2025 09:46:40 UTC] PHP Warning:  Undefined array key "icon" in F:\os\OSPanel\domains\land.kiavi\wp-content\plugins\landvent-manager-panel\core\functions\navs.php on line 102
[27-Jul-2025 09:46:40 UTC] PHP Warning:  Undefined array key "icon" in F:\os\OSPanel\domains\land.kiavi\wp-content\plugins\landvent-manager-panel\core\functions\navs.php on line 102
[27-Jul-2025 09:46:40 UTC] PHP Warning:  Undefined array key "icon" in F:\os\OSPanel\domains\land.kiavi\wp-content\plugins\landvent-manager-panel\core\functions\navs.php on line 102
[27-Jul-2025 09:46:40 UTC] PHP Warning:  Undefined array key "icon" in F:\os\OSPanel\domains\land.kiavi\wp-content\plugins\landvent-manager-panel\core\functions\navs.php on line 102
[27-Jul-2025 09:46:40 UTC] PHP Warning:  Undefined array key "icon" in F:\os\OSPanel\domains\land.kiavi\wp-content\plugins\landvent-manager-panel\core\functions\navs.php on line 102
[27-Jul-2025 09:46:40 UTC] PHP Warning:  Undefined array key "icon" in F:\os\OSPanel\domains\land.kiavi\wp-content\plugins\landvent-manager-panel\core\functions\navs.php on line 102
[27-Jul-2025 09:46:40 UTC] PHP Warning:  foreach() argument must be of type array|object, string given in F:\os\OSPanel\domains\land.kiavi\wp-content\plugins\landvent-manager-panel\core\config\applicant-info.php on line 258
[27-Jul-2025 09:46:40 UTC] PHP Warning:  Undefined array key "type" in F:\os\OSPanel\domains\land.kiavi\wp-content\plugins\wpp-field-builder-manager\fields\repeater\WPP_Repeater_Field.php on line 107
[27-Jul-2025 09:46:40 UTC] PHP Deprecated:  ucfirst(): Passing null to parameter #1 ($string) of type string is deprecated in F:\os\OSPanel\domains\land.kiavi\wp-content\plugins\wpp-field-builder-manager\fields\repeater\WPP_Repeater_Field.php on line 107
[27-Jul-2025 09:46:40 UTC] PHP Warning:  Undefined array key 0 in F:\os\OSPanel\domains\land.kiavi\wp-content\plugins\wpp-field-builder-manager\fields\repeater\WPP_Repeater_Field.php on line 65
[27-Jul-2025 09:46:40 UTC] PHP Warning:  foreach() argument must be of type array|object, null given in F:\os\OSPanel\domains\land.kiavi\wp-content\plugins\wpp-field-builder-manager\fields\repeater\WPP_Repeater_Field.php on line 65
[27-Jul-2025 09:46:40 UTC] PHP Warning:  foreach() argument must be of type array|object, string given in F:\os\OSPanel\domains\land.kiavi\wp-content\plugins\landvent-manager-panel\core\config\property-details.php on line 810
[27-Jul-2025 09:46:40 UTC] PHP Warning:  foreach() argument must be of type array|object, string given in F:\os\OSPanel\domains\land.kiavi\wp-content\plugins\landvent-manager-panel\core\config\property-details.php on line 916
[27-Jul-2025 09:46:45 UTC] Automatic updates starting...
[27-Jul-2025 09:46:46 UTC] Automatic updates complete.
[27-Jul-2025 09:48:55 UTC] PHP Warning:  foreach() argument must be of type array|object, string given in F:\os\OSPanel\domains\land.kiavi\wp-content\plugins\wpp-loan-application\includes\functions\wpp-helper.php on line 189
[27-Jul-2025 09:48:55 UTC] PHP Warning:  Undefined array key "icon" in F:\os\OSPanel\domains\land.kiavi\wp-content\plugins\landvent-manager-panel\core\functions\navs.php on line 102
[27-Jul-2025 09:48:55 UTC] PHP Warning:  Undefined array key "icon" in F:\os\OSPanel\domains\land.kiavi\wp-content\plugins\landvent-manager-panel\core\functions\navs.php on line 102
[27-Jul-2025 09:48:55 UTC] PHP Warning:  Undefined array key "icon" in F:\os\OSPanel\domains\land.kiavi\wp-content\plugins\landvent-manager-panel\core\functions\navs.php on line 102
[27-Jul-2025 09:48:55 UTC] PHP Warning:  Undefined array key "icon" in F:\os\OSPanel\domains\land.kiavi\wp-content\plugins\landvent-manager-panel\core\functions\navs.php on line 102
[27-Jul-2025 09:48:55 UTC] PHP Warning:  Undefined array key "icon" in F:\os\OSPanel\domains\land.kiavi\wp-content\plugins\landvent-manager-panel\core\functions\navs.php on line 102
[27-Jul-2025 09:48:55 UTC] PHP Warning:  Undefined array key "icon" in F:\os\OSPanel\domains\land.kiavi\wp-content\plugins\landvent-manager-panel\core\functions\navs.php on line 102
[27-Jul-2025 09:48:55 UTC] PHP Warning:  Undefined array key "icon" in F:\os\OSPanel\domains\land.kiavi\wp-content\plugins\landvent-manager-panel\core\functions\navs.php on line 102
[27-Jul-2025 09:48:55 UTC] PHP Warning:  Undefined array key "icon" in F:\os\OSPanel\domains\land.kiavi\wp-content\plugins\landvent-manager-panel\core\functions\navs.php on line 102
[27-Jul-2025 09:48:55 UTC] PHP Warning:  Undefined array key "icon" in F:\os\OSPanel\domains\land.kiavi\wp-content\plugins\landvent-manager-panel\core\functions\navs.php on line 102
[27-Jul-2025 09:48:55 UTC] PHP Warning:  Undefined array key "icon" in F:\os\OSPanel\domains\land.kiavi\wp-content\plugins\landvent-manager-panel\core\functions\navs.php on line 102
[27-Jul-2025 09:48:55 UTC] PHP Warning:  Undefined array key "icon" in F:\os\OSPanel\domains\land.kiavi\wp-content\plugins\landvent-manager-panel\core\functions\navs.php on line 102
[27-Jul-2025 09:48:55 UTC] PHP Warning:  Undefined array key "icon" in F:\os\OSPanel\domains\land.kiavi\wp-content\plugins\landvent-manager-panel\core\functions\navs.php on line 102
[27-Jul-2025 09:48:55 UTC] PHP Warning:  Undefined array key "icon" in F:\os\OSPanel\domains\land.kiavi\wp-content\plugins\landvent-manager-panel\core\functions\navs.php on line 102
[27-Jul-2025 09:48:55 UTC] PHP Warning:  foreach() argument must be of type array|object, string given in F:\os\OSPanel\domains\land.kiavi\wp-content\plugins\landvent-manager-panel\core\config\applicant-info.php on line 258
[27-Jul-2025 09:48:55 UTC] PHP Warning:  Undefined array key "type" in F:\os\OSPanel\domains\land.kiavi\wp-content\plugins\wpp-field-builder-manager\fields\repeater\WPP_Repeater_Field.php on line 107
[27-Jul-2025 09:48:55 UTC] PHP Deprecated:  ucfirst(): Passing null to parameter #1 ($string) of type string is deprecated in F:\os\OSPanel\domains\land.kiavi\wp-content\plugins\wpp-field-builder-manager\fields\repeater\WPP_Repeater_Field.php on line 107
[27-Jul-2025 09:48:55 UTC] PHP Warning:  Undefined array key 0 in F:\os\OSPanel\domains\land.kiavi\wp-content\plugins\wpp-field-builder-manager\fields\repeater\WPP_Repeater_Field.php on line 65
[27-Jul-2025 09:48:55 UTC] PHP Warning:  foreach() argument must be of type array|object, null given in F:\os\OSPanel\domains\land.kiavi\wp-content\plugins\wpp-field-builder-manager\fields\repeater\WPP_Repeater_Field.php on line 65
[27-Jul-2025 09:48:55 UTC] PHP Warning:  foreach() argument must be of type array|object, string given in F:\os\OSPanel\domains\land.kiavi\wp-content\plugins\landvent-manager-panel\core\config\property-details.php on line 810
[27-Jul-2025 09:48:55 UTC] PHP Warning:  foreach() argument must be of type array|object, string given in F:\os\OSPanel\domains\land.kiavi\wp-content\plugins\landvent-manager-panel\core\config\property-details.php on line 916
[27-Jul-2025 09:49:56 UTC] PHP Warning:  foreach() argument must be of type array|object, string given in F:\os\OSPanel\domains\land.kiavi\wp-content\plugins\wpp-loan-application\includes\functions\wpp-helper.php on line 189
[27-Jul-2025 09:49:56 UTC] PHP Warning:  Undefined array key "icon" in F:\os\OSPanel\domains\land.kiavi\wp-content\plugins\landvent-manager-panel\core\functions\navs.php on line 102
[27-Jul-2025 09:49:56 UTC] PHP Warning:  Undefined array key "icon" in F:\os\OSPanel\domains\land.kiavi\wp-content\plugins\landvent-manager-panel\core\functions\navs.php on line 102
[27-Jul-2025 09:49:56 UTC] PHP Warning:  Undefined array key "icon" in F:\os\OSPanel\domains\land.kiavi\wp-content\plugins\landvent-manager-panel\core\functions\navs.php on line 102
[27-Jul-2025 09:49:56 UTC] PHP Warning:  Undefined array key "icon" in F:\os\OSPanel\domains\land.kiavi\wp-content\plugins\landvent-manager-panel\core\functions\navs.php on line 102
[27-Jul-2025 09:49:56 UTC] PHP Warning:  Undefined array key "icon" in F:\os\OSPanel\domains\land.kiavi\wp-content\plugins\landvent-manager-panel\core\functions\navs.php on line 102
[27-Jul-2025 09:49:56 UTC] PHP Warning:  Undefined array key "icon" in F:\os\OSPanel\domains\land.kiavi\wp-content\plugins\landvent-manager-panel\core\functions\navs.php on line 102
[27-Jul-2025 09:49:56 UTC] PHP Warning:  Undefined array key "icon" in F:\os\OSPanel\domains\land.kiavi\wp-content\plugins\landvent-manager-panel\core\functions\navs.php on line 102
[27-Jul-2025 09:49:56 UTC] PHP Warning:  Undefined array key "icon" in F:\os\OSPanel\domains\land.kiavi\wp-content\plugins\landvent-manager-panel\core\functions\navs.php on line 102
[27-Jul-2025 09:49:56 UTC] PHP Warning:  Undefined array key "icon" in F:\os\OSPanel\domains\land.kiavi\wp-content\plugins\landvent-manager-panel\core\functions\navs.php on line 102
[27-Jul-2025 09:49:56 UTC] PHP Warning:  Undefined array key "icon" in F:\os\OSPanel\domains\land.kiavi\wp-content\plugins\landvent-manager-panel\core\functions\navs.php on line 102
[27-Jul-2025 09:49:56 UTC] PHP Warning:  Undefined array key "icon" in F:\os\OSPanel\domains\land.kiavi\wp-content\plugins\landvent-manager-panel\core\functions\navs.php on line 102
[27-Jul-2025 09:49:56 UTC] PHP Warning:  Undefined array key "icon" in F:\os\OSPanel\domains\land.kiavi\wp-content\plugins\landvent-manager-panel\core\functions\navs.php on line 102
[27-Jul-2025 09:49:56 UTC] PHP Warning:  Undefined array key "icon" in F:\os\OSPanel\domains\land.kiavi\wp-content\plugins\landvent-manager-panel\core\functions\navs.php on line 102
[27-Jul-2025 09:49:56 UTC] PHP Warning:  foreach() argument must be of type array|object, string given in F:\os\OSPanel\domains\land.kiavi\wp-content\plugins\landvent-manager-panel\core\config\applicant-info.php on line 258
[27-Jul-2025 09:49:56 UTC] PHP Warning:  Undefined array key "type" in F:\os\OSPanel\domains\land.kiavi\wp-content\plugins\wpp-field-builder-manager\fields\repeater\WPP_Repeater_Field.php on line 107
[27-Jul-2025 09:49:56 UTC] PHP Deprecated:  ucfirst(): Passing null to parameter #1 ($string) of type string is deprecated in F:\os\OSPanel\domains\land.kiavi\wp-content\plugins\wpp-field-builder-manager\fields\repeater\WPP_Repeater_Field.php on line 107
[27-Jul-2025 09:49:56 UTC] PHP Warning:  Undefined array key 0 in F:\os\OSPanel\domains\land.kiavi\wp-content\plugins\wpp-field-builder-manager\fields\repeater\WPP_Repeater_Field.php on line 65
[27-Jul-2025 09:49:56 UTC] PHP Warning:  foreach() argument must be of type array|object, null given in F:\os\OSPanel\domains\land.kiavi\wp-content\plugins\wpp-field-builder-manager\fields\repeater\WPP_Repeater_Field.php on line 65
[27-Jul-2025 09:49:56 UTC] PHP Warning:  foreach() argument must be of type array|object, string given in F:\os\OSPanel\domains\land.kiavi\wp-content\plugins\landvent-manager-panel\core\config\property-details.php on line 810
[27-Jul-2025 09:49:56 UTC] PHP Warning:  foreach() argument must be of type array|object, string given in F:\os\OSPanel\domains\land.kiavi\wp-content\plugins\landvent-manager-panel\core\config\property-details.php on line 916
[27-Jul-2025 09:50:57 UTC] PHP Warning:  foreach() argument must be of type array|object, string given in F:\os\OSPanel\domains\land.kiavi\wp-content\plugins\wpp-loan-application\includes\functions\wpp-helper.php on line 189
[27-Jul-2025 09:50:57 UTC] PHP Warning:  Undefined array key "icon" in F:\os\OSPanel\domains\land.kiavi\wp-content\plugins\landvent-manager-panel\core\functions\navs.php on line 102
[27-Jul-2025 09:50:57 UTC] PHP Warning:  Undefined array key "icon" in F:\os\OSPanel\domains\land.kiavi\wp-content\plugins\landvent-manager-panel\core\functions\navs.php on line 102
[27-Jul-2025 09:50:57 UTC] PHP Warning:  Undefined array key "icon" in F:\os\OSPanel\domains\land.kiavi\wp-content\plugins\landvent-manager-panel\core\functions\navs.php on line 102
[27-Jul-2025 09:50:57 UTC] PHP Warning:  Undefined array key "icon" in F:\os\OSPanel\domains\land.kiavi\wp-content\plugins\landvent-manager-panel\core\functions\navs.php on line 102
[27-Jul-2025 09:50:57 UTC] PHP Warning:  Undefined array key "icon" in F:\os\OSPanel\domains\land.kiavi\wp-content\plugins\landvent-manager-panel\core\functions\navs.php on line 102
[27-Jul-2025 09:50:57 UTC] PHP Warning:  Undefined array key "icon" in F:\os\OSPanel\domains\land.kiavi\wp-content\plugins\landvent-manager-panel\core\functions\navs.php on line 102
[27-Jul-2025 09:50:57 UTC] PHP Warning:  Undefined array key "icon" in F:\os\OSPanel\domains\land.kiavi\wp-content\plugins\landvent-manager-panel\core\functions\navs.php on line 102
[27-Jul-2025 09:50:57 UTC] PHP Warning:  Undefined array key "icon" in F:\os\OSPanel\domains\land.kiavi\wp-content\plugins\landvent-manager-panel\core\functions\navs.php on line 102
[27-Jul-2025 09:50:57 UTC] PHP Warning:  Undefined array key "icon" in F:\os\OSPanel\domains\land.kiavi\wp-content\plugins\landvent-manager-panel\core\functions\navs.php on line 102
[27-Jul-2025 09:50:57 UTC] PHP Warning:  Undefined array key "icon" in F:\os\OSPanel\domains\land.kiavi\wp-content\plugins\landvent-manager-panel\core\functions\navs.php on line 102
[27-Jul-2025 09:50:57 UTC] PHP Warning:  Undefined array key "icon" in F:\os\OSPanel\domains\land.kiavi\wp-content\plugins\landvent-manager-panel\core\functions\navs.php on line 102
[27-Jul-2025 09:50:57 UTC] PHP Warning:  Undefined array key "icon" in F:\os\OSPanel\domains\land.kiavi\wp-content\plugins\landvent-manager-panel\core\functions\navs.php on line 102
[27-Jul-2025 09:50:57 UTC] PHP Warning:  Undefined array key "icon" in F:\os\OSPanel\domains\land.kiavi\wp-content\plugins\landvent-manager-panel\core\functions\navs.php on line 102
[27-Jul-2025 09:50:57 UTC] PHP Warning:  foreach() argument must be of type array|object, string given in F:\os\OSPanel\domains\land.kiavi\wp-content\plugins\landvent-manager-panel\core\config\applicant-info.php on line 258
[27-Jul-2025 09:50:57 UTC] PHP Warning:  Undefined array key 0 in F:\os\OSPanel\domains\land.kiavi\wp-content\plugins\wpp-field-builder-manager\fields\repeater\WPP_Repeater_Field.php on line 65
[27-Jul-2025 09:50:57 UTC] PHP Warning:  foreach() argument must be of type array|object, null given in F:\os\OSPanel\domains\land.kiavi\wp-content\plugins\wpp-field-builder-manager\fields\repeater\WPP_Repeater_Field.php on line 65
[27-Jul-2025 09:50:57 UTC] PHP Warning:  Undefined array key 0 in F:\os\OSPanel\domains\land.kiavi\wp-content\plugins\wpp-field-builder-manager\fields\repeater\WPP_Repeater_Field.php on line 65
[27-Jul-2025 09:50:57 UTC] PHP Warning:  foreach() argument must be of type array|object, null given in F:\os\OSPanel\domains\land.kiavi\wp-content\plugins\wpp-field-builder-manager\fields\repeater\WPP_Repeater_Field.php on line 65
[27-Jul-2025 09:50:57 UTC] PHP Warning:  foreach() argument must be of type array|object, string given in F:\os\OSPanel\domains\land.kiavi\wp-content\plugins\landvent-manager-panel\core\config\property-details.php on line 810
[27-Jul-2025 09:50:57 UTC] PHP Warning:  foreach() argument must be of type array|object, string given in F:\os\OSPanel\domains\land.kiavi\wp-content\plugins\landvent-manager-panel\core\config\property-details.php on line 916
[27-Jul-2025 09:51:14 UTC] PHP Warning:  foreach() argument must be of type array|object, string given in F:\os\OSPanel\domains\land.kiavi\wp-content\plugins\wpp-loan-application\includes\functions\wpp-helper.php on line 189
[27-Jul-2025 09:51:14 UTC] PHP Warning:  Undefined array key "icon" in F:\os\OSPanel\domains\land.kiavi\wp-content\plugins\landvent-manager-panel\core\functions\navs.php on line 102
[27-Jul-2025 09:51:14 UTC] PHP Warning:  Undefined array key "icon" in F:\os\OSPanel\domains\land.kiavi\wp-content\plugins\landvent-manager-panel\core\functions\navs.php on line 102
[27-Jul-2025 09:51:14 UTC] PHP Warning:  Undefined array key "icon" in F:\os\OSPanel\domains\land.kiavi\wp-content\plugins\landvent-manager-panel\core\functions\navs.php on line 102
[27-Jul-2025 09:51:14 UTC] PHP Warning:  Undefined array key "icon" in F:\os\OSPanel\domains\land.kiavi\wp-content\plugins\landvent-manager-panel\core\functions\navs.php on line 102
[27-Jul-2025 09:51:14 UTC] PHP Warning:  Undefined array key "icon" in F:\os\OSPanel\domains\land.kiavi\wp-content\plugins\landvent-manager-panel\core\functions\navs.php on line 102
[27-Jul-2025 09:51:14 UTC] PHP Warning:  Undefined array key "icon" in F:\os\OSPanel\domains\land.kiavi\wp-content\plugins\landvent-manager-panel\core\functions\navs.php on line 102
[27-Jul-2025 09:51:14 UTC] PHP Warning:  Undefined array key "icon" in F:\os\OSPanel\domains\land.kiavi\wp-content\plugins\landvent-manager-panel\core\functions\navs.php on line 102
[27-Jul-2025 09:51:14 UTC] PHP Warning:  Undefined array key "icon" in F:\os\OSPanel\domains\land.kiavi\wp-content\plugins\landvent-manager-panel\core\functions\navs.php on line 102
[27-Jul-2025 09:51:14 UTC] PHP Warning:  Undefined array key "icon" in F:\os\OSPanel\domains\land.kiavi\wp-content\plugins\landvent-manager-panel\core\functions\navs.php on line 102
[27-Jul-2025 09:51:14 UTC] PHP Warning:  Undefined array key "icon" in F:\os\OSPanel\domains\land.kiavi\wp-content\plugins\landvent-manager-panel\core\functions\navs.php on line 102
[27-Jul-2025 09:51:14 UTC] PHP Warning:  Undefined array key "icon" in F:\os\OSPanel\domains\land.kiavi\wp-content\plugins\landvent-manager-panel\core\functions\navs.php on line 102
[27-Jul-2025 09:51:14 UTC] PHP Warning:  Undefined array key "icon" in F:\os\OSPanel\domains\land.kiavi\wp-content\plugins\landvent-manager-panel\core\functions\navs.php on line 102
[27-Jul-2025 09:51:14 UTC] PHP Warning:  Undefined array key "icon" in F:\os\OSPanel\domains\land.kiavi\wp-content\plugins\landvent-manager-panel\core\functions\navs.php on line 102
[27-Jul-2025 09:51:14 UTC] PHP Warning:  foreach() argument must be of type array|object, string given in F:\os\OSPanel\domains\land.kiavi\wp-content\plugins\landvent-manager-panel\core\config\applicant-info.php on line 258
[27-Jul-2025 09:51:14 UTC] PHP Warning:  Undefined array key 0 in F:\os\OSPanel\domains\land.kiavi\wp-content\plugins\wpp-field-builder-manager\fields\repeater\WPP_Repeater_Field.php on line 65
[27-Jul-2025 09:51:14 UTC] PHP Warning:  foreach() argument must be of type array|object, null given in F:\os\OSPanel\domains\land.kiavi\wp-content\plugins\wpp-field-builder-manager\fields\repeater\WPP_Repeater_Field.php on line 65
[27-Jul-2025 09:51:14 UTC] PHP Warning:  Undefined array key 0 in F:\os\OSPanel\domains\land.kiavi\wp-content\plugins\wpp-field-builder-manager\fields\repeater\WPP_Repeater_Field.php on line 65
[27-Jul-2025 09:51:14 UTC] PHP Warning:  foreach() argument must be of type array|object, null given in F:\os\OSPanel\domains\land.kiavi\wp-content\plugins\wpp-field-builder-manager\fields\repeater\WPP_Repeater_Field.php on line 65
[27-Jul-2025 09:51:14 UTC] PHP Warning:  foreach() argument must be of type array|object, string given in F:\os\OSPanel\domains\land.kiavi\wp-content\plugins\landvent-manager-panel\core\config\property-details.php on line 810
[27-Jul-2025 09:51:14 UTC] PHP Warning:  foreach() argument must be of type array|object, string given in F:\os\OSPanel\domains\land.kiavi\wp-content\plugins\landvent-manager-panel\core\config\property-details.php on line 916
[27-Jul-2025 09:51:21 UTC] PHP Warning:  foreach() argument must be of type array|object, string given in F:\os\OSPanel\domains\land.kiavi\wp-content\plugins\wpp-loan-application\includes\functions\wpp-helper.php on line 189
[27-Jul-2025 09:51:21 UTC] PHP Warning:  Undefined array key "icon" in F:\os\OSPanel\domains\land.kiavi\wp-content\plugins\landvent-manager-panel\core\functions\navs.php on line 102
[27-Jul-2025 09:51:21 UTC] PHP Warning:  Undefined array key "icon" in F:\os\OSPanel\domains\land.kiavi\wp-content\plugins\landvent-manager-panel\core\functions\navs.php on line 102
[27-Jul-2025 09:51:21 UTC] PHP Warning:  Undefined array key "icon" in F:\os\OSPanel\domains\land.kiavi\wp-content\plugins\landvent-manager-panel\core\functions\navs.php on line 102
[27-Jul-2025 09:51:21 UTC] PHP Warning:  Undefined array key "icon" in F:\os\OSPanel\domains\land.kiavi\wp-content\plugins\landvent-manager-panel\core\functions\navs.php on line 102
[27-Jul-2025 09:51:21 UTC] PHP Warning:  Undefined array key "icon" in F:\os\OSPanel\domains\land.kiavi\wp-content\plugins\landvent-manager-panel\core\functions\navs.php on line 102
[27-Jul-2025 09:51:21 UTC] PHP Warning:  Undefined array key "icon" in F:\os\OSPanel\domains\land.kiavi\wp-content\plugins\landvent-manager-panel\core\functions\navs.php on line 102
[27-Jul-2025 09:51:21 UTC] PHP Warning:  Undefined array key "icon" in F:\os\OSPanel\domains\land.kiavi\wp-content\plugins\landvent-manager-panel\core\functions\navs.php on line 102
[27-Jul-2025 09:51:21 UTC] PHP Warning:  Undefined array key "icon" in F:\os\OSPanel\domains\land.kiavi\wp-content\plugins\landvent-manager-panel\core\functions\navs.php on line 102
[27-Jul-2025 09:51:21 UTC] PHP Warning:  Undefined array key "icon" in F:\os\OSPanel\domains\land.kiavi\wp-content\plugins\landvent-manager-panel\core\functions\navs.php on line 102
[27-Jul-2025 09:51:21 UTC] PHP Warning:  Undefined array key "icon" in F:\os\OSPanel\domains\land.kiavi\wp-content\plugins\landvent-manager-panel\core\functions\navs.php on line 102
[27-Jul-2025 09:51:21 UTC] PHP Warning:  Undefined array key "icon" in F:\os\OSPanel\domains\land.kiavi\wp-content\plugins\landvent-manager-panel\core\functions\navs.php on line 102
[27-Jul-2025 09:51:21 UTC] PHP Warning:  Undefined array key "icon" in F:\os\OSPanel\domains\land.kiavi\wp-content\plugins\landvent-manager-panel\core\functions\navs.php on line 102
[27-Jul-2025 09:51:21 UTC] PHP Warning:  Undefined array key "icon" in F:\os\OSPanel\domains\land.kiavi\wp-content\plugins\landvent-manager-panel\core\functions\navs.php on line 102
[27-Jul-2025 09:51:21 UTC] PHP Warning:  foreach() argument must be of type array|object, string given in F:\os\OSPanel\domains\land.kiavi\wp-content\plugins\landvent-manager-panel\core\config\applicant-info.php on line 258
[27-Jul-2025 09:51:21 UTC] PHP Warning:  Undefined array key "type" in F:\os\OSPanel\domains\land.kiavi\wp-content\plugins\wpp-field-builder-manager\fields\repeater\WPP_Repeater_Field.php on line 107
[27-Jul-2025 09:51:21 UTC] PHP Deprecated:  ucfirst(): Passing null to parameter #1 ($string) of type string is deprecated in F:\os\OSPanel\domains\land.kiavi\wp-content\plugins\wpp-field-builder-manager\fields\repeater\WPP_Repeater_Field.php on line 107
[27-Jul-2025 09:51:21 UTC] PHP Warning:  Undefined array key 0 in F:\os\OSPanel\domains\land.kiavi\wp-content\plugins\wpp-field-builder-manager\fields\repeater\WPP_Repeater_Field.php on line 65
[27-Jul-2025 09:51:21 UTC] PHP Warning:  foreach() argument must be of type array|object, null given in F:\os\OSPanel\domains\land.kiavi\wp-content\plugins\wpp-field-builder-manager\fields\repeater\WPP_Repeater_Field.php on line 65
[27-Jul-2025 09:51:21 UTC] PHP Warning:  foreach() argument must be of type array|object, string given in F:\os\OSPanel\domains\land.kiavi\wp-content\plugins\landvent-manager-panel\core\config\property-details.php on line 810
[27-Jul-2025 09:51:21 UTC] PHP Warning:  foreach() argument must be of type array|object, string given in F:\os\OSPanel\domains\land.kiavi\wp-content\plugins\landvent-manager-panel\core\config\property-details.php on line 916
[27-Jul-2025 09:56:18 UTC] PHP Warning:  foreach() argument must be of type array|object, string given in F:\os\OSPanel\domains\land.kiavi\wp-content\plugins\wpp-loan-application\includes\functions\wpp-helper.php on line 189
[27-Jul-2025 09:56:18 UTC] PHP Warning:  Undefined array key "icon" in F:\os\OSPanel\domains\land.kiavi\wp-content\plugins\landvent-manager-panel\core\functions\navs.php on line 102
[27-Jul-2025 09:56:18 UTC] PHP Warning:  Undefined array key "icon" in F:\os\OSPanel\domains\land.kiavi\wp-content\plugins\landvent-manager-panel\core\functions\navs.php on line 102
[27-Jul-2025 09:56:18 UTC] PHP Warning:  Undefined array key "icon" in F:\os\OSPanel\domains\land.kiavi\wp-content\plugins\landvent-manager-panel\core\functions\navs.php on line 102
[27-Jul-2025 09:56:18 UTC] PHP Warning:  Undefined array key "icon" in F:\os\OSPanel\domains\land.kiavi\wp-content\plugins\landvent-manager-panel\core\functions\navs.php on line 102
[27-Jul-2025 09:56:18 UTC] PHP Warning:  Undefined array key "icon" in F:\os\OSPanel\domains\land.kiavi\wp-content\plugins\landvent-manager-panel\core\functions\navs.php on line 102
[27-Jul-2025 09:56:18 UTC] PHP Warning:  Undefined array key "icon" in F:\os\OSPanel\domains\land.kiavi\wp-content\plugins\landvent-manager-panel\core\functions\navs.php on line 102
[27-Jul-2025 09:56:18 UTC] PHP Warning:  Undefined array key "icon" in F:\os\OSPanel\domains\land.kiavi\wp-content\plugins\landvent-manager-panel\core\functions\navs.php on line 102
[27-Jul-2025 09:56:18 UTC] PHP Warning:  Undefined array key "icon" in F:\os\OSPanel\domains\land.kiavi\wp-content\plugins\landvent-manager-panel\core\functions\navs.php on line 102
[27-Jul-2025 09:56:18 UTC] PHP Warning:  Undefined array key "icon" in F:\os\OSPanel\domains\land.kiavi\wp-content\plugins\landvent-manager-panel\core\functions\navs.php on line 102
[27-Jul-2025 09:56:18 UTC] PHP Warning:  Undefined array key "icon" in F:\os\OSPanel\domains\land.kiavi\wp-content\plugins\landvent-manager-panel\core\functions\navs.php on line 102
[27-Jul-2025 09:56:18 UTC] PHP Warning:  Undefined array key "icon" in F:\os\OSPanel\domains\land.kiavi\wp-content\plugins\landvent-manager-panel\core\functions\navs.php on line 102
[27-Jul-2025 09:56:18 UTC] PHP Warning:  Undefined array key "icon" in F:\os\OSPanel\domains\land.kiavi\wp-content\plugins\landvent-manager-panel\core\functions\navs.php on line 102
[27-Jul-2025 09:56:18 UTC] PHP Warning:  Undefined array key "icon" in F:\os\OSPanel\domains\land.kiavi\wp-content\plugins\landvent-manager-panel\core\functions\navs.php on line 102
[27-Jul-2025 09:56:18 UTC] PHP Warning:  foreach() argument must be of type array|object, string given in F:\os\OSPanel\domains\land.kiavi\wp-content\plugins\landvent-manager-panel\core\config\applicant-info.php on line 258
[27-Jul-2025 09:56:18 UTC] PHP Warning:  Undefined array key "type" in F:\os\OSPanel\domains\land.kiavi\wp-content\plugins\wpp-field-builder-manager\fields\repeater\WPP_Repeater_Field.php on line 118
[27-Jul-2025 09:56:18 UTC] PHP Deprecated:  ucfirst(): Passing null to parameter #1 ($string) of type string is deprecated in F:\os\OSPanel\domains\land.kiavi\wp-content\plugins\wpp-field-builder-manager\fields\repeater\WPP_Repeater_Field.php on line 118
[27-Jul-2025 09:56:18 UTC] PHP Warning:  Undefined array key "type" in F:\os\OSPanel\domains\land.kiavi\wp-content\plugins\wpp-field-builder-manager\fields\repeater\WPP_Repeater_Field.php on line 118
[27-Jul-2025 09:56:18 UTC] PHP Deprecated:  ucfirst(): Passing null to parameter #1 ($string) of type string is deprecated in F:\os\OSPanel\domains\land.kiavi\wp-content\plugins\wpp-field-builder-manager\fields\repeater\WPP_Repeater_Field.php on line 118
[27-Jul-2025 09:56:18 UTC] PHP Warning:  foreach() argument must be of type array|object, string given in F:\os\OSPanel\domains\land.kiavi\wp-content\plugins\landvent-manager-panel\core\config\property-details.php on line 810
[27-Jul-2025 09:56:18 UTC] PHP Warning:  foreach() argument must be of type array|object, string given in F:\os\OSPanel\domains\land.kiavi\wp-content\plugins\landvent-manager-panel\core\config\property-details.php on line 916
[27-Jul-2025 09:59:44 UTC] PHP Warning:  foreach() argument must be of type array|object, string given in F:\os\OSPanel\domains\land.kiavi\wp-content\plugins\wpp-loan-application\includes\functions\wpp-helper.php on line 189
[27-Jul-2025 09:59:44 UTC] PHP Warning:  Undefined array key "icon" in F:\os\OSPanel\domains\land.kiavi\wp-content\plugins\landvent-manager-panel\core\functions\navs.php on line 102
[27-Jul-2025 09:59:44 UTC] PHP Warning:  Undefined array key "icon" in F:\os\OSPanel\domains\land.kiavi\wp-content\plugins\landvent-manager-panel\core\functions\navs.php on line 102
[27-Jul-2025 09:59:44 UTC] PHP Warning:  Undefined array key "icon" in F:\os\OSPanel\domains\land.kiavi\wp-content\plugins\landvent-manager-panel\core\functions\navs.php on line 102
[27-Jul-2025 09:59:44 UTC] PHP Warning:  Undefined array key "icon" in F:\os\OSPanel\domains\land.kiavi\wp-content\plugins\landvent-manager-panel\core\functions\navs.php on line 102
[27-Jul-2025 09:59:44 UTC] PHP Warning:  Undefined array key "icon" in F:\os\OSPanel\domains\land.kiavi\wp-content\plugins\landvent-manager-panel\core\functions\navs.php on line 102
[27-Jul-2025 09:59:44 UTC] PHP Warning:  Undefined array key "icon" in F:\os\OSPanel\domains\land.kiavi\wp-content\plugins\landvent-manager-panel\core\functions\navs.php on line 102
[27-Jul-2025 09:59:44 UTC] PHP Warning:  Undefined array key "icon" in F:\os\OSPanel\domains\land.kiavi\wp-content\plugins\landvent-manager-panel\core\functions\navs.php on line 102
[27-Jul-2025 09:59:44 UTC] PHP Warning:  Undefined array key "icon" in F:\os\OSPanel\domains\land.kiavi\wp-content\plugins\landvent-manager-panel\core\functions\navs.php on line 102
[27-Jul-2025 09:59:44 UTC] PHP Warning:  Undefined array key "icon" in F:\os\OSPanel\domains\land.kiavi\wp-content\plugins\landvent-manager-panel\core\functions\navs.php on line 102
[27-Jul-2025 09:59:44 UTC] PHP Warning:  Undefined array key "icon" in F:\os\OSPanel\domains\land.kiavi\wp-content\plugins\landvent-manager-panel\core\functions\navs.php on line 102
[27-Jul-2025 09:59:44 UTC] PHP Warning:  Undefined array key "icon" in F:\os\OSPanel\domains\land.kiavi\wp-content\plugins\landvent-manager-panel\core\functions\navs.php on line 102
[27-Jul-2025 09:59:44 UTC] PHP Warning:  Undefined array key "icon" in F:\os\OSPanel\domains\land.kiavi\wp-content\plugins\landvent-manager-panel\core\functions\navs.php on line 102
[27-Jul-2025 09:59:44 UTC] PHP Warning:  Undefined array key "icon" in F:\os\OSPanel\domains\land.kiavi\wp-content\plugins\landvent-manager-panel\core\functions\navs.php on line 102
[27-Jul-2025 09:59:44 UTC] PHP Warning:  foreach() argument must be of type array|object, string given in F:\os\OSPanel\domains\land.kiavi\wp-content\plugins\landvent-manager-panel\core\config\applicant-info.php on line 258
[27-Jul-2025 09:59:44 UTC] PHP Warning:  Undefined array key "type" in F:\os\OSPanel\domains\land.kiavi\wp-content\plugins\wpp-field-builder-manager\fields\repeater\WPP_Repeater_Field.php on line 122
[27-Jul-2025 09:59:44 UTC] PHP Deprecated:  ucfirst(): Passing null to parameter #1 ($string) of type string is deprecated in F:\os\OSPanel\domains\land.kiavi\wp-content\plugins\wpp-field-builder-manager\fields\repeater\WPP_Repeater_Field.php on line 122
[27-Jul-2025 09:59:44 UTC] PHP Warning:  Undefined array key "type" in F:\os\OSPanel\domains\land.kiavi\wp-content\plugins\wpp-field-builder-manager\fields\repeater\WPP_Repeater_Field.php on line 122
[27-Jul-2025 09:59:44 UTC] PHP Deprecated:  ucfirst(): Passing null to parameter #1 ($string) of type string is deprecated in F:\os\OSPanel\domains\land.kiavi\wp-content\plugins\wpp-field-builder-manager\fields\repeater\WPP_Repeater_Field.php on line 122
[27-Jul-2025 09:59:44 UTC] PHP Warning:  foreach() argument must be of type array|object, string given in F:\os\OSPanel\domains\land.kiavi\wp-content\plugins\landvent-manager-panel\core\config\property-details.php on line 810
[27-Jul-2025 09:59:44 UTC] PHP Warning:  foreach() argument must be of type array|object, string given in F:\os\OSPanel\domains\land.kiavi\wp-content\plugins\landvent-manager-panel\core\config\property-details.php on line 916
