[27-Jul-2025 11:34:47 UTC] PHP Warning:  foreach() argument must be of type array|object, string given in F:\os\OSPanel\domains\land.kiavi\wp-content\plugins\wpp-loan-application\includes\functions\wpp-helper.php on line 189
[27-Jul-2025 11:34:48 UTC] PHP Warning:  Undefined array key "icon" in F:\os\OSPanel\domains\land.kiavi\wp-content\plugins\landvent-manager-panel\core\functions\navs.php on line 102
[27-Jul-2025 11:34:48 UTC] PHP Warning:  Undefined array key "icon" in F:\os\OSPanel\domains\land.kiavi\wp-content\plugins\landvent-manager-panel\core\functions\navs.php on line 102
[27-Jul-2025 11:34:48 UTC] PHP Warning:  Undefined array key "icon" in F:\os\OSPanel\domains\land.kiavi\wp-content\plugins\landvent-manager-panel\core\functions\navs.php on line 102
[27-Jul-2025 11:34:48 UTC] PHP Warning:  Undefined array key "icon" in F:\os\OSPanel\domains\land.kiavi\wp-content\plugins\landvent-manager-panel\core\functions\navs.php on line 102
[27-Jul-2025 11:34:48 UTC] PHP Warning:  Undefined array key "icon" in F:\os\OSPanel\domains\land.kiavi\wp-content\plugins\landvent-manager-panel\core\functions\navs.php on line 102
[27-Jul-2025 11:34:48 UTC] PHP Warning:  Undefined array key "icon" in F:\os\OSPanel\domains\land.kiavi\wp-content\plugins\landvent-manager-panel\core\functions\navs.php on line 102
[27-Jul-2025 11:34:48 UTC] PHP Warning:  Undefined array key "icon" in F:\os\OSPanel\domains\land.kiavi\wp-content\plugins\landvent-manager-panel\core\functions\navs.php on line 102
[27-Jul-2025 11:34:48 UTC] PHP Warning:  Undefined array key "icon" in F:\os\OSPanel\domains\land.kiavi\wp-content\plugins\landvent-manager-panel\core\functions\navs.php on line 102
[27-Jul-2025 11:34:48 UTC] PHP Warning:  Undefined array key "icon" in F:\os\OSPanel\domains\land.kiavi\wp-content\plugins\landvent-manager-panel\core\functions\navs.php on line 102
[27-Jul-2025 11:34:48 UTC] PHP Warning:  Undefined array key "icon" in F:\os\OSPanel\domains\land.kiavi\wp-content\plugins\landvent-manager-panel\core\functions\navs.php on line 102
[27-Jul-2025 11:34:48 UTC] PHP Warning:  Undefined array key "icon" in F:\os\OSPanel\domains\land.kiavi\wp-content\plugins\landvent-manager-panel\core\functions\navs.php on line 102
[27-Jul-2025 11:34:48 UTC] PHP Warning:  Undefined array key "icon" in F:\os\OSPanel\domains\land.kiavi\wp-content\plugins\landvent-manager-panel\core\functions\navs.php on line 102
[27-Jul-2025 11:34:48 UTC] PHP Warning:  Undefined array key "icon" in F:\os\OSPanel\domains\land.kiavi\wp-content\plugins\landvent-manager-panel\core\functions\navs.php on line 102
[27-Jul-2025 11:34:48 UTC] PHP Warning:  foreach() argument must be of type array|object, string given in F:\os\OSPanel\domains\land.kiavi\wp-content\plugins\landvent-manager-panel\core\config\applicant-info.php on line 258
[27-Jul-2025 11:34:48 UTC] PHP Warning:  foreach() argument must be of type array|object, string given in F:\os\OSPanel\domains\land.kiavi\wp-content\plugins\landvent-manager-panel\core\config\property-details.php on line 807
[27-Jul-2025 11:34:48 UTC] PHP Warning:  foreach() argument must be of type array|object, string given in F:\os\OSPanel\domains\land.kiavi\wp-content\plugins\landvent-manager-panel\core\config\property-details.php on line 913
[27-Jul-2025 11:35:18 UTC] PHP Warning:  foreach() argument must be of type array|object, string given in F:\os\OSPanel\domains\land.kiavi\wp-content\plugins\wpp-loan-application\includes\functions\wpp-helper.php on line 189
[27-Jul-2025 11:35:18 UTC] PHP Warning:  Undefined array key "icon" in F:\os\OSPanel\domains\land.kiavi\wp-content\plugins\landvent-manager-panel\core\functions\navs.php on line 102
[27-Jul-2025 11:35:18 UTC] PHP Warning:  Undefined array key "icon" in F:\os\OSPanel\domains\land.kiavi\wp-content\plugins\landvent-manager-panel\core\functions\navs.php on line 102
[27-Jul-2025 11:35:18 UTC] PHP Warning:  Undefined array key "icon" in F:\os\OSPanel\domains\land.kiavi\wp-content\plugins\landvent-manager-panel\core\functions\navs.php on line 102
[27-Jul-2025 11:35:18 UTC] PHP Warning:  Undefined array key "icon" in F:\os\OSPanel\domains\land.kiavi\wp-content\plugins\landvent-manager-panel\core\functions\navs.php on line 102
[27-Jul-2025 11:35:18 UTC] PHP Warning:  Undefined array key "icon" in F:\os\OSPanel\domains\land.kiavi\wp-content\plugins\landvent-manager-panel\core\functions\navs.php on line 102
[27-Jul-2025 11:35:18 UTC] PHP Warning:  Undefined array key "icon" in F:\os\OSPanel\domains\land.kiavi\wp-content\plugins\landvent-manager-panel\core\functions\navs.php on line 102
[27-Jul-2025 11:35:18 UTC] PHP Warning:  Undefined array key "icon" in F:\os\OSPanel\domains\land.kiavi\wp-content\plugins\landvent-manager-panel\core\functions\navs.php on line 102
[27-Jul-2025 11:35:18 UTC] PHP Warning:  Undefined array key "icon" in F:\os\OSPanel\domains\land.kiavi\wp-content\plugins\landvent-manager-panel\core\functions\navs.php on line 102
[27-Jul-2025 11:35:18 UTC] PHP Warning:  Undefined array key "icon" in F:\os\OSPanel\domains\land.kiavi\wp-content\plugins\landvent-manager-panel\core\functions\navs.php on line 102
[27-Jul-2025 11:35:18 UTC] PHP Warning:  Undefined array key "icon" in F:\os\OSPanel\domains\land.kiavi\wp-content\plugins\landvent-manager-panel\core\functions\navs.php on line 102
[27-Jul-2025 11:35:18 UTC] PHP Warning:  Undefined array key "icon" in F:\os\OSPanel\domains\land.kiavi\wp-content\plugins\landvent-manager-panel\core\functions\navs.php on line 102
[27-Jul-2025 11:35:18 UTC] PHP Warning:  Undefined array key "icon" in F:\os\OSPanel\domains\land.kiavi\wp-content\plugins\landvent-manager-panel\core\functions\navs.php on line 102
[27-Jul-2025 11:35:18 UTC] PHP Warning:  Undefined array key "icon" in F:\os\OSPanel\domains\land.kiavi\wp-content\plugins\landvent-manager-panel\core\functions\navs.php on line 102
[27-Jul-2025 11:35:18 UTC] PHP Warning:  foreach() argument must be of type array|object, string given in F:\os\OSPanel\domains\land.kiavi\wp-content\plugins\landvent-manager-panel\core\config\applicant-info.php on line 258
[27-Jul-2025 11:35:18 UTC] PHP Warning:  foreach() argument must be of type array|object, string given in F:\os\OSPanel\domains\land.kiavi\wp-content\plugins\landvent-manager-panel\core\config\property-details.php on line 807
[27-Jul-2025 11:35:18 UTC] PHP Warning:  foreach() argument must be of type array|object, string given in F:\os\OSPanel\domains\land.kiavi\wp-content\plugins\landvent-manager-panel\core\config\property-details.php on line 913
[27-Jul-2025 11:36:48 UTC] PHP Warning:  foreach() argument must be of type array|object, string given in F:\os\OSPanel\domains\land.kiavi\wp-content\plugins\wpp-loan-application\includes\functions\wpp-helper.php on line 189
[27-Jul-2025 11:36:48 UTC] PHP Warning:  Undefined array key "icon" in F:\os\OSPanel\domains\land.kiavi\wp-content\plugins\landvent-manager-panel\core\functions\navs.php on line 102
[27-Jul-2025 11:36:48 UTC] PHP Warning:  Undefined array key "icon" in F:\os\OSPanel\domains\land.kiavi\wp-content\plugins\landvent-manager-panel\core\functions\navs.php on line 102
[27-Jul-2025 11:36:48 UTC] PHP Warning:  Undefined array key "icon" in F:\os\OSPanel\domains\land.kiavi\wp-content\plugins\landvent-manager-panel\core\functions\navs.php on line 102
[27-Jul-2025 11:36:48 UTC] PHP Warning:  Undefined array key "icon" in F:\os\OSPanel\domains\land.kiavi\wp-content\plugins\landvent-manager-panel\core\functions\navs.php on line 102
[27-Jul-2025 11:36:48 UTC] PHP Warning:  Undefined array key "icon" in F:\os\OSPanel\domains\land.kiavi\wp-content\plugins\landvent-manager-panel\core\functions\navs.php on line 102
[27-Jul-2025 11:36:48 UTC] PHP Warning:  Undefined array key "icon" in F:\os\OSPanel\domains\land.kiavi\wp-content\plugins\landvent-manager-panel\core\functions\navs.php on line 102
[27-Jul-2025 11:36:48 UTC] PHP Warning:  Undefined array key "icon" in F:\os\OSPanel\domains\land.kiavi\wp-content\plugins\landvent-manager-panel\core\functions\navs.php on line 102
[27-Jul-2025 11:36:48 UTC] PHP Warning:  Undefined array key "icon" in F:\os\OSPanel\domains\land.kiavi\wp-content\plugins\landvent-manager-panel\core\functions\navs.php on line 102
[27-Jul-2025 11:36:48 UTC] PHP Warning:  Undefined array key "icon" in F:\os\OSPanel\domains\land.kiavi\wp-content\plugins\landvent-manager-panel\core\functions\navs.php on line 102
[27-Jul-2025 11:36:48 UTC] PHP Warning:  Undefined array key "icon" in F:\os\OSPanel\domains\land.kiavi\wp-content\plugins\landvent-manager-panel\core\functions\navs.php on line 102
[27-Jul-2025 11:36:48 UTC] PHP Warning:  Undefined array key "icon" in F:\os\OSPanel\domains\land.kiavi\wp-content\plugins\landvent-manager-panel\core\functions\navs.php on line 102
[27-Jul-2025 11:36:48 UTC] PHP Warning:  Undefined array key "icon" in F:\os\OSPanel\domains\land.kiavi\wp-content\plugins\landvent-manager-panel\core\functions\navs.php on line 102
[27-Jul-2025 11:36:48 UTC] PHP Warning:  Undefined array key "icon" in F:\os\OSPanel\domains\land.kiavi\wp-content\plugins\landvent-manager-panel\core\functions\navs.php on line 102
[27-Jul-2025 11:36:48 UTC] PHP Warning:  foreach() argument must be of type array|object, string given in F:\os\OSPanel\domains\land.kiavi\wp-content\plugins\landvent-manager-panel\core\config\applicant-info.php on line 258
[27-Jul-2025 11:36:48 UTC] PHP Warning:  foreach() argument must be of type array|object, string given in F:\os\OSPanel\domains\land.kiavi\wp-content\plugins\landvent-manager-panel\core\config\property-details.php on line 807
[27-Jul-2025 11:36:48 UTC] PHP Warning:  foreach() argument must be of type array|object, string given in F:\os\OSPanel\domains\land.kiavi\wp-content\plugins\landvent-manager-panel\core\config\property-details.php on line 913
[27-Jul-2025 11:38:19 UTC] PHP Warning:  foreach() argument must be of type array|object, string given in F:\os\OSPanel\domains\land.kiavi\wp-content\plugins\wpp-loan-application\includes\functions\wpp-helper.php on line 189
[27-Jul-2025 11:38:19 UTC] PHP Warning:  Undefined array key "icon" in F:\os\OSPanel\domains\land.kiavi\wp-content\plugins\landvent-manager-panel\core\functions\navs.php on line 102
[27-Jul-2025 11:38:19 UTC] PHP Warning:  Undefined array key "icon" in F:\os\OSPanel\domains\land.kiavi\wp-content\plugins\landvent-manager-panel\core\functions\navs.php on line 102
[27-Jul-2025 11:38:19 UTC] PHP Warning:  Undefined array key "icon" in F:\os\OSPanel\domains\land.kiavi\wp-content\plugins\landvent-manager-panel\core\functions\navs.php on line 102
[27-Jul-2025 11:38:19 UTC] PHP Warning:  Undefined array key "icon" in F:\os\OSPanel\domains\land.kiavi\wp-content\plugins\landvent-manager-panel\core\functions\navs.php on line 102
[27-Jul-2025 11:38:19 UTC] PHP Warning:  Undefined array key "icon" in F:\os\OSPanel\domains\land.kiavi\wp-content\plugins\landvent-manager-panel\core\functions\navs.php on line 102
[27-Jul-2025 11:38:19 UTC] PHP Warning:  Undefined array key "icon" in F:\os\OSPanel\domains\land.kiavi\wp-content\plugins\landvent-manager-panel\core\functions\navs.php on line 102
[27-Jul-2025 11:38:19 UTC] PHP Warning:  Undefined array key "icon" in F:\os\OSPanel\domains\land.kiavi\wp-content\plugins\landvent-manager-panel\core\functions\navs.php on line 102
[27-Jul-2025 11:38:19 UTC] PHP Warning:  Undefined array key "icon" in F:\os\OSPanel\domains\land.kiavi\wp-content\plugins\landvent-manager-panel\core\functions\navs.php on line 102
[27-Jul-2025 11:38:19 UTC] PHP Warning:  Undefined array key "icon" in F:\os\OSPanel\domains\land.kiavi\wp-content\plugins\landvent-manager-panel\core\functions\navs.php on line 102
[27-Jul-2025 11:38:19 UTC] PHP Warning:  Undefined array key "icon" in F:\os\OSPanel\domains\land.kiavi\wp-content\plugins\landvent-manager-panel\core\functions\navs.php on line 102
[27-Jul-2025 11:38:19 UTC] PHP Warning:  Undefined array key "icon" in F:\os\OSPanel\domains\land.kiavi\wp-content\plugins\landvent-manager-panel\core\functions\navs.php on line 102
[27-Jul-2025 11:38:19 UTC] PHP Warning:  Undefined array key "icon" in F:\os\OSPanel\domains\land.kiavi\wp-content\plugins\landvent-manager-panel\core\functions\navs.php on line 102
[27-Jul-2025 11:38:19 UTC] PHP Warning:  Undefined array key "icon" in F:\os\OSPanel\domains\land.kiavi\wp-content\plugins\landvent-manager-panel\core\functions\navs.php on line 102
[27-Jul-2025 11:38:19 UTC] PHP Warning:  foreach() argument must be of type array|object, string given in F:\os\OSPanel\domains\land.kiavi\wp-content\plugins\landvent-manager-panel\core\config\applicant-info.php on line 258
[27-Jul-2025 11:38:19 UTC] PHP Warning:  foreach() argument must be of type array|object, string given in F:\os\OSPanel\domains\land.kiavi\wp-content\plugins\landvent-manager-panel\core\config\property-details.php on line 807
[27-Jul-2025 11:38:19 UTC] PHP Warning:  foreach() argument must be of type array|object, string given in F:\os\OSPanel\domains\land.kiavi\wp-content\plugins\landvent-manager-panel\core\config\property-details.php on line 913
[27-Jul-2025 11:40:10 UTC] PHP Warning:  foreach() argument must be of type array|object, string given in F:\os\OSPanel\domains\land.kiavi\wp-content\plugins\wpp-loan-application\includes\functions\wpp-helper.php on line 189
[27-Jul-2025 11:40:10 UTC] PHP Warning:  Undefined array key "icon" in F:\os\OSPanel\domains\land.kiavi\wp-content\plugins\landvent-manager-panel\core\functions\navs.php on line 102
[27-Jul-2025 11:40:10 UTC] PHP Warning:  Undefined array key "icon" in F:\os\OSPanel\domains\land.kiavi\wp-content\plugins\landvent-manager-panel\core\functions\navs.php on line 102
[27-Jul-2025 11:40:10 UTC] PHP Warning:  Undefined array key "icon" in F:\os\OSPanel\domains\land.kiavi\wp-content\plugins\landvent-manager-panel\core\functions\navs.php on line 102
[27-Jul-2025 11:40:10 UTC] PHP Warning:  Undefined array key "icon" in F:\os\OSPanel\domains\land.kiavi\wp-content\plugins\landvent-manager-panel\core\functions\navs.php on line 102
[27-Jul-2025 11:40:10 UTC] PHP Warning:  Undefined array key "icon" in F:\os\OSPanel\domains\land.kiavi\wp-content\plugins\landvent-manager-panel\core\functions\navs.php on line 102
[27-Jul-2025 11:40:10 UTC] PHP Warning:  Undefined array key "icon" in F:\os\OSPanel\domains\land.kiavi\wp-content\plugins\landvent-manager-panel\core\functions\navs.php on line 102
[27-Jul-2025 11:40:10 UTC] PHP Warning:  Undefined array key "icon" in F:\os\OSPanel\domains\land.kiavi\wp-content\plugins\landvent-manager-panel\core\functions\navs.php on line 102
[27-Jul-2025 11:40:10 UTC] PHP Warning:  Undefined array key "icon" in F:\os\OSPanel\domains\land.kiavi\wp-content\plugins\landvent-manager-panel\core\functions\navs.php on line 102
[27-Jul-2025 11:40:10 UTC] PHP Warning:  Undefined array key "icon" in F:\os\OSPanel\domains\land.kiavi\wp-content\plugins\landvent-manager-panel\core\functions\navs.php on line 102
[27-Jul-2025 11:40:10 UTC] PHP Warning:  Undefined array key "icon" in F:\os\OSPanel\domains\land.kiavi\wp-content\plugins\landvent-manager-panel\core\functions\navs.php on line 102
[27-Jul-2025 11:40:10 UTC] PHP Warning:  Undefined array key "icon" in F:\os\OSPanel\domains\land.kiavi\wp-content\plugins\landvent-manager-panel\core\functions\navs.php on line 102
[27-Jul-2025 11:40:10 UTC] PHP Warning:  Undefined array key "icon" in F:\os\OSPanel\domains\land.kiavi\wp-content\plugins\landvent-manager-panel\core\functions\navs.php on line 102
[27-Jul-2025 11:40:10 UTC] PHP Warning:  Undefined array key "icon" in F:\os\OSPanel\domains\land.kiavi\wp-content\plugins\landvent-manager-panel\core\functions\navs.php on line 102
[27-Jul-2025 11:40:10 UTC] PHP Warning:  foreach() argument must be of type array|object, string given in F:\os\OSPanel\domains\land.kiavi\wp-content\plugins\landvent-manager-panel\core\config\applicant-info.php on line 258
[27-Jul-2025 11:40:10 UTC] PHP Warning:  foreach() argument must be of type array|object, string given in F:\os\OSPanel\domains\land.kiavi\wp-content\plugins\landvent-manager-panel\core\config\property-details.php on line 807
[27-Jul-2025 11:40:10 UTC] PHP Warning:  foreach() argument must be of type array|object, string given in F:\os\OSPanel\domains\land.kiavi\wp-content\plugins\landvent-manager-panel\core\config\property-details.php on line 913
[27-Jul-2025 11:42:24 UTC] PHP Warning:  foreach() argument must be of type array|object, string given in F:\os\OSPanel\domains\land.kiavi\wp-content\plugins\wpp-loan-application\includes\functions\wpp-helper.php on line 189
[27-Jul-2025 11:42:24 UTC] PHP Warning:  Undefined array key "icon" in F:\os\OSPanel\domains\land.kiavi\wp-content\plugins\landvent-manager-panel\core\functions\navs.php on line 102
[27-Jul-2025 11:42:24 UTC] PHP Warning:  Undefined array key "icon" in F:\os\OSPanel\domains\land.kiavi\wp-content\plugins\landvent-manager-panel\core\functions\navs.php on line 102
[27-Jul-2025 11:42:24 UTC] PHP Warning:  Undefined array key "icon" in F:\os\OSPanel\domains\land.kiavi\wp-content\plugins\landvent-manager-panel\core\functions\navs.php on line 102
[27-Jul-2025 11:42:24 UTC] PHP Warning:  Undefined array key "icon" in F:\os\OSPanel\domains\land.kiavi\wp-content\plugins\landvent-manager-panel\core\functions\navs.php on line 102
[27-Jul-2025 11:42:24 UTC] PHP Warning:  Undefined array key "icon" in F:\os\OSPanel\domains\land.kiavi\wp-content\plugins\landvent-manager-panel\core\functions\navs.php on line 102
[27-Jul-2025 11:42:24 UTC] PHP Warning:  Undefined array key "icon" in F:\os\OSPanel\domains\land.kiavi\wp-content\plugins\landvent-manager-panel\core\functions\navs.php on line 102
[27-Jul-2025 11:42:24 UTC] PHP Warning:  Undefined array key "icon" in F:\os\OSPanel\domains\land.kiavi\wp-content\plugins\landvent-manager-panel\core\functions\navs.php on line 102
[27-Jul-2025 11:42:24 UTC] PHP Warning:  Undefined array key "icon" in F:\os\OSPanel\domains\land.kiavi\wp-content\plugins\landvent-manager-panel\core\functions\navs.php on line 102
[27-Jul-2025 11:42:24 UTC] PHP Warning:  Undefined array key "icon" in F:\os\OSPanel\domains\land.kiavi\wp-content\plugins\landvent-manager-panel\core\functions\navs.php on line 102
[27-Jul-2025 11:42:24 UTC] PHP Warning:  Undefined array key "icon" in F:\os\OSPanel\domains\land.kiavi\wp-content\plugins\landvent-manager-panel\core\functions\navs.php on line 102
[27-Jul-2025 11:42:24 UTC] PHP Warning:  Undefined array key "icon" in F:\os\OSPanel\domains\land.kiavi\wp-content\plugins\landvent-manager-panel\core\functions\navs.php on line 102
[27-Jul-2025 11:42:24 UTC] PHP Warning:  Undefined array key "icon" in F:\os\OSPanel\domains\land.kiavi\wp-content\plugins\landvent-manager-panel\core\functions\navs.php on line 102
[27-Jul-2025 11:42:24 UTC] PHP Warning:  Undefined array key "icon" in F:\os\OSPanel\domains\land.kiavi\wp-content\plugins\landvent-manager-panel\core\functions\navs.php on line 102
[27-Jul-2025 11:42:24 UTC] PHP Warning:  Undefined array key "default" in F:\os\OSPanel\domains\land.kiavi\wp-content\plugins\wpp-field-builder-manager\includes\class-wpp-form-field.php on line 61
[27-Jul-2025 11:42:24 UTC] PHP Warning:  Undefined array key "default" in F:\os\OSPanel\domains\land.kiavi\wp-content\plugins\wpp-field-builder-manager\includes\class-wpp-form-field.php on line 61
[27-Jul-2025 11:42:24 UTC] PHP Warning:  Undefined array key "default" in F:\os\OSPanel\domains\land.kiavi\wp-content\plugins\wpp-field-builder-manager\includes\class-wpp-form-field.php on line 61
[27-Jul-2025 11:42:24 UTC] PHP Warning:  Undefined array key "default" in F:\os\OSPanel\domains\land.kiavi\wp-content\plugins\wpp-field-builder-manager\includes\class-wpp-form-field.php on line 61
[27-Jul-2025 11:42:24 UTC] PHP Warning:  Undefined array key "default" in F:\os\OSPanel\domains\land.kiavi\wp-content\plugins\wpp-field-builder-manager\includes\class-wpp-form-field.php on line 61
[27-Jul-2025 11:42:24 UTC] PHP Warning:  Undefined array key "default" in F:\os\OSPanel\domains\land.kiavi\wp-content\plugins\wpp-field-builder-manager\includes\class-wpp-form-field.php on line 61
[27-Jul-2025 11:42:24 UTC] PHP Warning:  Undefined array key "default" in F:\os\OSPanel\domains\land.kiavi\wp-content\plugins\wpp-field-builder-manager\includes\class-wpp-form-field.php on line 61
[27-Jul-2025 11:42:24 UTC] PHP Warning:  Undefined array key "default" in F:\os\OSPanel\domains\land.kiavi\wp-content\plugins\wpp-field-builder-manager\includes\class-wpp-form-field.php on line 61
[27-Jul-2025 11:42:24 UTC] PHP Warning:  foreach() argument must be of type array|object, string given in F:\os\OSPanel\domains\land.kiavi\wp-content\plugins\landvent-manager-panel\core\config\applicant-info.php on line 258
[27-Jul-2025 11:42:24 UTC] PHP Warning:  Undefined array key "default" in F:\os\OSPanel\domains\land.kiavi\wp-content\plugins\wpp-field-builder-manager\includes\class-wpp-form-field.php on line 61
[27-Jul-2025 11:42:24 UTC] PHP Warning:  Undefined array key "default" in F:\os\OSPanel\domains\land.kiavi\wp-content\plugins\wpp-field-builder-manager\includes\class-wpp-form-field.php on line 61
[27-Jul-2025 11:42:24 UTC] PHP Warning:  Undefined array key "default" in F:\os\OSPanel\domains\land.kiavi\wp-content\plugins\wpp-field-builder-manager\includes\class-wpp-form-field.php on line 61
[27-Jul-2025 11:42:24 UTC] PHP Warning:  Undefined array key "default" in F:\os\OSPanel\domains\land.kiavi\wp-content\plugins\wpp-field-builder-manager\includes\class-wpp-form-field.php on line 61
[27-Jul-2025 11:42:24 UTC] PHP Warning:  Undefined array key "default" in F:\os\OSPanel\domains\land.kiavi\wp-content\plugins\wpp-field-builder-manager\includes\class-wpp-form-field.php on line 61
[27-Jul-2025 11:42:24 UTC] PHP Warning:  Undefined array key "default" in F:\os\OSPanel\domains\land.kiavi\wp-content\plugins\wpp-field-builder-manager\includes\class-wpp-form-field.php on line 61
[27-Jul-2025 11:42:24 UTC] PHP Warning:  Undefined array key "default" in F:\os\OSPanel\domains\land.kiavi\wp-content\plugins\wpp-field-builder-manager\includes\class-wpp-form-field.php on line 61
[27-Jul-2025 11:42:24 UTC] PHP Warning:  Undefined array key "default" in F:\os\OSPanel\domains\land.kiavi\wp-content\plugins\wpp-field-builder-manager\includes\class-wpp-form-field.php on line 61
[27-Jul-2025 11:42:24 UTC] PHP Fatal error:  Uncaught TypeError: Illegal offset type in isset or empty in F:\os\OSPanel\domains\land.kiavi\wp-content\plugins\landvent-manager-panel\core\functions\get-colums-data.php:106
Stack trace:
#0 F:\os\OSPanel\domains\land.kiavi\wp-includes\class-wp-hook.php(324): wpp_field_value()
#1 F:\os\OSPanel\domains\land.kiavi\wp-includes\plugin.php(205): WP_Hook->apply_filters()
#2 F:\os\OSPanel\domains\land.kiavi\wp-content\plugins\wpp-field-builder-manager\includes\class-wpp-form-field.php(61): apply_filters()
#3 F:\os\OSPanel\domains\land.kiavi\wp-content\plugins\wpp-field-builder-manager\fields\repeater\WPP_Repeater_Field.php(15): WPP_Form_Field->__construct()
#4 F:\os\OSPanel\domains\land.kiavi\wp-content\plugins\landvent-manager-panel\core\config\property-details.php(777): WPP_Repeater_Field->__construct()
#5 F:\os\OSPanel\domains\land.kiavi\wp-content\plugins\wpp-field-builder-manager\fields\accordion\WPP_Accordion_Field.php(74): {closure}()
#6 F:\os\OSPanel\domains\land.kiavi\wp-content\plugins\landvent-manager-panel\core\config\property-details.php(821): WPP_Accordion_Field->render()
#7 F:\os\OSPanel\domains\land.kiavi\wp-content\plugins\landvent-manager-panel\core\config\property-details.php(913): wpp_step_config_property_details()
#8 F:\os\OSPanel\domains\land.kiavi\wp-content\plugins\wpp-field-builder-manager\fields\accordion\WPP_Accordion_Field.php(74): {closure}()
#9 F:\os\OSPanel\domains\land.kiavi\wp-content\plugins\landvent-manager-panel\core\config\property-details.php(924): WPP_Accordion_Field->render()
#10 F:\os\OSPanel\domains\land.kiavi\wp-includes\class-wp-hook.php(324): wpp_term_property_details()
#11 F:\os\OSPanel\domains\land.kiavi\wp-includes\class-wp-hook.php(348): WP_Hook->apply_filters()
#12 F:\os\OSPanel\domains\land.kiavi\wp-includes\plugin.php(517): WP_Hook->do_action()
#13 F:\os\OSPanel\domains\land.kiavi\wp-content\plugins\landvent-manager-panel\public\templates\single-loan.php(210): do_action()
#14 F:\os\OSPanel\domains\land.kiavi\wp-includes\template-loader.php(106): include('F:\\os\\OSPanel\\d...')
#15 F:\os\OSPanel\domains\land.kiavi\wp-blog-header.php(19): require_once('F:\\os\\OSPanel\\d...')
#16 F:\os\OSPanel\domains\land.kiavi\index.php(17): require('F:\\os\\OSPanel\\d...')
#17 {main}
  thrown in F:\os\OSPanel\domains\land.kiavi\wp-content\plugins\landvent-manager-panel\core\functions\get-colums-data.php on line 106
[27-Jul-2025 11:42:33 UTC] PHP Warning:  foreach() argument must be of type array|object, string given in F:\os\OSPanel\domains\land.kiavi\wp-content\plugins\wpp-loan-application\includes\functions\wpp-helper.php on line 189
[27-Jul-2025 11:42:34 UTC] PHP Warning:  Undefined array key "icon" in F:\os\OSPanel\domains\land.kiavi\wp-content\plugins\landvent-manager-panel\core\functions\navs.php on line 102
[27-Jul-2025 11:42:34 UTC] PHP Warning:  Undefined array key "icon" in F:\os\OSPanel\domains\land.kiavi\wp-content\plugins\landvent-manager-panel\core\functions\navs.php on line 102
[27-Jul-2025 11:42:34 UTC] PHP Warning:  Undefined array key "icon" in F:\os\OSPanel\domains\land.kiavi\wp-content\plugins\landvent-manager-panel\core\functions\navs.php on line 102
[27-Jul-2025 11:42:34 UTC] PHP Warning:  Undefined array key "icon" in F:\os\OSPanel\domains\land.kiavi\wp-content\plugins\landvent-manager-panel\core\functions\navs.php on line 102
[27-Jul-2025 11:42:34 UTC] PHP Warning:  Undefined array key "icon" in F:\os\OSPanel\domains\land.kiavi\wp-content\plugins\landvent-manager-panel\core\functions\navs.php on line 102
[27-Jul-2025 11:42:34 UTC] PHP Warning:  Undefined array key "icon" in F:\os\OSPanel\domains\land.kiavi\wp-content\plugins\landvent-manager-panel\core\functions\navs.php on line 102
[27-Jul-2025 11:42:34 UTC] PHP Warning:  Undefined array key "icon" in F:\os\OSPanel\domains\land.kiavi\wp-content\plugins\landvent-manager-panel\core\functions\navs.php on line 102
[27-Jul-2025 11:42:34 UTC] PHP Warning:  Undefined array key "icon" in F:\os\OSPanel\domains\land.kiavi\wp-content\plugins\landvent-manager-panel\core\functions\navs.php on line 102
[27-Jul-2025 11:42:34 UTC] PHP Warning:  Undefined array key "icon" in F:\os\OSPanel\domains\land.kiavi\wp-content\plugins\landvent-manager-panel\core\functions\navs.php on line 102
[27-Jul-2025 11:42:34 UTC] PHP Warning:  Undefined array key "icon" in F:\os\OSPanel\domains\land.kiavi\wp-content\plugins\landvent-manager-panel\core\functions\navs.php on line 102
[27-Jul-2025 11:42:34 UTC] PHP Warning:  Undefined array key "icon" in F:\os\OSPanel\domains\land.kiavi\wp-content\plugins\landvent-manager-panel\core\functions\navs.php on line 102
[27-Jul-2025 11:42:34 UTC] PHP Warning:  Undefined array key "icon" in F:\os\OSPanel\domains\land.kiavi\wp-content\plugins\landvent-manager-panel\core\functions\navs.php on line 102
[27-Jul-2025 11:42:34 UTC] PHP Warning:  Undefined array key "icon" in F:\os\OSPanel\domains\land.kiavi\wp-content\plugins\landvent-manager-panel\core\functions\navs.php on line 102
[27-Jul-2025 11:42:34 UTC] PHP Warning:  Undefined array key "default" in F:\os\OSPanel\domains\land.kiavi\wp-content\plugins\wpp-field-builder-manager\includes\class-wpp-form-field.php on line 61
[27-Jul-2025 11:42:34 UTC] PHP Warning:  Undefined array key "default" in F:\os\OSPanel\domains\land.kiavi\wp-content\plugins\wpp-field-builder-manager\includes\class-wpp-form-field.php on line 61
[27-Jul-2025 11:42:34 UTC] PHP Warning:  Undefined array key "default" in F:\os\OSPanel\domains\land.kiavi\wp-content\plugins\wpp-field-builder-manager\includes\class-wpp-form-field.php on line 61
[27-Jul-2025 11:42:34 UTC] PHP Warning:  Undefined array key "default" in F:\os\OSPanel\domains\land.kiavi\wp-content\plugins\wpp-field-builder-manager\includes\class-wpp-form-field.php on line 61
[27-Jul-2025 11:42:34 UTC] PHP Warning:  Undefined array key "default" in F:\os\OSPanel\domains\land.kiavi\wp-content\plugins\wpp-field-builder-manager\includes\class-wpp-form-field.php on line 61
[27-Jul-2025 11:42:34 UTC] PHP Warning:  Undefined array key "default" in F:\os\OSPanel\domains\land.kiavi\wp-content\plugins\wpp-field-builder-manager\includes\class-wpp-form-field.php on line 61
[27-Jul-2025 11:42:34 UTC] PHP Warning:  Undefined array key "default" in F:\os\OSPanel\domains\land.kiavi\wp-content\plugins\wpp-field-builder-manager\includes\class-wpp-form-field.php on line 61
[27-Jul-2025 11:42:34 UTC] PHP Warning:  Undefined array key "default" in F:\os\OSPanel\domains\land.kiavi\wp-content\plugins\wpp-field-builder-manager\includes\class-wpp-form-field.php on line 61
[27-Jul-2025 11:42:34 UTC] PHP Warning:  foreach() argument must be of type array|object, string given in F:\os\OSPanel\domains\land.kiavi\wp-content\plugins\landvent-manager-panel\core\config\applicant-info.php on line 258
[27-Jul-2025 11:42:34 UTC] PHP Warning:  Undefined array key "default" in F:\os\OSPanel\domains\land.kiavi\wp-content\plugins\wpp-field-builder-manager\includes\class-wpp-form-field.php on line 61
[27-Jul-2025 11:42:34 UTC] PHP Warning:  Undefined array key "default" in F:\os\OSPanel\domains\land.kiavi\wp-content\plugins\wpp-field-builder-manager\includes\class-wpp-form-field.php on line 61
[27-Jul-2025 11:42:34 UTC] PHP Warning:  Undefined array key "default" in F:\os\OSPanel\domains\land.kiavi\wp-content\plugins\wpp-field-builder-manager\includes\class-wpp-form-field.php on line 61
[27-Jul-2025 11:42:34 UTC] PHP Warning:  Undefined array key "default" in F:\os\OSPanel\domains\land.kiavi\wp-content\plugins\wpp-field-builder-manager\includes\class-wpp-form-field.php on line 61
[27-Jul-2025 11:42:34 UTC] PHP Warning:  Undefined array key "default" in F:\os\OSPanel\domains\land.kiavi\wp-content\plugins\wpp-field-builder-manager\includes\class-wpp-form-field.php on line 61
[27-Jul-2025 11:42:34 UTC] PHP Warning:  Undefined array key "default" in F:\os\OSPanel\domains\land.kiavi\wp-content\plugins\wpp-field-builder-manager\includes\class-wpp-form-field.php on line 61
[27-Jul-2025 11:42:34 UTC] PHP Warning:  Undefined array key "default" in F:\os\OSPanel\domains\land.kiavi\wp-content\plugins\wpp-field-builder-manager\includes\class-wpp-form-field.php on line 61
[27-Jul-2025 11:42:34 UTC] PHP Warning:  Undefined array key "default" in F:\os\OSPanel\domains\land.kiavi\wp-content\plugins\wpp-field-builder-manager\includes\class-wpp-form-field.php on line 61
[27-Jul-2025 11:42:34 UTC] PHP Fatal error:  Uncaught TypeError: Illegal offset type in isset or empty in F:\os\OSPanel\domains\land.kiavi\wp-content\plugins\landvent-manager-panel\core\functions\get-colums-data.php:106
Stack trace:
#0 F:\os\OSPanel\domains\land.kiavi\wp-includes\class-wp-hook.php(324): wpp_field_value()
#1 F:\os\OSPanel\domains\land.kiavi\wp-includes\plugin.php(205): WP_Hook->apply_filters()
#2 F:\os\OSPanel\domains\land.kiavi\wp-content\plugins\wpp-field-builder-manager\includes\class-wpp-form-field.php(61): apply_filters()
#3 F:\os\OSPanel\domains\land.kiavi\wp-content\plugins\wpp-field-builder-manager\fields\repeater\WPP_Repeater_Field.php(15): WPP_Form_Field->__construct()
#4 F:\os\OSPanel\domains\land.kiavi\wp-content\plugins\landvent-manager-panel\core\config\property-details.php(777): WPP_Repeater_Field->__construct()
#5 F:\os\OSPanel\domains\land.kiavi\wp-content\plugins\wpp-field-builder-manager\fields\accordion\WPP_Accordion_Field.php(74): {closure}()
#6 F:\os\OSPanel\domains\land.kiavi\wp-content\plugins\landvent-manager-panel\core\config\property-details.php(821): WPP_Accordion_Field->render()
#7 F:\os\OSPanel\domains\land.kiavi\wp-content\plugins\landvent-manager-panel\core\config\property-details.php(913): wpp_step_config_property_details()
#8 F:\os\OSPanel\domains\land.kiavi\wp-content\plugins\wpp-field-builder-manager\fields\accordion\WPP_Accordion_Field.php(74): {closure}()
#9 F:\os\OSPanel\domains\land.kiavi\wp-content\plugins\landvent-manager-panel\core\config\property-details.php(924): WPP_Accordion_Field->render()
#10 F:\os\OSPanel\domains\land.kiavi\wp-includes\class-wp-hook.php(324): wpp_term_property_details()
#11 F:\os\OSPanel\domains\land.kiavi\wp-includes\class-wp-hook.php(348): WP_Hook->apply_filters()
#12 F:\os\OSPanel\domains\land.kiavi\wp-includes\plugin.php(517): WP_Hook->do_action()
#13 F:\os\OSPanel\domains\land.kiavi\wp-content\plugins\landvent-manager-panel\public\templates\single-loan.php(210): do_action()
#14 F:\os\OSPanel\domains\land.kiavi\wp-includes\template-loader.php(106): include('F:\\os\\OSPanel\\d...')
#15 F:\os\OSPanel\domains\land.kiavi\wp-blog-header.php(19): require_once('F:\\os\\OSPanel\\d...')
#16 F:\os\OSPanel\domains\land.kiavi\index.php(17): require('F:\\os\\OSPanel\\d...')
#17 {main}
  thrown in F:\os\OSPanel\domains\land.kiavi\wp-content\plugins\landvent-manager-panel\core\functions\get-colums-data.php on line 106
[27-Jul-2025 11:43:02 UTC] PHP Warning:  foreach() argument must be of type array|object, string given in F:\os\OSPanel\domains\land.kiavi\wp-content\plugins\wpp-loan-application\includes\functions\wpp-helper.php on line 189
[27-Jul-2025 11:43:02 UTC] PHP Warning:  Undefined array key "icon" in F:\os\OSPanel\domains\land.kiavi\wp-content\plugins\landvent-manager-panel\core\functions\navs.php on line 102
[27-Jul-2025 11:43:02 UTC] PHP Warning:  Undefined array key "icon" in F:\os\OSPanel\domains\land.kiavi\wp-content\plugins\landvent-manager-panel\core\functions\navs.php on line 102
[27-Jul-2025 11:43:02 UTC] PHP Warning:  Undefined array key "icon" in F:\os\OSPanel\domains\land.kiavi\wp-content\plugins\landvent-manager-panel\core\functions\navs.php on line 102
[27-Jul-2025 11:43:02 UTC] PHP Warning:  Undefined array key "icon" in F:\os\OSPanel\domains\land.kiavi\wp-content\plugins\landvent-manager-panel\core\functions\navs.php on line 102
[27-Jul-2025 11:43:02 UTC] PHP Warning:  Undefined array key "icon" in F:\os\OSPanel\domains\land.kiavi\wp-content\plugins\landvent-manager-panel\core\functions\navs.php on line 102
[27-Jul-2025 11:43:02 UTC] PHP Warning:  Undefined array key "icon" in F:\os\OSPanel\domains\land.kiavi\wp-content\plugins\landvent-manager-panel\core\functions\navs.php on line 102
[27-Jul-2025 11:43:02 UTC] PHP Warning:  Undefined array key "icon" in F:\os\OSPanel\domains\land.kiavi\wp-content\plugins\landvent-manager-panel\core\functions\navs.php on line 102
[27-Jul-2025 11:43:02 UTC] PHP Warning:  Undefined array key "icon" in F:\os\OSPanel\domains\land.kiavi\wp-content\plugins\landvent-manager-panel\core\functions\navs.php on line 102
[27-Jul-2025 11:43:02 UTC] PHP Warning:  Undefined array key "icon" in F:\os\OSPanel\domains\land.kiavi\wp-content\plugins\landvent-manager-panel\core\functions\navs.php on line 102
[27-Jul-2025 11:43:02 UTC] PHP Warning:  Undefined array key "icon" in F:\os\OSPanel\domains\land.kiavi\wp-content\plugins\landvent-manager-panel\core\functions\navs.php on line 102
[27-Jul-2025 11:43:02 UTC] PHP Warning:  Undefined array key "icon" in F:\os\OSPanel\domains\land.kiavi\wp-content\plugins\landvent-manager-panel\core\functions\navs.php on line 102
[27-Jul-2025 11:43:02 UTC] PHP Warning:  Undefined array key "icon" in F:\os\OSPanel\domains\land.kiavi\wp-content\plugins\landvent-manager-panel\core\functions\navs.php on line 102
[27-Jul-2025 11:43:02 UTC] PHP Warning:  Undefined array key "icon" in F:\os\OSPanel\domains\land.kiavi\wp-content\plugins\landvent-manager-panel\core\functions\navs.php on line 102
[27-Jul-2025 11:43:02 UTC] PHP Warning:  foreach() argument must be of type array|object, string given in F:\os\OSPanel\domains\land.kiavi\wp-content\plugins\landvent-manager-panel\core\config\applicant-info.php on line 258
[27-Jul-2025 11:43:02 UTC] PHP Warning:  foreach() argument must be of type array|object, string given in F:\os\OSPanel\domains\land.kiavi\wp-content\plugins\landvent-manager-panel\core\config\property-details.php on line 807
[27-Jul-2025 11:43:02 UTC] PHP Warning:  foreach() argument must be of type array|object, string given in F:\os\OSPanel\domains\land.kiavi\wp-content\plugins\landvent-manager-panel\core\config\property-details.php on line 913
[27-Jul-2025 11:44:29 UTC] PHP Warning:  foreach() argument must be of type array|object, string given in F:\os\OSPanel\domains\land.kiavi\wp-content\plugins\wpp-loan-application\includes\functions\wpp-helper.php on line 189
[27-Jul-2025 11:44:29 UTC] PHP Warning:  Undefined array key "icon" in F:\os\OSPanel\domains\land.kiavi\wp-content\plugins\landvent-manager-panel\core\functions\navs.php on line 102
[27-Jul-2025 11:44:29 UTC] PHP Warning:  Undefined array key "icon" in F:\os\OSPanel\domains\land.kiavi\wp-content\plugins\landvent-manager-panel\core\functions\navs.php on line 102
[27-Jul-2025 11:44:29 UTC] PHP Warning:  Undefined array key "icon" in F:\os\OSPanel\domains\land.kiavi\wp-content\plugins\landvent-manager-panel\core\functions\navs.php on line 102
[27-Jul-2025 11:44:29 UTC] PHP Warning:  Undefined array key "icon" in F:\os\OSPanel\domains\land.kiavi\wp-content\plugins\landvent-manager-panel\core\functions\navs.php on line 102
[27-Jul-2025 11:44:29 UTC] PHP Warning:  Undefined array key "icon" in F:\os\OSPanel\domains\land.kiavi\wp-content\plugins\landvent-manager-panel\core\functions\navs.php on line 102
[27-Jul-2025 11:44:29 UTC] PHP Warning:  Undefined array key "icon" in F:\os\OSPanel\domains\land.kiavi\wp-content\plugins\landvent-manager-panel\core\functions\navs.php on line 102
[27-Jul-2025 11:44:29 UTC] PHP Warning:  Undefined array key "icon" in F:\os\OSPanel\domains\land.kiavi\wp-content\plugins\landvent-manager-panel\core\functions\navs.php on line 102
[27-Jul-2025 11:44:29 UTC] PHP Warning:  Undefined array key "icon" in F:\os\OSPanel\domains\land.kiavi\wp-content\plugins\landvent-manager-panel\core\functions\navs.php on line 102
[27-Jul-2025 11:44:29 UTC] PHP Warning:  Undefined array key "icon" in F:\os\OSPanel\domains\land.kiavi\wp-content\plugins\landvent-manager-panel\core\functions\navs.php on line 102
[27-Jul-2025 11:44:29 UTC] PHP Warning:  Undefined array key "icon" in F:\os\OSPanel\domains\land.kiavi\wp-content\plugins\landvent-manager-panel\core\functions\navs.php on line 102
[27-Jul-2025 11:44:29 UTC] PHP Warning:  Undefined array key "icon" in F:\os\OSPanel\domains\land.kiavi\wp-content\plugins\landvent-manager-panel\core\functions\navs.php on line 102
[27-Jul-2025 11:44:29 UTC] PHP Warning:  Undefined array key "icon" in F:\os\OSPanel\domains\land.kiavi\wp-content\plugins\landvent-manager-panel\core\functions\navs.php on line 102
[27-Jul-2025 11:44:29 UTC] PHP Warning:  Undefined array key "icon" in F:\os\OSPanel\domains\land.kiavi\wp-content\plugins\landvent-manager-panel\core\functions\navs.php on line 102
[27-Jul-2025 11:44:29 UTC] PHP Warning:  foreach() argument must be of type array|object, string given in F:\os\OSPanel\domains\land.kiavi\wp-content\plugins\landvent-manager-panel\core\config\applicant-info.php on line 258
[27-Jul-2025 11:44:29 UTC] PHP Warning:  foreach() argument must be of type array|object, string given in F:\os\OSPanel\domains\land.kiavi\wp-content\plugins\landvent-manager-panel\core\config\property-details.php on line 807
[27-Jul-2025 11:44:29 UTC] PHP Warning:  foreach() argument must be of type array|object, string given in F:\os\OSPanel\domains\land.kiavi\wp-content\plugins\landvent-manager-panel\core\config\property-details.php on line 913
[27-Jul-2025 11:44:59 UTC] PHP Warning:  foreach() argument must be of type array|object, string given in F:\os\OSPanel\domains\land.kiavi\wp-content\plugins\wpp-loan-application\includes\functions\wpp-helper.php on line 189
[27-Jul-2025 11:44:59 UTC] PHP Warning:  Undefined array key "icon" in F:\os\OSPanel\domains\land.kiavi\wp-content\plugins\landvent-manager-panel\core\functions\navs.php on line 102
[27-Jul-2025 11:44:59 UTC] PHP Warning:  Undefined array key "icon" in F:\os\OSPanel\domains\land.kiavi\wp-content\plugins\landvent-manager-panel\core\functions\navs.php on line 102
[27-Jul-2025 11:44:59 UTC] PHP Warning:  Undefined array key "icon" in F:\os\OSPanel\domains\land.kiavi\wp-content\plugins\landvent-manager-panel\core\functions\navs.php on line 102
[27-Jul-2025 11:44:59 UTC] PHP Warning:  Undefined array key "icon" in F:\os\OSPanel\domains\land.kiavi\wp-content\plugins\landvent-manager-panel\core\functions\navs.php on line 102
[27-Jul-2025 11:44:59 UTC] PHP Warning:  Undefined array key "icon" in F:\os\OSPanel\domains\land.kiavi\wp-content\plugins\landvent-manager-panel\core\functions\navs.php on line 102
[27-Jul-2025 11:44:59 UTC] PHP Warning:  Undefined array key "icon" in F:\os\OSPanel\domains\land.kiavi\wp-content\plugins\landvent-manager-panel\core\functions\navs.php on line 102
[27-Jul-2025 11:44:59 UTC] PHP Warning:  Undefined array key "icon" in F:\os\OSPanel\domains\land.kiavi\wp-content\plugins\landvent-manager-panel\core\functions\navs.php on line 102
[27-Jul-2025 11:44:59 UTC] PHP Warning:  Undefined array key "icon" in F:\os\OSPanel\domains\land.kiavi\wp-content\plugins\landvent-manager-panel\core\functions\navs.php on line 102
[27-Jul-2025 11:44:59 UTC] PHP Warning:  Undefined array key "icon" in F:\os\OSPanel\domains\land.kiavi\wp-content\plugins\landvent-manager-panel\core\functions\navs.php on line 102
[27-Jul-2025 11:44:59 UTC] PHP Warning:  Undefined array key "icon" in F:\os\OSPanel\domains\land.kiavi\wp-content\plugins\landvent-manager-panel\core\functions\navs.php on line 102
[27-Jul-2025 11:44:59 UTC] PHP Warning:  Undefined array key "icon" in F:\os\OSPanel\domains\land.kiavi\wp-content\plugins\landvent-manager-panel\core\functions\navs.php on line 102
[27-Jul-2025 11:44:59 UTC] PHP Warning:  Undefined array key "icon" in F:\os\OSPanel\domains\land.kiavi\wp-content\plugins\landvent-manager-panel\core\functions\navs.php on line 102
[27-Jul-2025 11:44:59 UTC] PHP Warning:  Undefined array key "icon" in F:\os\OSPanel\domains\land.kiavi\wp-content\plugins\landvent-manager-panel\core\functions\navs.php on line 102
[27-Jul-2025 11:44:59 UTC] PHP Warning:  foreach() argument must be of type array|object, string given in F:\os\OSPanel\domains\land.kiavi\wp-content\plugins\landvent-manager-panel\core\config\applicant-info.php on line 258
[27-Jul-2025 11:44:59 UTC] PHP Warning:  foreach() argument must be of type array|object, string given in F:\os\OSPanel\domains\land.kiavi\wp-content\plugins\landvent-manager-panel\core\config\property-details.php on line 807
[27-Jul-2025 11:44:59 UTC] PHP Warning:  foreach() argument must be of type array|object, string given in F:\os\OSPanel\domains\land.kiavi\wp-content\plugins\landvent-manager-panel\core\config\property-details.php on line 913
[27-Jul-2025 11:47:08 UTC] PHP Warning:  foreach() argument must be of type array|object, string given in F:\os\OSPanel\domains\land.kiavi\wp-content\plugins\wpp-loan-application\includes\functions\wpp-helper.php on line 189
[27-Jul-2025 11:47:08 UTC] PHP Warning:  Undefined array key "icon" in F:\os\OSPanel\domains\land.kiavi\wp-content\plugins\landvent-manager-panel\core\functions\navs.php on line 102
[27-Jul-2025 11:47:08 UTC] PHP Warning:  Undefined array key "icon" in F:\os\OSPanel\domains\land.kiavi\wp-content\plugins\landvent-manager-panel\core\functions\navs.php on line 102
[27-Jul-2025 11:47:08 UTC] PHP Warning:  Undefined array key "icon" in F:\os\OSPanel\domains\land.kiavi\wp-content\plugins\landvent-manager-panel\core\functions\navs.php on line 102
[27-Jul-2025 11:47:08 UTC] PHP Warning:  Undefined array key "icon" in F:\os\OSPanel\domains\land.kiavi\wp-content\plugins\landvent-manager-panel\core\functions\navs.php on line 102
[27-Jul-2025 11:47:08 UTC] PHP Warning:  Undefined array key "icon" in F:\os\OSPanel\domains\land.kiavi\wp-content\plugins\landvent-manager-panel\core\functions\navs.php on line 102
[27-Jul-2025 11:47:08 UTC] PHP Warning:  Undefined array key "icon" in F:\os\OSPanel\domains\land.kiavi\wp-content\plugins\landvent-manager-panel\core\functions\navs.php on line 102
[27-Jul-2025 11:47:08 UTC] PHP Warning:  Undefined array key "icon" in F:\os\OSPanel\domains\land.kiavi\wp-content\plugins\landvent-manager-panel\core\functions\navs.php on line 102
[27-Jul-2025 11:47:08 UTC] PHP Warning:  Undefined array key "icon" in F:\os\OSPanel\domains\land.kiavi\wp-content\plugins\landvent-manager-panel\core\functions\navs.php on line 102
[27-Jul-2025 11:47:08 UTC] PHP Warning:  Undefined array key "icon" in F:\os\OSPanel\domains\land.kiavi\wp-content\plugins\landvent-manager-panel\core\functions\navs.php on line 102
[27-Jul-2025 11:47:08 UTC] PHP Warning:  Undefined array key "icon" in F:\os\OSPanel\domains\land.kiavi\wp-content\plugins\landvent-manager-panel\core\functions\navs.php on line 102
[27-Jul-2025 11:47:08 UTC] PHP Warning:  Undefined array key "icon" in F:\os\OSPanel\domains\land.kiavi\wp-content\plugins\landvent-manager-panel\core\functions\navs.php on line 102
[27-Jul-2025 11:47:08 UTC] PHP Warning:  Undefined array key "icon" in F:\os\OSPanel\domains\land.kiavi\wp-content\plugins\landvent-manager-panel\core\functions\navs.php on line 102
[27-Jul-2025 11:47:08 UTC] PHP Warning:  Undefined array key "icon" in F:\os\OSPanel\domains\land.kiavi\wp-content\plugins\landvent-manager-panel\core\functions\navs.php on line 102
[27-Jul-2025 11:47:08 UTC] PHP Warning:  foreach() argument must be of type array|object, string given in F:\os\OSPanel\domains\land.kiavi\wp-content\plugins\landvent-manager-panel\core\config\applicant-info.php on line 258
[27-Jul-2025 11:47:08 UTC] PHP Warning:  foreach() argument must be of type array|object, string given in F:\os\OSPanel\domains\land.kiavi\wp-content\plugins\landvent-manager-panel\core\config\property-details.php on line 807
[27-Jul-2025 11:47:08 UTC] PHP Warning:  foreach() argument must be of type array|object, string given in F:\os\OSPanel\domains\land.kiavi\wp-content\plugins\landvent-manager-panel\core\config\property-details.php on line 913
[27-Jul-2025 11:49:16 UTC] PHP Warning:  foreach() argument must be of type array|object, string given in F:\os\OSPanel\domains\land.kiavi\wp-content\plugins\wpp-loan-application\includes\functions\wpp-helper.php on line 189
[27-Jul-2025 11:49:16 UTC] PHP Warning:  Undefined array key "icon" in F:\os\OSPanel\domains\land.kiavi\wp-content\plugins\landvent-manager-panel\core\functions\navs.php on line 102
[27-Jul-2025 11:49:16 UTC] PHP Warning:  Undefined array key "icon" in F:\os\OSPanel\domains\land.kiavi\wp-content\plugins\landvent-manager-panel\core\functions\navs.php on line 102
[27-Jul-2025 11:49:16 UTC] PHP Warning:  Undefined array key "icon" in F:\os\OSPanel\domains\land.kiavi\wp-content\plugins\landvent-manager-panel\core\functions\navs.php on line 102
[27-Jul-2025 11:49:16 UTC] PHP Warning:  Undefined array key "icon" in F:\os\OSPanel\domains\land.kiavi\wp-content\plugins\landvent-manager-panel\core\functions\navs.php on line 102
[27-Jul-2025 11:49:16 UTC] PHP Warning:  Undefined array key "icon" in F:\os\OSPanel\domains\land.kiavi\wp-content\plugins\landvent-manager-panel\core\functions\navs.php on line 102
[27-Jul-2025 11:49:16 UTC] PHP Warning:  Undefined array key "icon" in F:\os\OSPanel\domains\land.kiavi\wp-content\plugins\landvent-manager-panel\core\functions\navs.php on line 102
[27-Jul-2025 11:49:16 UTC] PHP Warning:  Undefined array key "icon" in F:\os\OSPanel\domains\land.kiavi\wp-content\plugins\landvent-manager-panel\core\functions\navs.php on line 102
[27-Jul-2025 11:49:16 UTC] PHP Warning:  Undefined array key "icon" in F:\os\OSPanel\domains\land.kiavi\wp-content\plugins\landvent-manager-panel\core\functions\navs.php on line 102
[27-Jul-2025 11:49:16 UTC] PHP Warning:  Undefined array key "icon" in F:\os\OSPanel\domains\land.kiavi\wp-content\plugins\landvent-manager-panel\core\functions\navs.php on line 102
[27-Jul-2025 11:49:16 UTC] PHP Warning:  Undefined array key "icon" in F:\os\OSPanel\domains\land.kiavi\wp-content\plugins\landvent-manager-panel\core\functions\navs.php on line 102
[27-Jul-2025 11:49:16 UTC] PHP Warning:  Undefined array key "icon" in F:\os\OSPanel\domains\land.kiavi\wp-content\plugins\landvent-manager-panel\core\functions\navs.php on line 102
[27-Jul-2025 11:49:16 UTC] PHP Warning:  Undefined array key "icon" in F:\os\OSPanel\domains\land.kiavi\wp-content\plugins\landvent-manager-panel\core\functions\navs.php on line 102
[27-Jul-2025 11:49:16 UTC] PHP Warning:  Undefined array key "icon" in F:\os\OSPanel\domains\land.kiavi\wp-content\plugins\landvent-manager-panel\core\functions\navs.php on line 102
[27-Jul-2025 11:49:16 UTC] PHP Warning:  foreach() argument must be of type array|object, string given in F:\os\OSPanel\domains\land.kiavi\wp-content\plugins\landvent-manager-panel\core\config\applicant-info.php on line 258
[27-Jul-2025 11:49:16 UTC] PHP Warning:  foreach() argument must be of type array|object, string given in F:\os\OSPanel\domains\land.kiavi\wp-content\plugins\landvent-manager-panel\core\config\property-details.php on line 807
[27-Jul-2025 11:49:16 UTC] PHP Warning:  foreach() argument must be of type array|object, string given in F:\os\OSPanel\domains\land.kiavi\wp-content\plugins\landvent-manager-panel\core\config\property-details.php on line 913
[27-Jul-2025 11:50:01 UTC] PHP Warning:  foreach() argument must be of type array|object, string given in F:\os\OSPanel\domains\land.kiavi\wp-content\plugins\wpp-loan-application\includes\functions\wpp-helper.php on line 189
[27-Jul-2025 11:50:01 UTC] PHP Warning:  Undefined array key "icon" in F:\os\OSPanel\domains\land.kiavi\wp-content\plugins\landvent-manager-panel\core\functions\navs.php on line 102
[27-Jul-2025 11:50:01 UTC] PHP Warning:  Undefined array key "icon" in F:\os\OSPanel\domains\land.kiavi\wp-content\plugins\landvent-manager-panel\core\functions\navs.php on line 102
[27-Jul-2025 11:50:01 UTC] PHP Warning:  Undefined array key "icon" in F:\os\OSPanel\domains\land.kiavi\wp-content\plugins\landvent-manager-panel\core\functions\navs.php on line 102
[27-Jul-2025 11:50:01 UTC] PHP Warning:  Undefined array key "icon" in F:\os\OSPanel\domains\land.kiavi\wp-content\plugins\landvent-manager-panel\core\functions\navs.php on line 102
[27-Jul-2025 11:50:01 UTC] PHP Warning:  Undefined array key "icon" in F:\os\OSPanel\domains\land.kiavi\wp-content\plugins\landvent-manager-panel\core\functions\navs.php on line 102
[27-Jul-2025 11:50:01 UTC] PHP Warning:  Undefined array key "icon" in F:\os\OSPanel\domains\land.kiavi\wp-content\plugins\landvent-manager-panel\core\functions\navs.php on line 102
[27-Jul-2025 11:50:01 UTC] PHP Warning:  Undefined array key "icon" in F:\os\OSPanel\domains\land.kiavi\wp-content\plugins\landvent-manager-panel\core\functions\navs.php on line 102
[27-Jul-2025 11:50:01 UTC] PHP Warning:  Undefined array key "icon" in F:\os\OSPanel\domains\land.kiavi\wp-content\plugins\landvent-manager-panel\core\functions\navs.php on line 102
[27-Jul-2025 11:50:01 UTC] PHP Warning:  Undefined array key "icon" in F:\os\OSPanel\domains\land.kiavi\wp-content\plugins\landvent-manager-panel\core\functions\navs.php on line 102
[27-Jul-2025 11:50:01 UTC] PHP Warning:  Undefined array key "icon" in F:\os\OSPanel\domains\land.kiavi\wp-content\plugins\landvent-manager-panel\core\functions\navs.php on line 102
[27-Jul-2025 11:50:01 UTC] PHP Warning:  Undefined array key "icon" in F:\os\OSPanel\domains\land.kiavi\wp-content\plugins\landvent-manager-panel\core\functions\navs.php on line 102
[27-Jul-2025 11:50:01 UTC] PHP Warning:  Undefined array key "icon" in F:\os\OSPanel\domains\land.kiavi\wp-content\plugins\landvent-manager-panel\core\functions\navs.php on line 102
[27-Jul-2025 11:50:01 UTC] PHP Warning:  Undefined array key "icon" in F:\os\OSPanel\domains\land.kiavi\wp-content\plugins\landvent-manager-panel\core\functions\navs.php on line 102
[27-Jul-2025 11:50:01 UTC] PHP Warning:  foreach() argument must be of type array|object, string given in F:\os\OSPanel\domains\land.kiavi\wp-content\plugins\landvent-manager-panel\core\config\applicant-info.php on line 258
[27-Jul-2025 11:50:01 UTC] PHP Warning:  foreach() argument must be of type array|object, string given in F:\os\OSPanel\domains\land.kiavi\wp-content\plugins\landvent-manager-panel\core\config\property-details.php on line 807
[27-Jul-2025 11:50:01 UTC] PHP Warning:  foreach() argument must be of type array|object, string given in F:\os\OSPanel\domains\land.kiavi\wp-content\plugins\landvent-manager-panel\core\config\property-details.php on line 913
[27-Jul-2025 11:50:28 UTC] PHP Warning:  foreach() argument must be of type array|object, string given in F:\os\OSPanel\domains\land.kiavi\wp-content\plugins\wpp-loan-application\includes\functions\wpp-helper.php on line 189
[27-Jul-2025 11:50:28 UTC] PHP Warning:  Undefined array key "icon" in F:\os\OSPanel\domains\land.kiavi\wp-content\plugins\landvent-manager-panel\core\functions\navs.php on line 102
[27-Jul-2025 11:50:28 UTC] PHP Warning:  Undefined array key "icon" in F:\os\OSPanel\domains\land.kiavi\wp-content\plugins\landvent-manager-panel\core\functions\navs.php on line 102
[27-Jul-2025 11:50:28 UTC] PHP Warning:  Undefined array key "icon" in F:\os\OSPanel\domains\land.kiavi\wp-content\plugins\landvent-manager-panel\core\functions\navs.php on line 102
[27-Jul-2025 11:50:28 UTC] PHP Warning:  Undefined array key "icon" in F:\os\OSPanel\domains\land.kiavi\wp-content\plugins\landvent-manager-panel\core\functions\navs.php on line 102
[27-Jul-2025 11:50:28 UTC] PHP Warning:  Undefined array key "icon" in F:\os\OSPanel\domains\land.kiavi\wp-content\plugins\landvent-manager-panel\core\functions\navs.php on line 102
[27-Jul-2025 11:50:28 UTC] PHP Warning:  Undefined array key "icon" in F:\os\OSPanel\domains\land.kiavi\wp-content\plugins\landvent-manager-panel\core\functions\navs.php on line 102
[27-Jul-2025 11:50:28 UTC] PHP Warning:  Undefined array key "icon" in F:\os\OSPanel\domains\land.kiavi\wp-content\plugins\landvent-manager-panel\core\functions\navs.php on line 102
[27-Jul-2025 11:50:28 UTC] PHP Warning:  Undefined array key "icon" in F:\os\OSPanel\domains\land.kiavi\wp-content\plugins\landvent-manager-panel\core\functions\navs.php on line 102
[27-Jul-2025 11:50:28 UTC] PHP Warning:  Undefined array key "icon" in F:\os\OSPanel\domains\land.kiavi\wp-content\plugins\landvent-manager-panel\core\functions\navs.php on line 102
[27-Jul-2025 11:50:28 UTC] PHP Warning:  Undefined array key "icon" in F:\os\OSPanel\domains\land.kiavi\wp-content\plugins\landvent-manager-panel\core\functions\navs.php on line 102
[27-Jul-2025 11:50:28 UTC] PHP Warning:  Undefined array key "icon" in F:\os\OSPanel\domains\land.kiavi\wp-content\plugins\landvent-manager-panel\core\functions\navs.php on line 102
[27-Jul-2025 11:50:28 UTC] PHP Warning:  Undefined array key "icon" in F:\os\OSPanel\domains\land.kiavi\wp-content\plugins\landvent-manager-panel\core\functions\navs.php on line 102
[27-Jul-2025 11:50:28 UTC] PHP Warning:  Undefined array key "icon" in F:\os\OSPanel\domains\land.kiavi\wp-content\plugins\landvent-manager-panel\core\functions\navs.php on line 102
[27-Jul-2025 11:50:28 UTC] PHP Warning:  foreach() argument must be of type array|object, string given in F:\os\OSPanel\domains\land.kiavi\wp-content\plugins\landvent-manager-panel\core\config\applicant-info.php on line 258
[27-Jul-2025 11:50:28 UTC] PHP Warning:  foreach() argument must be of type array|object, string given in F:\os\OSPanel\domains\land.kiavi\wp-content\plugins\landvent-manager-panel\core\config\property-details.php on line 807
[27-Jul-2025 11:50:28 UTC] PHP Warning:  foreach() argument must be of type array|object, string given in F:\os\OSPanel\domains\land.kiavi\wp-content\plugins\landvent-manager-panel\core\config\property-details.php on line 913
[27-Jul-2025 11:50:50 UTC] PHP Warning:  foreach() argument must be of type array|object, string given in F:\os\OSPanel\domains\land.kiavi\wp-content\plugins\wpp-loan-application\includes\functions\wpp-helper.php on line 189
[27-Jul-2025 11:50:50 UTC] PHP Warning:  Undefined array key "icon" in F:\os\OSPanel\domains\land.kiavi\wp-content\plugins\landvent-manager-panel\core\functions\navs.php on line 102
[27-Jul-2025 11:50:50 UTC] PHP Warning:  Undefined array key "icon" in F:\os\OSPanel\domains\land.kiavi\wp-content\plugins\landvent-manager-panel\core\functions\navs.php on line 102
[27-Jul-2025 11:50:50 UTC] PHP Warning:  Undefined array key "icon" in F:\os\OSPanel\domains\land.kiavi\wp-content\plugins\landvent-manager-panel\core\functions\navs.php on line 102
[27-Jul-2025 11:50:50 UTC] PHP Warning:  Undefined array key "icon" in F:\os\OSPanel\domains\land.kiavi\wp-content\plugins\landvent-manager-panel\core\functions\navs.php on line 102
[27-Jul-2025 11:50:50 UTC] PHP Warning:  Undefined array key "icon" in F:\os\OSPanel\domains\land.kiavi\wp-content\plugins\landvent-manager-panel\core\functions\navs.php on line 102
[27-Jul-2025 11:50:50 UTC] PHP Warning:  Undefined array key "icon" in F:\os\OSPanel\domains\land.kiavi\wp-content\plugins\landvent-manager-panel\core\functions\navs.php on line 102
[27-Jul-2025 11:50:50 UTC] PHP Warning:  Undefined array key "icon" in F:\os\OSPanel\domains\land.kiavi\wp-content\plugins\landvent-manager-panel\core\functions\navs.php on line 102
[27-Jul-2025 11:50:50 UTC] PHP Warning:  Undefined array key "icon" in F:\os\OSPanel\domains\land.kiavi\wp-content\plugins\landvent-manager-panel\core\functions\navs.php on line 102
[27-Jul-2025 11:50:50 UTC] PHP Warning:  Undefined array key "icon" in F:\os\OSPanel\domains\land.kiavi\wp-content\plugins\landvent-manager-panel\core\functions\navs.php on line 102
[27-Jul-2025 11:50:50 UTC] PHP Warning:  Undefined array key "icon" in F:\os\OSPanel\domains\land.kiavi\wp-content\plugins\landvent-manager-panel\core\functions\navs.php on line 102
[27-Jul-2025 11:50:50 UTC] PHP Warning:  Undefined array key "icon" in F:\os\OSPanel\domains\land.kiavi\wp-content\plugins\landvent-manager-panel\core\functions\navs.php on line 102
[27-Jul-2025 11:50:50 UTC] PHP Warning:  Undefined array key "icon" in F:\os\OSPanel\domains\land.kiavi\wp-content\plugins\landvent-manager-panel\core\functions\navs.php on line 102
[27-Jul-2025 11:50:50 UTC] PHP Warning:  Undefined array key "icon" in F:\os\OSPanel\domains\land.kiavi\wp-content\plugins\landvent-manager-panel\core\functions\navs.php on line 102
[27-Jul-2025 11:50:50 UTC] PHP Warning:  foreach() argument must be of type array|object, string given in F:\os\OSPanel\domains\land.kiavi\wp-content\plugins\landvent-manager-panel\core\config\applicant-info.php on line 258
[27-Jul-2025 11:50:50 UTC] PHP Warning:  foreach() argument must be of type array|object, string given in F:\os\OSPanel\domains\land.kiavi\wp-content\plugins\landvent-manager-panel\core\config\property-details.php on line 807
[27-Jul-2025 11:50:50 UTC] PHP Warning:  foreach() argument must be of type array|object, string given in F:\os\OSPanel\domains\land.kiavi\wp-content\plugins\landvent-manager-panel\core\config\property-details.php on line 913
[27-Jul-2025 11:51:12 UTC] PHP Warning:  foreach() argument must be of type array|object, string given in F:\os\OSPanel\domains\land.kiavi\wp-content\plugins\wpp-loan-application\includes\functions\wpp-helper.php on line 189
[27-Jul-2025 11:51:12 UTC] PHP Warning:  Undefined array key "icon" in F:\os\OSPanel\domains\land.kiavi\wp-content\plugins\landvent-manager-panel\core\functions\navs.php on line 102
[27-Jul-2025 11:51:12 UTC] PHP Warning:  Undefined array key "icon" in F:\os\OSPanel\domains\land.kiavi\wp-content\plugins\landvent-manager-panel\core\functions\navs.php on line 102
[27-Jul-2025 11:51:12 UTC] PHP Warning:  Undefined array key "icon" in F:\os\OSPanel\domains\land.kiavi\wp-content\plugins\landvent-manager-panel\core\functions\navs.php on line 102
[27-Jul-2025 11:51:12 UTC] PHP Warning:  Undefined array key "icon" in F:\os\OSPanel\domains\land.kiavi\wp-content\plugins\landvent-manager-panel\core\functions\navs.php on line 102
[27-Jul-2025 11:51:12 UTC] PHP Warning:  Undefined array key "icon" in F:\os\OSPanel\domains\land.kiavi\wp-content\plugins\landvent-manager-panel\core\functions\navs.php on line 102
[27-Jul-2025 11:51:12 UTC] PHP Warning:  Undefined array key "icon" in F:\os\OSPanel\domains\land.kiavi\wp-content\plugins\landvent-manager-panel\core\functions\navs.php on line 102
[27-Jul-2025 11:51:12 UTC] PHP Warning:  Undefined array key "icon" in F:\os\OSPanel\domains\land.kiavi\wp-content\plugins\landvent-manager-panel\core\functions\navs.php on line 102
[27-Jul-2025 11:51:12 UTC] PHP Warning:  Undefined array key "icon" in F:\os\OSPanel\domains\land.kiavi\wp-content\plugins\landvent-manager-panel\core\functions\navs.php on line 102
[27-Jul-2025 11:51:12 UTC] PHP Warning:  Undefined array key "icon" in F:\os\OSPanel\domains\land.kiavi\wp-content\plugins\landvent-manager-panel\core\functions\navs.php on line 102
[27-Jul-2025 11:51:12 UTC] PHP Warning:  Undefined array key "icon" in F:\os\OSPanel\domains\land.kiavi\wp-content\plugins\landvent-manager-panel\core\functions\navs.php on line 102
[27-Jul-2025 11:51:12 UTC] PHP Warning:  Undefined array key "icon" in F:\os\OSPanel\domains\land.kiavi\wp-content\plugins\landvent-manager-panel\core\functions\navs.php on line 102
[27-Jul-2025 11:51:12 UTC] PHP Warning:  Undefined array key "icon" in F:\os\OSPanel\domains\land.kiavi\wp-content\plugins\landvent-manager-panel\core\functions\navs.php on line 102
[27-Jul-2025 11:51:12 UTC] PHP Warning:  Undefined array key "icon" in F:\os\OSPanel\domains\land.kiavi\wp-content\plugins\landvent-manager-panel\core\functions\navs.php on line 102
[27-Jul-2025 11:51:12 UTC] PHP Warning:  Undefined array key "info_block" in F:\os\OSPanel\domains\land.kiavi\wp-content\plugins\landvent-manager-panel\core\functions\get-colums-data.php on line 117
[27-Jul-2025 11:51:12 UTC] PHP Warning:  Undefined array key "applicant_block" in F:\os\OSPanel\domains\land.kiavi\wp-content\plugins\landvent-manager-panel\core\functions\get-colums-data.php on line 117
[27-Jul-2025 11:51:12 UTC] PHP Warning:  Undefined array key "guarantor_block" in F:\os\OSPanel\domains\land.kiavi\wp-content\plugins\landvent-manager-panel\core\functions\get-colums-data.php on line 117
[27-Jul-2025 11:51:12 UTC] PHP Warning:  Undefined array key "bower_info" in F:\os\OSPanel\domains\land.kiavi\wp-content\plugins\landvent-manager-panel\core\functions\get-colums-data.php on line 117
[27-Jul-2025 11:51:12 UTC] PHP Warning:  Undefined array key "bower_ach" in F:\os\OSPanel\domains\land.kiavi\wp-content\plugins\landvent-manager-panel\core\functions\get-colums-data.php on line 117
[27-Jul-2025 11:51:12 UTC] PHP Warning:  Undefined array key "guarantor_info" in F:\os\OSPanel\domains\land.kiavi\wp-content\plugins\landvent-manager-panel\core\functions\get-colums-data.php on line 117
[27-Jul-2025 11:51:12 UTC] PHP Warning:  Undefined array key "guarantor_ach" in F:\os\OSPanel\domains\land.kiavi\wp-content\plugins\landvent-manager-panel\core\functions\get-colums-data.php on line 117
[27-Jul-2025 11:51:12 UTC] PHP Warning:  foreach() argument must be of type array|object, string given in F:\os\OSPanel\domains\land.kiavi\wp-content\plugins\landvent-manager-panel\core\config\applicant-info.php on line 258
[27-Jul-2025 11:51:12 UTC] PHP Warning:  Undefined array key "info_property" in F:\os\OSPanel\domains\land.kiavi\wp-content\plugins\landvent-manager-panel\core\functions\get-colums-data.php on line 117
[27-Jul-2025 11:51:12 UTC] PHP Warning:  Undefined array key "main_property" in F:\os\OSPanel\domains\land.kiavi\wp-content\plugins\landvent-manager-panel\core\functions\get-colums-data.php on line 117
[27-Jul-2025 11:51:12 UTC] PHP Warning:  Undefined array key "existing_mortgages" in F:\os\OSPanel\domains\land.kiavi\wp-content\plugins\landvent-manager-panel\core\functions\get-colums-data.php on line 117
[27-Jul-2025 11:51:12 UTC] PHP Warning:  Undefined array key "other_properties" in F:\os\OSPanel\domains\land.kiavi\wp-content\plugins\landvent-manager-panel\core\functions\get-colums-data.php on line 117
[27-Jul-2025 11:51:12 UTC] PHP Warning:  Undefined array key "insurance" in F:\os\OSPanel\domains\land.kiavi\wp-content\plugins\landvent-manager-panel\core\functions\get-colums-data.php on line 117
[27-Jul-2025 11:51:12 UTC] PHP Warning:  Undefined array key "property_address" in F:\os\OSPanel\domains\land.kiavi\wp-content\plugins\landvent-manager-panel\core\functions\get-colums-data.php on line 117
[27-Jul-2025 11:51:12 UTC] PHP Warning:  Undefined array key "property_note" in F:\os\OSPanel\domains\land.kiavi\wp-content\plugins\landvent-manager-panel\core\functions\get-colums-data.php on line 117
[27-Jul-2025 11:51:12 UTC] PHP Warning:  Undefined array key "user_contacts[0][mortgage_holder]" in F:\os\OSPanel\domains\land.kiavi\wp-content\plugins\landvent-manager-panel\core\functions\get-colums-data.php on line 117
[27-Jul-2025 11:51:12 UTC] PHP Warning:  Undefined array key "user_contacts[0][mortgage_type]" in F:\os\OSPanel\domains\land.kiavi\wp-content\plugins\landvent-manager-panel\core\functions\get-colums-data.php on line 117
[27-Jul-2025 11:51:12 UTC] PHP Warning:  Undefined array key "user_contacts[0][postponed_checkbox]" in F:\os\OSPanel\domains\land.kiavi\wp-content\plugins\landvent-manager-panel\core\functions\get-colums-data.php on line 117
[27-Jul-2025 11:51:12 UTC] PHP Warning:  Undefined array key "user_contacts[0][co_lending_checkbox]" in F:\os\OSPanel\domains\land.kiavi\wp-content\plugins\landvent-manager-panel\core\functions\get-colums-data.php on line 117
[27-Jul-2025 11:51:12 UTC] PHP Warning:  Undefined array key "user_contacts[0][face_value]" in F:\os\OSPanel\domains\land.kiavi\wp-content\plugins\landvent-manager-panel\core\functions\get-colums-data.php on line 117
[27-Jul-2025 11:51:12 UTC] PHP Warning:  Undefined array key "user_contacts[0][balance]" in F:\os\OSPanel\domains\land.kiavi\wp-content\plugins\landvent-manager-panel\core\functions\get-colums-data.php on line 117
[27-Jul-2025 11:51:12 UTC] PHP Warning:  Undefined array key "user_contacts[0][payment]" in F:\os\OSPanel\domains\land.kiavi\wp-content\plugins\landvent-manager-panel\core\functions\get-colums-data.php on line 117
[27-Jul-2025 11:51:12 UTC] PHP Warning:  Undefined array key "user_contacts[0][frequency]" in F:\os\OSPanel\domains\land.kiavi\wp-content\plugins\landvent-manager-panel\core\functions\get-colums-data.php on line 117
[27-Jul-2025 11:51:12 UTC] PHP Warning:  Undefined array key "user_contacts[0][maturity_date]" in F:\os\OSPanel\domains\land.kiavi\wp-content\plugins\landvent-manager-panel\core\functions\get-colums-data.php on line 117
[27-Jul-2025 11:51:12 UTC] PHP Warning:  Undefined array key "user_contacts[0][rate_type]" in F:\os\OSPanel\domains\land.kiavi\wp-content\plugins\landvent-manager-panel\core\functions\get-colums-data.php on line 117
[27-Jul-2025 11:51:12 UTC] PHP Warning:  Undefined array key "user_contacts[0][term_type]" in F:\os\OSPanel\domains\land.kiavi\wp-content\plugins\landvent-manager-panel\core\functions\get-colums-data.php on line 117
[27-Jul-2025 11:51:12 UTC] PHP Warning:  Undefined array key "user_contacts[0][interest_rate]" in F:\os\OSPanel\domains\land.kiavi\wp-content\plugins\landvent-manager-panel\core\functions\get-colums-data.php on line 117
[27-Jul-2025 11:51:12 UTC] PHP Warning:  Undefined array key "user_contacts[0][prepayment_penalty]" in F:\os\OSPanel\domains\land.kiavi\wp-content\plugins\landvent-manager-panel\core\functions\get-colums-data.php on line 117
[27-Jul-2025 11:51:12 UTC] PHP Warning:  Undefined array key "user_contacts[0][in_arrears_checkbox_block]" in F:\os\OSPanel\domains\land.kiavi\wp-content\plugins\landvent-manager-panel\core\functions\get-colums-data.php on line 117
[27-Jul-2025 11:51:12 UTC] PHP Warning:  Undefined array key "user_contacts[1][mortgage_holder]" in F:\os\OSPanel\domains\land.kiavi\wp-content\plugins\landvent-manager-panel\core\functions\get-colums-data.php on line 117
[27-Jul-2025 11:51:12 UTC] PHP Warning:  Undefined array key "user_contacts[1][mortgage_type]" in F:\os\OSPanel\domains\land.kiavi\wp-content\plugins\landvent-manager-panel\core\functions\get-colums-data.php on line 117
[27-Jul-2025 11:51:12 UTC] PHP Warning:  Undefined array key "user_contacts[1][postponed_checkbox]" in F:\os\OSPanel\domains\land.kiavi\wp-content\plugins\landvent-manager-panel\core\functions\get-colums-data.php on line 117
[27-Jul-2025 11:51:12 UTC] PHP Warning:  Undefined array key "user_contacts[1][co_lending_checkbox]" in F:\os\OSPanel\domains\land.kiavi\wp-content\plugins\landvent-manager-panel\core\functions\get-colums-data.php on line 117
[27-Jul-2025 11:51:12 UTC] PHP Warning:  Undefined array key "user_contacts[1][face_value]" in F:\os\OSPanel\domains\land.kiavi\wp-content\plugins\landvent-manager-panel\core\functions\get-colums-data.php on line 117
[27-Jul-2025 11:51:12 UTC] PHP Warning:  Undefined array key "user_contacts[1][balance]" in F:\os\OSPanel\domains\land.kiavi\wp-content\plugins\landvent-manager-panel\core\functions\get-colums-data.php on line 117
[27-Jul-2025 11:51:12 UTC] PHP Warning:  Undefined array key "user_contacts[1][payment]" in F:\os\OSPanel\domains\land.kiavi\wp-content\plugins\landvent-manager-panel\core\functions\get-colums-data.php on line 117
[27-Jul-2025 11:51:12 UTC] PHP Warning:  Undefined array key "user_contacts[1][frequency]" in F:\os\OSPanel\domains\land.kiavi\wp-content\plugins\landvent-manager-panel\core\functions\get-colums-data.php on line 117
[27-Jul-2025 11:51:12 UTC] PHP Warning:  Undefined array key "user_contacts[1][maturity_date]" in F:\os\OSPanel\domains\land.kiavi\wp-content\plugins\landvent-manager-panel\core\functions\get-colums-data.php on line 117
[27-Jul-2025 11:51:12 UTC] PHP Warning:  Undefined array key "user_contacts[1][rate_type]" in F:\os\OSPanel\domains\land.kiavi\wp-content\plugins\landvent-manager-panel\core\functions\get-colums-data.php on line 117
[27-Jul-2025 11:51:12 UTC] PHP Warning:  Undefined array key "user_contacts[1][term_type]" in F:\os\OSPanel\domains\land.kiavi\wp-content\plugins\landvent-manager-panel\core\functions\get-colums-data.php on line 117
[27-Jul-2025 11:51:12 UTC] PHP Warning:  Undefined array key "user_contacts[1][interest_rate]" in F:\os\OSPanel\domains\land.kiavi\wp-content\plugins\landvent-manager-panel\core\functions\get-colums-data.php on line 117
[27-Jul-2025 11:51:12 UTC] PHP Warning:  Undefined array key "user_contacts[1][prepayment_penalty]" in F:\os\OSPanel\domains\land.kiavi\wp-content\plugins\landvent-manager-panel\core\functions\get-colums-data.php on line 117
[27-Jul-2025 11:51:12 UTC] PHP Warning:  Undefined array key "user_contacts[1][in_arrears_checkbox_block]" in F:\os\OSPanel\domains\land.kiavi\wp-content\plugins\landvent-manager-panel\core\functions\get-colums-data.php on line 117
[27-Jul-2025 11:51:12 UTC] PHP Warning:  Undefined array key "user_contacts[__index__][mortgage_holder]" in F:\os\OSPanel\domains\land.kiavi\wp-content\plugins\landvent-manager-panel\core\functions\get-colums-data.php on line 117
[27-Jul-2025 11:51:12 UTC] PHP Warning:  Undefined array key "user_contacts[__index__][mortgage_type]" in F:\os\OSPanel\domains\land.kiavi\wp-content\plugins\landvent-manager-panel\core\functions\get-colums-data.php on line 117
[27-Jul-2025 11:51:12 UTC] PHP Warning:  Undefined array key "user_contacts[__index__][postponed_checkbox]" in F:\os\OSPanel\domains\land.kiavi\wp-content\plugins\landvent-manager-panel\core\functions\get-colums-data.php on line 117
[27-Jul-2025 11:51:12 UTC] PHP Warning:  Undefined array key "user_contacts[__index__][co_lending_checkbox]" in F:\os\OSPanel\domains\land.kiavi\wp-content\plugins\landvent-manager-panel\core\functions\get-colums-data.php on line 117
[27-Jul-2025 11:51:12 UTC] PHP Warning:  Undefined array key "user_contacts[__index__][face_value]" in F:\os\OSPanel\domains\land.kiavi\wp-content\plugins\landvent-manager-panel\core\functions\get-colums-data.php on line 117
[27-Jul-2025 11:51:12 UTC] PHP Warning:  Undefined array key "user_contacts[__index__][balance]" in F:\os\OSPanel\domains\land.kiavi\wp-content\plugins\landvent-manager-panel\core\functions\get-colums-data.php on line 117
[27-Jul-2025 11:51:12 UTC] PHP Warning:  Undefined array key "user_contacts[__index__][payment]" in F:\os\OSPanel\domains\land.kiavi\wp-content\plugins\landvent-manager-panel\core\functions\get-colums-data.php on line 117
[27-Jul-2025 11:51:12 UTC] PHP Warning:  Undefined array key "user_contacts[__index__][frequency]" in F:\os\OSPanel\domains\land.kiavi\wp-content\plugins\landvent-manager-panel\core\functions\get-colums-data.php on line 117
[27-Jul-2025 11:51:12 UTC] PHP Warning:  Undefined array key "user_contacts[__index__][maturity_date]" in F:\os\OSPanel\domains\land.kiavi\wp-content\plugins\landvent-manager-panel\core\functions\get-colums-data.php on line 117
[27-Jul-2025 11:51:12 UTC] PHP Warning:  Undefined array key "user_contacts[__index__][rate_type]" in F:\os\OSPanel\domains\land.kiavi\wp-content\plugins\landvent-manager-panel\core\functions\get-colums-data.php on line 117
[27-Jul-2025 11:51:12 UTC] PHP Warning:  Undefined array key "user_contacts[__index__][term_type]" in F:\os\OSPanel\domains\land.kiavi\wp-content\plugins\landvent-manager-panel\core\functions\get-colums-data.php on line 117
[27-Jul-2025 11:51:12 UTC] PHP Warning:  Undefined array key "user_contacts[__index__][interest_rate]" in F:\os\OSPanel\domains\land.kiavi\wp-content\plugins\landvent-manager-panel\core\functions\get-colums-data.php on line 117
[27-Jul-2025 11:51:12 UTC] PHP Warning:  Undefined array key "user_contacts[__index__][prepayment_penalty]" in F:\os\OSPanel\domains\land.kiavi\wp-content\plugins\landvent-manager-panel\core\functions\get-colums-data.php on line 117
[27-Jul-2025 11:51:12 UTC] PHP Warning:  Undefined array key "user_contacts[__index__][in_arrears_checkbox_block]" in F:\os\OSPanel\domains\land.kiavi\wp-content\plugins\landvent-manager-panel\core\functions\get-colums-data.php on line 117
[27-Jul-2025 11:51:12 UTC] PHP Warning:  Undefined array key "other_info" in F:\os\OSPanel\domains\land.kiavi\wp-content\plugins\landvent-manager-panel\core\functions\get-colums-data.php on line 117
[27-Jul-2025 11:51:12 UTC] PHP Warning:  Undefined array key "other_properties_sep" in F:\os\OSPanel\domains\land.kiavi\wp-content\plugins\landvent-manager-panel\core\functions\get-colums-data.php on line 117
[27-Jul-2025 11:51:12 UTC] PHP Warning:  Undefined array key "monthly_rt" in F:\os\OSPanel\domains\land.kiavi\wp-content\plugins\landvent-manager-panel\core\functions\get-colums-data.php on line 117
[27-Jul-2025 11:51:12 UTC] PHP Warning:  Undefined array key "monthly_sep" in F:\os\OSPanel\domains\land.kiavi\wp-content\plugins\landvent-manager-panel\core\functions\get-colums-data.php on line 117
[27-Jul-2025 11:51:12 UTC] PHP Warning:  Undefined array key "monthly_expenses" in F:\os\OSPanel\domains\land.kiavi\wp-content\plugins\landvent-manager-panel\core\functions\get-colums-data.php on line 117
[27-Jul-2025 11:51:12 UTC] PHP Warning:  Undefined array key "op_fees[0][field_sep]" in F:\os\OSPanel\domains\land.kiavi\wp-content\plugins\landvent-manager-panel\core\functions\get-colums-data.php on line 117
[27-Jul-2025 11:51:12 UTC] PHP Warning:  Undefined array key "op_fees[0][field_1]" in F:\os\OSPanel\domains\land.kiavi\wp-content\plugins\landvent-manager-panel\core\functions\get-colums-data.php on line 117
[27-Jul-2025 11:51:12 UTC] PHP Warning:  Undefined array key "op_fees[0][field_2]" in F:\os\OSPanel\domains\land.kiavi\wp-content\plugins\landvent-manager-panel\core\functions\get-colums-data.php on line 117
[27-Jul-2025 11:51:12 UTC] PHP Warning:  Undefined array key "op_fees[1][field_sep]" in F:\os\OSPanel\domains\land.kiavi\wp-content\plugins\landvent-manager-panel\core\functions\get-colums-data.php on line 117
[27-Jul-2025 11:51:12 UTC] PHP Warning:  Undefined array key "op_fees[1][field_1]" in F:\os\OSPanel\domains\land.kiavi\wp-content\plugins\landvent-manager-panel\core\functions\get-colums-data.php on line 117
[27-Jul-2025 11:51:12 UTC] PHP Warning:  Undefined array key "op_fees[1][field_2]" in F:\os\OSPanel\domains\land.kiavi\wp-content\plugins\landvent-manager-panel\core\functions\get-colums-data.php on line 117
[27-Jul-2025 11:51:12 UTC] PHP Warning:  Undefined array key "op_fees[__index__][field_sep]" in F:\os\OSPanel\domains\land.kiavi\wp-content\plugins\landvent-manager-panel\core\functions\get-colums-data.php on line 117
[27-Jul-2025 11:51:12 UTC] PHP Warning:  Undefined array key "op_fees[__index__][field_1]" in F:\os\OSPanel\domains\land.kiavi\wp-content\plugins\landvent-manager-panel\core\functions\get-colums-data.php on line 117
[27-Jul-2025 11:51:12 UTC] PHP Warning:  Undefined array key "op_fees[__index__][field_2]" in F:\os\OSPanel\domains\land.kiavi\wp-content\plugins\landvent-manager-panel\core\functions\get-colums-data.php on line 117
[27-Jul-2025 11:51:12 UTC] PHP Warning:  Undefined array key "wpp_form_fields_accordion_v" in F:\os\OSPanel\domains\land.kiavi\wp-content\plugins\landvent-manager-panel\core\functions\get-colums-data.php on line 117
[27-Jul-2025 11:51:12 UTC] PHP Warning:  Undefined array key "wpp_form_fields_accordion_d" in F:\os\OSPanel\domains\land.kiavi\wp-content\plugins\landvent-manager-panel\core\functions\get-colums-data.php on line 117
[27-Jul-2025 11:51:12 UTC] PHP Warning:  foreach() argument must be of type array|object, string given in F:\os\OSPanel\domains\land.kiavi\wp-content\plugins\landvent-manager-panel\core\config\property-details.php on line 807
[27-Jul-2025 11:51:12 UTC] PHP Warning:  foreach() argument must be of type array|object, string given in F:\os\OSPanel\domains\land.kiavi\wp-content\plugins\landvent-manager-panel\core\config\property-details.php on line 913
[27-Jul-2025 11:51:12 UTC] PHP Warning:  Undefined array key "advanced_settings" in F:\os\OSPanel\domains\land.kiavi\wp-content\plugins\landvent-manager-panel\core\functions\get-colums-data.php on line 117
[27-Jul-2025 11:51:12 UTC] PHP Warning:  Undefined array key "_monthly_payment" in F:\os\OSPanel\domains\land.kiavi\wp-content\plugins\landvent-manager-panel\core\functions\get-colums-data.php on line 117
[27-Jul-2025 11:51:12 UTC] PHP Warning:  Undefined array key "interest_adjustment" in F:\os\OSPanel\domains\land.kiavi\wp-content\plugins\landvent-manager-panel\core\functions\get-colums-data.php on line 117
[27-Jul-2025 11:51:12 UTC] PHP Warning:  Undefined array key "additional_reserve" in F:\os\OSPanel\domains\land.kiavi\wp-content\plugins\landvent-manager-panel\core\functions\get-colums-data.php on line 117
[27-Jul-2025 11:51:12 UTC] PHP Warning:  Undefined array key "info_fees" in F:\os\OSPanel\domains\land.kiavi\wp-content\plugins\landvent-manager-panel\core\functions\get-colums-data.php on line 117
[27-Jul-2025 11:51:12 UTC] PHP Warning:  Undefined array key "info_payments" in F:\os\OSPanel\domains\land.kiavi\wp-content\plugins\landvent-manager-panel\core\functions\get-colums-data.php on line 117
[27-Jul-2025 11:51:12 UTC] PHP Warning:  Undefined array key "info_conditions" in F:\os\OSPanel\domains\land.kiavi\wp-content\plugins\landvent-manager-panel\core\functions\get-colums-data.php on line 117
[27-Jul-2025 11:51:12 UTC] PHP Warning:  Undefined array key "info_investors" in F:\os\OSPanel\domains\land.kiavi\wp-content\plugins\landvent-manager-panel\core\functions\get-colums-data.php on line 117
[27-Jul-2025 11:51:12 UTC] PHP Warning:  Undefined array key "info_attorney" in F:\os\OSPanel\domains\land.kiavi\wp-content\plugins\landvent-manager-panel\core\functions\get-colums-data.php on line 117
[27-Jul-2025 11:51:12 UTC] PHP Warning:  Undefined array key "info_title_company" in F:\os\OSPanel\domains\land.kiavi\wp-content\plugins\landvent-manager-panel\core\functions\get-colums-data.php on line 117
[27-Jul-2025 11:51:12 UTC] PHP Warning:  Undefined array key "info_required_documents" in F:\os\OSPanel\domains\land.kiavi\wp-content\plugins\landvent-manager-panel\core\functions\get-colums-data.php on line 117
[27-Jul-2025 11:51:12 UTC] PHP Warning:  Undefined array key "info_documents" in F:\os\OSPanel\domains\land.kiavi\wp-content\plugins\landvent-manager-panel\core\functions\get-colums-data.php on line 117
[27-Jul-2025 11:51:12 UTC] PHP Warning:  Undefined array key "project_milestones" in F:\os\OSPanel\domains\land.kiavi\wp-content\plugins\landvent-manager-panel\core\functions\get-colums-data.php on line 117
[27-Jul-2025 11:51:50 UTC] PHP Warning:  foreach() argument must be of type array|object, string given in F:\os\OSPanel\domains\land.kiavi\wp-content\plugins\wpp-loan-application\includes\functions\wpp-helper.php on line 189
[27-Jul-2025 11:51:50 UTC] PHP Warning:  Undefined array key "icon" in F:\os\OSPanel\domains\land.kiavi\wp-content\plugins\landvent-manager-panel\core\functions\navs.php on line 102
[27-Jul-2025 11:51:50 UTC] PHP Warning:  Undefined array key "icon" in F:\os\OSPanel\domains\land.kiavi\wp-content\plugins\landvent-manager-panel\core\functions\navs.php on line 102
[27-Jul-2025 11:51:50 UTC] PHP Warning:  Undefined array key "icon" in F:\os\OSPanel\domains\land.kiavi\wp-content\plugins\landvent-manager-panel\core\functions\navs.php on line 102
[27-Jul-2025 11:51:50 UTC] PHP Warning:  Undefined array key "icon" in F:\os\OSPanel\domains\land.kiavi\wp-content\plugins\landvent-manager-panel\core\functions\navs.php on line 102
[27-Jul-2025 11:51:50 UTC] PHP Warning:  Undefined array key "icon" in F:\os\OSPanel\domains\land.kiavi\wp-content\plugins\landvent-manager-panel\core\functions\navs.php on line 102
[27-Jul-2025 11:51:50 UTC] PHP Warning:  Undefined array key "icon" in F:\os\OSPanel\domains\land.kiavi\wp-content\plugins\landvent-manager-panel\core\functions\navs.php on line 102
[27-Jul-2025 11:51:50 UTC] PHP Warning:  Undefined array key "icon" in F:\os\OSPanel\domains\land.kiavi\wp-content\plugins\landvent-manager-panel\core\functions\navs.php on line 102
[27-Jul-2025 11:51:50 UTC] PHP Warning:  Undefined array key "icon" in F:\os\OSPanel\domains\land.kiavi\wp-content\plugins\landvent-manager-panel\core\functions\navs.php on line 102
[27-Jul-2025 11:51:50 UTC] PHP Warning:  Undefined array key "icon" in F:\os\OSPanel\domains\land.kiavi\wp-content\plugins\landvent-manager-panel\core\functions\navs.php on line 102
[27-Jul-2025 11:51:50 UTC] PHP Warning:  Undefined array key "icon" in F:\os\OSPanel\domains\land.kiavi\wp-content\plugins\landvent-manager-panel\core\functions\navs.php on line 102
[27-Jul-2025 11:51:50 UTC] PHP Warning:  Undefined array key "icon" in F:\os\OSPanel\domains\land.kiavi\wp-content\plugins\landvent-manager-panel\core\functions\navs.php on line 102
[27-Jul-2025 11:51:50 UTC] PHP Warning:  Undefined array key "icon" in F:\os\OSPanel\domains\land.kiavi\wp-content\plugins\landvent-manager-panel\core\functions\navs.php on line 102
[27-Jul-2025 11:51:50 UTC] PHP Warning:  Undefined array key "icon" in F:\os\OSPanel\domains\land.kiavi\wp-content\plugins\landvent-manager-panel\core\functions\navs.php on line 102
[27-Jul-2025 11:51:50 UTC] PHP Warning:  foreach() argument must be of type array|object, string given in F:\os\OSPanel\domains\land.kiavi\wp-content\plugins\landvent-manager-panel\core\config\applicant-info.php on line 258
[27-Jul-2025 11:51:50 UTC] PHP Warning:  foreach() argument must be of type array|object, string given in F:\os\OSPanel\domains\land.kiavi\wp-content\plugins\landvent-manager-panel\core\config\property-details.php on line 807
[27-Jul-2025 11:51:50 UTC] PHP Warning:  foreach() argument must be of type array|object, string given in F:\os\OSPanel\domains\land.kiavi\wp-content\plugins\landvent-manager-panel\core\config\property-details.php on line 913
