[10-Jul-2025 16:24:17 UTC] PHP Warning:  foreach() argument must be of type array|object, string given in F:\os\OSPanel\domains\land.kiavi\wp-content\plugins\wpp-loan-application\includes\functions\wpp-helper.php on line 189
[10-Jul-2025 16:24:17 UTC] PHP Notice:  Function wpdb::prepare was called <strong>incorrectly</strong>. The query argument of wpdb::prepare() must have a placeholder. Please see <a href="https://developer.wordpress.org/advanced-administration/debug/debug-wordpress/">Debugging in WordPress</a> for more information. (This message was added in version 3.9.0.) in F:\os\OSPanel\domains\land.kiavi\wp-includes\functions.php on line 6121
[10-Jul-2025 16:24:17 UTC] PHP Warning:  Undefined property: stdClass::$s2_entity_name in F:\os\OSPanel\domains\land.kiavi\wp-content\plugins\landvent-manager-panel\public\templates\dashboard-template.php on line 61
[10-Jul-2025 16:24:17 UTC] PHP Warning:  Undefined property: stdClass::$s4_purchase_loan_amount in F:\os\OSPanel\domains\land.kiavi\wp-content\plugins\landvent-manager-panel\public\templates\dashboard-template.php on line 70
[10-Jul-2025 16:24:17 UTC] PHP Deprecated:  number_format(): Passing null to parameter #1 ($num) of type float is deprecated in F:\os\OSPanel\domains\land.kiavi\wp-content\plugins\landvent-manager-panel\public\templates\dashboard-template.php on line 70
[10-Jul-2025 16:24:17 UTC] PHP Warning:  Undefined property: stdClass::$s4_purchase_loan_amount in F:\os\OSPanel\domains\land.kiavi\wp-content\plugins\landvent-manager-panel\public\templates\dashboard-template.php on line 75
[10-Jul-2025 16:30:51 UTC] PHP Warning:  foreach() argument must be of type array|object, string given in F:\os\OSPanel\domains\land.kiavi\wp-content\plugins\wpp-loan-application\includes\functions\wpp-helper.php on line 189
[10-Jul-2025 16:30:51 UTC] PHP Notice:  Function wpdb::prepare was called <strong>incorrectly</strong>. The query argument of wpdb::prepare() must have a placeholder. Please see <a href="https://developer.wordpress.org/advanced-administration/debug/debug-wordpress/">Debugging in WordPress</a> for more information. (This message was added in version 3.9.0.) in F:\os\OSPanel\domains\land.kiavi\wp-includes\functions.php on line 6121
[10-Jul-2025 16:30:51 UTC] PHP Warning:  Undefined property: stdClass::$s2_entity_name in F:\os\OSPanel\domains\land.kiavi\wp-content\plugins\landvent-manager-panel\public\templates\dashboard-template.php on line 61
[10-Jul-2025 16:30:51 UTC] PHP Warning:  Undefined property: stdClass::$s4_purchase_loan_amount in F:\os\OSPanel\domains\land.kiavi\wp-content\plugins\landvent-manager-panel\public\templates\dashboard-template.php on line 75
[10-Jul-2025 16:30:51 UTC] PHP Deprecated:  number_format(): Passing null to parameter #1 ($num) of type float is deprecated in F:\os\OSPanel\domains\land.kiavi\wp-content\plugins\landvent-manager-panel\public\templates\dashboard-template.php on line 75
[10-Jul-2025 16:30:51 UTC] PHP Warning:  Undefined property: stdClass::$s4_purchase_loan_amount in F:\os\OSPanel\domains\land.kiavi\wp-content\plugins\landvent-manager-panel\public\templates\dashboard-template.php on line 81
[10-Jul-2025 16:31:02 UTC] PHP Warning:  foreach() argument must be of type array|object, string given in F:\os\OSPanel\domains\land.kiavi\wp-content\plugins\wpp-loan-application\includes\functions\wpp-helper.php on line 189
[10-Jul-2025 16:31:02 UTC] PHP Notice:  Function wpdb::prepare was called <strong>incorrectly</strong>. The query argument of wpdb::prepare() must have a placeholder. Please see <a href="https://developer.wordpress.org/advanced-administration/debug/debug-wordpress/">Debugging in WordPress</a> for more information. (This message was added in version 3.9.0.) in F:\os\OSPanel\domains\land.kiavi\wp-includes\functions.php on line 6121
[10-Jul-2025 16:31:02 UTC] PHP Warning:  Undefined property: stdClass::$s2_entity_name in F:\os\OSPanel\domains\land.kiavi\wp-content\plugins\landvent-manager-panel\public\templates\dashboard-template.php on line 61
[10-Jul-2025 16:31:02 UTC] PHP Warning:  Undefined property: stdClass::$s4_purchase_loan_amount in F:\os\OSPanel\domains\land.kiavi\wp-content\plugins\landvent-manager-panel\public\templates\dashboard-template.php on line 75
[10-Jul-2025 16:31:02 UTC] PHP Deprecated:  number_format(): Passing null to parameter #1 ($num) of type float is deprecated in F:\os\OSPanel\domains\land.kiavi\wp-content\plugins\landvent-manager-panel\public\templates\dashboard-template.php on line 75
[10-Jul-2025 16:31:02 UTC] PHP Warning:  Undefined property: stdClass::$s4_purchase_loan_amount in F:\os\OSPanel\domains\land.kiavi\wp-content\plugins\landvent-manager-panel\public\templates\dashboard-template.php on line 81
[10-Jul-2025 16:32:26 UTC] PHP Warning:  foreach() argument must be of type array|object, string given in F:\os\OSPanel\domains\land.kiavi\wp-content\plugins\wpp-loan-application\includes\functions\wpp-helper.php on line 189
[10-Jul-2025 16:32:26 UTC] PHP Notice:  Function wpdb::prepare was called <strong>incorrectly</strong>. The query argument of wpdb::prepare() must have a placeholder. Please see <a href="https://developer.wordpress.org/advanced-administration/debug/debug-wordpress/">Debugging in WordPress</a> for more information. (This message was added in version 3.9.0.) in F:\os\OSPanel\domains\land.kiavi\wp-includes\functions.php on line 6121
[10-Jul-2025 16:32:26 UTC] PHP Warning:  Undefined property: stdClass::$s2_entity_name in F:\os\OSPanel\domains\land.kiavi\wp-content\plugins\landvent-manager-panel\public\templates\dashboard-template.php on line 61
[10-Jul-2025 16:32:26 UTC] PHP Warning:  Undefined property: stdClass::$s4_purchase_loan_amount in F:\os\OSPanel\domains\land.kiavi\wp-content\plugins\landvent-manager-panel\public\templates\dashboard-template.php on line 75
[10-Jul-2025 16:32:26 UTC] PHP Deprecated:  number_format(): Passing null to parameter #1 ($num) of type float is deprecated in F:\os\OSPanel\domains\land.kiavi\wp-content\plugins\landvent-manager-panel\public\templates\dashboard-template.php on line 75
[10-Jul-2025 16:32:26 UTC] PHP Warning:  Undefined property: stdClass::$s4_purchase_loan_amount in F:\os\OSPanel\domains\land.kiavi\wp-content\plugins\landvent-manager-panel\public\templates\dashboard-template.php on line 81
[10-Jul-2025 16:33:38 UTC] PHP Warning:  foreach() argument must be of type array|object, string given in F:\os\OSPanel\domains\land.kiavi\wp-content\plugins\wpp-loan-application\includes\functions\wpp-helper.php on line 189
[10-Jul-2025 16:33:38 UTC] PHP Notice:  Function wpdb::prepare was called <strong>incorrectly</strong>. The query argument of wpdb::prepare() must have a placeholder. Please see <a href="https://developer.wordpress.org/advanced-administration/debug/debug-wordpress/">Debugging in WordPress</a> for more information. (This message was added in version 3.9.0.) in F:\os\OSPanel\domains\land.kiavi\wp-includes\functions.php on line 6121
[10-Jul-2025 16:33:38 UTC] PHP Warning:  Undefined property: stdClass::$s2_entity_name in F:\os\OSPanel\domains\land.kiavi\wp-content\plugins\landvent-manager-panel\public\templates\dashboard-template.php on line 61
[10-Jul-2025 16:33:38 UTC] PHP Warning:  Undefined property: stdClass::$s4_purchase_loan_amount in F:\os\OSPanel\domains\land.kiavi\wp-content\plugins\landvent-manager-panel\public\templates\dashboard-template.php on line 75
[10-Jul-2025 16:33:38 UTC] PHP Deprecated:  number_format(): Passing null to parameter #1 ($num) of type float is deprecated in F:\os\OSPanel\domains\land.kiavi\wp-content\plugins\landvent-manager-panel\public\templates\dashboard-template.php on line 75
[10-Jul-2025 16:33:38 UTC] PHP Warning:  Undefined property: stdClass::$s4_purchase_loan_amount in F:\os\OSPanel\domains\land.kiavi\wp-content\plugins\landvent-manager-panel\public\templates\dashboard-template.php on line 81
[10-Jul-2025 16:35:08 UTC] PHP Warning:  foreach() argument must be of type array|object, string given in F:\os\OSPanel\domains\land.kiavi\wp-content\plugins\wpp-loan-application\includes\functions\wpp-helper.php on line 189
[10-Jul-2025 16:35:08 UTC] PHP Notice:  Function wpdb::prepare was called <strong>incorrectly</strong>. The query argument of wpdb::prepare() must have a placeholder. Please see <a href="https://developer.wordpress.org/advanced-administration/debug/debug-wordpress/">Debugging in WordPress</a> for more information. (This message was added in version 3.9.0.) in F:\os\OSPanel\domains\land.kiavi\wp-includes\functions.php on line 6121
[10-Jul-2025 16:35:08 UTC] PHP Warning:  Undefined property: stdClass::$s2_entity_name in F:\os\OSPanel\domains\land.kiavi\wp-content\plugins\landvent-manager-panel\public\templates\dashboard-template.php on line 61
[10-Jul-2025 16:35:08 UTC] PHP Warning:  Undefined property: stdClass::$s4_purchase_loan_amount in F:\os\OSPanel\domains\land.kiavi\wp-content\plugins\landvent-manager-panel\public\templates\dashboard-template.php on line 75
[10-Jul-2025 16:35:08 UTC] PHP Deprecated:  number_format(): Passing null to parameter #1 ($num) of type float is deprecated in F:\os\OSPanel\domains\land.kiavi\wp-content\plugins\landvent-manager-panel\public\templates\dashboard-template.php on line 75
[10-Jul-2025 16:35:08 UTC] PHP Warning:  Undefined property: stdClass::$s4_purchase_loan_amount in F:\os\OSPanel\domains\land.kiavi\wp-content\plugins\landvent-manager-panel\public\templates\dashboard-template.php on line 81
[10-Jul-2025 16:37:35 UTC] PHP Warning:  foreach() argument must be of type array|object, string given in F:\os\OSPanel\domains\land.kiavi\wp-content\plugins\wpp-loan-application\includes\functions\wpp-helper.php on line 189
[10-Jul-2025 16:37:35 UTC] PHP Notice:  Function wpdb::prepare was called <strong>incorrectly</strong>. The query argument of wpdb::prepare() must have a placeholder. Please see <a href="https://developer.wordpress.org/advanced-administration/debug/debug-wordpress/">Debugging in WordPress</a> for more information. (This message was added in version 3.9.0.) in F:\os\OSPanel\domains\land.kiavi\wp-includes\functions.php on line 6121
[10-Jul-2025 16:37:35 UTC] PHP Warning:  Undefined property: stdClass::$s2_entity_name in F:\os\OSPanel\domains\land.kiavi\wp-content\plugins\landvent-manager-panel\public\templates\dashboard-template.php on line 61
[10-Jul-2025 16:37:35 UTC] PHP Warning:  Undefined property: stdClass::$s4_purchase_loan_amount in F:\os\OSPanel\domains\land.kiavi\wp-content\plugins\landvent-manager-panel\public\templates\dashboard-template.php on line 76
[10-Jul-2025 16:37:35 UTC] PHP Deprecated:  number_format(): Passing null to parameter #1 ($num) of type float is deprecated in F:\os\OSPanel\domains\land.kiavi\wp-content\plugins\landvent-manager-panel\public\templates\dashboard-template.php on line 76
[10-Jul-2025 16:37:35 UTC] PHP Warning:  Undefined property: stdClass::$s4_purchase_loan_amount in F:\os\OSPanel\domains\land.kiavi\wp-content\plugins\landvent-manager-panel\public\templates\dashboard-template.php on line 87
[10-Jul-2025 16:42:01 UTC] PHP Warning:  foreach() argument must be of type array|object, string given in F:\os\OSPanel\domains\land.kiavi\wp-content\plugins\wpp-loan-application\includes\functions\wpp-helper.php on line 189
[10-Jul-2025 16:42:01 UTC] PHP Notice:  Function wpdb::prepare was called <strong>incorrectly</strong>. The query argument of wpdb::prepare() must have a placeholder. Please see <a href="https://developer.wordpress.org/advanced-administration/debug/debug-wordpress/">Debugging in WordPress</a> for more information. (This message was added in version 3.9.0.) in F:\os\OSPanel\domains\land.kiavi\wp-includes\functions.php on line 6121
[10-Jul-2025 16:42:01 UTC] PHP Warning:  Undefined property: stdClass::$s2_entity_name in F:\os\OSPanel\domains\land.kiavi\wp-content\plugins\landvent-manager-panel\public\templates\dashboard-template.php on line 61
[10-Jul-2025 16:42:01 UTC] PHP Warning:  Undefined property: stdClass::$s4_purchase_loan_amount in F:\os\OSPanel\domains\land.kiavi\wp-content\plugins\landvent-manager-panel\public\templates\dashboard-template.php on line 76
[10-Jul-2025 16:42:01 UTC] PHP Deprecated:  number_format(): Passing null to parameter #1 ($num) of type float is deprecated in F:\os\OSPanel\domains\land.kiavi\wp-content\plugins\landvent-manager-panel\public\templates\dashboard-template.php on line 76
[10-Jul-2025 16:42:01 UTC] PHP Warning:  Undefined property: stdClass::$s4_purchase_loan_amount in F:\os\OSPanel\domains\land.kiavi\wp-content\plugins\landvent-manager-panel\public\templates\dashboard-template.php on line 87
[10-Jul-2025 16:42:57 UTC] PHP Warning:  foreach() argument must be of type array|object, string given in F:\os\OSPanel\domains\land.kiavi\wp-content\plugins\wpp-loan-application\includes\functions\wpp-helper.php on line 189
[10-Jul-2025 16:42:57 UTC] PHP Notice:  Function wpdb::prepare was called <strong>incorrectly</strong>. The query argument of wpdb::prepare() must have a placeholder. Please see <a href="https://developer.wordpress.org/advanced-administration/debug/debug-wordpress/">Debugging in WordPress</a> for more information. (This message was added in version 3.9.0.) in F:\os\OSPanel\domains\land.kiavi\wp-includes\functions.php on line 6121
[10-Jul-2025 16:42:57 UTC] PHP Warning:  Undefined property: stdClass::$s2_entity_name in F:\os\OSPanel\domains\land.kiavi\wp-content\plugins\landvent-manager-panel\public\templates\dashboard-template.php on line 61
[10-Jul-2025 16:42:57 UTC] PHP Warning:  Undefined property: stdClass::$s4_purchase_loan_amount in F:\os\OSPanel\domains\land.kiavi\wp-content\plugins\landvent-manager-panel\public\templates\dashboard-template.php on line 76
[10-Jul-2025 16:42:57 UTC] PHP Deprecated:  number_format(): Passing null to parameter #1 ($num) of type float is deprecated in F:\os\OSPanel\domains\land.kiavi\wp-content\plugins\landvent-manager-panel\public\templates\dashboard-template.php on line 76
[10-Jul-2025 16:42:57 UTC] PHP Warning:  Undefined property: stdClass::$s4_purchase_loan_amount in F:\os\OSPanel\domains\land.kiavi\wp-content\plugins\landvent-manager-panel\public\templates\dashboard-template.php on line 87
[10-Jul-2025 16:45:21 UTC] PHP Warning:  foreach() argument must be of type array|object, string given in F:\os\OSPanel\domains\land.kiavi\wp-content\plugins\wpp-loan-application\includes\functions\wpp-helper.php on line 189
[10-Jul-2025 16:45:21 UTC] PHP Notice:  Function wpdb::prepare was called <strong>incorrectly</strong>. The query argument of wpdb::prepare() must have a placeholder. Please see <a href="https://developer.wordpress.org/advanced-administration/debug/debug-wordpress/">Debugging in WordPress</a> for more information. (This message was added in version 3.9.0.) in F:\os\OSPanel\domains\land.kiavi\wp-includes\functions.php on line 6121
[10-Jul-2025 16:45:21 UTC] PHP Warning:  Undefined property: stdClass::$s2_entity_name in F:\os\OSPanel\domains\land.kiavi\wp-content\plugins\landvent-manager-panel\public\templates\dashboard-template.php on line 61
[10-Jul-2025 16:45:21 UTC] PHP Warning:  Undefined property: stdClass::$s4_purchase_loan_amount in F:\os\OSPanel\domains\land.kiavi\wp-content\plugins\landvent-manager-panel\public\templates\dashboard-template.php on line 76
[10-Jul-2025 16:45:21 UTC] PHP Deprecated:  number_format(): Passing null to parameter #1 ($num) of type float is deprecated in F:\os\OSPanel\domains\land.kiavi\wp-content\plugins\landvent-manager-panel\public\templates\dashboard-template.php on line 76
[10-Jul-2025 16:45:21 UTC] PHP Warning:  Undefined property: stdClass::$s4_purchase_loan_amount in F:\os\OSPanel\domains\land.kiavi\wp-content\plugins\landvent-manager-panel\public\templates\dashboard-template.php on line 87
[10-Jul-2025 16:50:20 UTC] PHP Warning:  foreach() argument must be of type array|object, string given in F:\os\OSPanel\domains\land.kiavi\wp-content\plugins\wpp-loan-application\includes\functions\wpp-helper.php on line 189
[10-Jul-2025 16:50:20 UTC] PHP Notice:  Function wpdb::prepare was called <strong>incorrectly</strong>. The query argument of wpdb::prepare() must have a placeholder. Please see <a href="https://developer.wordpress.org/advanced-administration/debug/debug-wordpress/">Debugging in WordPress</a> for more information. (This message was added in version 3.9.0.) in F:\os\OSPanel\domains\land.kiavi\wp-includes\functions.php on line 6121
[10-Jul-2025 16:50:20 UTC] PHP Warning:  Undefined property: stdClass::$s2_entity_name in F:\os\OSPanel\domains\land.kiavi\wp-content\plugins\landvent-manager-panel\public\templates\dashboard-template.php on line 61
[10-Jul-2025 16:50:20 UTC] PHP Warning:  Undefined property: stdClass::$s4_purchase_loan_amount in F:\os\OSPanel\domains\land.kiavi\wp-content\plugins\landvent-manager-panel\public\templates\dashboard-template.php on line 76
[10-Jul-2025 16:50:20 UTC] PHP Deprecated:  number_format(): Passing null to parameter #1 ($num) of type float is deprecated in F:\os\OSPanel\domains\land.kiavi\wp-content\plugins\landvent-manager-panel\public\templates\dashboard-template.php on line 76
[10-Jul-2025 16:50:20 UTC] PHP Warning:  Undefined property: stdClass::$s4_purchase_loan_amount in F:\os\OSPanel\domains\land.kiavi\wp-content\plugins\landvent-manager-panel\public\templates\dashboard-template.php on line 87
[10-Jul-2025 16:51:20 UTC] PHP Warning:  foreach() argument must be of type array|object, string given in F:\os\OSPanel\domains\land.kiavi\wp-content\plugins\wpp-loan-application\includes\functions\wpp-helper.php on line 189
[10-Jul-2025 16:51:20 UTC] PHP Notice:  Function wpdb::prepare was called <strong>incorrectly</strong>. The query argument of wpdb::prepare() must have a placeholder. Please see <a href="https://developer.wordpress.org/advanced-administration/debug/debug-wordpress/">Debugging in WordPress</a> for more information. (This message was added in version 3.9.0.) in F:\os\OSPanel\domains\land.kiavi\wp-includes\functions.php on line 6121
[10-Jul-2025 16:51:20 UTC] PHP Warning:  Undefined property: stdClass::$s2_entity_name in F:\os\OSPanel\domains\land.kiavi\wp-content\plugins\landvent-manager-panel\public\templates\dashboard-template.php on line 61
[10-Jul-2025 16:51:20 UTC] PHP Warning:  Undefined property: stdClass::$s4_purchase_loan_amount in F:\os\OSPanel\domains\land.kiavi\wp-content\plugins\landvent-manager-panel\public\templates\dashboard-template.php on line 76
[10-Jul-2025 16:51:20 UTC] PHP Deprecated:  number_format(): Passing null to parameter #1 ($num) of type float is deprecated in F:\os\OSPanel\domains\land.kiavi\wp-content\plugins\landvent-manager-panel\public\templates\dashboard-template.php on line 76
[10-Jul-2025 16:51:20 UTC] PHP Warning:  Undefined property: stdClass::$s4_purchase_loan_amount in F:\os\OSPanel\domains\land.kiavi\wp-content\plugins\landvent-manager-panel\public\templates\dashboard-template.php on line 87
[10-Jul-2025 16:56:17 UTC] PHP Warning:  foreach() argument must be of type array|object, string given in F:\os\OSPanel\domains\land.kiavi\wp-content\plugins\wpp-loan-application\includes\functions\wpp-helper.php on line 189
[10-Jul-2025 16:56:17 UTC] PHP Notice:  Function wpdb::prepare was called <strong>incorrectly</strong>. The query argument of wpdb::prepare() must have a placeholder. Please see <a href="https://developer.wordpress.org/advanced-administration/debug/debug-wordpress/">Debugging in WordPress</a> for more information. (This message was added in version 3.9.0.) in F:\os\OSPanel\domains\land.kiavi\wp-includes\functions.php on line 6121
[10-Jul-2025 16:56:17 UTC] PHP Warning:  Undefined property: stdClass::$s2_entity_name in F:\os\OSPanel\domains\land.kiavi\wp-content\plugins\landvent-manager-panel\public\templates\dashboard-template.php on line 61
[10-Jul-2025 16:56:17 UTC] PHP Warning:  Undefined property: stdClass::$s4_purchase_loan_amount in F:\os\OSPanel\domains\land.kiavi\wp-content\plugins\landvent-manager-panel\public\templates\dashboard-template.php on line 76
[10-Jul-2025 16:56:17 UTC] PHP Deprecated:  number_format(): Passing null to parameter #1 ($num) of type float is deprecated in F:\os\OSPanel\domains\land.kiavi\wp-content\plugins\landvent-manager-panel\public\templates\dashboard-template.php on line 76
[10-Jul-2025 16:56:17 UTC] PHP Warning:  Undefined property: stdClass::$s4_purchase_loan_amount in F:\os\OSPanel\domains\land.kiavi\wp-content\plugins\landvent-manager-panel\public\templates\dashboard-template.php on line 87
