[29-Jul-2025 16:03:56 UTC] PHP Warning:  foreach() argument must be of type array|object, string given in F:\os\OSPanel\domains\land.kiavi\wp-content\plugins\wpp-loan-application\includes\functions\wpp-helper.php on line 189
[29-Jul-2025 16:03:56 UTC] PHP Warning:  Undefined array key "icon" in F:\os\OSPanel\domains\land.kiavi\wp-content\plugins\landvent-manager-panel\core\functions\navs.php on line 102
[29-Jul-2025 16:03:56 UTC] PHP Warning:  Undefined array key "icon" in F:\os\OSPanel\domains\land.kiavi\wp-content\plugins\landvent-manager-panel\core\functions\navs.php on line 102
[29-Jul-2025 16:03:56 UTC] PHP Warning:  Undefined array key "icon" in F:\os\OSPanel\domains\land.kiavi\wp-content\plugins\landvent-manager-panel\core\functions\navs.php on line 102
[29-Jul-2025 16:03:56 UTC] PHP Warning:  Undefined array key "icon" in F:\os\OSPanel\domains\land.kiavi\wp-content\plugins\landvent-manager-panel\core\functions\navs.php on line 102
[29-Jul-2025 16:03:56 UTC] PHP Warning:  Undefined array key "icon" in F:\os\OSPanel\domains\land.kiavi\wp-content\plugins\landvent-manager-panel\core\functions\navs.php on line 102
[29-Jul-2025 16:03:56 UTC] PHP Warning:  Undefined array key "icon" in F:\os\OSPanel\domains\land.kiavi\wp-content\plugins\landvent-manager-panel\core\functions\navs.php on line 102
[29-Jul-2025 16:03:56 UTC] PHP Warning:  Undefined array key "icon" in F:\os\OSPanel\domains\land.kiavi\wp-content\plugins\landvent-manager-panel\core\functions\navs.php on line 102
[29-Jul-2025 16:03:56 UTC] PHP Warning:  Undefined array key "icon" in F:\os\OSPanel\domains\land.kiavi\wp-content\plugins\landvent-manager-panel\core\functions\navs.php on line 102
[29-Jul-2025 16:03:56 UTC] PHP Warning:  Undefined array key "icon" in F:\os\OSPanel\domains\land.kiavi\wp-content\plugins\landvent-manager-panel\core\functions\navs.php on line 102
[29-Jul-2025 16:03:56 UTC] PHP Warning:  Undefined array key "icon" in F:\os\OSPanel\domains\land.kiavi\wp-content\plugins\landvent-manager-panel\core\functions\navs.php on line 102
[29-Jul-2025 16:03:56 UTC] PHP Warning:  Undefined array key "icon" in F:\os\OSPanel\domains\land.kiavi\wp-content\plugins\landvent-manager-panel\core\functions\navs.php on line 102
[29-Jul-2025 16:03:56 UTC] PHP Warning:  Undefined array key "icon" in F:\os\OSPanel\domains\land.kiavi\wp-content\plugins\landvent-manager-panel\core\functions\navs.php on line 102
[29-Jul-2025 16:03:56 UTC] PHP Warning:  Undefined array key "icon" in F:\os\OSPanel\domains\land.kiavi\wp-content\plugins\landvent-manager-panel\core\functions\navs.php on line 102
[29-Jul-2025 16:03:56 UTC] PHP Warning:  foreach() argument must be of type array|object, string given in F:\os\OSPanel\domains\land.kiavi\wp-content\plugins\landvent-manager-panel\core\config\applicant-info.php on line 258
[29-Jul-2025 16:03:56 UTC] PHP Warning:  foreach() argument must be of type array|object, string given in F:\os\OSPanel\domains\land.kiavi\wp-content\plugins\landvent-manager-panel\core\config\property-details.php on line 807
[29-Jul-2025 16:03:56 UTC] PHP Warning:  foreach() argument must be of type array|object, string given in F:\os\OSPanel\domains\land.kiavi\wp-content\plugins\landvent-manager-panel\core\config\property-details.php on line 913
[29-Jul-2025 16:07:51 UTC] PHP Warning:  foreach() argument must be of type array|object, string given in F:\os\OSPanel\domains\land.kiavi\wp-content\plugins\wpp-loan-application\includes\functions\wpp-helper.php on line 189
[29-Jul-2025 16:07:51 UTC] PHP Warning:  Undefined array key "icon" in F:\os\OSPanel\domains\land.kiavi\wp-content\plugins\landvent-manager-panel\core\functions\navs.php on line 102
[29-Jul-2025 16:07:51 UTC] PHP Warning:  Undefined array key "icon" in F:\os\OSPanel\domains\land.kiavi\wp-content\plugins\landvent-manager-panel\core\functions\navs.php on line 102
[29-Jul-2025 16:07:51 UTC] PHP Warning:  Undefined array key "icon" in F:\os\OSPanel\domains\land.kiavi\wp-content\plugins\landvent-manager-panel\core\functions\navs.php on line 102
[29-Jul-2025 16:07:51 UTC] PHP Warning:  Undefined array key "icon" in F:\os\OSPanel\domains\land.kiavi\wp-content\plugins\landvent-manager-panel\core\functions\navs.php on line 102
[29-Jul-2025 16:07:51 UTC] PHP Warning:  Undefined array key "icon" in F:\os\OSPanel\domains\land.kiavi\wp-content\plugins\landvent-manager-panel\core\functions\navs.php on line 102
[29-Jul-2025 16:07:51 UTC] PHP Warning:  Undefined array key "icon" in F:\os\OSPanel\domains\land.kiavi\wp-content\plugins\landvent-manager-panel\core\functions\navs.php on line 102
[29-Jul-2025 16:07:51 UTC] PHP Warning:  Undefined array key "icon" in F:\os\OSPanel\domains\land.kiavi\wp-content\plugins\landvent-manager-panel\core\functions\navs.php on line 102
[29-Jul-2025 16:07:51 UTC] PHP Warning:  Undefined array key "icon" in F:\os\OSPanel\domains\land.kiavi\wp-content\plugins\landvent-manager-panel\core\functions\navs.php on line 102
[29-Jul-2025 16:07:51 UTC] PHP Warning:  Undefined array key "icon" in F:\os\OSPanel\domains\land.kiavi\wp-content\plugins\landvent-manager-panel\core\functions\navs.php on line 102
[29-Jul-2025 16:07:51 UTC] PHP Warning:  Undefined array key "icon" in F:\os\OSPanel\domains\land.kiavi\wp-content\plugins\landvent-manager-panel\core\functions\navs.php on line 102
[29-Jul-2025 16:07:51 UTC] PHP Warning:  Undefined array key "icon" in F:\os\OSPanel\domains\land.kiavi\wp-content\plugins\landvent-manager-panel\core\functions\navs.php on line 102
[29-Jul-2025 16:07:51 UTC] PHP Warning:  Undefined array key "icon" in F:\os\OSPanel\domains\land.kiavi\wp-content\plugins\landvent-manager-panel\core\functions\navs.php on line 102
[29-Jul-2025 16:07:51 UTC] PHP Warning:  Undefined array key "icon" in F:\os\OSPanel\domains\land.kiavi\wp-content\plugins\landvent-manager-panel\core\functions\navs.php on line 102
[29-Jul-2025 16:07:51 UTC] PHP Warning:  foreach() argument must be of type array|object, string given in F:\os\OSPanel\domains\land.kiavi\wp-content\plugins\landvent-manager-panel\core\config\applicant-info.php on line 258
[29-Jul-2025 16:07:51 UTC] PHP Warning:  foreach() argument must be of type array|object, string given in F:\os\OSPanel\domains\land.kiavi\wp-content\plugins\landvent-manager-panel\core\config\property-details.php on line 807
[29-Jul-2025 16:07:51 UTC] PHP Warning:  foreach() argument must be of type array|object, string given in F:\os\OSPanel\domains\land.kiavi\wp-content\plugins\landvent-manager-panel\core\config\property-details.php on line 913
[29-Jul-2025 16:08:08 UTC] PHP Warning:  foreach() argument must be of type array|object, string given in F:\os\OSPanel\domains\land.kiavi\wp-content\plugins\wpp-loan-application\includes\functions\wpp-helper.php on line 189
[29-Jul-2025 16:08:08 UTC] PHP Warning:  Undefined array key "icon" in F:\os\OSPanel\domains\land.kiavi\wp-content\plugins\landvent-manager-panel\core\functions\navs.php on line 102
[29-Jul-2025 16:08:08 UTC] PHP Warning:  Undefined array key "icon" in F:\os\OSPanel\domains\land.kiavi\wp-content\plugins\landvent-manager-panel\core\functions\navs.php on line 102
[29-Jul-2025 16:08:08 UTC] PHP Warning:  Undefined array key "icon" in F:\os\OSPanel\domains\land.kiavi\wp-content\plugins\landvent-manager-panel\core\functions\navs.php on line 102
[29-Jul-2025 16:08:08 UTC] PHP Warning:  Undefined array key "icon" in F:\os\OSPanel\domains\land.kiavi\wp-content\plugins\landvent-manager-panel\core\functions\navs.php on line 102
[29-Jul-2025 16:08:08 UTC] PHP Warning:  Undefined array key "icon" in F:\os\OSPanel\domains\land.kiavi\wp-content\plugins\landvent-manager-panel\core\functions\navs.php on line 102
[29-Jul-2025 16:08:08 UTC] PHP Warning:  Undefined array key "icon" in F:\os\OSPanel\domains\land.kiavi\wp-content\plugins\landvent-manager-panel\core\functions\navs.php on line 102
[29-Jul-2025 16:08:08 UTC] PHP Warning:  Undefined array key "icon" in F:\os\OSPanel\domains\land.kiavi\wp-content\plugins\landvent-manager-panel\core\functions\navs.php on line 102
[29-Jul-2025 16:08:08 UTC] PHP Warning:  Undefined array key "icon" in F:\os\OSPanel\domains\land.kiavi\wp-content\plugins\landvent-manager-panel\core\functions\navs.php on line 102
[29-Jul-2025 16:08:08 UTC] PHP Warning:  Undefined array key "icon" in F:\os\OSPanel\domains\land.kiavi\wp-content\plugins\landvent-manager-panel\core\functions\navs.php on line 102
[29-Jul-2025 16:08:08 UTC] PHP Warning:  Undefined array key "icon" in F:\os\OSPanel\domains\land.kiavi\wp-content\plugins\landvent-manager-panel\core\functions\navs.php on line 102
[29-Jul-2025 16:08:08 UTC] PHP Warning:  Undefined array key "icon" in F:\os\OSPanel\domains\land.kiavi\wp-content\plugins\landvent-manager-panel\core\functions\navs.php on line 102
[29-Jul-2025 16:08:08 UTC] PHP Warning:  Undefined array key "icon" in F:\os\OSPanel\domains\land.kiavi\wp-content\plugins\landvent-manager-panel\core\functions\navs.php on line 102
[29-Jul-2025 16:08:08 UTC] PHP Warning:  Undefined array key "icon" in F:\os\OSPanel\domains\land.kiavi\wp-content\plugins\landvent-manager-panel\core\functions\navs.php on line 102
[29-Jul-2025 16:08:08 UTC] PHP Warning:  foreach() argument must be of type array|object, string given in F:\os\OSPanel\domains\land.kiavi\wp-content\plugins\landvent-manager-panel\core\config\applicant-info.php on line 258
[29-Jul-2025 16:08:08 UTC] PHP Warning:  foreach() argument must be of type array|object, string given in F:\os\OSPanel\domains\land.kiavi\wp-content\plugins\landvent-manager-panel\core\config\property-details.php on line 807
[29-Jul-2025 16:08:08 UTC] PHP Warning:  foreach() argument must be of type array|object, string given in F:\os\OSPanel\domains\land.kiavi\wp-content\plugins\landvent-manager-panel\core\config\property-details.php on line 913
[29-Jul-2025 16:08:36 UTC] PHP Warning:  foreach() argument must be of type array|object, string given in F:\os\OSPanel\domains\land.kiavi\wp-content\plugins\wpp-loan-application\includes\functions\wpp-helper.php on line 189
[29-Jul-2025 16:08:36 UTC] PHP Warning:  Undefined array key "icon" in F:\os\OSPanel\domains\land.kiavi\wp-content\plugins\landvent-manager-panel\core\functions\navs.php on line 102
[29-Jul-2025 16:08:36 UTC] PHP Warning:  Undefined array key "icon" in F:\os\OSPanel\domains\land.kiavi\wp-content\plugins\landvent-manager-panel\core\functions\navs.php on line 102
[29-Jul-2025 16:08:36 UTC] PHP Warning:  Undefined array key "icon" in F:\os\OSPanel\domains\land.kiavi\wp-content\plugins\landvent-manager-panel\core\functions\navs.php on line 102
[29-Jul-2025 16:08:36 UTC] PHP Warning:  Undefined array key "icon" in F:\os\OSPanel\domains\land.kiavi\wp-content\plugins\landvent-manager-panel\core\functions\navs.php on line 102
[29-Jul-2025 16:08:36 UTC] PHP Warning:  Undefined array key "icon" in F:\os\OSPanel\domains\land.kiavi\wp-content\plugins\landvent-manager-panel\core\functions\navs.php on line 102
[29-Jul-2025 16:08:36 UTC] PHP Warning:  Undefined array key "icon" in F:\os\OSPanel\domains\land.kiavi\wp-content\plugins\landvent-manager-panel\core\functions\navs.php on line 102
[29-Jul-2025 16:08:36 UTC] PHP Warning:  Undefined array key "icon" in F:\os\OSPanel\domains\land.kiavi\wp-content\plugins\landvent-manager-panel\core\functions\navs.php on line 102
[29-Jul-2025 16:08:36 UTC] PHP Warning:  Undefined array key "icon" in F:\os\OSPanel\domains\land.kiavi\wp-content\plugins\landvent-manager-panel\core\functions\navs.php on line 102
[29-Jul-2025 16:08:36 UTC] PHP Warning:  Undefined array key "icon" in F:\os\OSPanel\domains\land.kiavi\wp-content\plugins\landvent-manager-panel\core\functions\navs.php on line 102
[29-Jul-2025 16:08:36 UTC] PHP Warning:  Undefined array key "icon" in F:\os\OSPanel\domains\land.kiavi\wp-content\plugins\landvent-manager-panel\core\functions\navs.php on line 102
[29-Jul-2025 16:08:36 UTC] PHP Warning:  Undefined array key "icon" in F:\os\OSPanel\domains\land.kiavi\wp-content\plugins\landvent-manager-panel\core\functions\navs.php on line 102
[29-Jul-2025 16:08:36 UTC] PHP Warning:  Undefined array key "icon" in F:\os\OSPanel\domains\land.kiavi\wp-content\plugins\landvent-manager-panel\core\functions\navs.php on line 102
[29-Jul-2025 16:08:36 UTC] PHP Warning:  Undefined array key "icon" in F:\os\OSPanel\domains\land.kiavi\wp-content\plugins\landvent-manager-panel\core\functions\navs.php on line 102
[29-Jul-2025 16:08:36 UTC] PHP Warning:  foreach() argument must be of type array|object, string given in F:\os\OSPanel\domains\land.kiavi\wp-content\plugins\landvent-manager-panel\core\config\applicant-info.php on line 258
[29-Jul-2025 16:08:36 UTC] PHP Warning:  foreach() argument must be of type array|object, string given in F:\os\OSPanel\domains\land.kiavi\wp-content\plugins\landvent-manager-panel\core\config\property-details.php on line 807
[29-Jul-2025 16:08:36 UTC] PHP Warning:  foreach() argument must be of type array|object, string given in F:\os\OSPanel\domains\land.kiavi\wp-content\plugins\landvent-manager-panel\core\config\property-details.php on line 913
[29-Jul-2025 16:08:57 UTC] PHP Warning:  foreach() argument must be of type array|object, string given in F:\os\OSPanel\domains\land.kiavi\wp-content\plugins\wpp-loan-application\includes\functions\wpp-helper.php on line 189
[29-Jul-2025 16:08:57 UTC] PHP Warning:  Undefined array key "icon" in F:\os\OSPanel\domains\land.kiavi\wp-content\plugins\landvent-manager-panel\core\functions\navs.php on line 102
[29-Jul-2025 16:08:57 UTC] PHP Warning:  Undefined array key "icon" in F:\os\OSPanel\domains\land.kiavi\wp-content\plugins\landvent-manager-panel\core\functions\navs.php on line 102
[29-Jul-2025 16:08:57 UTC] PHP Warning:  Undefined array key "icon" in F:\os\OSPanel\domains\land.kiavi\wp-content\plugins\landvent-manager-panel\core\functions\navs.php on line 102
[29-Jul-2025 16:08:57 UTC] PHP Warning:  Undefined array key "icon" in F:\os\OSPanel\domains\land.kiavi\wp-content\plugins\landvent-manager-panel\core\functions\navs.php on line 102
[29-Jul-2025 16:08:57 UTC] PHP Warning:  Undefined array key "icon" in F:\os\OSPanel\domains\land.kiavi\wp-content\plugins\landvent-manager-panel\core\functions\navs.php on line 102
[29-Jul-2025 16:08:57 UTC] PHP Warning:  Undefined array key "icon" in F:\os\OSPanel\domains\land.kiavi\wp-content\plugins\landvent-manager-panel\core\functions\navs.php on line 102
[29-Jul-2025 16:08:57 UTC] PHP Warning:  Undefined array key "icon" in F:\os\OSPanel\domains\land.kiavi\wp-content\plugins\landvent-manager-panel\core\functions\navs.php on line 102
[29-Jul-2025 16:08:57 UTC] PHP Warning:  Undefined array key "icon" in F:\os\OSPanel\domains\land.kiavi\wp-content\plugins\landvent-manager-panel\core\functions\navs.php on line 102
[29-Jul-2025 16:08:57 UTC] PHP Warning:  Undefined array key "icon" in F:\os\OSPanel\domains\land.kiavi\wp-content\plugins\landvent-manager-panel\core\functions\navs.php on line 102
[29-Jul-2025 16:08:57 UTC] PHP Warning:  Undefined array key "icon" in F:\os\OSPanel\domains\land.kiavi\wp-content\plugins\landvent-manager-panel\core\functions\navs.php on line 102
[29-Jul-2025 16:08:57 UTC] PHP Warning:  Undefined array key "icon" in F:\os\OSPanel\domains\land.kiavi\wp-content\plugins\landvent-manager-panel\core\functions\navs.php on line 102
[29-Jul-2025 16:08:57 UTC] PHP Warning:  Undefined array key "icon" in F:\os\OSPanel\domains\land.kiavi\wp-content\plugins\landvent-manager-panel\core\functions\navs.php on line 102
[29-Jul-2025 16:08:57 UTC] PHP Warning:  Undefined array key "icon" in F:\os\OSPanel\domains\land.kiavi\wp-content\plugins\landvent-manager-panel\core\functions\navs.php on line 102
[29-Jul-2025 16:08:57 UTC] PHP Warning:  foreach() argument must be of type array|object, string given in F:\os\OSPanel\domains\land.kiavi\wp-content\plugins\landvent-manager-panel\core\config\applicant-info.php on line 258
[29-Jul-2025 16:08:57 UTC] PHP Warning:  foreach() argument must be of type array|object, string given in F:\os\OSPanel\domains\land.kiavi\wp-content\plugins\landvent-manager-panel\core\config\property-details.php on line 807
[29-Jul-2025 16:08:57 UTC] PHP Warning:  foreach() argument must be of type array|object, string given in F:\os\OSPanel\domains\land.kiavi\wp-content\plugins\landvent-manager-panel\core\config\property-details.php on line 913
[29-Jul-2025 16:09:29 UTC] PHP Warning:  foreach() argument must be of type array|object, string given in F:\os\OSPanel\domains\land.kiavi\wp-content\plugins\wpp-loan-application\includes\functions\wpp-helper.php on line 189
[29-Jul-2025 16:09:29 UTC] PHP Warning:  Undefined array key "icon" in F:\os\OSPanel\domains\land.kiavi\wp-content\plugins\landvent-manager-panel\core\functions\navs.php on line 102
[29-Jul-2025 16:09:29 UTC] PHP Warning:  Undefined array key "icon" in F:\os\OSPanel\domains\land.kiavi\wp-content\plugins\landvent-manager-panel\core\functions\navs.php on line 102
[29-Jul-2025 16:09:29 UTC] PHP Warning:  Undefined array key "icon" in F:\os\OSPanel\domains\land.kiavi\wp-content\plugins\landvent-manager-panel\core\functions\navs.php on line 102
[29-Jul-2025 16:09:29 UTC] PHP Warning:  Undefined array key "icon" in F:\os\OSPanel\domains\land.kiavi\wp-content\plugins\landvent-manager-panel\core\functions\navs.php on line 102
[29-Jul-2025 16:09:29 UTC] PHP Warning:  Undefined array key "icon" in F:\os\OSPanel\domains\land.kiavi\wp-content\plugins\landvent-manager-panel\core\functions\navs.php on line 102
[29-Jul-2025 16:09:29 UTC] PHP Warning:  Undefined array key "icon" in F:\os\OSPanel\domains\land.kiavi\wp-content\plugins\landvent-manager-panel\core\functions\navs.php on line 102
[29-Jul-2025 16:09:29 UTC] PHP Warning:  Undefined array key "icon" in F:\os\OSPanel\domains\land.kiavi\wp-content\plugins\landvent-manager-panel\core\functions\navs.php on line 102
[29-Jul-2025 16:09:29 UTC] PHP Warning:  Undefined array key "icon" in F:\os\OSPanel\domains\land.kiavi\wp-content\plugins\landvent-manager-panel\core\functions\navs.php on line 102
[29-Jul-2025 16:09:29 UTC] PHP Warning:  Undefined array key "icon" in F:\os\OSPanel\domains\land.kiavi\wp-content\plugins\landvent-manager-panel\core\functions\navs.php on line 102
[29-Jul-2025 16:09:29 UTC] PHP Warning:  Undefined array key "icon" in F:\os\OSPanel\domains\land.kiavi\wp-content\plugins\landvent-manager-panel\core\functions\navs.php on line 102
[29-Jul-2025 16:09:29 UTC] PHP Warning:  Undefined array key "icon" in F:\os\OSPanel\domains\land.kiavi\wp-content\plugins\landvent-manager-panel\core\functions\navs.php on line 102
[29-Jul-2025 16:09:29 UTC] PHP Warning:  Undefined array key "icon" in F:\os\OSPanel\domains\land.kiavi\wp-content\plugins\landvent-manager-panel\core\functions\navs.php on line 102
[29-Jul-2025 16:09:29 UTC] PHP Warning:  Undefined array key "icon" in F:\os\OSPanel\domains\land.kiavi\wp-content\plugins\landvent-manager-panel\core\functions\navs.php on line 102
[29-Jul-2025 16:09:29 UTC] PHP Warning:  foreach() argument must be of type array|object, string given in F:\os\OSPanel\domains\land.kiavi\wp-content\plugins\landvent-manager-panel\core\config\applicant-info.php on line 258
[29-Jul-2025 16:09:29 UTC] PHP Warning:  foreach() argument must be of type array|object, string given in F:\os\OSPanel\domains\land.kiavi\wp-content\plugins\landvent-manager-panel\core\config\property-details.php on line 807
[29-Jul-2025 16:09:29 UTC] PHP Warning:  foreach() argument must be of type array|object, string given in F:\os\OSPanel\domains\land.kiavi\wp-content\plugins\landvent-manager-panel\core\config\property-details.php on line 913
[29-Jul-2025 16:11:10 UTC] PHP Warning:  foreach() argument must be of type array|object, string given in F:\os\OSPanel\domains\land.kiavi\wp-content\plugins\wpp-loan-application\includes\functions\wpp-helper.php on line 189
[29-Jul-2025 16:11:10 UTC] PHP Warning:  Undefined array key "icon" in F:\os\OSPanel\domains\land.kiavi\wp-content\plugins\landvent-manager-panel\core\functions\navs.php on line 102
[29-Jul-2025 16:11:10 UTC] PHP Warning:  Undefined array key "icon" in F:\os\OSPanel\domains\land.kiavi\wp-content\plugins\landvent-manager-panel\core\functions\navs.php on line 102
[29-Jul-2025 16:11:10 UTC] PHP Warning:  Undefined array key "icon" in F:\os\OSPanel\domains\land.kiavi\wp-content\plugins\landvent-manager-panel\core\functions\navs.php on line 102
[29-Jul-2025 16:11:10 UTC] PHP Warning:  Undefined array key "icon" in F:\os\OSPanel\domains\land.kiavi\wp-content\plugins\landvent-manager-panel\core\functions\navs.php on line 102
[29-Jul-2025 16:11:10 UTC] PHP Warning:  Undefined array key "icon" in F:\os\OSPanel\domains\land.kiavi\wp-content\plugins\landvent-manager-panel\core\functions\navs.php on line 102
[29-Jul-2025 16:11:10 UTC] PHP Warning:  Undefined array key "icon" in F:\os\OSPanel\domains\land.kiavi\wp-content\plugins\landvent-manager-panel\core\functions\navs.php on line 102
[29-Jul-2025 16:11:10 UTC] PHP Warning:  Undefined array key "icon" in F:\os\OSPanel\domains\land.kiavi\wp-content\plugins\landvent-manager-panel\core\functions\navs.php on line 102
[29-Jul-2025 16:11:10 UTC] PHP Warning:  Undefined array key "icon" in F:\os\OSPanel\domains\land.kiavi\wp-content\plugins\landvent-manager-panel\core\functions\navs.php on line 102
[29-Jul-2025 16:11:10 UTC] PHP Warning:  Undefined array key "icon" in F:\os\OSPanel\domains\land.kiavi\wp-content\plugins\landvent-manager-panel\core\functions\navs.php on line 102
[29-Jul-2025 16:11:10 UTC] PHP Warning:  Undefined array key "icon" in F:\os\OSPanel\domains\land.kiavi\wp-content\plugins\landvent-manager-panel\core\functions\navs.php on line 102
[29-Jul-2025 16:11:10 UTC] PHP Warning:  Undefined array key "icon" in F:\os\OSPanel\domains\land.kiavi\wp-content\plugins\landvent-manager-panel\core\functions\navs.php on line 102
[29-Jul-2025 16:11:10 UTC] PHP Warning:  Undefined array key "icon" in F:\os\OSPanel\domains\land.kiavi\wp-content\plugins\landvent-manager-panel\core\functions\navs.php on line 102
[29-Jul-2025 16:11:10 UTC] PHP Warning:  Undefined array key "icon" in F:\os\OSPanel\domains\land.kiavi\wp-content\plugins\landvent-manager-panel\core\functions\navs.php on line 102
[29-Jul-2025 16:11:10 UTC] PHP Warning:  foreach() argument must be of type array|object, string given in F:\os\OSPanel\domains\land.kiavi\wp-content\plugins\landvent-manager-panel\core\config\applicant-info.php on line 258
[29-Jul-2025 16:11:10 UTC] PHP Warning:  foreach() argument must be of type array|object, string given in F:\os\OSPanel\domains\land.kiavi\wp-content\plugins\landvent-manager-panel\core\config\property-details.php on line 807
[29-Jul-2025 16:11:10 UTC] PHP Warning:  foreach() argument must be of type array|object, string given in F:\os\OSPanel\domains\land.kiavi\wp-content\plugins\landvent-manager-panel\core\config\property-details.php on line 913
[29-Jul-2025 16:11:33 UTC] PHP Warning:  foreach() argument must be of type array|object, string given in F:\os\OSPanel\domains\land.kiavi\wp-content\plugins\wpp-loan-application\includes\functions\wpp-helper.php on line 189
[29-Jul-2025 16:11:33 UTC] PHP Warning:  Undefined array key "icon" in F:\os\OSPanel\domains\land.kiavi\wp-content\plugins\landvent-manager-panel\core\functions\navs.php on line 102
[29-Jul-2025 16:11:33 UTC] PHP Warning:  Undefined array key "icon" in F:\os\OSPanel\domains\land.kiavi\wp-content\plugins\landvent-manager-panel\core\functions\navs.php on line 102
[29-Jul-2025 16:11:33 UTC] PHP Warning:  Undefined array key "icon" in F:\os\OSPanel\domains\land.kiavi\wp-content\plugins\landvent-manager-panel\core\functions\navs.php on line 102
[29-Jul-2025 16:11:33 UTC] PHP Warning:  Undefined array key "icon" in F:\os\OSPanel\domains\land.kiavi\wp-content\plugins\landvent-manager-panel\core\functions\navs.php on line 102
[29-Jul-2025 16:11:33 UTC] PHP Warning:  Undefined array key "icon" in F:\os\OSPanel\domains\land.kiavi\wp-content\plugins\landvent-manager-panel\core\functions\navs.php on line 102
[29-Jul-2025 16:11:33 UTC] PHP Warning:  Undefined array key "icon" in F:\os\OSPanel\domains\land.kiavi\wp-content\plugins\landvent-manager-panel\core\functions\navs.php on line 102
[29-Jul-2025 16:11:33 UTC] PHP Warning:  Undefined array key "icon" in F:\os\OSPanel\domains\land.kiavi\wp-content\plugins\landvent-manager-panel\core\functions\navs.php on line 102
[29-Jul-2025 16:11:33 UTC] PHP Warning:  Undefined array key "icon" in F:\os\OSPanel\domains\land.kiavi\wp-content\plugins\landvent-manager-panel\core\functions\navs.php on line 102
[29-Jul-2025 16:11:33 UTC] PHP Warning:  Undefined array key "icon" in F:\os\OSPanel\domains\land.kiavi\wp-content\plugins\landvent-manager-panel\core\functions\navs.php on line 102
[29-Jul-2025 16:11:33 UTC] PHP Warning:  Undefined array key "icon" in F:\os\OSPanel\domains\land.kiavi\wp-content\plugins\landvent-manager-panel\core\functions\navs.php on line 102
[29-Jul-2025 16:11:33 UTC] PHP Warning:  Undefined array key "icon" in F:\os\OSPanel\domains\land.kiavi\wp-content\plugins\landvent-manager-panel\core\functions\navs.php on line 102
[29-Jul-2025 16:11:33 UTC] PHP Warning:  Undefined array key "icon" in F:\os\OSPanel\domains\land.kiavi\wp-content\plugins\landvent-manager-panel\core\functions\navs.php on line 102
[29-Jul-2025 16:11:33 UTC] PHP Warning:  Undefined array key "icon" in F:\os\OSPanel\domains\land.kiavi\wp-content\plugins\landvent-manager-panel\core\functions\navs.php on line 102
[29-Jul-2025 16:11:33 UTC] PHP Warning:  foreach() argument must be of type array|object, string given in F:\os\OSPanel\domains\land.kiavi\wp-content\plugins\landvent-manager-panel\core\config\applicant-info.php on line 258
[29-Jul-2025 16:11:33 UTC] PHP Warning:  foreach() argument must be of type array|object, string given in F:\os\OSPanel\domains\land.kiavi\wp-content\plugins\landvent-manager-panel\core\config\property-details.php on line 807
[29-Jul-2025 16:11:33 UTC] PHP Warning:  foreach() argument must be of type array|object, string given in F:\os\OSPanel\domains\land.kiavi\wp-content\plugins\landvent-manager-panel\core\config\property-details.php on line 913
[29-Jul-2025 16:13:40 UTC] PHP Warning:  foreach() argument must be of type array|object, string given in F:\os\OSPanel\domains\land.kiavi\wp-content\plugins\wpp-loan-application\includes\functions\wpp-helper.php on line 189
[29-Jul-2025 16:13:40 UTC] PHP Warning:  Undefined array key "icon" in F:\os\OSPanel\domains\land.kiavi\wp-content\plugins\landvent-manager-panel\core\functions\navs.php on line 102
[29-Jul-2025 16:13:40 UTC] PHP Warning:  Undefined array key "icon" in F:\os\OSPanel\domains\land.kiavi\wp-content\plugins\landvent-manager-panel\core\functions\navs.php on line 102
[29-Jul-2025 16:13:40 UTC] PHP Warning:  Undefined array key "icon" in F:\os\OSPanel\domains\land.kiavi\wp-content\plugins\landvent-manager-panel\core\functions\navs.php on line 102
[29-Jul-2025 16:13:40 UTC] PHP Warning:  Undefined array key "icon" in F:\os\OSPanel\domains\land.kiavi\wp-content\plugins\landvent-manager-panel\core\functions\navs.php on line 102
[29-Jul-2025 16:13:40 UTC] PHP Warning:  Undefined array key "icon" in F:\os\OSPanel\domains\land.kiavi\wp-content\plugins\landvent-manager-panel\core\functions\navs.php on line 102
[29-Jul-2025 16:13:40 UTC] PHP Warning:  Undefined array key "icon" in F:\os\OSPanel\domains\land.kiavi\wp-content\plugins\landvent-manager-panel\core\functions\navs.php on line 102
[29-Jul-2025 16:13:40 UTC] PHP Warning:  Undefined array key "icon" in F:\os\OSPanel\domains\land.kiavi\wp-content\plugins\landvent-manager-panel\core\functions\navs.php on line 102
[29-Jul-2025 16:13:40 UTC] PHP Warning:  Undefined array key "icon" in F:\os\OSPanel\domains\land.kiavi\wp-content\plugins\landvent-manager-panel\core\functions\navs.php on line 102
[29-Jul-2025 16:13:40 UTC] PHP Warning:  Undefined array key "icon" in F:\os\OSPanel\domains\land.kiavi\wp-content\plugins\landvent-manager-panel\core\functions\navs.php on line 102
[29-Jul-2025 16:13:40 UTC] PHP Warning:  Undefined array key "icon" in F:\os\OSPanel\domains\land.kiavi\wp-content\plugins\landvent-manager-panel\core\functions\navs.php on line 102
[29-Jul-2025 16:13:40 UTC] PHP Warning:  Undefined array key "icon" in F:\os\OSPanel\domains\land.kiavi\wp-content\plugins\landvent-manager-panel\core\functions\navs.php on line 102
[29-Jul-2025 16:13:40 UTC] PHP Warning:  Undefined array key "icon" in F:\os\OSPanel\domains\land.kiavi\wp-content\plugins\landvent-manager-panel\core\functions\navs.php on line 102
[29-Jul-2025 16:13:40 UTC] PHP Warning:  Undefined array key "icon" in F:\os\OSPanel\domains\land.kiavi\wp-content\plugins\landvent-manager-panel\core\functions\navs.php on line 102
[29-Jul-2025 16:13:40 UTC] PHP Warning:  foreach() argument must be of type array|object, string given in F:\os\OSPanel\domains\land.kiavi\wp-content\plugins\landvent-manager-panel\core\config\applicant-info.php on line 258
[29-Jul-2025 16:13:40 UTC] PHP Warning:  foreach() argument must be of type array|object, string given in F:\os\OSPanel\domains\land.kiavi\wp-content\plugins\landvent-manager-panel\core\config\property-details.php on line 807
[29-Jul-2025 16:13:40 UTC] PHP Warning:  foreach() argument must be of type array|object, string given in F:\os\OSPanel\domains\land.kiavi\wp-content\plugins\landvent-manager-panel\core\config\property-details.php on line 913
[29-Jul-2025 16:14:30 UTC] PHP Warning:  foreach() argument must be of type array|object, string given in F:\os\OSPanel\domains\land.kiavi\wp-content\plugins\wpp-loan-application\includes\functions\wpp-helper.php on line 189
[29-Jul-2025 16:14:30 UTC] PHP Warning:  Undefined array key "icon" in F:\os\OSPanel\domains\land.kiavi\wp-content\plugins\landvent-manager-panel\core\functions\navs.php on line 102
[29-Jul-2025 16:14:30 UTC] PHP Warning:  Undefined array key "icon" in F:\os\OSPanel\domains\land.kiavi\wp-content\plugins\landvent-manager-panel\core\functions\navs.php on line 102
[29-Jul-2025 16:14:30 UTC] PHP Warning:  Undefined array key "icon" in F:\os\OSPanel\domains\land.kiavi\wp-content\plugins\landvent-manager-panel\core\functions\navs.php on line 102
[29-Jul-2025 16:14:30 UTC] PHP Warning:  Undefined array key "icon" in F:\os\OSPanel\domains\land.kiavi\wp-content\plugins\landvent-manager-panel\core\functions\navs.php on line 102
[29-Jul-2025 16:14:30 UTC] PHP Warning:  Undefined array key "icon" in F:\os\OSPanel\domains\land.kiavi\wp-content\plugins\landvent-manager-panel\core\functions\navs.php on line 102
[29-Jul-2025 16:14:30 UTC] PHP Warning:  Undefined array key "icon" in F:\os\OSPanel\domains\land.kiavi\wp-content\plugins\landvent-manager-panel\core\functions\navs.php on line 102
[29-Jul-2025 16:14:30 UTC] PHP Warning:  Undefined array key "icon" in F:\os\OSPanel\domains\land.kiavi\wp-content\plugins\landvent-manager-panel\core\functions\navs.php on line 102
[29-Jul-2025 16:14:30 UTC] PHP Warning:  Undefined array key "icon" in F:\os\OSPanel\domains\land.kiavi\wp-content\plugins\landvent-manager-panel\core\functions\navs.php on line 102
[29-Jul-2025 16:14:30 UTC] PHP Warning:  Undefined array key "icon" in F:\os\OSPanel\domains\land.kiavi\wp-content\plugins\landvent-manager-panel\core\functions\navs.php on line 102
[29-Jul-2025 16:14:30 UTC] PHP Warning:  Undefined array key "icon" in F:\os\OSPanel\domains\land.kiavi\wp-content\plugins\landvent-manager-panel\core\functions\navs.php on line 102
[29-Jul-2025 16:14:30 UTC] PHP Warning:  Undefined array key "icon" in F:\os\OSPanel\domains\land.kiavi\wp-content\plugins\landvent-manager-panel\core\functions\navs.php on line 102
[29-Jul-2025 16:14:30 UTC] PHP Warning:  Undefined array key "icon" in F:\os\OSPanel\domains\land.kiavi\wp-content\plugins\landvent-manager-panel\core\functions\navs.php on line 102
[29-Jul-2025 16:14:30 UTC] PHP Warning:  Undefined array key "icon" in F:\os\OSPanel\domains\land.kiavi\wp-content\plugins\landvent-manager-panel\core\functions\navs.php on line 102
[29-Jul-2025 16:14:30 UTC] PHP Warning:  foreach() argument must be of type array|object, string given in F:\os\OSPanel\domains\land.kiavi\wp-content\plugins\landvent-manager-panel\core\config\applicant-info.php on line 258
[29-Jul-2025 16:14:30 UTC] PHP Warning:  foreach() argument must be of type array|object, string given in F:\os\OSPanel\domains\land.kiavi\wp-content\plugins\landvent-manager-panel\core\config\property-details.php on line 807
[29-Jul-2025 16:14:30 UTC] PHP Warning:  foreach() argument must be of type array|object, string given in F:\os\OSPanel\domains\land.kiavi\wp-content\plugins\landvent-manager-panel\core\config\property-details.php on line 913
[29-Jul-2025 16:15:13 UTC] PHP Warning:  foreach() argument must be of type array|object, string given in F:\os\OSPanel\domains\land.kiavi\wp-content\plugins\wpp-loan-application\includes\functions\wpp-helper.php on line 189
[29-Jul-2025 16:15:13 UTC] PHP Warning:  Undefined array key "icon" in F:\os\OSPanel\domains\land.kiavi\wp-content\plugins\landvent-manager-panel\core\functions\navs.php on line 102
[29-Jul-2025 16:15:13 UTC] PHP Warning:  Undefined array key "icon" in F:\os\OSPanel\domains\land.kiavi\wp-content\plugins\landvent-manager-panel\core\functions\navs.php on line 102
[29-Jul-2025 16:15:13 UTC] PHP Warning:  Undefined array key "icon" in F:\os\OSPanel\domains\land.kiavi\wp-content\plugins\landvent-manager-panel\core\functions\navs.php on line 102
[29-Jul-2025 16:15:13 UTC] PHP Warning:  Undefined array key "icon" in F:\os\OSPanel\domains\land.kiavi\wp-content\plugins\landvent-manager-panel\core\functions\navs.php on line 102
[29-Jul-2025 16:15:13 UTC] PHP Warning:  Undefined array key "icon" in F:\os\OSPanel\domains\land.kiavi\wp-content\plugins\landvent-manager-panel\core\functions\navs.php on line 102
[29-Jul-2025 16:15:13 UTC] PHP Warning:  Undefined array key "icon" in F:\os\OSPanel\domains\land.kiavi\wp-content\plugins\landvent-manager-panel\core\functions\navs.php on line 102
[29-Jul-2025 16:15:13 UTC] PHP Warning:  Undefined array key "icon" in F:\os\OSPanel\domains\land.kiavi\wp-content\plugins\landvent-manager-panel\core\functions\navs.php on line 102
[29-Jul-2025 16:15:13 UTC] PHP Warning:  Undefined array key "icon" in F:\os\OSPanel\domains\land.kiavi\wp-content\plugins\landvent-manager-panel\core\functions\navs.php on line 102
[29-Jul-2025 16:15:13 UTC] PHP Warning:  Undefined array key "icon" in F:\os\OSPanel\domains\land.kiavi\wp-content\plugins\landvent-manager-panel\core\functions\navs.php on line 102
[29-Jul-2025 16:15:13 UTC] PHP Warning:  Undefined array key "icon" in F:\os\OSPanel\domains\land.kiavi\wp-content\plugins\landvent-manager-panel\core\functions\navs.php on line 102
[29-Jul-2025 16:15:13 UTC] PHP Warning:  Undefined array key "icon" in F:\os\OSPanel\domains\land.kiavi\wp-content\plugins\landvent-manager-panel\core\functions\navs.php on line 102
[29-Jul-2025 16:15:13 UTC] PHP Warning:  Undefined array key "icon" in F:\os\OSPanel\domains\land.kiavi\wp-content\plugins\landvent-manager-panel\core\functions\navs.php on line 102
[29-Jul-2025 16:15:13 UTC] PHP Warning:  Undefined array key "icon" in F:\os\OSPanel\domains\land.kiavi\wp-content\plugins\landvent-manager-panel\core\functions\navs.php on line 102
[29-Jul-2025 16:15:13 UTC] PHP Warning:  foreach() argument must be of type array|object, string given in F:\os\OSPanel\domains\land.kiavi\wp-content\plugins\landvent-manager-panel\core\config\applicant-info.php on line 258
[29-Jul-2025 16:15:13 UTC] PHP Warning:  foreach() argument must be of type array|object, string given in F:\os\OSPanel\domains\land.kiavi\wp-content\plugins\landvent-manager-panel\core\config\property-details.php on line 807
[29-Jul-2025 16:15:13 UTC] PHP Warning:  foreach() argument must be of type array|object, string given in F:\os\OSPanel\domains\land.kiavi\wp-content\plugins\landvent-manager-panel\core\config\property-details.php on line 913
[29-Jul-2025 16:15:33 UTC] PHP Warning:  foreach() argument must be of type array|object, string given in F:\os\OSPanel\domains\land.kiavi\wp-content\plugins\wpp-loan-application\includes\functions\wpp-helper.php on line 189
[29-Jul-2025 16:15:33 UTC] PHP Warning:  Undefined array key "icon" in F:\os\OSPanel\domains\land.kiavi\wp-content\plugins\landvent-manager-panel\core\functions\navs.php on line 102
[29-Jul-2025 16:15:33 UTC] PHP Warning:  Undefined array key "icon" in F:\os\OSPanel\domains\land.kiavi\wp-content\plugins\landvent-manager-panel\core\functions\navs.php on line 102
[29-Jul-2025 16:15:33 UTC] PHP Warning:  Undefined array key "icon" in F:\os\OSPanel\domains\land.kiavi\wp-content\plugins\landvent-manager-panel\core\functions\navs.php on line 102
[29-Jul-2025 16:15:33 UTC] PHP Warning:  Undefined array key "icon" in F:\os\OSPanel\domains\land.kiavi\wp-content\plugins\landvent-manager-panel\core\functions\navs.php on line 102
[29-Jul-2025 16:15:33 UTC] PHP Warning:  Undefined array key "icon" in F:\os\OSPanel\domains\land.kiavi\wp-content\plugins\landvent-manager-panel\core\functions\navs.php on line 102
[29-Jul-2025 16:15:33 UTC] PHP Warning:  Undefined array key "icon" in F:\os\OSPanel\domains\land.kiavi\wp-content\plugins\landvent-manager-panel\core\functions\navs.php on line 102
[29-Jul-2025 16:15:33 UTC] PHP Warning:  Undefined array key "icon" in F:\os\OSPanel\domains\land.kiavi\wp-content\plugins\landvent-manager-panel\core\functions\navs.php on line 102
[29-Jul-2025 16:15:33 UTC] PHP Warning:  Undefined array key "icon" in F:\os\OSPanel\domains\land.kiavi\wp-content\plugins\landvent-manager-panel\core\functions\navs.php on line 102
[29-Jul-2025 16:15:33 UTC] PHP Warning:  Undefined array key "icon" in F:\os\OSPanel\domains\land.kiavi\wp-content\plugins\landvent-manager-panel\core\functions\navs.php on line 102
[29-Jul-2025 16:15:33 UTC] PHP Warning:  Undefined array key "icon" in F:\os\OSPanel\domains\land.kiavi\wp-content\plugins\landvent-manager-panel\core\functions\navs.php on line 102
[29-Jul-2025 16:15:33 UTC] PHP Warning:  Undefined array key "icon" in F:\os\OSPanel\domains\land.kiavi\wp-content\plugins\landvent-manager-panel\core\functions\navs.php on line 102
[29-Jul-2025 16:15:33 UTC] PHP Warning:  Undefined array key "icon" in F:\os\OSPanel\domains\land.kiavi\wp-content\plugins\landvent-manager-panel\core\functions\navs.php on line 102
[29-Jul-2025 16:15:33 UTC] PHP Warning:  Undefined array key "icon" in F:\os\OSPanel\domains\land.kiavi\wp-content\plugins\landvent-manager-panel\core\functions\navs.php on line 102
[29-Jul-2025 16:15:33 UTC] PHP Warning:  foreach() argument must be of type array|object, string given in F:\os\OSPanel\domains\land.kiavi\wp-content\plugins\landvent-manager-panel\core\config\applicant-info.php on line 258
[29-Jul-2025 16:15:33 UTC] PHP Warning:  foreach() argument must be of type array|object, string given in F:\os\OSPanel\domains\land.kiavi\wp-content\plugins\landvent-manager-panel\core\config\property-details.php on line 807
[29-Jul-2025 16:15:33 UTC] PHP Warning:  foreach() argument must be of type array|object, string given in F:\os\OSPanel\domains\land.kiavi\wp-content\plugins\landvent-manager-panel\core\config\property-details.php on line 913
[29-Jul-2025 16:16:16 UTC] PHP Warning:  foreach() argument must be of type array|object, string given in F:\os\OSPanel\domains\land.kiavi\wp-content\plugins\wpp-loan-application\includes\functions\wpp-helper.php on line 189
[29-Jul-2025 16:16:16 UTC] PHP Warning:  Undefined array key "icon" in F:\os\OSPanel\domains\land.kiavi\wp-content\plugins\landvent-manager-panel\core\functions\navs.php on line 102
[29-Jul-2025 16:16:16 UTC] PHP Warning:  Undefined array key "icon" in F:\os\OSPanel\domains\land.kiavi\wp-content\plugins\landvent-manager-panel\core\functions\navs.php on line 102
[29-Jul-2025 16:16:16 UTC] PHP Warning:  Undefined array key "icon" in F:\os\OSPanel\domains\land.kiavi\wp-content\plugins\landvent-manager-panel\core\functions\navs.php on line 102
[29-Jul-2025 16:16:16 UTC] PHP Warning:  Undefined array key "icon" in F:\os\OSPanel\domains\land.kiavi\wp-content\plugins\landvent-manager-panel\core\functions\navs.php on line 102
[29-Jul-2025 16:16:16 UTC] PHP Warning:  Undefined array key "icon" in F:\os\OSPanel\domains\land.kiavi\wp-content\plugins\landvent-manager-panel\core\functions\navs.php on line 102
[29-Jul-2025 16:16:16 UTC] PHP Warning:  Undefined array key "icon" in F:\os\OSPanel\domains\land.kiavi\wp-content\plugins\landvent-manager-panel\core\functions\navs.php on line 102
[29-Jul-2025 16:16:16 UTC] PHP Warning:  Undefined array key "icon" in F:\os\OSPanel\domains\land.kiavi\wp-content\plugins\landvent-manager-panel\core\functions\navs.php on line 102
[29-Jul-2025 16:16:16 UTC] PHP Warning:  Undefined array key "icon" in F:\os\OSPanel\domains\land.kiavi\wp-content\plugins\landvent-manager-panel\core\functions\navs.php on line 102
[29-Jul-2025 16:16:16 UTC] PHP Warning:  Undefined array key "icon" in F:\os\OSPanel\domains\land.kiavi\wp-content\plugins\landvent-manager-panel\core\functions\navs.php on line 102
[29-Jul-2025 16:16:16 UTC] PHP Warning:  Undefined array key "icon" in F:\os\OSPanel\domains\land.kiavi\wp-content\plugins\landvent-manager-panel\core\functions\navs.php on line 102
[29-Jul-2025 16:16:16 UTC] PHP Warning:  Undefined array key "icon" in F:\os\OSPanel\domains\land.kiavi\wp-content\plugins\landvent-manager-panel\core\functions\navs.php on line 102
[29-Jul-2025 16:16:16 UTC] PHP Warning:  Undefined array key "icon" in F:\os\OSPanel\domains\land.kiavi\wp-content\plugins\landvent-manager-panel\core\functions\navs.php on line 102
[29-Jul-2025 16:16:16 UTC] PHP Warning:  Undefined array key "icon" in F:\os\OSPanel\domains\land.kiavi\wp-content\plugins\landvent-manager-panel\core\functions\navs.php on line 102
[29-Jul-2025 16:16:16 UTC] PHP Warning:  foreach() argument must be of type array|object, string given in F:\os\OSPanel\domains\land.kiavi\wp-content\plugins\landvent-manager-panel\core\config\applicant-info.php on line 258
[29-Jul-2025 16:16:16 UTC] PHP Warning:  foreach() argument must be of type array|object, string given in F:\os\OSPanel\domains\land.kiavi\wp-content\plugins\landvent-manager-panel\core\config\property-details.php on line 807
[29-Jul-2025 16:16:16 UTC] PHP Warning:  foreach() argument must be of type array|object, string given in F:\os\OSPanel\domains\land.kiavi\wp-content\plugins\landvent-manager-panel\core\config\property-details.php on line 913
[29-Jul-2025 16:17:52 UTC] PHP Warning:  foreach() argument must be of type array|object, string given in F:\os\OSPanel\domains\land.kiavi\wp-content\plugins\wpp-loan-application\includes\functions\wpp-helper.php on line 189
[29-Jul-2025 16:17:52 UTC] PHP Warning:  Undefined array key "icon" in F:\os\OSPanel\domains\land.kiavi\wp-content\plugins\landvent-manager-panel\core\functions\navs.php on line 102
[29-Jul-2025 16:17:52 UTC] PHP Warning:  Undefined array key "icon" in F:\os\OSPanel\domains\land.kiavi\wp-content\plugins\landvent-manager-panel\core\functions\navs.php on line 102
[29-Jul-2025 16:17:52 UTC] PHP Warning:  Undefined array key "icon" in F:\os\OSPanel\domains\land.kiavi\wp-content\plugins\landvent-manager-panel\core\functions\navs.php on line 102
[29-Jul-2025 16:17:52 UTC] PHP Warning:  Undefined array key "icon" in F:\os\OSPanel\domains\land.kiavi\wp-content\plugins\landvent-manager-panel\core\functions\navs.php on line 102
[29-Jul-2025 16:17:52 UTC] PHP Warning:  Undefined array key "icon" in F:\os\OSPanel\domains\land.kiavi\wp-content\plugins\landvent-manager-panel\core\functions\navs.php on line 102
[29-Jul-2025 16:17:52 UTC] PHP Warning:  Undefined array key "icon" in F:\os\OSPanel\domains\land.kiavi\wp-content\plugins\landvent-manager-panel\core\functions\navs.php on line 102
[29-Jul-2025 16:17:52 UTC] PHP Warning:  Undefined array key "icon" in F:\os\OSPanel\domains\land.kiavi\wp-content\plugins\landvent-manager-panel\core\functions\navs.php on line 102
[29-Jul-2025 16:17:52 UTC] PHP Warning:  Undefined array key "icon" in F:\os\OSPanel\domains\land.kiavi\wp-content\plugins\landvent-manager-panel\core\functions\navs.php on line 102
[29-Jul-2025 16:17:52 UTC] PHP Warning:  Undefined array key "icon" in F:\os\OSPanel\domains\land.kiavi\wp-content\plugins\landvent-manager-panel\core\functions\navs.php on line 102
[29-Jul-2025 16:17:52 UTC] PHP Warning:  Undefined array key "icon" in F:\os\OSPanel\domains\land.kiavi\wp-content\plugins\landvent-manager-panel\core\functions\navs.php on line 102
[29-Jul-2025 16:17:52 UTC] PHP Warning:  Undefined array key "icon" in F:\os\OSPanel\domains\land.kiavi\wp-content\plugins\landvent-manager-panel\core\functions\navs.php on line 102
[29-Jul-2025 16:17:52 UTC] PHP Warning:  Undefined array key "icon" in F:\os\OSPanel\domains\land.kiavi\wp-content\plugins\landvent-manager-panel\core\functions\navs.php on line 102
[29-Jul-2025 16:17:52 UTC] PHP Warning:  Undefined array key "icon" in F:\os\OSPanel\domains\land.kiavi\wp-content\plugins\landvent-manager-panel\core\functions\navs.php on line 102
[29-Jul-2025 16:17:52 UTC] PHP Warning:  foreach() argument must be of type array|object, string given in F:\os\OSPanel\domains\land.kiavi\wp-content\plugins\landvent-manager-panel\core\config\applicant-info.php on line 258
[29-Jul-2025 16:17:52 UTC] PHP Warning:  foreach() argument must be of type array|object, string given in F:\os\OSPanel\domains\land.kiavi\wp-content\plugins\landvent-manager-panel\core\config\property-details.php on line 807
[29-Jul-2025 16:17:52 UTC] PHP Warning:  foreach() argument must be of type array|object, string given in F:\os\OSPanel\domains\land.kiavi\wp-content\plugins\landvent-manager-panel\core\config\property-details.php on line 913
[29-Jul-2025 16:42:27 UTC] PHP Warning:  foreach() argument must be of type array|object, string given in F:\os\OSPanel\domains\land.kiavi\wp-content\plugins\wpp-loan-application\includes\functions\wpp-helper.php on line 189
[29-Jul-2025 16:42:27 UTC] PHP Warning:  Undefined array key "icon" in F:\os\OSPanel\domains\land.kiavi\wp-content\plugins\landvent-manager-panel\core\functions\navs.php on line 102
[29-Jul-2025 16:42:27 UTC] PHP Warning:  Undefined array key "icon" in F:\os\OSPanel\domains\land.kiavi\wp-content\plugins\landvent-manager-panel\core\functions\navs.php on line 102
[29-Jul-2025 16:42:27 UTC] PHP Warning:  Undefined array key "icon" in F:\os\OSPanel\domains\land.kiavi\wp-content\plugins\landvent-manager-panel\core\functions\navs.php on line 102
[29-Jul-2025 16:42:27 UTC] PHP Warning:  Undefined array key "icon" in F:\os\OSPanel\domains\land.kiavi\wp-content\plugins\landvent-manager-panel\core\functions\navs.php on line 102
[29-Jul-2025 16:42:27 UTC] PHP Warning:  Undefined array key "icon" in F:\os\OSPanel\domains\land.kiavi\wp-content\plugins\landvent-manager-panel\core\functions\navs.php on line 102
[29-Jul-2025 16:42:27 UTC] PHP Warning:  Undefined array key "icon" in F:\os\OSPanel\domains\land.kiavi\wp-content\plugins\landvent-manager-panel\core\functions\navs.php on line 102
[29-Jul-2025 16:42:27 UTC] PHP Warning:  Undefined array key "icon" in F:\os\OSPanel\domains\land.kiavi\wp-content\plugins\landvent-manager-panel\core\functions\navs.php on line 102
[29-Jul-2025 16:42:27 UTC] PHP Warning:  Undefined array key "icon" in F:\os\OSPanel\domains\land.kiavi\wp-content\plugins\landvent-manager-panel\core\functions\navs.php on line 102
[29-Jul-2025 16:42:27 UTC] PHP Warning:  Undefined array key "icon" in F:\os\OSPanel\domains\land.kiavi\wp-content\plugins\landvent-manager-panel\core\functions\navs.php on line 102
[29-Jul-2025 16:42:27 UTC] PHP Warning:  Undefined array key "icon" in F:\os\OSPanel\domains\land.kiavi\wp-content\plugins\landvent-manager-panel\core\functions\navs.php on line 102
[29-Jul-2025 16:42:27 UTC] PHP Warning:  Undefined array key "icon" in F:\os\OSPanel\domains\land.kiavi\wp-content\plugins\landvent-manager-panel\core\functions\navs.php on line 102
[29-Jul-2025 16:42:27 UTC] PHP Warning:  Undefined array key "icon" in F:\os\OSPanel\domains\land.kiavi\wp-content\plugins\landvent-manager-panel\core\functions\navs.php on line 102
[29-Jul-2025 16:42:27 UTC] PHP Warning:  Undefined array key "icon" in F:\os\OSPanel\domains\land.kiavi\wp-content\plugins\landvent-manager-panel\core\functions\navs.php on line 102
[29-Jul-2025 16:42:27 UTC] PHP Warning:  foreach() argument must be of type array|object, string given in F:\os\OSPanel\domains\land.kiavi\wp-content\plugins\landvent-manager-panel\core\config\applicant-info.php on line 258
[29-Jul-2025 16:42:27 UTC] PHP Warning:  foreach() argument must be of type array|object, string given in F:\os\OSPanel\domains\land.kiavi\wp-content\plugins\landvent-manager-panel\core\config\property-details.php on line 807
[29-Jul-2025 16:42:27 UTC] PHP Warning:  foreach() argument must be of type array|object, string given in F:\os\OSPanel\domains\land.kiavi\wp-content\plugins\landvent-manager-panel\core\config\property-details.php on line 913
[29-Jul-2025 16:43:43 UTC] PHP Warning:  foreach() argument must be of type array|object, string given in F:\os\OSPanel\domains\land.kiavi\wp-content\plugins\wpp-loan-application\includes\functions\wpp-helper.php on line 189
[29-Jul-2025 16:43:43 UTC] PHP Warning:  Undefined array key "icon" in F:\os\OSPanel\domains\land.kiavi\wp-content\plugins\landvent-manager-panel\core\functions\navs.php on line 102
[29-Jul-2025 16:43:43 UTC] PHP Warning:  Undefined array key "icon" in F:\os\OSPanel\domains\land.kiavi\wp-content\plugins\landvent-manager-panel\core\functions\navs.php on line 102
[29-Jul-2025 16:43:43 UTC] PHP Warning:  Undefined array key "icon" in F:\os\OSPanel\domains\land.kiavi\wp-content\plugins\landvent-manager-panel\core\functions\navs.php on line 102
[29-Jul-2025 16:43:43 UTC] PHP Warning:  Undefined array key "icon" in F:\os\OSPanel\domains\land.kiavi\wp-content\plugins\landvent-manager-panel\core\functions\navs.php on line 102
[29-Jul-2025 16:43:43 UTC] PHP Warning:  Undefined array key "icon" in F:\os\OSPanel\domains\land.kiavi\wp-content\plugins\landvent-manager-panel\core\functions\navs.php on line 102
[29-Jul-2025 16:43:43 UTC] PHP Warning:  Undefined array key "icon" in F:\os\OSPanel\domains\land.kiavi\wp-content\plugins\landvent-manager-panel\core\functions\navs.php on line 102
[29-Jul-2025 16:43:43 UTC] PHP Warning:  Undefined array key "icon" in F:\os\OSPanel\domains\land.kiavi\wp-content\plugins\landvent-manager-panel\core\functions\navs.php on line 102
[29-Jul-2025 16:43:43 UTC] PHP Warning:  Undefined array key "icon" in F:\os\OSPanel\domains\land.kiavi\wp-content\plugins\landvent-manager-panel\core\functions\navs.php on line 102
[29-Jul-2025 16:43:43 UTC] PHP Warning:  Undefined array key "icon" in F:\os\OSPanel\domains\land.kiavi\wp-content\plugins\landvent-manager-panel\core\functions\navs.php on line 102
[29-Jul-2025 16:43:43 UTC] PHP Warning:  Undefined array key "icon" in F:\os\OSPanel\domains\land.kiavi\wp-content\plugins\landvent-manager-panel\core\functions\navs.php on line 102
[29-Jul-2025 16:43:43 UTC] PHP Warning:  Undefined array key "icon" in F:\os\OSPanel\domains\land.kiavi\wp-content\plugins\landvent-manager-panel\core\functions\navs.php on line 102
[29-Jul-2025 16:43:43 UTC] PHP Warning:  Undefined array key "icon" in F:\os\OSPanel\domains\land.kiavi\wp-content\plugins\landvent-manager-panel\core\functions\navs.php on line 102
[29-Jul-2025 16:43:43 UTC] PHP Warning:  Undefined array key "icon" in F:\os\OSPanel\domains\land.kiavi\wp-content\plugins\landvent-manager-panel\core\functions\navs.php on line 102
[29-Jul-2025 16:43:43 UTC] PHP Warning:  foreach() argument must be of type array|object, string given in F:\os\OSPanel\domains\land.kiavi\wp-content\plugins\landvent-manager-panel\core\config\applicant-info.php on line 258
[29-Jul-2025 16:43:43 UTC] PHP Warning:  foreach() argument must be of type array|object, string given in F:\os\OSPanel\domains\land.kiavi\wp-content\plugins\landvent-manager-panel\core\config\property-details.php on line 807
[29-Jul-2025 16:43:43 UTC] PHP Warning:  foreach() argument must be of type array|object, string given in F:\os\OSPanel\domains\land.kiavi\wp-content\plugins\landvent-manager-panel\core\config\property-details.php on line 913
[29-Jul-2025 16:43:48 UTC] PHP Warning:  foreach() argument must be of type array|object, string given in F:\os\OSPanel\domains\land.kiavi\wp-content\plugins\wpp-loan-application\includes\functions\wpp-helper.php on line 189
[29-Jul-2025 16:43:48 UTC] PHP Warning:  Undefined array key "icon" in F:\os\OSPanel\domains\land.kiavi\wp-content\plugins\landvent-manager-panel\core\functions\navs.php on line 102
[29-Jul-2025 16:43:48 UTC] PHP Warning:  Undefined array key "icon" in F:\os\OSPanel\domains\land.kiavi\wp-content\plugins\landvent-manager-panel\core\functions\navs.php on line 102
[29-Jul-2025 16:43:48 UTC] PHP Warning:  Undefined array key "icon" in F:\os\OSPanel\domains\land.kiavi\wp-content\plugins\landvent-manager-panel\core\functions\navs.php on line 102
[29-Jul-2025 16:43:48 UTC] PHP Warning:  Undefined array key "icon" in F:\os\OSPanel\domains\land.kiavi\wp-content\plugins\landvent-manager-panel\core\functions\navs.php on line 102
[29-Jul-2025 16:43:48 UTC] PHP Warning:  Undefined array key "icon" in F:\os\OSPanel\domains\land.kiavi\wp-content\plugins\landvent-manager-panel\core\functions\navs.php on line 102
[29-Jul-2025 16:43:48 UTC] PHP Warning:  Undefined array key "icon" in F:\os\OSPanel\domains\land.kiavi\wp-content\plugins\landvent-manager-panel\core\functions\navs.php on line 102
[29-Jul-2025 16:43:48 UTC] PHP Warning:  Undefined array key "icon" in F:\os\OSPanel\domains\land.kiavi\wp-content\plugins\landvent-manager-panel\core\functions\navs.php on line 102
[29-Jul-2025 16:43:48 UTC] PHP Warning:  Undefined array key "icon" in F:\os\OSPanel\domains\land.kiavi\wp-content\plugins\landvent-manager-panel\core\functions\navs.php on line 102
[29-Jul-2025 16:43:48 UTC] PHP Warning:  Undefined array key "icon" in F:\os\OSPanel\domains\land.kiavi\wp-content\plugins\landvent-manager-panel\core\functions\navs.php on line 102
[29-Jul-2025 16:43:48 UTC] PHP Warning:  Undefined array key "icon" in F:\os\OSPanel\domains\land.kiavi\wp-content\plugins\landvent-manager-panel\core\functions\navs.php on line 102
[29-Jul-2025 16:43:48 UTC] PHP Warning:  Undefined array key "icon" in F:\os\OSPanel\domains\land.kiavi\wp-content\plugins\landvent-manager-panel\core\functions\navs.php on line 102
[29-Jul-2025 16:43:48 UTC] PHP Warning:  Undefined array key "icon" in F:\os\OSPanel\domains\land.kiavi\wp-content\plugins\landvent-manager-panel\core\functions\navs.php on line 102
[29-Jul-2025 16:43:48 UTC] PHP Warning:  Undefined array key "icon" in F:\os\OSPanel\domains\land.kiavi\wp-content\plugins\landvent-manager-panel\core\functions\navs.php on line 102
[29-Jul-2025 16:43:48 UTC] PHP Warning:  foreach() argument must be of type array|object, string given in F:\os\OSPanel\domains\land.kiavi\wp-content\plugins\landvent-manager-panel\core\config\applicant-info.php on line 258
[29-Jul-2025 16:43:48 UTC] PHP Warning:  foreach() argument must be of type array|object, string given in F:\os\OSPanel\domains\land.kiavi\wp-content\plugins\landvent-manager-panel\core\config\property-details.php on line 807
[29-Jul-2025 16:43:48 UTC] PHP Warning:  foreach() argument must be of type array|object, string given in F:\os\OSPanel\domains\land.kiavi\wp-content\plugins\landvent-manager-panel\core\config\property-details.php on line 913
[29-Jul-2025 16:44:23 UTC] PHP Warning:  foreach() argument must be of type array|object, string given in F:\os\OSPanel\domains\land.kiavi\wp-content\plugins\wpp-loan-application\includes\functions\wpp-helper.php on line 189
[29-Jul-2025 16:44:23 UTC] PHP Warning:  Undefined array key "icon" in F:\os\OSPanel\domains\land.kiavi\wp-content\plugins\landvent-manager-panel\core\functions\navs.php on line 102
[29-Jul-2025 16:44:23 UTC] PHP Warning:  Undefined array key "icon" in F:\os\OSPanel\domains\land.kiavi\wp-content\plugins\landvent-manager-panel\core\functions\navs.php on line 102
[29-Jul-2025 16:44:23 UTC] PHP Warning:  Undefined array key "icon" in F:\os\OSPanel\domains\land.kiavi\wp-content\plugins\landvent-manager-panel\core\functions\navs.php on line 102
[29-Jul-2025 16:44:23 UTC] PHP Warning:  Undefined array key "icon" in F:\os\OSPanel\domains\land.kiavi\wp-content\plugins\landvent-manager-panel\core\functions\navs.php on line 102
[29-Jul-2025 16:44:23 UTC] PHP Warning:  Undefined array key "icon" in F:\os\OSPanel\domains\land.kiavi\wp-content\plugins\landvent-manager-panel\core\functions\navs.php on line 102
[29-Jul-2025 16:44:23 UTC] PHP Warning:  Undefined array key "icon" in F:\os\OSPanel\domains\land.kiavi\wp-content\plugins\landvent-manager-panel\core\functions\navs.php on line 102
[29-Jul-2025 16:44:23 UTC] PHP Warning:  Undefined array key "icon" in F:\os\OSPanel\domains\land.kiavi\wp-content\plugins\landvent-manager-panel\core\functions\navs.php on line 102
[29-Jul-2025 16:44:23 UTC] PHP Warning:  Undefined array key "icon" in F:\os\OSPanel\domains\land.kiavi\wp-content\plugins\landvent-manager-panel\core\functions\navs.php on line 102
[29-Jul-2025 16:44:23 UTC] PHP Warning:  Undefined array key "icon" in F:\os\OSPanel\domains\land.kiavi\wp-content\plugins\landvent-manager-panel\core\functions\navs.php on line 102
[29-Jul-2025 16:44:23 UTC] PHP Warning:  Undefined array key "icon" in F:\os\OSPanel\domains\land.kiavi\wp-content\plugins\landvent-manager-panel\core\functions\navs.php on line 102
[29-Jul-2025 16:44:23 UTC] PHP Warning:  Undefined array key "icon" in F:\os\OSPanel\domains\land.kiavi\wp-content\plugins\landvent-manager-panel\core\functions\navs.php on line 102
[29-Jul-2025 16:44:23 UTC] PHP Warning:  Undefined array key "icon" in F:\os\OSPanel\domains\land.kiavi\wp-content\plugins\landvent-manager-panel\core\functions\navs.php on line 102
[29-Jul-2025 16:44:23 UTC] PHP Warning:  Undefined array key "icon" in F:\os\OSPanel\domains\land.kiavi\wp-content\plugins\landvent-manager-panel\core\functions\navs.php on line 102
[29-Jul-2025 16:44:23 UTC] PHP Warning:  foreach() argument must be of type array|object, string given in F:\os\OSPanel\domains\land.kiavi\wp-content\plugins\landvent-manager-panel\core\config\applicant-info.php on line 258
[29-Jul-2025 16:44:23 UTC] PHP Warning:  foreach() argument must be of type array|object, string given in F:\os\OSPanel\domains\land.kiavi\wp-content\plugins\landvent-manager-panel\core\config\property-details.php on line 807
[29-Jul-2025 16:44:23 UTC] PHP Warning:  foreach() argument must be of type array|object, string given in F:\os\OSPanel\domains\land.kiavi\wp-content\plugins\landvent-manager-panel\core\config\property-details.php on line 913
[29-Jul-2025 16:44:58 UTC] PHP Warning:  foreach() argument must be of type array|object, string given in F:\os\OSPanel\domains\land.kiavi\wp-content\plugins\wpp-loan-application\includes\functions\wpp-helper.php on line 189
[29-Jul-2025 16:44:58 UTC] PHP Warning:  Undefined array key "icon" in F:\os\OSPanel\domains\land.kiavi\wp-content\plugins\landvent-manager-panel\core\functions\navs.php on line 102
[29-Jul-2025 16:44:58 UTC] PHP Warning:  Undefined array key "icon" in F:\os\OSPanel\domains\land.kiavi\wp-content\plugins\landvent-manager-panel\core\functions\navs.php on line 102
[29-Jul-2025 16:44:58 UTC] PHP Warning:  Undefined array key "icon" in F:\os\OSPanel\domains\land.kiavi\wp-content\plugins\landvent-manager-panel\core\functions\navs.php on line 102
[29-Jul-2025 16:44:58 UTC] PHP Warning:  Undefined array key "icon" in F:\os\OSPanel\domains\land.kiavi\wp-content\plugins\landvent-manager-panel\core\functions\navs.php on line 102
[29-Jul-2025 16:44:58 UTC] PHP Warning:  Undefined array key "icon" in F:\os\OSPanel\domains\land.kiavi\wp-content\plugins\landvent-manager-panel\core\functions\navs.php on line 102
[29-Jul-2025 16:44:58 UTC] PHP Warning:  Undefined array key "icon" in F:\os\OSPanel\domains\land.kiavi\wp-content\plugins\landvent-manager-panel\core\functions\navs.php on line 102
[29-Jul-2025 16:44:58 UTC] PHP Warning:  Undefined array key "icon" in F:\os\OSPanel\domains\land.kiavi\wp-content\plugins\landvent-manager-panel\core\functions\navs.php on line 102
[29-Jul-2025 16:44:58 UTC] PHP Warning:  Undefined array key "icon" in F:\os\OSPanel\domains\land.kiavi\wp-content\plugins\landvent-manager-panel\core\functions\navs.php on line 102
[29-Jul-2025 16:44:58 UTC] PHP Warning:  Undefined array key "icon" in F:\os\OSPanel\domains\land.kiavi\wp-content\plugins\landvent-manager-panel\core\functions\navs.php on line 102
[29-Jul-2025 16:44:58 UTC] PHP Warning:  Undefined array key "icon" in F:\os\OSPanel\domains\land.kiavi\wp-content\plugins\landvent-manager-panel\core\functions\navs.php on line 102
[29-Jul-2025 16:44:58 UTC] PHP Warning:  Undefined array key "icon" in F:\os\OSPanel\domains\land.kiavi\wp-content\plugins\landvent-manager-panel\core\functions\navs.php on line 102
[29-Jul-2025 16:44:58 UTC] PHP Warning:  Undefined array key "icon" in F:\os\OSPanel\domains\land.kiavi\wp-content\plugins\landvent-manager-panel\core\functions\navs.php on line 102
[29-Jul-2025 16:44:58 UTC] PHP Warning:  Undefined array key "icon" in F:\os\OSPanel\domains\land.kiavi\wp-content\plugins\landvent-manager-panel\core\functions\navs.php on line 102
[29-Jul-2025 16:44:58 UTC] PHP Warning:  foreach() argument must be of type array|object, string given in F:\os\OSPanel\domains\land.kiavi\wp-content\plugins\landvent-manager-panel\core\config\applicant-info.php on line 258
[29-Jul-2025 16:44:58 UTC] PHP Warning:  foreach() argument must be of type array|object, string given in F:\os\OSPanel\domains\land.kiavi\wp-content\plugins\landvent-manager-panel\core\config\property-details.php on line 807
[29-Jul-2025 16:44:58 UTC] PHP Warning:  foreach() argument must be of type array|object, string given in F:\os\OSPanel\domains\land.kiavi\wp-content\plugins\landvent-manager-panel\core\config\property-details.php on line 913
[29-Jul-2025 16:45:04 UTC] PHP Warning:  foreach() argument must be of type array|object, string given in F:\os\OSPanel\domains\land.kiavi\wp-content\plugins\wpp-loan-application\includes\functions\wpp-helper.php on line 189
[29-Jul-2025 16:45:04 UTC] PHP Warning:  Undefined array key "icon" in F:\os\OSPanel\domains\land.kiavi\wp-content\plugins\landvent-manager-panel\core\functions\navs.php on line 102
[29-Jul-2025 16:45:04 UTC] PHP Warning:  Undefined array key "icon" in F:\os\OSPanel\domains\land.kiavi\wp-content\plugins\landvent-manager-panel\core\functions\navs.php on line 102
[29-Jul-2025 16:45:04 UTC] PHP Warning:  Undefined array key "icon" in F:\os\OSPanel\domains\land.kiavi\wp-content\plugins\landvent-manager-panel\core\functions\navs.php on line 102
[29-Jul-2025 16:45:04 UTC] PHP Warning:  Undefined array key "icon" in F:\os\OSPanel\domains\land.kiavi\wp-content\plugins\landvent-manager-panel\core\functions\navs.php on line 102
[29-Jul-2025 16:45:04 UTC] PHP Warning:  Undefined array key "icon" in F:\os\OSPanel\domains\land.kiavi\wp-content\plugins\landvent-manager-panel\core\functions\navs.php on line 102
[29-Jul-2025 16:45:04 UTC] PHP Warning:  Undefined array key "icon" in F:\os\OSPanel\domains\land.kiavi\wp-content\plugins\landvent-manager-panel\core\functions\navs.php on line 102
[29-Jul-2025 16:45:04 UTC] PHP Warning:  Undefined array key "icon" in F:\os\OSPanel\domains\land.kiavi\wp-content\plugins\landvent-manager-panel\core\functions\navs.php on line 102
[29-Jul-2025 16:45:04 UTC] PHP Warning:  Undefined array key "icon" in F:\os\OSPanel\domains\land.kiavi\wp-content\plugins\landvent-manager-panel\core\functions\navs.php on line 102
[29-Jul-2025 16:45:04 UTC] PHP Warning:  Undefined array key "icon" in F:\os\OSPanel\domains\land.kiavi\wp-content\plugins\landvent-manager-panel\core\functions\navs.php on line 102
[29-Jul-2025 16:45:04 UTC] PHP Warning:  Undefined array key "icon" in F:\os\OSPanel\domains\land.kiavi\wp-content\plugins\landvent-manager-panel\core\functions\navs.php on line 102
[29-Jul-2025 16:45:04 UTC] PHP Warning:  Undefined array key "icon" in F:\os\OSPanel\domains\land.kiavi\wp-content\plugins\landvent-manager-panel\core\functions\navs.php on line 102
[29-Jul-2025 16:45:04 UTC] PHP Warning:  Undefined array key "icon" in F:\os\OSPanel\domains\land.kiavi\wp-content\plugins\landvent-manager-panel\core\functions\navs.php on line 102
[29-Jul-2025 16:45:04 UTC] PHP Warning:  Undefined array key "icon" in F:\os\OSPanel\domains\land.kiavi\wp-content\plugins\landvent-manager-panel\core\functions\navs.php on line 102
[29-Jul-2025 16:45:04 UTC] PHP Warning:  foreach() argument must be of type array|object, string given in F:\os\OSPanel\domains\land.kiavi\wp-content\plugins\landvent-manager-panel\core\config\applicant-info.php on line 258
[29-Jul-2025 16:45:04 UTC] PHP Warning:  foreach() argument must be of type array|object, string given in F:\os\OSPanel\domains\land.kiavi\wp-content\plugins\landvent-manager-panel\core\config\property-details.php on line 807
[29-Jul-2025 16:45:04 UTC] PHP Warning:  foreach() argument must be of type array|object, string given in F:\os\OSPanel\domains\land.kiavi\wp-content\plugins\landvent-manager-panel\core\config\property-details.php on line 913
[29-Jul-2025 16:46:06 UTC] PHP Warning:  foreach() argument must be of type array|object, string given in F:\os\OSPanel\domains\land.kiavi\wp-content\plugins\wpp-loan-application\includes\functions\wpp-helper.php on line 189
[29-Jul-2025 16:46:06 UTC] PHP Warning:  Undefined array key "icon" in F:\os\OSPanel\domains\land.kiavi\wp-content\plugins\landvent-manager-panel\core\functions\navs.php on line 102
[29-Jul-2025 16:46:06 UTC] PHP Warning:  Undefined array key "icon" in F:\os\OSPanel\domains\land.kiavi\wp-content\plugins\landvent-manager-panel\core\functions\navs.php on line 102
[29-Jul-2025 16:46:06 UTC] PHP Warning:  Undefined array key "icon" in F:\os\OSPanel\domains\land.kiavi\wp-content\plugins\landvent-manager-panel\core\functions\navs.php on line 102
[29-Jul-2025 16:46:06 UTC] PHP Warning:  Undefined array key "icon" in F:\os\OSPanel\domains\land.kiavi\wp-content\plugins\landvent-manager-panel\core\functions\navs.php on line 102
[29-Jul-2025 16:46:06 UTC] PHP Warning:  Undefined array key "icon" in F:\os\OSPanel\domains\land.kiavi\wp-content\plugins\landvent-manager-panel\core\functions\navs.php on line 102
[29-Jul-2025 16:46:06 UTC] PHP Warning:  Undefined array key "icon" in F:\os\OSPanel\domains\land.kiavi\wp-content\plugins\landvent-manager-panel\core\functions\navs.php on line 102
[29-Jul-2025 16:46:06 UTC] PHP Warning:  Undefined array key "icon" in F:\os\OSPanel\domains\land.kiavi\wp-content\plugins\landvent-manager-panel\core\functions\navs.php on line 102
[29-Jul-2025 16:46:06 UTC] PHP Warning:  Undefined array key "icon" in F:\os\OSPanel\domains\land.kiavi\wp-content\plugins\landvent-manager-panel\core\functions\navs.php on line 102
[29-Jul-2025 16:46:06 UTC] PHP Warning:  Undefined array key "icon" in F:\os\OSPanel\domains\land.kiavi\wp-content\plugins\landvent-manager-panel\core\functions\navs.php on line 102
[29-Jul-2025 16:46:06 UTC] PHP Warning:  Undefined array key "icon" in F:\os\OSPanel\domains\land.kiavi\wp-content\plugins\landvent-manager-panel\core\functions\navs.php on line 102
[29-Jul-2025 16:46:06 UTC] PHP Warning:  Undefined array key "icon" in F:\os\OSPanel\domains\land.kiavi\wp-content\plugins\landvent-manager-panel\core\functions\navs.php on line 102
[29-Jul-2025 16:46:06 UTC] PHP Warning:  Undefined array key "icon" in F:\os\OSPanel\domains\land.kiavi\wp-content\plugins\landvent-manager-panel\core\functions\navs.php on line 102
[29-Jul-2025 16:46:06 UTC] PHP Warning:  Undefined array key "icon" in F:\os\OSPanel\domains\land.kiavi\wp-content\plugins\landvent-manager-panel\core\functions\navs.php on line 102
[29-Jul-2025 16:46:06 UTC] PHP Warning:  foreach() argument must be of type array|object, string given in F:\os\OSPanel\domains\land.kiavi\wp-content\plugins\landvent-manager-panel\core\config\applicant-info.php on line 258
[29-Jul-2025 16:46:06 UTC] PHP Warning:  foreach() argument must be of type array|object, string given in F:\os\OSPanel\domains\land.kiavi\wp-content\plugins\landvent-manager-panel\core\config\property-details.php on line 807
[29-Jul-2025 16:46:06 UTC] PHP Warning:  foreach() argument must be of type array|object, string given in F:\os\OSPanel\domains\land.kiavi\wp-content\plugins\landvent-manager-panel\core\config\property-details.php on line 913
[29-Jul-2025 16:46:37 UTC] PHP Warning:  foreach() argument must be of type array|object, string given in F:\os\OSPanel\domains\land.kiavi\wp-content\plugins\wpp-loan-application\includes\functions\wpp-helper.php on line 189
[29-Jul-2025 16:46:37 UTC] PHP Warning:  Undefined array key "icon" in F:\os\OSPanel\domains\land.kiavi\wp-content\plugins\landvent-manager-panel\core\functions\navs.php on line 102
[29-Jul-2025 16:46:37 UTC] PHP Warning:  Undefined array key "icon" in F:\os\OSPanel\domains\land.kiavi\wp-content\plugins\landvent-manager-panel\core\functions\navs.php on line 102
[29-Jul-2025 16:46:37 UTC] PHP Warning:  Undefined array key "icon" in F:\os\OSPanel\domains\land.kiavi\wp-content\plugins\landvent-manager-panel\core\functions\navs.php on line 102
[29-Jul-2025 16:46:37 UTC] PHP Warning:  Undefined array key "icon" in F:\os\OSPanel\domains\land.kiavi\wp-content\plugins\landvent-manager-panel\core\functions\navs.php on line 102
[29-Jul-2025 16:46:37 UTC] PHP Warning:  Undefined array key "icon" in F:\os\OSPanel\domains\land.kiavi\wp-content\plugins\landvent-manager-panel\core\functions\navs.php on line 102
[29-Jul-2025 16:46:37 UTC] PHP Warning:  Undefined array key "icon" in F:\os\OSPanel\domains\land.kiavi\wp-content\plugins\landvent-manager-panel\core\functions\navs.php on line 102
[29-Jul-2025 16:46:37 UTC] PHP Warning:  Undefined array key "icon" in F:\os\OSPanel\domains\land.kiavi\wp-content\plugins\landvent-manager-panel\core\functions\navs.php on line 102
[29-Jul-2025 16:46:37 UTC] PHP Warning:  Undefined array key "icon" in F:\os\OSPanel\domains\land.kiavi\wp-content\plugins\landvent-manager-panel\core\functions\navs.php on line 102
[29-Jul-2025 16:46:37 UTC] PHP Warning:  Undefined array key "icon" in F:\os\OSPanel\domains\land.kiavi\wp-content\plugins\landvent-manager-panel\core\functions\navs.php on line 102
[29-Jul-2025 16:46:37 UTC] PHP Warning:  Undefined array key "icon" in F:\os\OSPanel\domains\land.kiavi\wp-content\plugins\landvent-manager-panel\core\functions\navs.php on line 102
[29-Jul-2025 16:46:37 UTC] PHP Warning:  Undefined array key "icon" in F:\os\OSPanel\domains\land.kiavi\wp-content\plugins\landvent-manager-panel\core\functions\navs.php on line 102
[29-Jul-2025 16:46:37 UTC] PHP Warning:  Undefined array key "icon" in F:\os\OSPanel\domains\land.kiavi\wp-content\plugins\landvent-manager-panel\core\functions\navs.php on line 102
[29-Jul-2025 16:46:37 UTC] PHP Warning:  Undefined array key "icon" in F:\os\OSPanel\domains\land.kiavi\wp-content\plugins\landvent-manager-panel\core\functions\navs.php on line 102
[29-Jul-2025 16:46:37 UTC] PHP Warning:  foreach() argument must be of type array|object, string given in F:\os\OSPanel\domains\land.kiavi\wp-content\plugins\landvent-manager-panel\core\config\applicant-info.php on line 258
[29-Jul-2025 16:46:37 UTC] PHP Warning:  foreach() argument must be of type array|object, string given in F:\os\OSPanel\domains\land.kiavi\wp-content\plugins\landvent-manager-panel\core\config\property-details.php on line 807
[29-Jul-2025 16:46:37 UTC] PHP Warning:  foreach() argument must be of type array|object, string given in F:\os\OSPanel\domains\land.kiavi\wp-content\plugins\landvent-manager-panel\core\config\property-details.php on line 913
[29-Jul-2025 16:46:56 UTC] PHP Warning:  foreach() argument must be of type array|object, string given in F:\os\OSPanel\domains\land.kiavi\wp-content\plugins\wpp-loan-application\includes\functions\wpp-helper.php on line 189
[29-Jul-2025 16:46:56 UTC] PHP Warning:  Undefined array key "icon" in F:\os\OSPanel\domains\land.kiavi\wp-content\plugins\landvent-manager-panel\core\functions\navs.php on line 102
[29-Jul-2025 16:46:56 UTC] PHP Warning:  Undefined array key "icon" in F:\os\OSPanel\domains\land.kiavi\wp-content\plugins\landvent-manager-panel\core\functions\navs.php on line 102
[29-Jul-2025 16:46:56 UTC] PHP Warning:  Undefined array key "icon" in F:\os\OSPanel\domains\land.kiavi\wp-content\plugins\landvent-manager-panel\core\functions\navs.php on line 102
[29-Jul-2025 16:46:56 UTC] PHP Warning:  Undefined array key "icon" in F:\os\OSPanel\domains\land.kiavi\wp-content\plugins\landvent-manager-panel\core\functions\navs.php on line 102
[29-Jul-2025 16:46:56 UTC] PHP Warning:  Undefined array key "icon" in F:\os\OSPanel\domains\land.kiavi\wp-content\plugins\landvent-manager-panel\core\functions\navs.php on line 102
[29-Jul-2025 16:46:56 UTC] PHP Warning:  Undefined array key "icon" in F:\os\OSPanel\domains\land.kiavi\wp-content\plugins\landvent-manager-panel\core\functions\navs.php on line 102
[29-Jul-2025 16:46:56 UTC] PHP Warning:  Undefined array key "icon" in F:\os\OSPanel\domains\land.kiavi\wp-content\plugins\landvent-manager-panel\core\functions\navs.php on line 102
[29-Jul-2025 16:46:56 UTC] PHP Warning:  Undefined array key "icon" in F:\os\OSPanel\domains\land.kiavi\wp-content\plugins\landvent-manager-panel\core\functions\navs.php on line 102
[29-Jul-2025 16:46:56 UTC] PHP Warning:  Undefined array key "icon" in F:\os\OSPanel\domains\land.kiavi\wp-content\plugins\landvent-manager-panel\core\functions\navs.php on line 102
[29-Jul-2025 16:46:56 UTC] PHP Warning:  Undefined array key "icon" in F:\os\OSPanel\domains\land.kiavi\wp-content\plugins\landvent-manager-panel\core\functions\navs.php on line 102
[29-Jul-2025 16:46:56 UTC] PHP Warning:  Undefined array key "icon" in F:\os\OSPanel\domains\land.kiavi\wp-content\plugins\landvent-manager-panel\core\functions\navs.php on line 102
[29-Jul-2025 16:46:56 UTC] PHP Warning:  Undefined array key "icon" in F:\os\OSPanel\domains\land.kiavi\wp-content\plugins\landvent-manager-panel\core\functions\navs.php on line 102
[29-Jul-2025 16:46:56 UTC] PHP Warning:  Undefined array key "icon" in F:\os\OSPanel\domains\land.kiavi\wp-content\plugins\landvent-manager-panel\core\functions\navs.php on line 102
[29-Jul-2025 16:46:56 UTC] PHP Warning:  foreach() argument must be of type array|object, string given in F:\os\OSPanel\domains\land.kiavi\wp-content\plugins\landvent-manager-panel\core\config\applicant-info.php on line 258
[29-Jul-2025 16:46:56 UTC] PHP Warning:  foreach() argument must be of type array|object, string given in F:\os\OSPanel\domains\land.kiavi\wp-content\plugins\landvent-manager-panel\core\config\property-details.php on line 807
[29-Jul-2025 16:46:56 UTC] PHP Warning:  foreach() argument must be of type array|object, string given in F:\os\OSPanel\domains\land.kiavi\wp-content\plugins\landvent-manager-panel\core\config\property-details.php on line 913
[29-Jul-2025 16:47:19 UTC] PHP Warning:  foreach() argument must be of type array|object, string given in F:\os\OSPanel\domains\land.kiavi\wp-content\plugins\wpp-loan-application\includes\functions\wpp-helper.php on line 189
[29-Jul-2025 16:47:19 UTC] PHP Warning:  Undefined array key "icon" in F:\os\OSPanel\domains\land.kiavi\wp-content\plugins\landvent-manager-panel\core\functions\navs.php on line 102
[29-Jul-2025 16:47:19 UTC] PHP Warning:  Undefined array key "icon" in F:\os\OSPanel\domains\land.kiavi\wp-content\plugins\landvent-manager-panel\core\functions\navs.php on line 102
[29-Jul-2025 16:47:19 UTC] PHP Warning:  Undefined array key "icon" in F:\os\OSPanel\domains\land.kiavi\wp-content\plugins\landvent-manager-panel\core\functions\navs.php on line 102
[29-Jul-2025 16:47:19 UTC] PHP Warning:  Undefined array key "icon" in F:\os\OSPanel\domains\land.kiavi\wp-content\plugins\landvent-manager-panel\core\functions\navs.php on line 102
[29-Jul-2025 16:47:19 UTC] PHP Warning:  Undefined array key "icon" in F:\os\OSPanel\domains\land.kiavi\wp-content\plugins\landvent-manager-panel\core\functions\navs.php on line 102
[29-Jul-2025 16:47:19 UTC] PHP Warning:  Undefined array key "icon" in F:\os\OSPanel\domains\land.kiavi\wp-content\plugins\landvent-manager-panel\core\functions\navs.php on line 102
[29-Jul-2025 16:47:19 UTC] PHP Warning:  Undefined array key "icon" in F:\os\OSPanel\domains\land.kiavi\wp-content\plugins\landvent-manager-panel\core\functions\navs.php on line 102
[29-Jul-2025 16:47:19 UTC] PHP Warning:  Undefined array key "icon" in F:\os\OSPanel\domains\land.kiavi\wp-content\plugins\landvent-manager-panel\core\functions\navs.php on line 102
[29-Jul-2025 16:47:19 UTC] PHP Warning:  Undefined array key "icon" in F:\os\OSPanel\domains\land.kiavi\wp-content\plugins\landvent-manager-panel\core\functions\navs.php on line 102
[29-Jul-2025 16:47:19 UTC] PHP Warning:  Undefined array key "icon" in F:\os\OSPanel\domains\land.kiavi\wp-content\plugins\landvent-manager-panel\core\functions\navs.php on line 102
[29-Jul-2025 16:47:19 UTC] PHP Warning:  Undefined array key "icon" in F:\os\OSPanel\domains\land.kiavi\wp-content\plugins\landvent-manager-panel\core\functions\navs.php on line 102
[29-Jul-2025 16:47:19 UTC] PHP Warning:  Undefined array key "icon" in F:\os\OSPanel\domains\land.kiavi\wp-content\plugins\landvent-manager-panel\core\functions\navs.php on line 102
[29-Jul-2025 16:47:19 UTC] PHP Warning:  Undefined array key "icon" in F:\os\OSPanel\domains\land.kiavi\wp-content\plugins\landvent-manager-panel\core\functions\navs.php on line 102
[29-Jul-2025 16:47:19 UTC] PHP Warning:  foreach() argument must be of type array|object, string given in F:\os\OSPanel\domains\land.kiavi\wp-content\plugins\landvent-manager-panel\core\config\applicant-info.php on line 258
[29-Jul-2025 16:47:19 UTC] PHP Warning:  foreach() argument must be of type array|object, string given in F:\os\OSPanel\domains\land.kiavi\wp-content\plugins\landvent-manager-panel\core\config\property-details.php on line 807
[29-Jul-2025 16:47:19 UTC] PHP Warning:  foreach() argument must be of type array|object, string given in F:\os\OSPanel\domains\land.kiavi\wp-content\plugins\landvent-manager-panel\core\config\property-details.php on line 913
[29-Jul-2025 16:47:38 UTC] PHP Warning:  foreach() argument must be of type array|object, string given in F:\os\OSPanel\domains\land.kiavi\wp-content\plugins\wpp-loan-application\includes\functions\wpp-helper.php on line 189
[29-Jul-2025 16:47:38 UTC] PHP Warning:  Undefined array key "icon" in F:\os\OSPanel\domains\land.kiavi\wp-content\plugins\landvent-manager-panel\core\functions\navs.php on line 102
[29-Jul-2025 16:47:38 UTC] PHP Warning:  Undefined array key "icon" in F:\os\OSPanel\domains\land.kiavi\wp-content\plugins\landvent-manager-panel\core\functions\navs.php on line 102
[29-Jul-2025 16:47:38 UTC] PHP Warning:  Undefined array key "icon" in F:\os\OSPanel\domains\land.kiavi\wp-content\plugins\landvent-manager-panel\core\functions\navs.php on line 102
[29-Jul-2025 16:47:38 UTC] PHP Warning:  Undefined array key "icon" in F:\os\OSPanel\domains\land.kiavi\wp-content\plugins\landvent-manager-panel\core\functions\navs.php on line 102
[29-Jul-2025 16:47:38 UTC] PHP Warning:  Undefined array key "icon" in F:\os\OSPanel\domains\land.kiavi\wp-content\plugins\landvent-manager-panel\core\functions\navs.php on line 102
[29-Jul-2025 16:47:38 UTC] PHP Warning:  Undefined array key "icon" in F:\os\OSPanel\domains\land.kiavi\wp-content\plugins\landvent-manager-panel\core\functions\navs.php on line 102
[29-Jul-2025 16:47:38 UTC] PHP Warning:  Undefined array key "icon" in F:\os\OSPanel\domains\land.kiavi\wp-content\plugins\landvent-manager-panel\core\functions\navs.php on line 102
[29-Jul-2025 16:47:38 UTC] PHP Warning:  Undefined array key "icon" in F:\os\OSPanel\domains\land.kiavi\wp-content\plugins\landvent-manager-panel\core\functions\navs.php on line 102
[29-Jul-2025 16:47:38 UTC] PHP Warning:  Undefined array key "icon" in F:\os\OSPanel\domains\land.kiavi\wp-content\plugins\landvent-manager-panel\core\functions\navs.php on line 102
[29-Jul-2025 16:47:38 UTC] PHP Warning:  Undefined array key "icon" in F:\os\OSPanel\domains\land.kiavi\wp-content\plugins\landvent-manager-panel\core\functions\navs.php on line 102
[29-Jul-2025 16:47:38 UTC] PHP Warning:  Undefined array key "icon" in F:\os\OSPanel\domains\land.kiavi\wp-content\plugins\landvent-manager-panel\core\functions\navs.php on line 102
[29-Jul-2025 16:47:38 UTC] PHP Warning:  Undefined array key "icon" in F:\os\OSPanel\domains\land.kiavi\wp-content\plugins\landvent-manager-panel\core\functions\navs.php on line 102
[29-Jul-2025 16:47:38 UTC] PHP Warning:  Undefined array key "icon" in F:\os\OSPanel\domains\land.kiavi\wp-content\plugins\landvent-manager-panel\core\functions\navs.php on line 102
[29-Jul-2025 16:47:38 UTC] PHP Warning:  foreach() argument must be of type array|object, string given in F:\os\OSPanel\domains\land.kiavi\wp-content\plugins\landvent-manager-panel\core\config\applicant-info.php on line 258
[29-Jul-2025 16:47:38 UTC] PHP Warning:  foreach() argument must be of type array|object, string given in F:\os\OSPanel\domains\land.kiavi\wp-content\plugins\landvent-manager-panel\core\config\property-details.php on line 807
[29-Jul-2025 16:47:38 UTC] PHP Warning:  foreach() argument must be of type array|object, string given in F:\os\OSPanel\domains\land.kiavi\wp-content\plugins\landvent-manager-panel\core\config\property-details.php on line 913
[29-Jul-2025 16:49:30 UTC] PHP Warning:  foreach() argument must be of type array|object, string given in F:\os\OSPanel\domains\land.kiavi\wp-content\plugins\wpp-loan-application\includes\functions\wpp-helper.php on line 189
[29-Jul-2025 16:49:30 UTC] PHP Warning:  Undefined array key "icon" in F:\os\OSPanel\domains\land.kiavi\wp-content\plugins\landvent-manager-panel\core\functions\navs.php on line 102
[29-Jul-2025 16:49:30 UTC] PHP Warning:  Undefined array key "icon" in F:\os\OSPanel\domains\land.kiavi\wp-content\plugins\landvent-manager-panel\core\functions\navs.php on line 102
[29-Jul-2025 16:49:30 UTC] PHP Warning:  Undefined array key "icon" in F:\os\OSPanel\domains\land.kiavi\wp-content\plugins\landvent-manager-panel\core\functions\navs.php on line 102
[29-Jul-2025 16:49:30 UTC] PHP Warning:  Undefined array key "icon" in F:\os\OSPanel\domains\land.kiavi\wp-content\plugins\landvent-manager-panel\core\functions\navs.php on line 102
[29-Jul-2025 16:49:30 UTC] PHP Warning:  Undefined array key "icon" in F:\os\OSPanel\domains\land.kiavi\wp-content\plugins\landvent-manager-panel\core\functions\navs.php on line 102
[29-Jul-2025 16:49:30 UTC] PHP Warning:  Undefined array key "icon" in F:\os\OSPanel\domains\land.kiavi\wp-content\plugins\landvent-manager-panel\core\functions\navs.php on line 102
[29-Jul-2025 16:49:30 UTC] PHP Warning:  Undefined array key "icon" in F:\os\OSPanel\domains\land.kiavi\wp-content\plugins\landvent-manager-panel\core\functions\navs.php on line 102
[29-Jul-2025 16:49:30 UTC] PHP Warning:  Undefined array key "icon" in F:\os\OSPanel\domains\land.kiavi\wp-content\plugins\landvent-manager-panel\core\functions\navs.php on line 102
[29-Jul-2025 16:49:30 UTC] PHP Warning:  Undefined array key "icon" in F:\os\OSPanel\domains\land.kiavi\wp-content\plugins\landvent-manager-panel\core\functions\navs.php on line 102
[29-Jul-2025 16:49:30 UTC] PHP Warning:  Undefined array key "icon" in F:\os\OSPanel\domains\land.kiavi\wp-content\plugins\landvent-manager-panel\core\functions\navs.php on line 102
[29-Jul-2025 16:49:30 UTC] PHP Warning:  Undefined array key "icon" in F:\os\OSPanel\domains\land.kiavi\wp-content\plugins\landvent-manager-panel\core\functions\navs.php on line 102
[29-Jul-2025 16:49:30 UTC] PHP Warning:  Undefined array key "icon" in F:\os\OSPanel\domains\land.kiavi\wp-content\plugins\landvent-manager-panel\core\functions\navs.php on line 102
[29-Jul-2025 16:49:30 UTC] PHP Warning:  Undefined array key "icon" in F:\os\OSPanel\domains\land.kiavi\wp-content\plugins\landvent-manager-panel\core\functions\navs.php on line 102
[29-Jul-2025 16:49:30 UTC] PHP Warning:  foreach() argument must be of type array|object, string given in F:\os\OSPanel\domains\land.kiavi\wp-content\plugins\landvent-manager-panel\core\config\applicant-info.php on line 258
[29-Jul-2025 16:49:30 UTC] PHP Warning:  foreach() argument must be of type array|object, string given in F:\os\OSPanel\domains\land.kiavi\wp-content\plugins\landvent-manager-panel\core\config\property-details.php on line 807
[29-Jul-2025 16:49:30 UTC] PHP Warning:  foreach() argument must be of type array|object, string given in F:\os\OSPanel\domains\land.kiavi\wp-content\plugins\landvent-manager-panel\core\config\property-details.php on line 913
