[29-Jul-2025 19:03:48 UTC] PHP Fatal error:  Cannot redeclare wpp_get_loan_data_total_loan_amount() (previously declared in F:\os\OSPanel\domains\land.kiavi\wp-content\plugins\landvent-manager-panel\core\functions\get-colums-data.php:145) in F:\os\OSPanel\domains\land.kiavi\wp-content\plugins\landvent-manager-panel\core\functions\helpers.php on line 3
[29-Jul-2025 19:05:01 UTC] PHP Warning:  foreach() argument must be of type array|object, string given in F:\os\OSPanel\domains\land.kiavi\wp-content\plugins\wpp-loan-application\includes\functions\wpp-helper.php on line 189
[29-Jul-2025 19:05:01 UTC] PHP Warning:  Undefined array key "icon" in F:\os\OSPanel\domains\land.kiavi\wp-content\plugins\landvent-manager-panel\core\functions\navs.php on line 102
[29-Jul-2025 19:05:01 UTC] PHP Warning:  Undefined array key "icon" in F:\os\OSPanel\domains\land.kiavi\wp-content\plugins\landvent-manager-panel\core\functions\navs.php on line 102
[29-Jul-2025 19:05:01 UTC] PHP Warning:  Undefined array key "icon" in F:\os\OSPanel\domains\land.kiavi\wp-content\plugins\landvent-manager-panel\core\functions\navs.php on line 102
[29-Jul-2025 19:05:01 UTC] PHP Warning:  Undefined array key "icon" in F:\os\OSPanel\domains\land.kiavi\wp-content\plugins\landvent-manager-panel\core\functions\navs.php on line 102
[29-Jul-2025 19:05:01 UTC] PHP Warning:  Undefined array key "icon" in F:\os\OSPanel\domains\land.kiavi\wp-content\plugins\landvent-manager-panel\core\functions\navs.php on line 102
[29-Jul-2025 19:05:01 UTC] PHP Warning:  Undefined array key "icon" in F:\os\OSPanel\domains\land.kiavi\wp-content\plugins\landvent-manager-panel\core\functions\navs.php on line 102
[29-Jul-2025 19:05:01 UTC] PHP Warning:  Undefined array key "icon" in F:\os\OSPanel\domains\land.kiavi\wp-content\plugins\landvent-manager-panel\core\functions\navs.php on line 102
[29-Jul-2025 19:05:01 UTC] PHP Warning:  Undefined array key "icon" in F:\os\OSPanel\domains\land.kiavi\wp-content\plugins\landvent-manager-panel\core\functions\navs.php on line 102
[29-Jul-2025 19:05:01 UTC] PHP Warning:  Undefined array key "icon" in F:\os\OSPanel\domains\land.kiavi\wp-content\plugins\landvent-manager-panel\core\functions\navs.php on line 102
[29-Jul-2025 19:05:01 UTC] PHP Warning:  Undefined array key "icon" in F:\os\OSPanel\domains\land.kiavi\wp-content\plugins\landvent-manager-panel\core\functions\navs.php on line 102
[29-Jul-2025 19:05:01 UTC] PHP Warning:  Undefined array key "icon" in F:\os\OSPanel\domains\land.kiavi\wp-content\plugins\landvent-manager-panel\core\functions\navs.php on line 102
[29-Jul-2025 19:05:01 UTC] PHP Warning:  Undefined array key "icon" in F:\os\OSPanel\domains\land.kiavi\wp-content\plugins\landvent-manager-panel\core\functions\navs.php on line 102
[29-Jul-2025 19:05:01 UTC] PHP Warning:  Undefined array key "icon" in F:\os\OSPanel\domains\land.kiavi\wp-content\plugins\landvent-manager-panel\core\functions\navs.php on line 102
[29-Jul-2025 19:05:01 UTC] PHP Fatal error:  Uncaught Error: Call to undefined function get_columns_data() in F:\os\OSPanel\domains\land.kiavi\wp-content\plugins\landvent-manager-panel\core\functions\helpers.php:22
Stack trace:
#0 F:\os\OSPanel\domains\land.kiavi\wp-content\plugins\landvent-manager-panel\public\templates\single-loan.php(41): wpp_get_total_loan_amount()
#1 F:\os\OSPanel\domains\land.kiavi\wp-includes\template-loader.php(106): include('F:\\os\\OSPanel\\d...')
#2 F:\os\OSPanel\domains\land.kiavi\wp-blog-header.php(19): require_once('F:\\os\\OSPanel\\d...')
#3 F:\os\OSPanel\domains\land.kiavi\index.php(17): require('F:\\os\\OSPanel\\d...')
#4 {main}
  thrown in F:\os\OSPanel\domains\land.kiavi\wp-content\plugins\landvent-manager-panel\core\functions\helpers.php on line 22
[29-Jul-2025 19:05:26 UTC] PHP Warning:  foreach() argument must be of type array|object, string given in F:\os\OSPanel\domains\land.kiavi\wp-content\plugins\wpp-loan-application\includes\functions\wpp-helper.php on line 189
[29-Jul-2025 19:05:26 UTC] PHP Warning:  Undefined array key "icon" in F:\os\OSPanel\domains\land.kiavi\wp-content\plugins\landvent-manager-panel\core\functions\navs.php on line 102
[29-Jul-2025 19:05:26 UTC] PHP Warning:  Undefined array key "icon" in F:\os\OSPanel\domains\land.kiavi\wp-content\plugins\landvent-manager-panel\core\functions\navs.php on line 102
[29-Jul-2025 19:05:26 UTC] PHP Warning:  Undefined array key "icon" in F:\os\OSPanel\domains\land.kiavi\wp-content\plugins\landvent-manager-panel\core\functions\navs.php on line 102
[29-Jul-2025 19:05:26 UTC] PHP Warning:  Undefined array key "icon" in F:\os\OSPanel\domains\land.kiavi\wp-content\plugins\landvent-manager-panel\core\functions\navs.php on line 102
[29-Jul-2025 19:05:26 UTC] PHP Warning:  Undefined array key "icon" in F:\os\OSPanel\domains\land.kiavi\wp-content\plugins\landvent-manager-panel\core\functions\navs.php on line 102
[29-Jul-2025 19:05:26 UTC] PHP Warning:  Undefined array key "icon" in F:\os\OSPanel\domains\land.kiavi\wp-content\plugins\landvent-manager-panel\core\functions\navs.php on line 102
[29-Jul-2025 19:05:26 UTC] PHP Warning:  Undefined array key "icon" in F:\os\OSPanel\domains\land.kiavi\wp-content\plugins\landvent-manager-panel\core\functions\navs.php on line 102
[29-Jul-2025 19:05:26 UTC] PHP Warning:  Undefined array key "icon" in F:\os\OSPanel\domains\land.kiavi\wp-content\plugins\landvent-manager-panel\core\functions\navs.php on line 102
[29-Jul-2025 19:05:26 UTC] PHP Warning:  Undefined array key "icon" in F:\os\OSPanel\domains\land.kiavi\wp-content\plugins\landvent-manager-panel\core\functions\navs.php on line 102
[29-Jul-2025 19:05:26 UTC] PHP Warning:  Undefined array key "icon" in F:\os\OSPanel\domains\land.kiavi\wp-content\plugins\landvent-manager-panel\core\functions\navs.php on line 102
[29-Jul-2025 19:05:26 UTC] PHP Warning:  Undefined array key "icon" in F:\os\OSPanel\domains\land.kiavi\wp-content\plugins\landvent-manager-panel\core\functions\navs.php on line 102
[29-Jul-2025 19:05:26 UTC] PHP Warning:  Undefined array key "icon" in F:\os\OSPanel\domains\land.kiavi\wp-content\plugins\landvent-manager-panel\core\functions\navs.php on line 102
[29-Jul-2025 19:05:26 UTC] PHP Warning:  Undefined array key "icon" in F:\os\OSPanel\domains\land.kiavi\wp-content\plugins\landvent-manager-panel\core\functions\navs.php on line 102
[29-Jul-2025 19:05:26 UTC] PHP Fatal error:  Uncaught Error: Call to undefined function get_columns_data() in F:\os\OSPanel\domains\land.kiavi\wp-content\plugins\landvent-manager-panel\core\functions\helpers.php:22
Stack trace:
#0 F:\os\OSPanel\domains\land.kiavi\wp-content\plugins\landvent-manager-panel\public\templates\single-loan.php(41): wpp_get_total_loan_amount()
#1 F:\os\OSPanel\domains\land.kiavi\wp-includes\template-loader.php(106): include('F:\\os\\OSPanel\\d...')
#2 F:\os\OSPanel\domains\land.kiavi\wp-blog-header.php(19): require_once('F:\\os\\OSPanel\\d...')
#3 F:\os\OSPanel\domains\land.kiavi\index.php(17): require('F:\\os\\OSPanel\\d...')
#4 {main}
  thrown in F:\os\OSPanel\domains\land.kiavi\wp-content\plugins\landvent-manager-panel\core\functions\helpers.php on line 22
[29-Jul-2025 19:05:54 UTC] PHP Warning:  foreach() argument must be of type array|object, string given in F:\os\OSPanel\domains\land.kiavi\wp-content\plugins\wpp-loan-application\includes\functions\wpp-helper.php on line 189
[29-Jul-2025 19:05:54 UTC] PHP Warning:  Undefined array key "icon" in F:\os\OSPanel\domains\land.kiavi\wp-content\plugins\landvent-manager-panel\core\functions\navs.php on line 102
[29-Jul-2025 19:05:54 UTC] PHP Warning:  Undefined array key "icon" in F:\os\OSPanel\domains\land.kiavi\wp-content\plugins\landvent-manager-panel\core\functions\navs.php on line 102
[29-Jul-2025 19:05:54 UTC] PHP Warning:  Undefined array key "icon" in F:\os\OSPanel\domains\land.kiavi\wp-content\plugins\landvent-manager-panel\core\functions\navs.php on line 102
[29-Jul-2025 19:05:54 UTC] PHP Warning:  Undefined array key "icon" in F:\os\OSPanel\domains\land.kiavi\wp-content\plugins\landvent-manager-panel\core\functions\navs.php on line 102
[29-Jul-2025 19:05:54 UTC] PHP Warning:  Undefined array key "icon" in F:\os\OSPanel\domains\land.kiavi\wp-content\plugins\landvent-manager-panel\core\functions\navs.php on line 102
[29-Jul-2025 19:05:54 UTC] PHP Warning:  Undefined array key "icon" in F:\os\OSPanel\domains\land.kiavi\wp-content\plugins\landvent-manager-panel\core\functions\navs.php on line 102
[29-Jul-2025 19:05:54 UTC] PHP Warning:  Undefined array key "icon" in F:\os\OSPanel\domains\land.kiavi\wp-content\plugins\landvent-manager-panel\core\functions\navs.php on line 102
[29-Jul-2025 19:05:54 UTC] PHP Warning:  Undefined array key "icon" in F:\os\OSPanel\domains\land.kiavi\wp-content\plugins\landvent-manager-panel\core\functions\navs.php on line 102
[29-Jul-2025 19:05:54 UTC] PHP Warning:  Undefined array key "icon" in F:\os\OSPanel\domains\land.kiavi\wp-content\plugins\landvent-manager-panel\core\functions\navs.php on line 102
[29-Jul-2025 19:05:54 UTC] PHP Warning:  Undefined array key "icon" in F:\os\OSPanel\domains\land.kiavi\wp-content\plugins\landvent-manager-panel\core\functions\navs.php on line 102
[29-Jul-2025 19:05:54 UTC] PHP Warning:  Undefined array key "icon" in F:\os\OSPanel\domains\land.kiavi\wp-content\plugins\landvent-manager-panel\core\functions\navs.php on line 102
[29-Jul-2025 19:05:54 UTC] PHP Warning:  Undefined array key "icon" in F:\os\OSPanel\domains\land.kiavi\wp-content\plugins\landvent-manager-panel\core\functions\navs.php on line 102
[29-Jul-2025 19:05:54 UTC] PHP Warning:  Undefined array key "icon" in F:\os\OSPanel\domains\land.kiavi\wp-content\plugins\landvent-manager-panel\core\functions\navs.php on line 102
[29-Jul-2025 19:05:54 UTC] PHP Fatal error:  Uncaught Error: Call to undefined function get_columns_data() in F:\os\OSPanel\domains\land.kiavi\wp-content\plugins\landvent-manager-panel\core\functions\helpers.php:23
Stack trace:
#0 F:\os\OSPanel\domains\land.kiavi\wp-content\plugins\landvent-manager-panel\public\templates\single-loan.php(41): wpp_get_total_loan_amount()
#1 F:\os\OSPanel\domains\land.kiavi\wp-includes\template-loader.php(106): include('F:\\os\\OSPanel\\d...')
#2 F:\os\OSPanel\domains\land.kiavi\wp-blog-header.php(19): require_once('F:\\os\\OSPanel\\d...')
#3 F:\os\OSPanel\domains\land.kiavi\index.php(17): require('F:\\os\\OSPanel\\d...')
#4 {main}
  thrown in F:\os\OSPanel\domains\land.kiavi\wp-content\plugins\landvent-manager-panel\core\functions\helpers.php on line 23
[29-Jul-2025 19:06:13 UTC] PHP Warning:  foreach() argument must be of type array|object, string given in F:\os\OSPanel\domains\land.kiavi\wp-content\plugins\wpp-loan-application\includes\functions\wpp-helper.php on line 189
[29-Jul-2025 19:06:13 UTC] PHP Warning:  Undefined array key "icon" in F:\os\OSPanel\domains\land.kiavi\wp-content\plugins\landvent-manager-panel\core\functions\navs.php on line 102
[29-Jul-2025 19:06:13 UTC] PHP Warning:  Undefined array key "icon" in F:\os\OSPanel\domains\land.kiavi\wp-content\plugins\landvent-manager-panel\core\functions\navs.php on line 102
[29-Jul-2025 19:06:13 UTC] PHP Warning:  Undefined array key "icon" in F:\os\OSPanel\domains\land.kiavi\wp-content\plugins\landvent-manager-panel\core\functions\navs.php on line 102
[29-Jul-2025 19:06:13 UTC] PHP Warning:  Undefined array key "icon" in F:\os\OSPanel\domains\land.kiavi\wp-content\plugins\landvent-manager-panel\core\functions\navs.php on line 102
[29-Jul-2025 19:06:13 UTC] PHP Warning:  Undefined array key "icon" in F:\os\OSPanel\domains\land.kiavi\wp-content\plugins\landvent-manager-panel\core\functions\navs.php on line 102
[29-Jul-2025 19:06:13 UTC] PHP Warning:  Undefined array key "icon" in F:\os\OSPanel\domains\land.kiavi\wp-content\plugins\landvent-manager-panel\core\functions\navs.php on line 102
[29-Jul-2025 19:06:13 UTC] PHP Warning:  Undefined array key "icon" in F:\os\OSPanel\domains\land.kiavi\wp-content\plugins\landvent-manager-panel\core\functions\navs.php on line 102
[29-Jul-2025 19:06:13 UTC] PHP Warning:  Undefined array key "icon" in F:\os\OSPanel\domains\land.kiavi\wp-content\plugins\landvent-manager-panel\core\functions\navs.php on line 102
[29-Jul-2025 19:06:13 UTC] PHP Warning:  Undefined array key "icon" in F:\os\OSPanel\domains\land.kiavi\wp-content\plugins\landvent-manager-panel\core\functions\navs.php on line 102
[29-Jul-2025 19:06:13 UTC] PHP Warning:  Undefined array key "icon" in F:\os\OSPanel\domains\land.kiavi\wp-content\plugins\landvent-manager-panel\core\functions\navs.php on line 102
[29-Jul-2025 19:06:13 UTC] PHP Warning:  Undefined array key "icon" in F:\os\OSPanel\domains\land.kiavi\wp-content\plugins\landvent-manager-panel\core\functions\navs.php on line 102
[29-Jul-2025 19:06:13 UTC] PHP Warning:  Undefined array key "icon" in F:\os\OSPanel\domains\land.kiavi\wp-content\plugins\landvent-manager-panel\core\functions\navs.php on line 102
[29-Jul-2025 19:06:13 UTC] PHP Warning:  Undefined array key "icon" in F:\os\OSPanel\domains\land.kiavi\wp-content\plugins\landvent-manager-panel\core\functions\navs.php on line 102
[29-Jul-2025 19:06:13 UTC] PHP Fatal error:  Uncaught Error: Call to undefined function get_columns_data() in F:\os\OSPanel\domains\land.kiavi\wp-content\plugins\landvent-manager-panel\core\functions\helpers.php:23
Stack trace:
#0 F:\os\OSPanel\domains\land.kiavi\wp-content\plugins\landvent-manager-panel\public\templates\single-loan.php(41): wpp_get_total_loan_amount()
#1 F:\os\OSPanel\domains\land.kiavi\wp-includes\template-loader.php(106): include('F:\\os\\OSPanel\\d...')
#2 F:\os\OSPanel\domains\land.kiavi\wp-blog-header.php(19): require_once('F:\\os\\OSPanel\\d...')
#3 F:\os\OSPanel\domains\land.kiavi\index.php(17): require('F:\\os\\OSPanel\\d...')
#4 {main}
  thrown in F:\os\OSPanel\domains\land.kiavi\wp-content\plugins\landvent-manager-panel\core\functions\helpers.php on line 23
[29-Jul-2025 19:06:41 UTC] PHP Warning:  foreach() argument must be of type array|object, string given in F:\os\OSPanel\domains\land.kiavi\wp-content\plugins\wpp-loan-application\includes\functions\wpp-helper.php on line 189
[29-Jul-2025 19:06:41 UTC] PHP Warning:  Undefined array key "icon" in F:\os\OSPanel\domains\land.kiavi\wp-content\plugins\landvent-manager-panel\core\functions\navs.php on line 102
[29-Jul-2025 19:06:41 UTC] PHP Warning:  Undefined array key "icon" in F:\os\OSPanel\domains\land.kiavi\wp-content\plugins\landvent-manager-panel\core\functions\navs.php on line 102
[29-Jul-2025 19:06:41 UTC] PHP Warning:  Undefined array key "icon" in F:\os\OSPanel\domains\land.kiavi\wp-content\plugins\landvent-manager-panel\core\functions\navs.php on line 102
[29-Jul-2025 19:06:41 UTC] PHP Warning:  Undefined array key "icon" in F:\os\OSPanel\domains\land.kiavi\wp-content\plugins\landvent-manager-panel\core\functions\navs.php on line 102
[29-Jul-2025 19:06:41 UTC] PHP Warning:  Undefined array key "icon" in F:\os\OSPanel\domains\land.kiavi\wp-content\plugins\landvent-manager-panel\core\functions\navs.php on line 102
[29-Jul-2025 19:06:41 UTC] PHP Warning:  Undefined array key "icon" in F:\os\OSPanel\domains\land.kiavi\wp-content\plugins\landvent-manager-panel\core\functions\navs.php on line 102
[29-Jul-2025 19:06:41 UTC] PHP Warning:  Undefined array key "icon" in F:\os\OSPanel\domains\land.kiavi\wp-content\plugins\landvent-manager-panel\core\functions\navs.php on line 102
[29-Jul-2025 19:06:41 UTC] PHP Warning:  Undefined array key "icon" in F:\os\OSPanel\domains\land.kiavi\wp-content\plugins\landvent-manager-panel\core\functions\navs.php on line 102
[29-Jul-2025 19:06:41 UTC] PHP Warning:  Undefined array key "icon" in F:\os\OSPanel\domains\land.kiavi\wp-content\plugins\landvent-manager-panel\core\functions\navs.php on line 102
[29-Jul-2025 19:06:41 UTC] PHP Warning:  Undefined array key "icon" in F:\os\OSPanel\domains\land.kiavi\wp-content\plugins\landvent-manager-panel\core\functions\navs.php on line 102
[29-Jul-2025 19:06:41 UTC] PHP Warning:  Undefined array key "icon" in F:\os\OSPanel\domains\land.kiavi\wp-content\plugins\landvent-manager-panel\core\functions\navs.php on line 102
[29-Jul-2025 19:06:41 UTC] PHP Warning:  Undefined array key "icon" in F:\os\OSPanel\domains\land.kiavi\wp-content\plugins\landvent-manager-panel\core\functions\navs.php on line 102
[29-Jul-2025 19:06:41 UTC] PHP Warning:  Undefined array key "icon" in F:\os\OSPanel\domains\land.kiavi\wp-content\plugins\landvent-manager-panel\core\functions\navs.php on line 102
[29-Jul-2025 19:06:41 UTC] PHP Fatal error:  Uncaught Error: Call to undefined function get_columns_data() in F:\os\OSPanel\domains\land.kiavi\wp-content\plugins\landvent-manager-panel\core\functions\helpers.php:25
Stack trace:
#0 F:\os\OSPanel\domains\land.kiavi\wp-content\plugins\landvent-manager-panel\public\templates\single-loan.php(41): wpp_get_total_loan_amount()
#1 F:\os\OSPanel\domains\land.kiavi\wp-includes\template-loader.php(106): include('F:\\os\\OSPanel\\d...')
#2 F:\os\OSPanel\domains\land.kiavi\wp-blog-header.php(19): require_once('F:\\os\\OSPanel\\d...')
#3 F:\os\OSPanel\domains\land.kiavi\index.php(17): require('F:\\os\\OSPanel\\d...')
#4 {main}
  thrown in F:\os\OSPanel\domains\land.kiavi\wp-content\plugins\landvent-manager-panel\core\functions\helpers.php on line 25
[29-Jul-2025 19:07:02 UTC] PHP Warning:  foreach() argument must be of type array|object, string given in F:\os\OSPanel\domains\land.kiavi\wp-content\plugins\wpp-loan-application\includes\functions\wpp-helper.php on line 189
[29-Jul-2025 19:07:02 UTC] PHP Warning:  Undefined array key "icon" in F:\os\OSPanel\domains\land.kiavi\wp-content\plugins\landvent-manager-panel\core\functions\navs.php on line 102
[29-Jul-2025 19:07:02 UTC] PHP Warning:  Undefined array key "icon" in F:\os\OSPanel\domains\land.kiavi\wp-content\plugins\landvent-manager-panel\core\functions\navs.php on line 102
[29-Jul-2025 19:07:02 UTC] PHP Warning:  Undefined array key "icon" in F:\os\OSPanel\domains\land.kiavi\wp-content\plugins\landvent-manager-panel\core\functions\navs.php on line 102
[29-Jul-2025 19:07:02 UTC] PHP Warning:  Undefined array key "icon" in F:\os\OSPanel\domains\land.kiavi\wp-content\plugins\landvent-manager-panel\core\functions\navs.php on line 102
[29-Jul-2025 19:07:02 UTC] PHP Warning:  Undefined array key "icon" in F:\os\OSPanel\domains\land.kiavi\wp-content\plugins\landvent-manager-panel\core\functions\navs.php on line 102
[29-Jul-2025 19:07:02 UTC] PHP Warning:  Undefined array key "icon" in F:\os\OSPanel\domains\land.kiavi\wp-content\plugins\landvent-manager-panel\core\functions\navs.php on line 102
[29-Jul-2025 19:07:02 UTC] PHP Warning:  Undefined array key "icon" in F:\os\OSPanel\domains\land.kiavi\wp-content\plugins\landvent-manager-panel\core\functions\navs.php on line 102
[29-Jul-2025 19:07:02 UTC] PHP Warning:  Undefined array key "icon" in F:\os\OSPanel\domains\land.kiavi\wp-content\plugins\landvent-manager-panel\core\functions\navs.php on line 102
[29-Jul-2025 19:07:02 UTC] PHP Warning:  Undefined array key "icon" in F:\os\OSPanel\domains\land.kiavi\wp-content\plugins\landvent-manager-panel\core\functions\navs.php on line 102
[29-Jul-2025 19:07:02 UTC] PHP Warning:  Undefined array key "icon" in F:\os\OSPanel\domains\land.kiavi\wp-content\plugins\landvent-manager-panel\core\functions\navs.php on line 102
[29-Jul-2025 19:07:02 UTC] PHP Warning:  Undefined array key "icon" in F:\os\OSPanel\domains\land.kiavi\wp-content\plugins\landvent-manager-panel\core\functions\navs.php on line 102
[29-Jul-2025 19:07:02 UTC] PHP Warning:  Undefined array key "icon" in F:\os\OSPanel\domains\land.kiavi\wp-content\plugins\landvent-manager-panel\core\functions\navs.php on line 102
[29-Jul-2025 19:07:02 UTC] PHP Warning:  Undefined array key "icon" in F:\os\OSPanel\domains\land.kiavi\wp-content\plugins\landvent-manager-panel\core\functions\navs.php on line 102
[29-Jul-2025 19:07:08 UTC] PHP Warning:  foreach() argument must be of type array|object, string given in F:\os\OSPanel\domains\land.kiavi\wp-content\plugins\wpp-loan-application\includes\functions\wpp-helper.php on line 189
[29-Jul-2025 19:07:08 UTC] PHP Warning:  Undefined array key "icon" in F:\os\OSPanel\domains\land.kiavi\wp-content\plugins\landvent-manager-panel\core\functions\navs.php on line 102
[29-Jul-2025 19:07:08 UTC] PHP Warning:  Undefined array key "icon" in F:\os\OSPanel\domains\land.kiavi\wp-content\plugins\landvent-manager-panel\core\functions\navs.php on line 102
[29-Jul-2025 19:07:08 UTC] PHP Warning:  Undefined array key "icon" in F:\os\OSPanel\domains\land.kiavi\wp-content\plugins\landvent-manager-panel\core\functions\navs.php on line 102
[29-Jul-2025 19:07:08 UTC] PHP Warning:  Undefined array key "icon" in F:\os\OSPanel\domains\land.kiavi\wp-content\plugins\landvent-manager-panel\core\functions\navs.php on line 102
[29-Jul-2025 19:07:08 UTC] PHP Warning:  Undefined array key "icon" in F:\os\OSPanel\domains\land.kiavi\wp-content\plugins\landvent-manager-panel\core\functions\navs.php on line 102
[29-Jul-2025 19:07:08 UTC] PHP Warning:  Undefined array key "icon" in F:\os\OSPanel\domains\land.kiavi\wp-content\plugins\landvent-manager-panel\core\functions\navs.php on line 102
[29-Jul-2025 19:07:08 UTC] PHP Warning:  Undefined array key "icon" in F:\os\OSPanel\domains\land.kiavi\wp-content\plugins\landvent-manager-panel\core\functions\navs.php on line 102
[29-Jul-2025 19:07:08 UTC] PHP Warning:  Undefined array key "icon" in F:\os\OSPanel\domains\land.kiavi\wp-content\plugins\landvent-manager-panel\core\functions\navs.php on line 102
[29-Jul-2025 19:07:08 UTC] PHP Warning:  Undefined array key "icon" in F:\os\OSPanel\domains\land.kiavi\wp-content\plugins\landvent-manager-panel\core\functions\navs.php on line 102
[29-Jul-2025 19:07:08 UTC] PHP Warning:  Undefined array key "icon" in F:\os\OSPanel\domains\land.kiavi\wp-content\plugins\landvent-manager-panel\core\functions\navs.php on line 102
[29-Jul-2025 19:07:08 UTC] PHP Warning:  Undefined array key "icon" in F:\os\OSPanel\domains\land.kiavi\wp-content\plugins\landvent-manager-panel\core\functions\navs.php on line 102
[29-Jul-2025 19:07:08 UTC] PHP Warning:  Undefined array key "icon" in F:\os\OSPanel\domains\land.kiavi\wp-content\plugins\landvent-manager-panel\core\functions\navs.php on line 102
[29-Jul-2025 19:07:08 UTC] PHP Warning:  Undefined array key "icon" in F:\os\OSPanel\domains\land.kiavi\wp-content\plugins\landvent-manager-panel\core\functions\navs.php on line 102
[29-Jul-2025 19:08:25 UTC] PHP Warning:  foreach() argument must be of type array|object, string given in F:\os\OSPanel\domains\land.kiavi\wp-content\plugins\wpp-loan-application\includes\functions\wpp-helper.php on line 189
[29-Jul-2025 19:08:25 UTC] PHP Warning:  Undefined array key "icon" in F:\os\OSPanel\domains\land.kiavi\wp-content\plugins\landvent-manager-panel\core\functions\navs.php on line 102
[29-Jul-2025 19:08:25 UTC] PHP Warning:  Undefined array key "icon" in F:\os\OSPanel\domains\land.kiavi\wp-content\plugins\landvent-manager-panel\core\functions\navs.php on line 102
[29-Jul-2025 19:08:25 UTC] PHP Warning:  Undefined array key "icon" in F:\os\OSPanel\domains\land.kiavi\wp-content\plugins\landvent-manager-panel\core\functions\navs.php on line 102
[29-Jul-2025 19:08:25 UTC] PHP Warning:  Undefined array key "icon" in F:\os\OSPanel\domains\land.kiavi\wp-content\plugins\landvent-manager-panel\core\functions\navs.php on line 102
[29-Jul-2025 19:08:25 UTC] PHP Warning:  Undefined array key "icon" in F:\os\OSPanel\domains\land.kiavi\wp-content\plugins\landvent-manager-panel\core\functions\navs.php on line 102
[29-Jul-2025 19:08:25 UTC] PHP Warning:  Undefined array key "icon" in F:\os\OSPanel\domains\land.kiavi\wp-content\plugins\landvent-manager-panel\core\functions\navs.php on line 102
[29-Jul-2025 19:08:25 UTC] PHP Warning:  Undefined array key "icon" in F:\os\OSPanel\domains\land.kiavi\wp-content\plugins\landvent-manager-panel\core\functions\navs.php on line 102
[29-Jul-2025 19:08:25 UTC] PHP Warning:  Undefined array key "icon" in F:\os\OSPanel\domains\land.kiavi\wp-content\plugins\landvent-manager-panel\core\functions\navs.php on line 102
[29-Jul-2025 19:08:25 UTC] PHP Warning:  Undefined array key "icon" in F:\os\OSPanel\domains\land.kiavi\wp-content\plugins\landvent-manager-panel\core\functions\navs.php on line 102
[29-Jul-2025 19:08:25 UTC] PHP Warning:  Undefined array key "icon" in F:\os\OSPanel\domains\land.kiavi\wp-content\plugins\landvent-manager-panel\core\functions\navs.php on line 102
[29-Jul-2025 19:08:25 UTC] PHP Warning:  Undefined array key "icon" in F:\os\OSPanel\domains\land.kiavi\wp-content\plugins\landvent-manager-panel\core\functions\navs.php on line 102
[29-Jul-2025 19:08:25 UTC] PHP Warning:  Undefined array key "icon" in F:\os\OSPanel\domains\land.kiavi\wp-content\plugins\landvent-manager-panel\core\functions\navs.php on line 102
[29-Jul-2025 19:08:25 UTC] PHP Warning:  Undefined array key "icon" in F:\os\OSPanel\domains\land.kiavi\wp-content\plugins\landvent-manager-panel\core\functions\navs.php on line 102
[29-Jul-2025 19:09:21 UTC] PHP Warning:  foreach() argument must be of type array|object, string given in F:\os\OSPanel\domains\land.kiavi\wp-content\plugins\wpp-loan-application\includes\functions\wpp-helper.php on line 189
[29-Jul-2025 19:09:21 UTC] PHP Warning:  Undefined array key "icon" in F:\os\OSPanel\domains\land.kiavi\wp-content\plugins\landvent-manager-panel\core\functions\navs.php on line 102
[29-Jul-2025 19:09:21 UTC] PHP Warning:  Undefined array key "icon" in F:\os\OSPanel\domains\land.kiavi\wp-content\plugins\landvent-manager-panel\core\functions\navs.php on line 102
[29-Jul-2025 19:09:21 UTC] PHP Warning:  Undefined array key "icon" in F:\os\OSPanel\domains\land.kiavi\wp-content\plugins\landvent-manager-panel\core\functions\navs.php on line 102
[29-Jul-2025 19:09:21 UTC] PHP Warning:  Undefined array key "icon" in F:\os\OSPanel\domains\land.kiavi\wp-content\plugins\landvent-manager-panel\core\functions\navs.php on line 102
[29-Jul-2025 19:09:21 UTC] PHP Warning:  Undefined array key "icon" in F:\os\OSPanel\domains\land.kiavi\wp-content\plugins\landvent-manager-panel\core\functions\navs.php on line 102
[29-Jul-2025 19:09:21 UTC] PHP Warning:  Undefined array key "icon" in F:\os\OSPanel\domains\land.kiavi\wp-content\plugins\landvent-manager-panel\core\functions\navs.php on line 102
[29-Jul-2025 19:09:21 UTC] PHP Warning:  Undefined array key "icon" in F:\os\OSPanel\domains\land.kiavi\wp-content\plugins\landvent-manager-panel\core\functions\navs.php on line 102
[29-Jul-2025 19:09:21 UTC] PHP Warning:  Undefined array key "icon" in F:\os\OSPanel\domains\land.kiavi\wp-content\plugins\landvent-manager-panel\core\functions\navs.php on line 102
[29-Jul-2025 19:09:21 UTC] PHP Warning:  Undefined array key "icon" in F:\os\OSPanel\domains\land.kiavi\wp-content\plugins\landvent-manager-panel\core\functions\navs.php on line 102
[29-Jul-2025 19:09:21 UTC] PHP Warning:  Undefined array key "icon" in F:\os\OSPanel\domains\land.kiavi\wp-content\plugins\landvent-manager-panel\core\functions\navs.php on line 102
[29-Jul-2025 19:09:21 UTC] PHP Warning:  Undefined array key "icon" in F:\os\OSPanel\domains\land.kiavi\wp-content\plugins\landvent-manager-panel\core\functions\navs.php on line 102
[29-Jul-2025 19:09:21 UTC] PHP Warning:  Undefined array key "icon" in F:\os\OSPanel\domains\land.kiavi\wp-content\plugins\landvent-manager-panel\core\functions\navs.php on line 102
[29-Jul-2025 19:09:21 UTC] PHP Warning:  Undefined array key "icon" in F:\os\OSPanel\domains\land.kiavi\wp-content\plugins\landvent-manager-panel\core\functions\navs.php on line 102
[29-Jul-2025 19:11:14 UTC] PHP Warning:  foreach() argument must be of type array|object, string given in F:\os\OSPanel\domains\land.kiavi\wp-content\plugins\wpp-loan-application\includes\functions\wpp-helper.php on line 189
[29-Jul-2025 19:11:14 UTC] PHP Warning:  Undefined array key "icon" in F:\os\OSPanel\domains\land.kiavi\wp-content\plugins\landvent-manager-panel\core\functions\navs.php on line 102
[29-Jul-2025 19:11:14 UTC] PHP Warning:  Undefined array key "icon" in F:\os\OSPanel\domains\land.kiavi\wp-content\plugins\landvent-manager-panel\core\functions\navs.php on line 102
[29-Jul-2025 19:11:14 UTC] PHP Warning:  Undefined array key "icon" in F:\os\OSPanel\domains\land.kiavi\wp-content\plugins\landvent-manager-panel\core\functions\navs.php on line 102
[29-Jul-2025 19:11:14 UTC] PHP Warning:  Undefined array key "icon" in F:\os\OSPanel\domains\land.kiavi\wp-content\plugins\landvent-manager-panel\core\functions\navs.php on line 102
[29-Jul-2025 19:11:14 UTC] PHP Warning:  Undefined array key "icon" in F:\os\OSPanel\domains\land.kiavi\wp-content\plugins\landvent-manager-panel\core\functions\navs.php on line 102
[29-Jul-2025 19:11:14 UTC] PHP Warning:  Undefined array key "icon" in F:\os\OSPanel\domains\land.kiavi\wp-content\plugins\landvent-manager-panel\core\functions\navs.php on line 102
[29-Jul-2025 19:11:14 UTC] PHP Warning:  Undefined array key "icon" in F:\os\OSPanel\domains\land.kiavi\wp-content\plugins\landvent-manager-panel\core\functions\navs.php on line 102
[29-Jul-2025 19:11:14 UTC] PHP Warning:  Undefined array key "icon" in F:\os\OSPanel\domains\land.kiavi\wp-content\plugins\landvent-manager-panel\core\functions\navs.php on line 102
[29-Jul-2025 19:11:14 UTC] PHP Warning:  Undefined array key "icon" in F:\os\OSPanel\domains\land.kiavi\wp-content\plugins\landvent-manager-panel\core\functions\navs.php on line 102
[29-Jul-2025 19:11:14 UTC] PHP Warning:  Undefined array key "icon" in F:\os\OSPanel\domains\land.kiavi\wp-content\plugins\landvent-manager-panel\core\functions\navs.php on line 102
[29-Jul-2025 19:11:14 UTC] PHP Warning:  Undefined array key "icon" in F:\os\OSPanel\domains\land.kiavi\wp-content\plugins\landvent-manager-panel\core\functions\navs.php on line 102
[29-Jul-2025 19:11:14 UTC] PHP Warning:  Undefined array key "icon" in F:\os\OSPanel\domains\land.kiavi\wp-content\plugins\landvent-manager-panel\core\functions\navs.php on line 102
[29-Jul-2025 19:11:14 UTC] PHP Warning:  Undefined array key "icon" in F:\os\OSPanel\domains\land.kiavi\wp-content\plugins\landvent-manager-panel\core\functions\navs.php on line 102
[29-Jul-2025 19:11:20 UTC] PHP Warning:  foreach() argument must be of type array|object, string given in F:\os\OSPanel\domains\land.kiavi\wp-content\plugins\wpp-loan-application\includes\functions\wpp-helper.php on line 189
[29-Jul-2025 19:11:20 UTC] PHP Warning:  Undefined array key "icon" in F:\os\OSPanel\domains\land.kiavi\wp-content\plugins\landvent-manager-panel\core\functions\navs.php on line 102
[29-Jul-2025 19:11:20 UTC] PHP Warning:  Undefined array key "icon" in F:\os\OSPanel\domains\land.kiavi\wp-content\plugins\landvent-manager-panel\core\functions\navs.php on line 102
[29-Jul-2025 19:11:20 UTC] PHP Warning:  Undefined array key "icon" in F:\os\OSPanel\domains\land.kiavi\wp-content\plugins\landvent-manager-panel\core\functions\navs.php on line 102
[29-Jul-2025 19:11:20 UTC] PHP Warning:  Undefined array key "icon" in F:\os\OSPanel\domains\land.kiavi\wp-content\plugins\landvent-manager-panel\core\functions\navs.php on line 102
[29-Jul-2025 19:11:20 UTC] PHP Warning:  Undefined array key "icon" in F:\os\OSPanel\domains\land.kiavi\wp-content\plugins\landvent-manager-panel\core\functions\navs.php on line 102
[29-Jul-2025 19:11:20 UTC] PHP Warning:  Undefined array key "icon" in F:\os\OSPanel\domains\land.kiavi\wp-content\plugins\landvent-manager-panel\core\functions\navs.php on line 102
[29-Jul-2025 19:11:20 UTC] PHP Warning:  Undefined array key "icon" in F:\os\OSPanel\domains\land.kiavi\wp-content\plugins\landvent-manager-panel\core\functions\navs.php on line 102
[29-Jul-2025 19:11:20 UTC] PHP Warning:  Undefined array key "icon" in F:\os\OSPanel\domains\land.kiavi\wp-content\plugins\landvent-manager-panel\core\functions\navs.php on line 102
[29-Jul-2025 19:11:20 UTC] PHP Warning:  Undefined array key "icon" in F:\os\OSPanel\domains\land.kiavi\wp-content\plugins\landvent-manager-panel\core\functions\navs.php on line 102
[29-Jul-2025 19:11:20 UTC] PHP Warning:  Undefined array key "icon" in F:\os\OSPanel\domains\land.kiavi\wp-content\plugins\landvent-manager-panel\core\functions\navs.php on line 102
[29-Jul-2025 19:11:20 UTC] PHP Warning:  Undefined array key "icon" in F:\os\OSPanel\domains\land.kiavi\wp-content\plugins\landvent-manager-panel\core\functions\navs.php on line 102
[29-Jul-2025 19:11:20 UTC] PHP Warning:  Undefined array key "icon" in F:\os\OSPanel\domains\land.kiavi\wp-content\plugins\landvent-manager-panel\core\functions\navs.php on line 102
[29-Jul-2025 19:11:20 UTC] PHP Warning:  Undefined array key "icon" in F:\os\OSPanel\domains\land.kiavi\wp-content\plugins\landvent-manager-panel\core\functions\navs.php on line 102
[29-Jul-2025 19:11:44 UTC] PHP Warning:  foreach() argument must be of type array|object, string given in F:\os\OSPanel\domains\land.kiavi\wp-content\plugins\wpp-loan-application\includes\functions\wpp-helper.php on line 189
[29-Jul-2025 19:11:44 UTC] PHP Warning:  Undefined array key "icon" in F:\os\OSPanel\domains\land.kiavi\wp-content\plugins\landvent-manager-panel\core\functions\navs.php on line 102
[29-Jul-2025 19:11:44 UTC] PHP Warning:  Undefined array key "icon" in F:\os\OSPanel\domains\land.kiavi\wp-content\plugins\landvent-manager-panel\core\functions\navs.php on line 102
[29-Jul-2025 19:11:44 UTC] PHP Warning:  Undefined array key "icon" in F:\os\OSPanel\domains\land.kiavi\wp-content\plugins\landvent-manager-panel\core\functions\navs.php on line 102
[29-Jul-2025 19:11:44 UTC] PHP Warning:  Undefined array key "icon" in F:\os\OSPanel\domains\land.kiavi\wp-content\plugins\landvent-manager-panel\core\functions\navs.php on line 102
[29-Jul-2025 19:11:44 UTC] PHP Warning:  Undefined array key "icon" in F:\os\OSPanel\domains\land.kiavi\wp-content\plugins\landvent-manager-panel\core\functions\navs.php on line 102
[29-Jul-2025 19:11:44 UTC] PHP Warning:  Undefined array key "icon" in F:\os\OSPanel\domains\land.kiavi\wp-content\plugins\landvent-manager-panel\core\functions\navs.php on line 102
[29-Jul-2025 19:11:44 UTC] PHP Warning:  Undefined array key "icon" in F:\os\OSPanel\domains\land.kiavi\wp-content\plugins\landvent-manager-panel\core\functions\navs.php on line 102
[29-Jul-2025 19:11:44 UTC] PHP Warning:  Undefined array key "icon" in F:\os\OSPanel\domains\land.kiavi\wp-content\plugins\landvent-manager-panel\core\functions\navs.php on line 102
[29-Jul-2025 19:11:44 UTC] PHP Warning:  Undefined array key "icon" in F:\os\OSPanel\domains\land.kiavi\wp-content\plugins\landvent-manager-panel\core\functions\navs.php on line 102
[29-Jul-2025 19:11:44 UTC] PHP Warning:  Undefined array key "icon" in F:\os\OSPanel\domains\land.kiavi\wp-content\plugins\landvent-manager-panel\core\functions\navs.php on line 102
[29-Jul-2025 19:11:44 UTC] PHP Warning:  Undefined array key "icon" in F:\os\OSPanel\domains\land.kiavi\wp-content\plugins\landvent-manager-panel\core\functions\navs.php on line 102
[29-Jul-2025 19:11:44 UTC] PHP Warning:  Undefined array key "icon" in F:\os\OSPanel\domains\land.kiavi\wp-content\plugins\landvent-manager-panel\core\functions\navs.php on line 102
[29-Jul-2025 19:11:44 UTC] PHP Warning:  Undefined array key "icon" in F:\os\OSPanel\domains\land.kiavi\wp-content\plugins\landvent-manager-panel\core\functions\navs.php on line 102
[29-Jul-2025 19:11:44 UTC] PHP Warning:  foreach() argument must be of type array|object, string given in F:\os\OSPanel\domains\land.kiavi\wp-content\plugins\landvent-manager-panel\core\config\applicant-info.php on line 258
[29-Jul-2025 19:11:44 UTC] PHP Warning:  foreach() argument must be of type array|object, string given in F:\os\OSPanel\domains\land.kiavi\wp-content\plugins\landvent-manager-panel\core\config\property-details.php on line 807
[29-Jul-2025 19:11:44 UTC] PHP Warning:  foreach() argument must be of type array|object, string given in F:\os\OSPanel\domains\land.kiavi\wp-content\plugins\landvent-manager-panel\core\config\property-details.php on line 913
[29-Jul-2025 19:11:57 UTC] PHP Warning:  foreach() argument must be of type array|object, string given in F:\os\OSPanel\domains\land.kiavi\wp-content\plugins\wpp-loan-application\includes\functions\wpp-helper.php on line 189
[29-Jul-2025 19:11:57 UTC] PHP Warning:  Undefined array key "icon" in F:\os\OSPanel\domains\land.kiavi\wp-content\plugins\landvent-manager-panel\core\functions\navs.php on line 102
[29-Jul-2025 19:11:57 UTC] PHP Warning:  Undefined array key "icon" in F:\os\OSPanel\domains\land.kiavi\wp-content\plugins\landvent-manager-panel\core\functions\navs.php on line 102
[29-Jul-2025 19:11:57 UTC] PHP Warning:  Undefined array key "icon" in F:\os\OSPanel\domains\land.kiavi\wp-content\plugins\landvent-manager-panel\core\functions\navs.php on line 102
[29-Jul-2025 19:11:57 UTC] PHP Warning:  Undefined array key "icon" in F:\os\OSPanel\domains\land.kiavi\wp-content\plugins\landvent-manager-panel\core\functions\navs.php on line 102
[29-Jul-2025 19:11:57 UTC] PHP Warning:  Undefined array key "icon" in F:\os\OSPanel\domains\land.kiavi\wp-content\plugins\landvent-manager-panel\core\functions\navs.php on line 102
[29-Jul-2025 19:11:57 UTC] PHP Warning:  Undefined array key "icon" in F:\os\OSPanel\domains\land.kiavi\wp-content\plugins\landvent-manager-panel\core\functions\navs.php on line 102
[29-Jul-2025 19:11:57 UTC] PHP Warning:  Undefined array key "icon" in F:\os\OSPanel\domains\land.kiavi\wp-content\plugins\landvent-manager-panel\core\functions\navs.php on line 102
[29-Jul-2025 19:11:57 UTC] PHP Warning:  Undefined array key "icon" in F:\os\OSPanel\domains\land.kiavi\wp-content\plugins\landvent-manager-panel\core\functions\navs.php on line 102
[29-Jul-2025 19:11:57 UTC] PHP Warning:  Undefined array key "icon" in F:\os\OSPanel\domains\land.kiavi\wp-content\plugins\landvent-manager-panel\core\functions\navs.php on line 102
[29-Jul-2025 19:11:57 UTC] PHP Warning:  Undefined array key "icon" in F:\os\OSPanel\domains\land.kiavi\wp-content\plugins\landvent-manager-panel\core\functions\navs.php on line 102
[29-Jul-2025 19:11:57 UTC] PHP Warning:  Undefined array key "icon" in F:\os\OSPanel\domains\land.kiavi\wp-content\plugins\landvent-manager-panel\core\functions\navs.php on line 102
[29-Jul-2025 19:11:57 UTC] PHP Warning:  Undefined array key "icon" in F:\os\OSPanel\domains\land.kiavi\wp-content\plugins\landvent-manager-panel\core\functions\navs.php on line 102
[29-Jul-2025 19:11:57 UTC] PHP Warning:  Undefined array key "icon" in F:\os\OSPanel\domains\land.kiavi\wp-content\plugins\landvent-manager-panel\core\functions\navs.php on line 102
[29-Jul-2025 19:11:57 UTC] PHP Warning:  foreach() argument must be of type array|object, string given in F:\os\OSPanel\domains\land.kiavi\wp-content\plugins\landvent-manager-panel\core\config\applicant-info.php on line 258
[29-Jul-2025 19:11:57 UTC] PHP Warning:  foreach() argument must be of type array|object, string given in F:\os\OSPanel\domains\land.kiavi\wp-content\plugins\landvent-manager-panel\core\config\property-details.php on line 807
[29-Jul-2025 19:11:57 UTC] PHP Warning:  foreach() argument must be of type array|object, string given in F:\os\OSPanel\domains\land.kiavi\wp-content\plugins\landvent-manager-panel\core\config\property-details.php on line 913
[29-Jul-2025 19:13:11 UTC] PHP Warning:  foreach() argument must be of type array|object, string given in F:\os\OSPanel\domains\land.kiavi\wp-content\plugins\wpp-loan-application\includes\functions\wpp-helper.php on line 189
[29-Jul-2025 19:13:11 UTC] PHP Warning:  Undefined array key "icon" in F:\os\OSPanel\domains\land.kiavi\wp-content\plugins\landvent-manager-panel\core\functions\navs.php on line 102
[29-Jul-2025 19:13:11 UTC] PHP Warning:  Undefined array key "icon" in F:\os\OSPanel\domains\land.kiavi\wp-content\plugins\landvent-manager-panel\core\functions\navs.php on line 102
[29-Jul-2025 19:13:11 UTC] PHP Warning:  Undefined array key "icon" in F:\os\OSPanel\domains\land.kiavi\wp-content\plugins\landvent-manager-panel\core\functions\navs.php on line 102
[29-Jul-2025 19:13:11 UTC] PHP Warning:  Undefined array key "icon" in F:\os\OSPanel\domains\land.kiavi\wp-content\plugins\landvent-manager-panel\core\functions\navs.php on line 102
[29-Jul-2025 19:13:11 UTC] PHP Warning:  Undefined array key "icon" in F:\os\OSPanel\domains\land.kiavi\wp-content\plugins\landvent-manager-panel\core\functions\navs.php on line 102
[29-Jul-2025 19:13:11 UTC] PHP Warning:  Undefined array key "icon" in F:\os\OSPanel\domains\land.kiavi\wp-content\plugins\landvent-manager-panel\core\functions\navs.php on line 102
[29-Jul-2025 19:13:11 UTC] PHP Warning:  Undefined array key "icon" in F:\os\OSPanel\domains\land.kiavi\wp-content\plugins\landvent-manager-panel\core\functions\navs.php on line 102
[29-Jul-2025 19:13:11 UTC] PHP Warning:  Undefined array key "icon" in F:\os\OSPanel\domains\land.kiavi\wp-content\plugins\landvent-manager-panel\core\functions\navs.php on line 102
[29-Jul-2025 19:13:11 UTC] PHP Warning:  Undefined array key "icon" in F:\os\OSPanel\domains\land.kiavi\wp-content\plugins\landvent-manager-panel\core\functions\navs.php on line 102
[29-Jul-2025 19:13:11 UTC] PHP Warning:  Undefined array key "icon" in F:\os\OSPanel\domains\land.kiavi\wp-content\plugins\landvent-manager-panel\core\functions\navs.php on line 102
[29-Jul-2025 19:13:11 UTC] PHP Warning:  Undefined array key "icon" in F:\os\OSPanel\domains\land.kiavi\wp-content\plugins\landvent-manager-panel\core\functions\navs.php on line 102
[29-Jul-2025 19:13:11 UTC] PHP Warning:  Undefined array key "icon" in F:\os\OSPanel\domains\land.kiavi\wp-content\plugins\landvent-manager-panel\core\functions\navs.php on line 102
[29-Jul-2025 19:13:11 UTC] PHP Warning:  Undefined array key "icon" in F:\os\OSPanel\domains\land.kiavi\wp-content\plugins\landvent-manager-panel\core\functions\navs.php on line 102
[29-Jul-2025 19:13:11 UTC] PHP Warning:  foreach() argument must be of type array|object, string given in F:\os\OSPanel\domains\land.kiavi\wp-content\plugins\landvent-manager-panel\core\config\applicant-info.php on line 258
[29-Jul-2025 19:13:11 UTC] PHP Warning:  foreach() argument must be of type array|object, string given in F:\os\OSPanel\domains\land.kiavi\wp-content\plugins\landvent-manager-panel\core\config\property-details.php on line 807
[29-Jul-2025 19:13:11 UTC] PHP Warning:  foreach() argument must be of type array|object, string given in F:\os\OSPanel\domains\land.kiavi\wp-content\plugins\landvent-manager-panel\core\config\property-details.php on line 913
[29-Jul-2025 19:31:06 UTC] PHP Warning:  foreach() argument must be of type array|object, string given in F:\os\OSPanel\domains\land.kiavi\wp-content\plugins\wpp-loan-application\includes\functions\wpp-helper.php on line 189
[29-Jul-2025 19:31:06 UTC] PHP Warning:  Undefined array key "icon" in F:\os\OSPanel\domains\land.kiavi\wp-content\plugins\landvent-manager-panel\core\functions\navs.php on line 102
[29-Jul-2025 19:31:06 UTC] PHP Warning:  Undefined array key "icon" in F:\os\OSPanel\domains\land.kiavi\wp-content\plugins\landvent-manager-panel\core\functions\navs.php on line 102
[29-Jul-2025 19:31:06 UTC] PHP Warning:  Undefined array key "icon" in F:\os\OSPanel\domains\land.kiavi\wp-content\plugins\landvent-manager-panel\core\functions\navs.php on line 102
[29-Jul-2025 19:31:06 UTC] PHP Warning:  Undefined array key "icon" in F:\os\OSPanel\domains\land.kiavi\wp-content\plugins\landvent-manager-panel\core\functions\navs.php on line 102
[29-Jul-2025 19:31:06 UTC] PHP Warning:  Undefined array key "icon" in F:\os\OSPanel\domains\land.kiavi\wp-content\plugins\landvent-manager-panel\core\functions\navs.php on line 102
[29-Jul-2025 19:31:06 UTC] PHP Warning:  Undefined array key "icon" in F:\os\OSPanel\domains\land.kiavi\wp-content\plugins\landvent-manager-panel\core\functions\navs.php on line 102
[29-Jul-2025 19:31:06 UTC] PHP Warning:  Undefined array key "icon" in F:\os\OSPanel\domains\land.kiavi\wp-content\plugins\landvent-manager-panel\core\functions\navs.php on line 102
[29-Jul-2025 19:31:06 UTC] PHP Warning:  Undefined array key "icon" in F:\os\OSPanel\domains\land.kiavi\wp-content\plugins\landvent-manager-panel\core\functions\navs.php on line 102
[29-Jul-2025 19:31:06 UTC] PHP Warning:  Undefined array key "icon" in F:\os\OSPanel\domains\land.kiavi\wp-content\plugins\landvent-manager-panel\core\functions\navs.php on line 102
[29-Jul-2025 19:31:06 UTC] PHP Warning:  Undefined array key "icon" in F:\os\OSPanel\domains\land.kiavi\wp-content\plugins\landvent-manager-panel\core\functions\navs.php on line 102
[29-Jul-2025 19:31:06 UTC] PHP Warning:  Undefined array key "icon" in F:\os\OSPanel\domains\land.kiavi\wp-content\plugins\landvent-manager-panel\core\functions\navs.php on line 102
[29-Jul-2025 19:31:06 UTC] PHP Warning:  Undefined array key "icon" in F:\os\OSPanel\domains\land.kiavi\wp-content\plugins\landvent-manager-panel\core\functions\navs.php on line 102
[29-Jul-2025 19:31:06 UTC] PHP Warning:  Undefined array key "icon" in F:\os\OSPanel\domains\land.kiavi\wp-content\plugins\landvent-manager-panel\core\functions\navs.php on line 102
[29-Jul-2025 19:31:06 UTC] PHP Deprecated:  Constant FILTER_SANITIZE_STRING is deprecated in F:\os\OSPanel\domains\land.kiavi\wp-content\plugins\landvent-manager-panel\core\functions\helpers.php on line 27
[29-Jul-2025 19:31:06 UTC] PHP Warning:  foreach() argument must be of type array|object, string given in F:\os\OSPanel\domains\land.kiavi\wp-content\plugins\landvent-manager-panel\core\config\applicant-info.php on line 258
[29-Jul-2025 19:31:06 UTC] PHP Warning:  foreach() argument must be of type array|object, string given in F:\os\OSPanel\domains\land.kiavi\wp-content\plugins\landvent-manager-panel\core\config\property-details.php on line 807
[29-Jul-2025 19:31:06 UTC] PHP Warning:  foreach() argument must be of type array|object, string given in F:\os\OSPanel\domains\land.kiavi\wp-content\plugins\landvent-manager-panel\core\config\property-details.php on line 913
[29-Jul-2025 19:31:11 UTC] PHP Warning:  foreach() argument must be of type array|object, string given in F:\os\OSPanel\domains\land.kiavi\wp-content\plugins\wpp-loan-application\includes\functions\wpp-helper.php on line 189
[29-Jul-2025 19:31:12 UTC] PHP Warning:  Undefined array key "icon" in F:\os\OSPanel\domains\land.kiavi\wp-content\plugins\landvent-manager-panel\core\functions\navs.php on line 102
[29-Jul-2025 19:31:12 UTC] PHP Warning:  Undefined array key "icon" in F:\os\OSPanel\domains\land.kiavi\wp-content\plugins\landvent-manager-panel\core\functions\navs.php on line 102
[29-Jul-2025 19:31:12 UTC] PHP Warning:  Undefined array key "icon" in F:\os\OSPanel\domains\land.kiavi\wp-content\plugins\landvent-manager-panel\core\functions\navs.php on line 102
[29-Jul-2025 19:31:12 UTC] PHP Warning:  Undefined array key "icon" in F:\os\OSPanel\domains\land.kiavi\wp-content\plugins\landvent-manager-panel\core\functions\navs.php on line 102
[29-Jul-2025 19:31:12 UTC] PHP Warning:  Undefined array key "icon" in F:\os\OSPanel\domains\land.kiavi\wp-content\plugins\landvent-manager-panel\core\functions\navs.php on line 102
[29-Jul-2025 19:31:12 UTC] PHP Warning:  Undefined array key "icon" in F:\os\OSPanel\domains\land.kiavi\wp-content\plugins\landvent-manager-panel\core\functions\navs.php on line 102
[29-Jul-2025 19:31:12 UTC] PHP Warning:  Undefined array key "icon" in F:\os\OSPanel\domains\land.kiavi\wp-content\plugins\landvent-manager-panel\core\functions\navs.php on line 102
[29-Jul-2025 19:31:12 UTC] PHP Warning:  Undefined array key "icon" in F:\os\OSPanel\domains\land.kiavi\wp-content\plugins\landvent-manager-panel\core\functions\navs.php on line 102
[29-Jul-2025 19:31:12 UTC] PHP Warning:  Undefined array key "icon" in F:\os\OSPanel\domains\land.kiavi\wp-content\plugins\landvent-manager-panel\core\functions\navs.php on line 102
[29-Jul-2025 19:31:12 UTC] PHP Warning:  Undefined array key "icon" in F:\os\OSPanel\domains\land.kiavi\wp-content\plugins\landvent-manager-panel\core\functions\navs.php on line 102
[29-Jul-2025 19:31:12 UTC] PHP Warning:  Undefined array key "icon" in F:\os\OSPanel\domains\land.kiavi\wp-content\plugins\landvent-manager-panel\core\functions\navs.php on line 102
[29-Jul-2025 19:31:12 UTC] PHP Warning:  Undefined array key "icon" in F:\os\OSPanel\domains\land.kiavi\wp-content\plugins\landvent-manager-panel\core\functions\navs.php on line 102
[29-Jul-2025 19:31:12 UTC] PHP Warning:  Undefined array key "icon" in F:\os\OSPanel\domains\land.kiavi\wp-content\plugins\landvent-manager-panel\core\functions\navs.php on line 102
[29-Jul-2025 19:31:12 UTC] PHP Deprecated:  Constant FILTER_SANITIZE_STRING is deprecated in F:\os\OSPanel\domains\land.kiavi\wp-content\plugins\landvent-manager-panel\core\functions\helpers.php on line 27
[29-Jul-2025 19:31:12 UTC] PHP Warning:  foreach() argument must be of type array|object, string given in F:\os\OSPanel\domains\land.kiavi\wp-content\plugins\landvent-manager-panel\core\config\applicant-info.php on line 258
[29-Jul-2025 19:31:12 UTC] PHP Warning:  foreach() argument must be of type array|object, string given in F:\os\OSPanel\domains\land.kiavi\wp-content\plugins\landvent-manager-panel\core\config\property-details.php on line 807
[29-Jul-2025 19:31:12 UTC] PHP Warning:  foreach() argument must be of type array|object, string given in F:\os\OSPanel\domains\land.kiavi\wp-content\plugins\landvent-manager-panel\core\config\property-details.php on line 913
[29-Jul-2025 19:32:02 UTC] PHP Warning:  foreach() argument must be of type array|object, string given in F:\os\OSPanel\domains\land.kiavi\wp-content\plugins\wpp-loan-application\includes\functions\wpp-helper.php on line 189
[29-Jul-2025 19:32:02 UTC] PHP Warning:  Undefined array key "icon" in F:\os\OSPanel\domains\land.kiavi\wp-content\plugins\landvent-manager-panel\core\functions\navs.php on line 102
[29-Jul-2025 19:32:02 UTC] PHP Warning:  Undefined array key "icon" in F:\os\OSPanel\domains\land.kiavi\wp-content\plugins\landvent-manager-panel\core\functions\navs.php on line 102
[29-Jul-2025 19:32:02 UTC] PHP Warning:  Undefined array key "icon" in F:\os\OSPanel\domains\land.kiavi\wp-content\plugins\landvent-manager-panel\core\functions\navs.php on line 102
[29-Jul-2025 19:32:02 UTC] PHP Warning:  Undefined array key "icon" in F:\os\OSPanel\domains\land.kiavi\wp-content\plugins\landvent-manager-panel\core\functions\navs.php on line 102
[29-Jul-2025 19:32:02 UTC] PHP Warning:  Undefined array key "icon" in F:\os\OSPanel\domains\land.kiavi\wp-content\plugins\landvent-manager-panel\core\functions\navs.php on line 102
[29-Jul-2025 19:32:02 UTC] PHP Warning:  Undefined array key "icon" in F:\os\OSPanel\domains\land.kiavi\wp-content\plugins\landvent-manager-panel\core\functions\navs.php on line 102
[29-Jul-2025 19:32:02 UTC] PHP Warning:  Undefined array key "icon" in F:\os\OSPanel\domains\land.kiavi\wp-content\plugins\landvent-manager-panel\core\functions\navs.php on line 102
[29-Jul-2025 19:32:02 UTC] PHP Warning:  Undefined array key "icon" in F:\os\OSPanel\domains\land.kiavi\wp-content\plugins\landvent-manager-panel\core\functions\navs.php on line 102
[29-Jul-2025 19:32:02 UTC] PHP Warning:  Undefined array key "icon" in F:\os\OSPanel\domains\land.kiavi\wp-content\plugins\landvent-manager-panel\core\functions\navs.php on line 102
[29-Jul-2025 19:32:02 UTC] PHP Warning:  Undefined array key "icon" in F:\os\OSPanel\domains\land.kiavi\wp-content\plugins\landvent-manager-panel\core\functions\navs.php on line 102
[29-Jul-2025 19:32:02 UTC] PHP Warning:  Undefined array key "icon" in F:\os\OSPanel\domains\land.kiavi\wp-content\plugins\landvent-manager-panel\core\functions\navs.php on line 102
[29-Jul-2025 19:32:02 UTC] PHP Warning:  Undefined array key "icon" in F:\os\OSPanel\domains\land.kiavi\wp-content\plugins\landvent-manager-panel\core\functions\navs.php on line 102
[29-Jul-2025 19:32:02 UTC] PHP Warning:  Undefined array key "icon" in F:\os\OSPanel\domains\land.kiavi\wp-content\plugins\landvent-manager-panel\core\functions\navs.php on line 102
[29-Jul-2025 19:32:02 UTC] PHP Deprecated:  Constant FILTER_SANITIZE_STRING is deprecated in F:\os\OSPanel\domains\land.kiavi\wp-content\plugins\landvent-manager-panel\core\functions\helpers.php on line 27
[29-Jul-2025 19:32:02 UTC] PHP Warning:  foreach() argument must be of type array|object, string given in F:\os\OSPanel\domains\land.kiavi\wp-content\plugins\landvent-manager-panel\core\config\applicant-info.php on line 258
[29-Jul-2025 19:32:02 UTC] PHP Warning:  foreach() argument must be of type array|object, string given in F:\os\OSPanel\domains\land.kiavi\wp-content\plugins\landvent-manager-panel\core\config\property-details.php on line 807
[29-Jul-2025 19:32:02 UTC] PHP Warning:  foreach() argument must be of type array|object, string given in F:\os\OSPanel\domains\land.kiavi\wp-content\plugins\landvent-manager-panel\core\config\property-details.php on line 913
[29-Jul-2025 19:49:22 UTC] PHP Warning:  foreach() argument must be of type array|object, string given in F:\os\OSPanel\domains\land.kiavi\wp-content\plugins\wpp-loan-application\includes\functions\wpp-helper.php on line 189
[29-Jul-2025 19:49:22 UTC] PHP Warning:  Undefined array key "icon" in F:\os\OSPanel\domains\land.kiavi\wp-content\plugins\landvent-manager-panel\core\functions\navs.php on line 102
[29-Jul-2025 19:49:22 UTC] PHP Warning:  Undefined array key "icon" in F:\os\OSPanel\domains\land.kiavi\wp-content\plugins\landvent-manager-panel\core\functions\navs.php on line 102
[29-Jul-2025 19:49:22 UTC] PHP Warning:  Undefined array key "icon" in F:\os\OSPanel\domains\land.kiavi\wp-content\plugins\landvent-manager-panel\core\functions\navs.php on line 102
[29-Jul-2025 19:49:22 UTC] PHP Warning:  Undefined array key "icon" in F:\os\OSPanel\domains\land.kiavi\wp-content\plugins\landvent-manager-panel\core\functions\navs.php on line 102
[29-Jul-2025 19:49:22 UTC] PHP Warning:  Undefined array key "icon" in F:\os\OSPanel\domains\land.kiavi\wp-content\plugins\landvent-manager-panel\core\functions\navs.php on line 102
[29-Jul-2025 19:49:22 UTC] PHP Warning:  Undefined array key "icon" in F:\os\OSPanel\domains\land.kiavi\wp-content\plugins\landvent-manager-panel\core\functions\navs.php on line 102
[29-Jul-2025 19:49:22 UTC] PHP Warning:  Undefined array key "icon" in F:\os\OSPanel\domains\land.kiavi\wp-content\plugins\landvent-manager-panel\core\functions\navs.php on line 102
[29-Jul-2025 19:49:22 UTC] PHP Warning:  Undefined array key "icon" in F:\os\OSPanel\domains\land.kiavi\wp-content\plugins\landvent-manager-panel\core\functions\navs.php on line 102
[29-Jul-2025 19:49:22 UTC] PHP Warning:  Undefined array key "icon" in F:\os\OSPanel\domains\land.kiavi\wp-content\plugins\landvent-manager-panel\core\functions\navs.php on line 102
[29-Jul-2025 19:49:22 UTC] PHP Warning:  Undefined array key "icon" in F:\os\OSPanel\domains\land.kiavi\wp-content\plugins\landvent-manager-panel\core\functions\navs.php on line 102
[29-Jul-2025 19:49:22 UTC] PHP Warning:  Undefined array key "icon" in F:\os\OSPanel\domains\land.kiavi\wp-content\plugins\landvent-manager-panel\core\functions\navs.php on line 102
[29-Jul-2025 19:49:22 UTC] PHP Warning:  Undefined array key "icon" in F:\os\OSPanel\domains\land.kiavi\wp-content\plugins\landvent-manager-panel\core\functions\navs.php on line 102
[29-Jul-2025 19:49:22 UTC] PHP Warning:  Undefined array key "icon" in F:\os\OSPanel\domains\land.kiavi\wp-content\plugins\landvent-manager-panel\core\functions\navs.php on line 102
[29-Jul-2025 19:49:22 UTC] PHP Deprecated:  Constant FILTER_SANITIZE_STRING is deprecated in F:\os\OSPanel\domains\land.kiavi\wp-content\plugins\landvent-manager-panel\core\functions\helpers.php on line 27
[29-Jul-2025 19:49:23 UTC] PHP Warning:  foreach() argument must be of type array|object, string given in F:\os\OSPanel\domains\land.kiavi\wp-content\plugins\landvent-manager-panel\core\config\applicant-info.php on line 258
[29-Jul-2025 19:49:23 UTC] PHP Warning:  foreach() argument must be of type array|object, string given in F:\os\OSPanel\domains\land.kiavi\wp-content\plugins\landvent-manager-panel\core\config\property-details.php on line 807
[29-Jul-2025 19:49:23 UTC] PHP Warning:  foreach() argument must be of type array|object, string given in F:\os\OSPanel\domains\land.kiavi\wp-content\plugins\landvent-manager-panel\core\config\property-details.php on line 913
