[29-Jul-2025 20:22:30 UTC] PHP Warning:  foreach() argument must be of type array|object, string given in F:\os\OSPanel\domains\land.kiavi\wp-content\plugins\wpp-loan-application\includes\functions\wpp-helper.php on line 189
[29-Jul-2025 20:22:30 UTC] PHP Warning:  Undefined array key "icon" in F:\os\OSPanel\domains\land.kiavi\wp-content\plugins\landvent-manager-panel\core\functions\navs.php on line 102
[29-Jul-2025 20:22:30 UTC] PHP Warning:  Undefined array key "icon" in F:\os\OSPanel\domains\land.kiavi\wp-content\plugins\landvent-manager-panel\core\functions\navs.php on line 102
[29-Jul-2025 20:22:30 UTC] PHP Warning:  Undefined array key "icon" in F:\os\OSPanel\domains\land.kiavi\wp-content\plugins\landvent-manager-panel\core\functions\navs.php on line 102
[29-Jul-2025 20:22:30 UTC] PHP Warning:  Undefined array key "icon" in F:\os\OSPanel\domains\land.kiavi\wp-content\plugins\landvent-manager-panel\core\functions\navs.php on line 102
[29-Jul-2025 20:22:30 UTC] PHP Warning:  Undefined array key "icon" in F:\os\OSPanel\domains\land.kiavi\wp-content\plugins\landvent-manager-panel\core\functions\navs.php on line 102
[29-Jul-2025 20:22:30 UTC] PHP Warning:  Undefined array key "icon" in F:\os\OSPanel\domains\land.kiavi\wp-content\plugins\landvent-manager-panel\core\functions\navs.php on line 102
[29-Jul-2025 20:22:30 UTC] PHP Warning:  Undefined array key "icon" in F:\os\OSPanel\domains\land.kiavi\wp-content\plugins\landvent-manager-panel\core\functions\navs.php on line 102
[29-Jul-2025 20:22:30 UTC] PHP Warning:  Undefined array key "icon" in F:\os\OSPanel\domains\land.kiavi\wp-content\plugins\landvent-manager-panel\core\functions\navs.php on line 102
[29-Jul-2025 20:22:30 UTC] PHP Warning:  Undefined array key "icon" in F:\os\OSPanel\domains\land.kiavi\wp-content\plugins\landvent-manager-panel\core\functions\navs.php on line 102
[29-Jul-2025 20:22:30 UTC] PHP Warning:  Undefined array key "icon" in F:\os\OSPanel\domains\land.kiavi\wp-content\plugins\landvent-manager-panel\core\functions\navs.php on line 102
[29-Jul-2025 20:22:30 UTC] PHP Warning:  Undefined array key "icon" in F:\os\OSPanel\domains\land.kiavi\wp-content\plugins\landvent-manager-panel\core\functions\navs.php on line 102
[29-Jul-2025 20:22:30 UTC] PHP Warning:  Undefined array key "icon" in F:\os\OSPanel\domains\land.kiavi\wp-content\plugins\landvent-manager-panel\core\functions\navs.php on line 102
[29-Jul-2025 20:22:30 UTC] PHP Warning:  Undefined array key "icon" in F:\os\OSPanel\domains\land.kiavi\wp-content\plugins\landvent-manager-panel\core\functions\navs.php on line 102
[29-Jul-2025 20:22:30 UTC] PHP Deprecated:  Constant FILTER_SANITIZE_STRING is deprecated in F:\os\OSPanel\domains\land.kiavi\wp-content\plugins\landvent-manager-panel\core\functions\helpers.php on line 27
[29-Jul-2025 20:22:30 UTC] PHP Warning:  foreach() argument must be of type array|object, string given in F:\os\OSPanel\domains\land.kiavi\wp-content\plugins\landvent-manager-panel\core\config\applicant-info.php on line 258
[29-Jul-2025 20:22:30 UTC] PHP Warning:  foreach() argument must be of type array|object, string given in F:\os\OSPanel\domains\land.kiavi\wp-content\plugins\landvent-manager-panel\core\config\property-details.php on line 807
[29-Jul-2025 20:22:30 UTC] PHP Warning:  foreach() argument must be of type array|object, string given in F:\os\OSPanel\domains\land.kiavi\wp-content\plugins\landvent-manager-panel\core\config\property-details.php on line 913
[29-Jul-2025 20:22:32 UTC] Automatic updates starting...
[29-Jul-2025 20:22:33 UTC] Automatic updates complete.
[29-Jul-2025 20:27:56 UTC] PHP Warning:  foreach() argument must be of type array|object, string given in F:\os\OSPanel\domains\land.kiavi\wp-content\plugins\wpp-loan-application\includes\functions\wpp-helper.php on line 189
[29-Jul-2025 20:27:56 UTC] PHP Warning:  Undefined array key "icon" in F:\os\OSPanel\domains\land.kiavi\wp-content\plugins\landvent-manager-panel\core\functions\navs.php on line 102
[29-Jul-2025 20:27:56 UTC] PHP Warning:  Undefined array key "icon" in F:\os\OSPanel\domains\land.kiavi\wp-content\plugins\landvent-manager-panel\core\functions\navs.php on line 102
[29-Jul-2025 20:27:56 UTC] PHP Warning:  Undefined array key "icon" in F:\os\OSPanel\domains\land.kiavi\wp-content\plugins\landvent-manager-panel\core\functions\navs.php on line 102
[29-Jul-2025 20:27:56 UTC] PHP Warning:  Undefined array key "icon" in F:\os\OSPanel\domains\land.kiavi\wp-content\plugins\landvent-manager-panel\core\functions\navs.php on line 102
[29-Jul-2025 20:27:56 UTC] PHP Warning:  Undefined array key "icon" in F:\os\OSPanel\domains\land.kiavi\wp-content\plugins\landvent-manager-panel\core\functions\navs.php on line 102
[29-Jul-2025 20:27:56 UTC] PHP Warning:  Undefined array key "icon" in F:\os\OSPanel\domains\land.kiavi\wp-content\plugins\landvent-manager-panel\core\functions\navs.php on line 102
[29-Jul-2025 20:27:56 UTC] PHP Warning:  Undefined array key "icon" in F:\os\OSPanel\domains\land.kiavi\wp-content\plugins\landvent-manager-panel\core\functions\navs.php on line 102
[29-Jul-2025 20:27:56 UTC] PHP Warning:  Undefined array key "icon" in F:\os\OSPanel\domains\land.kiavi\wp-content\plugins\landvent-manager-panel\core\functions\navs.php on line 102
[29-Jul-2025 20:27:56 UTC] PHP Warning:  Undefined array key "icon" in F:\os\OSPanel\domains\land.kiavi\wp-content\plugins\landvent-manager-panel\core\functions\navs.php on line 102
[29-Jul-2025 20:27:56 UTC] PHP Warning:  Undefined array key "icon" in F:\os\OSPanel\domains\land.kiavi\wp-content\plugins\landvent-manager-panel\core\functions\navs.php on line 102
[29-Jul-2025 20:27:56 UTC] PHP Warning:  Undefined array key "icon" in F:\os\OSPanel\domains\land.kiavi\wp-content\plugins\landvent-manager-panel\core\functions\navs.php on line 102
[29-Jul-2025 20:27:56 UTC] PHP Warning:  Undefined array key "icon" in F:\os\OSPanel\domains\land.kiavi\wp-content\plugins\landvent-manager-panel\core\functions\navs.php on line 102
[29-Jul-2025 20:27:56 UTC] PHP Warning:  Undefined array key "icon" in F:\os\OSPanel\domains\land.kiavi\wp-content\plugins\landvent-manager-panel\core\functions\navs.php on line 102
[29-Jul-2025 20:27:56 UTC] PHP Deprecated:  Constant FILTER_SANITIZE_STRING is deprecated in F:\os\OSPanel\domains\land.kiavi\wp-content\plugins\landvent-manager-panel\core\functions\helpers.php on line 27
[29-Jul-2025 20:27:56 UTC] PHP Warning:  foreach() argument must be of type array|object, string given in F:\os\OSPanel\domains\land.kiavi\wp-content\plugins\landvent-manager-panel\core\config\applicant-info.php on line 258
[29-Jul-2025 20:27:56 UTC] PHP Warning:  foreach() argument must be of type array|object, string given in F:\os\OSPanel\domains\land.kiavi\wp-content\plugins\landvent-manager-panel\core\config\property-details.php on line 807
[29-Jul-2025 20:27:56 UTC] PHP Warning:  foreach() argument must be of type array|object, string given in F:\os\OSPanel\domains\land.kiavi\wp-content\plugins\landvent-manager-panel\core\config\property-details.php on line 913
[29-Jul-2025 20:27:56 UTC] PHP Deprecated:  Constant FILTER_SANITIZE_STRING is deprecated in F:\os\OSPanel\domains\land.kiavi\wp-content\plugins\landvent-manager-panel\core\functions\helpers.php on line 27
[29-Jul-2025 20:32:28 UTC] PHP Warning:  foreach() argument must be of type array|object, string given in F:\os\OSPanel\domains\land.kiavi\wp-content\plugins\wpp-loan-application\includes\functions\wpp-helper.php on line 189
[29-Jul-2025 20:32:28 UTC] PHP Warning:  Undefined array key "icon" in F:\os\OSPanel\domains\land.kiavi\wp-content\plugins\landvent-manager-panel\core\functions\navs.php on line 102
[29-Jul-2025 20:32:28 UTC] PHP Warning:  Undefined array key "icon" in F:\os\OSPanel\domains\land.kiavi\wp-content\plugins\landvent-manager-panel\core\functions\navs.php on line 102
[29-Jul-2025 20:32:28 UTC] PHP Warning:  Undefined array key "icon" in F:\os\OSPanel\domains\land.kiavi\wp-content\plugins\landvent-manager-panel\core\functions\navs.php on line 102
[29-Jul-2025 20:32:28 UTC] PHP Warning:  Undefined array key "icon" in F:\os\OSPanel\domains\land.kiavi\wp-content\plugins\landvent-manager-panel\core\functions\navs.php on line 102
[29-Jul-2025 20:32:28 UTC] PHP Warning:  Undefined array key "icon" in F:\os\OSPanel\domains\land.kiavi\wp-content\plugins\landvent-manager-panel\core\functions\navs.php on line 102
[29-Jul-2025 20:32:28 UTC] PHP Warning:  Undefined array key "icon" in F:\os\OSPanel\domains\land.kiavi\wp-content\plugins\landvent-manager-panel\core\functions\navs.php on line 102
[29-Jul-2025 20:32:28 UTC] PHP Warning:  Undefined array key "icon" in F:\os\OSPanel\domains\land.kiavi\wp-content\plugins\landvent-manager-panel\core\functions\navs.php on line 102
[29-Jul-2025 20:32:28 UTC] PHP Warning:  Undefined array key "icon" in F:\os\OSPanel\domains\land.kiavi\wp-content\plugins\landvent-manager-panel\core\functions\navs.php on line 102
[29-Jul-2025 20:32:28 UTC] PHP Warning:  Undefined array key "icon" in F:\os\OSPanel\domains\land.kiavi\wp-content\plugins\landvent-manager-panel\core\functions\navs.php on line 102
[29-Jul-2025 20:32:28 UTC] PHP Warning:  Undefined array key "icon" in F:\os\OSPanel\domains\land.kiavi\wp-content\plugins\landvent-manager-panel\core\functions\navs.php on line 102
[29-Jul-2025 20:32:28 UTC] PHP Warning:  Undefined array key "icon" in F:\os\OSPanel\domains\land.kiavi\wp-content\plugins\landvent-manager-panel\core\functions\navs.php on line 102
[29-Jul-2025 20:32:28 UTC] PHP Warning:  Undefined array key "icon" in F:\os\OSPanel\domains\land.kiavi\wp-content\plugins\landvent-manager-panel\core\functions\navs.php on line 102
[29-Jul-2025 20:32:28 UTC] PHP Warning:  Undefined array key "icon" in F:\os\OSPanel\domains\land.kiavi\wp-content\plugins\landvent-manager-panel\core\functions\navs.php on line 102
[29-Jul-2025 20:32:28 UTC] PHP Deprecated:  Constant FILTER_SANITIZE_STRING is deprecated in F:\os\OSPanel\domains\land.kiavi\wp-content\plugins\landvent-manager-panel\core\functions\helpers.php on line 27
[29-Jul-2025 20:32:28 UTC] PHP Warning:  foreach() argument must be of type array|object, string given in F:\os\OSPanel\domains\land.kiavi\wp-content\plugins\landvent-manager-panel\core\config\applicant-info.php on line 258
[29-Jul-2025 20:32:28 UTC] PHP Warning:  foreach() argument must be of type array|object, string given in F:\os\OSPanel\domains\land.kiavi\wp-content\plugins\landvent-manager-panel\core\config\property-details.php on line 807
[29-Jul-2025 20:32:28 UTC] PHP Warning:  foreach() argument must be of type array|object, string given in F:\os\OSPanel\domains\land.kiavi\wp-content\plugins\landvent-manager-panel\core\config\property-details.php on line 913
[29-Jul-2025 20:32:28 UTC] PHP Deprecated:  Constant FILTER_SANITIZE_STRING is deprecated in F:\os\OSPanel\domains\land.kiavi\wp-content\plugins\landvent-manager-panel\core\functions\helpers.php on line 27
[29-Jul-2025 20:35:26 UTC] PHP Warning:  foreach() argument must be of type array|object, string given in F:\os\OSPanel\domains\land.kiavi\wp-content\plugins\wpp-loan-application\includes\functions\wpp-helper.php on line 189
[29-Jul-2025 20:35:26 UTC] PHP Warning:  Undefined array key "icon" in F:\os\OSPanel\domains\land.kiavi\wp-content\plugins\landvent-manager-panel\core\functions\navs.php on line 102
[29-Jul-2025 20:35:26 UTC] PHP Warning:  Undefined array key "icon" in F:\os\OSPanel\domains\land.kiavi\wp-content\plugins\landvent-manager-panel\core\functions\navs.php on line 102
[29-Jul-2025 20:35:26 UTC] PHP Warning:  Undefined array key "icon" in F:\os\OSPanel\domains\land.kiavi\wp-content\plugins\landvent-manager-panel\core\functions\navs.php on line 102
[29-Jul-2025 20:35:26 UTC] PHP Warning:  Undefined array key "icon" in F:\os\OSPanel\domains\land.kiavi\wp-content\plugins\landvent-manager-panel\core\functions\navs.php on line 102
[29-Jul-2025 20:35:26 UTC] PHP Warning:  Undefined array key "icon" in F:\os\OSPanel\domains\land.kiavi\wp-content\plugins\landvent-manager-panel\core\functions\navs.php on line 102
[29-Jul-2025 20:35:26 UTC] PHP Warning:  Undefined array key "icon" in F:\os\OSPanel\domains\land.kiavi\wp-content\plugins\landvent-manager-panel\core\functions\navs.php on line 102
[29-Jul-2025 20:35:26 UTC] PHP Warning:  Undefined array key "icon" in F:\os\OSPanel\domains\land.kiavi\wp-content\plugins\landvent-manager-panel\core\functions\navs.php on line 102
[29-Jul-2025 20:35:26 UTC] PHP Warning:  Undefined array key "icon" in F:\os\OSPanel\domains\land.kiavi\wp-content\plugins\landvent-manager-panel\core\functions\navs.php on line 102
[29-Jul-2025 20:35:26 UTC] PHP Warning:  Undefined array key "icon" in F:\os\OSPanel\domains\land.kiavi\wp-content\plugins\landvent-manager-panel\core\functions\navs.php on line 102
[29-Jul-2025 20:35:26 UTC] PHP Warning:  Undefined array key "icon" in F:\os\OSPanel\domains\land.kiavi\wp-content\plugins\landvent-manager-panel\core\functions\navs.php on line 102
[29-Jul-2025 20:35:26 UTC] PHP Warning:  Undefined array key "icon" in F:\os\OSPanel\domains\land.kiavi\wp-content\plugins\landvent-manager-panel\core\functions\navs.php on line 102
[29-Jul-2025 20:35:26 UTC] PHP Warning:  Undefined array key "icon" in F:\os\OSPanel\domains\land.kiavi\wp-content\plugins\landvent-manager-panel\core\functions\navs.php on line 102
[29-Jul-2025 20:35:26 UTC] PHP Warning:  Undefined array key "icon" in F:\os\OSPanel\domains\land.kiavi\wp-content\plugins\landvent-manager-panel\core\functions\navs.php on line 102
[29-Jul-2025 20:35:26 UTC] PHP Deprecated:  Constant FILTER_SANITIZE_STRING is deprecated in F:\os\OSPanel\domains\land.kiavi\wp-content\plugins\landvent-manager-panel\core\functions\helpers.php on line 27
[29-Jul-2025 20:35:26 UTC] PHP Warning:  foreach() argument must be of type array|object, string given in F:\os\OSPanel\domains\land.kiavi\wp-content\plugins\landvent-manager-panel\core\config\applicant-info.php on line 258
[29-Jul-2025 20:35:26 UTC] PHP Warning:  foreach() argument must be of type array|object, string given in F:\os\OSPanel\domains\land.kiavi\wp-content\plugins\landvent-manager-panel\core\config\property-details.php on line 807
[29-Jul-2025 20:35:26 UTC] PHP Warning:  foreach() argument must be of type array|object, string given in F:\os\OSPanel\domains\land.kiavi\wp-content\plugins\landvent-manager-panel\core\config\property-details.php on line 913
[29-Jul-2025 20:35:26 UTC] PHP Deprecated:  Constant FILTER_SANITIZE_STRING is deprecated in F:\os\OSPanel\domains\land.kiavi\wp-content\plugins\landvent-manager-panel\core\functions\helpers.php on line 27
[29-Jul-2025 20:38:09 UTC] PHP Warning:  foreach() argument must be of type array|object, string given in F:\os\OSPanel\domains\land.kiavi\wp-content\plugins\wpp-loan-application\includes\functions\wpp-helper.php on line 189
[29-Jul-2025 20:38:09 UTC] PHP Warning:  Undefined array key "icon" in F:\os\OSPanel\domains\land.kiavi\wp-content\plugins\landvent-manager-panel\core\functions\navs.php on line 102
[29-Jul-2025 20:38:09 UTC] PHP Warning:  Undefined array key "icon" in F:\os\OSPanel\domains\land.kiavi\wp-content\plugins\landvent-manager-panel\core\functions\navs.php on line 102
[29-Jul-2025 20:38:09 UTC] PHP Warning:  Undefined array key "icon" in F:\os\OSPanel\domains\land.kiavi\wp-content\plugins\landvent-manager-panel\core\functions\navs.php on line 102
[29-Jul-2025 20:38:09 UTC] PHP Warning:  Undefined array key "icon" in F:\os\OSPanel\domains\land.kiavi\wp-content\plugins\landvent-manager-panel\core\functions\navs.php on line 102
[29-Jul-2025 20:38:09 UTC] PHP Warning:  Undefined array key "icon" in F:\os\OSPanel\domains\land.kiavi\wp-content\plugins\landvent-manager-panel\core\functions\navs.php on line 102
[29-Jul-2025 20:38:09 UTC] PHP Warning:  Undefined array key "icon" in F:\os\OSPanel\domains\land.kiavi\wp-content\plugins\landvent-manager-panel\core\functions\navs.php on line 102
[29-Jul-2025 20:38:09 UTC] PHP Warning:  Undefined array key "icon" in F:\os\OSPanel\domains\land.kiavi\wp-content\plugins\landvent-manager-panel\core\functions\navs.php on line 102
[29-Jul-2025 20:38:09 UTC] PHP Warning:  Undefined array key "icon" in F:\os\OSPanel\domains\land.kiavi\wp-content\plugins\landvent-manager-panel\core\functions\navs.php on line 102
[29-Jul-2025 20:38:09 UTC] PHP Warning:  Undefined array key "icon" in F:\os\OSPanel\domains\land.kiavi\wp-content\plugins\landvent-manager-panel\core\functions\navs.php on line 102
[29-Jul-2025 20:38:09 UTC] PHP Warning:  Undefined array key "icon" in F:\os\OSPanel\domains\land.kiavi\wp-content\plugins\landvent-manager-panel\core\functions\navs.php on line 102
[29-Jul-2025 20:38:09 UTC] PHP Warning:  Undefined array key "icon" in F:\os\OSPanel\domains\land.kiavi\wp-content\plugins\landvent-manager-panel\core\functions\navs.php on line 102
[29-Jul-2025 20:38:09 UTC] PHP Warning:  Undefined array key "icon" in F:\os\OSPanel\domains\land.kiavi\wp-content\plugins\landvent-manager-panel\core\functions\navs.php on line 102
[29-Jul-2025 20:38:09 UTC] PHP Warning:  Undefined array key "icon" in F:\os\OSPanel\domains\land.kiavi\wp-content\plugins\landvent-manager-panel\core\functions\navs.php on line 102
[29-Jul-2025 20:38:09 UTC] PHP Deprecated:  Constant FILTER_SANITIZE_STRING is deprecated in F:\os\OSPanel\domains\land.kiavi\wp-content\plugins\landvent-manager-panel\core\functions\helpers.php on line 27
[29-Jul-2025 20:38:09 UTC] PHP Warning:  foreach() argument must be of type array|object, string given in F:\os\OSPanel\domains\land.kiavi\wp-content\plugins\landvent-manager-panel\core\config\applicant-info.php on line 258
[29-Jul-2025 20:38:09 UTC] PHP Warning:  foreach() argument must be of type array|object, string given in F:\os\OSPanel\domains\land.kiavi\wp-content\plugins\landvent-manager-panel\core\config\property-details.php on line 807
[29-Jul-2025 20:38:09 UTC] PHP Warning:  foreach() argument must be of type array|object, string given in F:\os\OSPanel\domains\land.kiavi\wp-content\plugins\landvent-manager-panel\core\config\property-details.php on line 913
[29-Jul-2025 20:38:09 UTC] PHP Deprecated:  Constant FILTER_SANITIZE_STRING is deprecated in F:\os\OSPanel\domains\land.kiavi\wp-content\plugins\landvent-manager-panel\core\functions\helpers.php on line 27
[29-Jul-2025 20:45:03 UTC] PHP Warning:  foreach() argument must be of type array|object, string given in F:\os\OSPanel\domains\land.kiavi\wp-content\plugins\wpp-loan-application\includes\functions\wpp-helper.php on line 189
[29-Jul-2025 20:45:03 UTC] PHP Warning:  Undefined array key "icon" in F:\os\OSPanel\domains\land.kiavi\wp-content\plugins\landvent-manager-panel\core\functions\navs.php on line 102
[29-Jul-2025 20:45:03 UTC] PHP Warning:  Undefined array key "icon" in F:\os\OSPanel\domains\land.kiavi\wp-content\plugins\landvent-manager-panel\core\functions\navs.php on line 102
[29-Jul-2025 20:45:03 UTC] PHP Warning:  Undefined array key "icon" in F:\os\OSPanel\domains\land.kiavi\wp-content\plugins\landvent-manager-panel\core\functions\navs.php on line 102
[29-Jul-2025 20:45:03 UTC] PHP Warning:  Undefined array key "icon" in F:\os\OSPanel\domains\land.kiavi\wp-content\plugins\landvent-manager-panel\core\functions\navs.php on line 102
[29-Jul-2025 20:45:03 UTC] PHP Warning:  Undefined array key "icon" in F:\os\OSPanel\domains\land.kiavi\wp-content\plugins\landvent-manager-panel\core\functions\navs.php on line 102
[29-Jul-2025 20:45:03 UTC] PHP Warning:  Undefined array key "icon" in F:\os\OSPanel\domains\land.kiavi\wp-content\plugins\landvent-manager-panel\core\functions\navs.php on line 102
[29-Jul-2025 20:45:03 UTC] PHP Warning:  Undefined array key "icon" in F:\os\OSPanel\domains\land.kiavi\wp-content\plugins\landvent-manager-panel\core\functions\navs.php on line 102
[29-Jul-2025 20:45:03 UTC] PHP Warning:  Undefined array key "icon" in F:\os\OSPanel\domains\land.kiavi\wp-content\plugins\landvent-manager-panel\core\functions\navs.php on line 102
[29-Jul-2025 20:45:03 UTC] PHP Warning:  Undefined array key "icon" in F:\os\OSPanel\domains\land.kiavi\wp-content\plugins\landvent-manager-panel\core\functions\navs.php on line 102
[29-Jul-2025 20:45:03 UTC] PHP Warning:  Undefined array key "icon" in F:\os\OSPanel\domains\land.kiavi\wp-content\plugins\landvent-manager-panel\core\functions\navs.php on line 102
[29-Jul-2025 20:45:03 UTC] PHP Warning:  Undefined array key "icon" in F:\os\OSPanel\domains\land.kiavi\wp-content\plugins\landvent-manager-panel\core\functions\navs.php on line 102
[29-Jul-2025 20:45:03 UTC] PHP Warning:  Undefined array key "icon" in F:\os\OSPanel\domains\land.kiavi\wp-content\plugins\landvent-manager-panel\core\functions\navs.php on line 102
[29-Jul-2025 20:45:03 UTC] PHP Warning:  Undefined array key "icon" in F:\os\OSPanel\domains\land.kiavi\wp-content\plugins\landvent-manager-panel\core\functions\navs.php on line 102
[29-Jul-2025 20:45:03 UTC] PHP Deprecated:  Constant FILTER_SANITIZE_STRING is deprecated in F:\os\OSPanel\domains\land.kiavi\wp-content\plugins\landvent-manager-panel\core\functions\helpers.php on line 27
[29-Jul-2025 20:45:03 UTC] PHP Warning:  foreach() argument must be of type array|object, string given in F:\os\OSPanel\domains\land.kiavi\wp-content\plugins\landvent-manager-panel\core\config\applicant-info.php on line 258
[29-Jul-2025 20:45:03 UTC] PHP Warning:  foreach() argument must be of type array|object, string given in F:\os\OSPanel\domains\land.kiavi\wp-content\plugins\landvent-manager-panel\core\config\property-details.php on line 807
[29-Jul-2025 20:45:03 UTC] PHP Warning:  foreach() argument must be of type array|object, string given in F:\os\OSPanel\domains\land.kiavi\wp-content\plugins\landvent-manager-panel\core\config\property-details.php on line 913
[29-Jul-2025 20:45:03 UTC] PHP Deprecated:  Constant FILTER_SANITIZE_STRING is deprecated in F:\os\OSPanel\domains\land.kiavi\wp-content\plugins\landvent-manager-panel\core\functions\helpers.php on line 27
[29-Jul-2025 20:45:22 UTC] PHP Warning:  foreach() argument must be of type array|object, string given in F:\os\OSPanel\domains\land.kiavi\wp-content\plugins\wpp-loan-application\includes\functions\wpp-helper.php on line 189
[29-Jul-2025 20:45:22 UTC] PHP Warning:  Undefined array key "icon" in F:\os\OSPanel\domains\land.kiavi\wp-content\plugins\landvent-manager-panel\core\functions\navs.php on line 102
[29-Jul-2025 20:45:22 UTC] PHP Warning:  Undefined array key "icon" in F:\os\OSPanel\domains\land.kiavi\wp-content\plugins\landvent-manager-panel\core\functions\navs.php on line 102
[29-Jul-2025 20:45:22 UTC] PHP Warning:  Undefined array key "icon" in F:\os\OSPanel\domains\land.kiavi\wp-content\plugins\landvent-manager-panel\core\functions\navs.php on line 102
[29-Jul-2025 20:45:22 UTC] PHP Warning:  Undefined array key "icon" in F:\os\OSPanel\domains\land.kiavi\wp-content\plugins\landvent-manager-panel\core\functions\navs.php on line 102
[29-Jul-2025 20:45:22 UTC] PHP Warning:  Undefined array key "icon" in F:\os\OSPanel\domains\land.kiavi\wp-content\plugins\landvent-manager-panel\core\functions\navs.php on line 102
[29-Jul-2025 20:45:22 UTC] PHP Warning:  Undefined array key "icon" in F:\os\OSPanel\domains\land.kiavi\wp-content\plugins\landvent-manager-panel\core\functions\navs.php on line 102
[29-Jul-2025 20:45:22 UTC] PHP Warning:  Undefined array key "icon" in F:\os\OSPanel\domains\land.kiavi\wp-content\plugins\landvent-manager-panel\core\functions\navs.php on line 102
[29-Jul-2025 20:45:22 UTC] PHP Warning:  Undefined array key "icon" in F:\os\OSPanel\domains\land.kiavi\wp-content\plugins\landvent-manager-panel\core\functions\navs.php on line 102
[29-Jul-2025 20:45:22 UTC] PHP Warning:  Undefined array key "icon" in F:\os\OSPanel\domains\land.kiavi\wp-content\plugins\landvent-manager-panel\core\functions\navs.php on line 102
[29-Jul-2025 20:45:22 UTC] PHP Warning:  Undefined array key "icon" in F:\os\OSPanel\domains\land.kiavi\wp-content\plugins\landvent-manager-panel\core\functions\navs.php on line 102
[29-Jul-2025 20:45:22 UTC] PHP Warning:  Undefined array key "icon" in F:\os\OSPanel\domains\land.kiavi\wp-content\plugins\landvent-manager-panel\core\functions\navs.php on line 102
[29-Jul-2025 20:45:22 UTC] PHP Warning:  Undefined array key "icon" in F:\os\OSPanel\domains\land.kiavi\wp-content\plugins\landvent-manager-panel\core\functions\navs.php on line 102
[29-Jul-2025 20:45:22 UTC] PHP Warning:  Undefined array key "icon" in F:\os\OSPanel\domains\land.kiavi\wp-content\plugins\landvent-manager-panel\core\functions\navs.php on line 102
[29-Jul-2025 20:45:22 UTC] PHP Deprecated:  Constant FILTER_SANITIZE_STRING is deprecated in F:\os\OSPanel\domains\land.kiavi\wp-content\plugins\landvent-manager-panel\core\functions\helpers.php on line 27
[29-Jul-2025 20:45:22 UTC] PHP Warning:  foreach() argument must be of type array|object, string given in F:\os\OSPanel\domains\land.kiavi\wp-content\plugins\landvent-manager-panel\core\config\applicant-info.php on line 258
[29-Jul-2025 20:45:22 UTC] PHP Warning:  foreach() argument must be of type array|object, string given in F:\os\OSPanel\domains\land.kiavi\wp-content\plugins\landvent-manager-panel\core\config\property-details.php on line 807
[29-Jul-2025 20:45:22 UTC] PHP Warning:  foreach() argument must be of type array|object, string given in F:\os\OSPanel\domains\land.kiavi\wp-content\plugins\landvent-manager-panel\core\config\property-details.php on line 913
[29-Jul-2025 20:45:22 UTC] PHP Deprecated:  Constant FILTER_SANITIZE_STRING is deprecated in F:\os\OSPanel\domains\land.kiavi\wp-content\plugins\landvent-manager-panel\core\functions\helpers.php on line 27
[29-Jul-2025 20:47:27 UTC] PHP Warning:  foreach() argument must be of type array|object, string given in F:\os\OSPanel\domains\land.kiavi\wp-content\plugins\wpp-loan-application\includes\functions\wpp-helper.php on line 189
[29-Jul-2025 20:47:27 UTC] PHP Warning:  Undefined array key "icon" in F:\os\OSPanel\domains\land.kiavi\wp-content\plugins\landvent-manager-panel\core\functions\navs.php on line 102
[29-Jul-2025 20:47:27 UTC] PHP Warning:  Undefined array key "icon" in F:\os\OSPanel\domains\land.kiavi\wp-content\plugins\landvent-manager-panel\core\functions\navs.php on line 102
[29-Jul-2025 20:47:27 UTC] PHP Warning:  Undefined array key "icon" in F:\os\OSPanel\domains\land.kiavi\wp-content\plugins\landvent-manager-panel\core\functions\navs.php on line 102
[29-Jul-2025 20:47:27 UTC] PHP Warning:  Undefined array key "icon" in F:\os\OSPanel\domains\land.kiavi\wp-content\plugins\landvent-manager-panel\core\functions\navs.php on line 102
[29-Jul-2025 20:47:27 UTC] PHP Warning:  Undefined array key "icon" in F:\os\OSPanel\domains\land.kiavi\wp-content\plugins\landvent-manager-panel\core\functions\navs.php on line 102
[29-Jul-2025 20:47:27 UTC] PHP Warning:  Undefined array key "icon" in F:\os\OSPanel\domains\land.kiavi\wp-content\plugins\landvent-manager-panel\core\functions\navs.php on line 102
[29-Jul-2025 20:47:27 UTC] PHP Warning:  Undefined array key "icon" in F:\os\OSPanel\domains\land.kiavi\wp-content\plugins\landvent-manager-panel\core\functions\navs.php on line 102
[29-Jul-2025 20:47:27 UTC] PHP Warning:  Undefined array key "icon" in F:\os\OSPanel\domains\land.kiavi\wp-content\plugins\landvent-manager-panel\core\functions\navs.php on line 102
[29-Jul-2025 20:47:27 UTC] PHP Warning:  Undefined array key "icon" in F:\os\OSPanel\domains\land.kiavi\wp-content\plugins\landvent-manager-panel\core\functions\navs.php on line 102
[29-Jul-2025 20:47:27 UTC] PHP Warning:  Undefined array key "icon" in F:\os\OSPanel\domains\land.kiavi\wp-content\plugins\landvent-manager-panel\core\functions\navs.php on line 102
[29-Jul-2025 20:47:27 UTC] PHP Warning:  Undefined array key "icon" in F:\os\OSPanel\domains\land.kiavi\wp-content\plugins\landvent-manager-panel\core\functions\navs.php on line 102
[29-Jul-2025 20:47:27 UTC] PHP Warning:  Undefined array key "icon" in F:\os\OSPanel\domains\land.kiavi\wp-content\plugins\landvent-manager-panel\core\functions\navs.php on line 102
[29-Jul-2025 20:47:27 UTC] PHP Warning:  Undefined array key "icon" in F:\os\OSPanel\domains\land.kiavi\wp-content\plugins\landvent-manager-panel\core\functions\navs.php on line 102
[29-Jul-2025 20:47:27 UTC] PHP Deprecated:  Constant FILTER_SANITIZE_STRING is deprecated in F:\os\OSPanel\domains\land.kiavi\wp-content\plugins\landvent-manager-panel\core\functions\helpers.php on line 27
[29-Jul-2025 20:47:27 UTC] PHP Warning:  foreach() argument must be of type array|object, string given in F:\os\OSPanel\domains\land.kiavi\wp-content\plugins\landvent-manager-panel\core\config\applicant-info.php on line 258
[29-Jul-2025 20:47:27 UTC] PHP Warning:  foreach() argument must be of type array|object, string given in F:\os\OSPanel\domains\land.kiavi\wp-content\plugins\landvent-manager-panel\core\config\property-details.php on line 807
[29-Jul-2025 20:47:27 UTC] PHP Warning:  foreach() argument must be of type array|object, string given in F:\os\OSPanel\domains\land.kiavi\wp-content\plugins\landvent-manager-panel\core\config\property-details.php on line 913
[29-Jul-2025 20:47:27 UTC] PHP Deprecated:  Constant FILTER_SANITIZE_STRING is deprecated in F:\os\OSPanel\domains\land.kiavi\wp-content\plugins\landvent-manager-panel\core\functions\helpers.php on line 27
[29-Jul-2025 20:50:05 UTC] PHP Warning:  foreach() argument must be of type array|object, string given in F:\os\OSPanel\domains\land.kiavi\wp-content\plugins\wpp-loan-application\includes\functions\wpp-helper.php on line 189
[29-Jul-2025 20:50:05 UTC] PHP Warning:  Undefined array key "icon" in F:\os\OSPanel\domains\land.kiavi\wp-content\plugins\landvent-manager-panel\core\functions\navs.php on line 102
[29-Jul-2025 20:50:05 UTC] PHP Warning:  Undefined array key "icon" in F:\os\OSPanel\domains\land.kiavi\wp-content\plugins\landvent-manager-panel\core\functions\navs.php on line 102
[29-Jul-2025 20:50:05 UTC] PHP Warning:  Undefined array key "icon" in F:\os\OSPanel\domains\land.kiavi\wp-content\plugins\landvent-manager-panel\core\functions\navs.php on line 102
[29-Jul-2025 20:50:05 UTC] PHP Warning:  Undefined array key "icon" in F:\os\OSPanel\domains\land.kiavi\wp-content\plugins\landvent-manager-panel\core\functions\navs.php on line 102
[29-Jul-2025 20:50:05 UTC] PHP Warning:  Undefined array key "icon" in F:\os\OSPanel\domains\land.kiavi\wp-content\plugins\landvent-manager-panel\core\functions\navs.php on line 102
[29-Jul-2025 20:50:05 UTC] PHP Warning:  Undefined array key "icon" in F:\os\OSPanel\domains\land.kiavi\wp-content\plugins\landvent-manager-panel\core\functions\navs.php on line 102
[29-Jul-2025 20:50:05 UTC] PHP Warning:  Undefined array key "icon" in F:\os\OSPanel\domains\land.kiavi\wp-content\plugins\landvent-manager-panel\core\functions\navs.php on line 102
[29-Jul-2025 20:50:05 UTC] PHP Warning:  Undefined array key "icon" in F:\os\OSPanel\domains\land.kiavi\wp-content\plugins\landvent-manager-panel\core\functions\navs.php on line 102
[29-Jul-2025 20:50:05 UTC] PHP Warning:  Undefined array key "icon" in F:\os\OSPanel\domains\land.kiavi\wp-content\plugins\landvent-manager-panel\core\functions\navs.php on line 102
[29-Jul-2025 20:50:05 UTC] PHP Warning:  Undefined array key "icon" in F:\os\OSPanel\domains\land.kiavi\wp-content\plugins\landvent-manager-panel\core\functions\navs.php on line 102
[29-Jul-2025 20:50:05 UTC] PHP Warning:  Undefined array key "icon" in F:\os\OSPanel\domains\land.kiavi\wp-content\plugins\landvent-manager-panel\core\functions\navs.php on line 102
[29-Jul-2025 20:50:05 UTC] PHP Warning:  Undefined array key "icon" in F:\os\OSPanel\domains\land.kiavi\wp-content\plugins\landvent-manager-panel\core\functions\navs.php on line 102
[29-Jul-2025 20:50:05 UTC] PHP Warning:  Undefined array key "icon" in F:\os\OSPanel\domains\land.kiavi\wp-content\plugins\landvent-manager-panel\core\functions\navs.php on line 102
[29-Jul-2025 20:50:05 UTC] PHP Deprecated:  Constant FILTER_SANITIZE_STRING is deprecated in F:\os\OSPanel\domains\land.kiavi\wp-content\plugins\landvent-manager-panel\core\functions\helpers.php on line 27
[29-Jul-2025 20:50:05 UTC] PHP Warning:  foreach() argument must be of type array|object, string given in F:\os\OSPanel\domains\land.kiavi\wp-content\plugins\landvent-manager-panel\core\config\applicant-info.php on line 258
[29-Jul-2025 20:50:05 UTC] PHP Warning:  foreach() argument must be of type array|object, string given in F:\os\OSPanel\domains\land.kiavi\wp-content\plugins\landvent-manager-panel\core\config\property-details.php on line 807
[29-Jul-2025 20:50:05 UTC] PHP Warning:  foreach() argument must be of type array|object, string given in F:\os\OSPanel\domains\land.kiavi\wp-content\plugins\landvent-manager-panel\core\config\property-details.php on line 913
[29-Jul-2025 20:50:05 UTC] PHP Deprecated:  Constant FILTER_SANITIZE_STRING is deprecated in F:\os\OSPanel\domains\land.kiavi\wp-content\plugins\landvent-manager-panel\core\functions\helpers.php on line 27
[29-Jul-2025 20:51:32 UTC] PHP Warning:  foreach() argument must be of type array|object, string given in F:\os\OSPanel\domains\land.kiavi\wp-content\plugins\wpp-loan-application\includes\functions\wpp-helper.php on line 189
[29-Jul-2025 20:51:32 UTC] PHP Warning:  Undefined array key "icon" in F:\os\OSPanel\domains\land.kiavi\wp-content\plugins\landvent-manager-panel\core\functions\navs.php on line 102
[29-Jul-2025 20:51:32 UTC] PHP Warning:  Undefined array key "icon" in F:\os\OSPanel\domains\land.kiavi\wp-content\plugins\landvent-manager-panel\core\functions\navs.php on line 102
[29-Jul-2025 20:51:32 UTC] PHP Warning:  Undefined array key "icon" in F:\os\OSPanel\domains\land.kiavi\wp-content\plugins\landvent-manager-panel\core\functions\navs.php on line 102
[29-Jul-2025 20:51:32 UTC] PHP Warning:  Undefined array key "icon" in F:\os\OSPanel\domains\land.kiavi\wp-content\plugins\landvent-manager-panel\core\functions\navs.php on line 102
[29-Jul-2025 20:51:32 UTC] PHP Warning:  Undefined array key "icon" in F:\os\OSPanel\domains\land.kiavi\wp-content\plugins\landvent-manager-panel\core\functions\navs.php on line 102
[29-Jul-2025 20:51:32 UTC] PHP Warning:  Undefined array key "icon" in F:\os\OSPanel\domains\land.kiavi\wp-content\plugins\landvent-manager-panel\core\functions\navs.php on line 102
[29-Jul-2025 20:51:32 UTC] PHP Warning:  Undefined array key "icon" in F:\os\OSPanel\domains\land.kiavi\wp-content\plugins\landvent-manager-panel\core\functions\navs.php on line 102
[29-Jul-2025 20:51:32 UTC] PHP Warning:  Undefined array key "icon" in F:\os\OSPanel\domains\land.kiavi\wp-content\plugins\landvent-manager-panel\core\functions\navs.php on line 102
[29-Jul-2025 20:51:32 UTC] PHP Warning:  Undefined array key "icon" in F:\os\OSPanel\domains\land.kiavi\wp-content\plugins\landvent-manager-panel\core\functions\navs.php on line 102
[29-Jul-2025 20:51:32 UTC] PHP Warning:  Undefined array key "icon" in F:\os\OSPanel\domains\land.kiavi\wp-content\plugins\landvent-manager-panel\core\functions\navs.php on line 102
[29-Jul-2025 20:51:32 UTC] PHP Warning:  Undefined array key "icon" in F:\os\OSPanel\domains\land.kiavi\wp-content\plugins\landvent-manager-panel\core\functions\navs.php on line 102
[29-Jul-2025 20:51:32 UTC] PHP Warning:  Undefined array key "icon" in F:\os\OSPanel\domains\land.kiavi\wp-content\plugins\landvent-manager-panel\core\functions\navs.php on line 102
[29-Jul-2025 20:51:32 UTC] PHP Warning:  Undefined array key "icon" in F:\os\OSPanel\domains\land.kiavi\wp-content\plugins\landvent-manager-panel\core\functions\navs.php on line 102
[29-Jul-2025 20:51:32 UTC] PHP Deprecated:  Constant FILTER_SANITIZE_STRING is deprecated in F:\os\OSPanel\domains\land.kiavi\wp-content\plugins\landvent-manager-panel\core\functions\helpers.php on line 27
[29-Jul-2025 20:51:32 UTC] PHP Warning:  foreach() argument must be of type array|object, string given in F:\os\OSPanel\domains\land.kiavi\wp-content\plugins\landvent-manager-panel\core\config\applicant-info.php on line 258
[29-Jul-2025 20:51:32 UTC] PHP Warning:  foreach() argument must be of type array|object, string given in F:\os\OSPanel\domains\land.kiavi\wp-content\plugins\landvent-manager-panel\core\config\property-details.php on line 807
[29-Jul-2025 20:51:32 UTC] PHP Warning:  foreach() argument must be of type array|object, string given in F:\os\OSPanel\domains\land.kiavi\wp-content\plugins\landvent-manager-panel\core\config\property-details.php on line 913
[29-Jul-2025 20:51:32 UTC] PHP Deprecated:  Constant FILTER_SANITIZE_STRING is deprecated in F:\os\OSPanel\domains\land.kiavi\wp-content\plugins\landvent-manager-panel\core\functions\helpers.php on line 27
[29-Jul-2025 20:52:56 UTC] PHP Warning:  foreach() argument must be of type array|object, string given in F:\os\OSPanel\domains\land.kiavi\wp-content\plugins\wpp-loan-application\includes\functions\wpp-helper.php on line 189
[29-Jul-2025 20:52:56 UTC] PHP Warning:  Undefined array key "icon" in F:\os\OSPanel\domains\land.kiavi\wp-content\plugins\landvent-manager-panel\core\functions\navs.php on line 102
[29-Jul-2025 20:52:56 UTC] PHP Warning:  Undefined array key "icon" in F:\os\OSPanel\domains\land.kiavi\wp-content\plugins\landvent-manager-panel\core\functions\navs.php on line 102
[29-Jul-2025 20:52:56 UTC] PHP Warning:  Undefined array key "icon" in F:\os\OSPanel\domains\land.kiavi\wp-content\plugins\landvent-manager-panel\core\functions\navs.php on line 102
[29-Jul-2025 20:52:56 UTC] PHP Warning:  Undefined array key "icon" in F:\os\OSPanel\domains\land.kiavi\wp-content\plugins\landvent-manager-panel\core\functions\navs.php on line 102
[29-Jul-2025 20:52:56 UTC] PHP Warning:  Undefined array key "icon" in F:\os\OSPanel\domains\land.kiavi\wp-content\plugins\landvent-manager-panel\core\functions\navs.php on line 102
[29-Jul-2025 20:52:56 UTC] PHP Warning:  Undefined array key "icon" in F:\os\OSPanel\domains\land.kiavi\wp-content\plugins\landvent-manager-panel\core\functions\navs.php on line 102
[29-Jul-2025 20:52:56 UTC] PHP Warning:  Undefined array key "icon" in F:\os\OSPanel\domains\land.kiavi\wp-content\plugins\landvent-manager-panel\core\functions\navs.php on line 102
[29-Jul-2025 20:52:56 UTC] PHP Warning:  Undefined array key "icon" in F:\os\OSPanel\domains\land.kiavi\wp-content\plugins\landvent-manager-panel\core\functions\navs.php on line 102
[29-Jul-2025 20:52:56 UTC] PHP Warning:  Undefined array key "icon" in F:\os\OSPanel\domains\land.kiavi\wp-content\plugins\landvent-manager-panel\core\functions\navs.php on line 102
[29-Jul-2025 20:52:56 UTC] PHP Warning:  Undefined array key "icon" in F:\os\OSPanel\domains\land.kiavi\wp-content\plugins\landvent-manager-panel\core\functions\navs.php on line 102
[29-Jul-2025 20:52:56 UTC] PHP Warning:  Undefined array key "icon" in F:\os\OSPanel\domains\land.kiavi\wp-content\plugins\landvent-manager-panel\core\functions\navs.php on line 102
[29-Jul-2025 20:52:56 UTC] PHP Warning:  Undefined array key "icon" in F:\os\OSPanel\domains\land.kiavi\wp-content\plugins\landvent-manager-panel\core\functions\navs.php on line 102
[29-Jul-2025 20:52:56 UTC] PHP Warning:  Undefined array key "icon" in F:\os\OSPanel\domains\land.kiavi\wp-content\plugins\landvent-manager-panel\core\functions\navs.php on line 102
[29-Jul-2025 20:52:56 UTC] PHP Deprecated:  Constant FILTER_SANITIZE_STRING is deprecated in F:\os\OSPanel\domains\land.kiavi\wp-content\plugins\landvent-manager-panel\core\functions\helpers.php on line 27
[29-Jul-2025 20:52:56 UTC] PHP Warning:  foreach() argument must be of type array|object, string given in F:\os\OSPanel\domains\land.kiavi\wp-content\plugins\landvent-manager-panel\core\config\applicant-info.php on line 258
[29-Jul-2025 20:52:56 UTC] PHP Warning:  foreach() argument must be of type array|object, string given in F:\os\OSPanel\domains\land.kiavi\wp-content\plugins\landvent-manager-panel\core\config\property-details.php on line 807
[29-Jul-2025 20:52:56 UTC] PHP Warning:  foreach() argument must be of type array|object, string given in F:\os\OSPanel\domains\land.kiavi\wp-content\plugins\landvent-manager-panel\core\config\property-details.php on line 913
[29-Jul-2025 20:52:56 UTC] PHP Deprecated:  Constant FILTER_SANITIZE_STRING is deprecated in F:\os\OSPanel\domains\land.kiavi\wp-content\plugins\landvent-manager-panel\core\functions\helpers.php on line 27
[29-Jul-2025 20:53:13 UTC] PHP Warning:  foreach() argument must be of type array|object, string given in F:\os\OSPanel\domains\land.kiavi\wp-content\plugins\wpp-loan-application\includes\functions\wpp-helper.php on line 189
[29-Jul-2025 20:53:13 UTC] PHP Warning:  Undefined array key "icon" in F:\os\OSPanel\domains\land.kiavi\wp-content\plugins\landvent-manager-panel\core\functions\navs.php on line 102
[29-Jul-2025 20:53:13 UTC] PHP Warning:  Undefined array key "icon" in F:\os\OSPanel\domains\land.kiavi\wp-content\plugins\landvent-manager-panel\core\functions\navs.php on line 102
[29-Jul-2025 20:53:13 UTC] PHP Warning:  Undefined array key "icon" in F:\os\OSPanel\domains\land.kiavi\wp-content\plugins\landvent-manager-panel\core\functions\navs.php on line 102
[29-Jul-2025 20:53:13 UTC] PHP Warning:  Undefined array key "icon" in F:\os\OSPanel\domains\land.kiavi\wp-content\plugins\landvent-manager-panel\core\functions\navs.php on line 102
[29-Jul-2025 20:53:13 UTC] PHP Warning:  Undefined array key "icon" in F:\os\OSPanel\domains\land.kiavi\wp-content\plugins\landvent-manager-panel\core\functions\navs.php on line 102
[29-Jul-2025 20:53:13 UTC] PHP Warning:  Undefined array key "icon" in F:\os\OSPanel\domains\land.kiavi\wp-content\plugins\landvent-manager-panel\core\functions\navs.php on line 102
[29-Jul-2025 20:53:13 UTC] PHP Warning:  Undefined array key "icon" in F:\os\OSPanel\domains\land.kiavi\wp-content\plugins\landvent-manager-panel\core\functions\navs.php on line 102
[29-Jul-2025 20:53:13 UTC] PHP Warning:  Undefined array key "icon" in F:\os\OSPanel\domains\land.kiavi\wp-content\plugins\landvent-manager-panel\core\functions\navs.php on line 102
[29-Jul-2025 20:53:13 UTC] PHP Warning:  Undefined array key "icon" in F:\os\OSPanel\domains\land.kiavi\wp-content\plugins\landvent-manager-panel\core\functions\navs.php on line 102
[29-Jul-2025 20:53:13 UTC] PHP Warning:  Undefined array key "icon" in F:\os\OSPanel\domains\land.kiavi\wp-content\plugins\landvent-manager-panel\core\functions\navs.php on line 102
[29-Jul-2025 20:53:13 UTC] PHP Warning:  Undefined array key "icon" in F:\os\OSPanel\domains\land.kiavi\wp-content\plugins\landvent-manager-panel\core\functions\navs.php on line 102
[29-Jul-2025 20:53:13 UTC] PHP Warning:  Undefined array key "icon" in F:\os\OSPanel\domains\land.kiavi\wp-content\plugins\landvent-manager-panel\core\functions\navs.php on line 102
[29-Jul-2025 20:53:13 UTC] PHP Warning:  Undefined array key "icon" in F:\os\OSPanel\domains\land.kiavi\wp-content\plugins\landvent-manager-panel\core\functions\navs.php on line 102
[29-Jul-2025 20:53:13 UTC] PHP Deprecated:  Constant FILTER_SANITIZE_STRING is deprecated in F:\os\OSPanel\domains\land.kiavi\wp-content\plugins\landvent-manager-panel\core\functions\helpers.php on line 27
[29-Jul-2025 20:53:13 UTC] PHP Warning:  foreach() argument must be of type array|object, string given in F:\os\OSPanel\domains\land.kiavi\wp-content\plugins\landvent-manager-panel\core\config\applicant-info.php on line 258
[29-Jul-2025 20:53:13 UTC] PHP Warning:  foreach() argument must be of type array|object, string given in F:\os\OSPanel\domains\land.kiavi\wp-content\plugins\landvent-manager-panel\core\config\property-details.php on line 807
[29-Jul-2025 20:53:13 UTC] PHP Warning:  foreach() argument must be of type array|object, string given in F:\os\OSPanel\domains\land.kiavi\wp-content\plugins\landvent-manager-panel\core\config\property-details.php on line 913
[29-Jul-2025 20:53:13 UTC] PHP Deprecated:  Constant FILTER_SANITIZE_STRING is deprecated in F:\os\OSPanel\domains\land.kiavi\wp-content\plugins\landvent-manager-panel\core\functions\helpers.php on line 27
[29-Jul-2025 20:53:50 UTC] PHP Warning:  foreach() argument must be of type array|object, string given in F:\os\OSPanel\domains\land.kiavi\wp-content\plugins\wpp-loan-application\includes\functions\wpp-helper.php on line 189
[29-Jul-2025 20:53:50 UTC] PHP Warning:  Undefined array key "icon" in F:\os\OSPanel\domains\land.kiavi\wp-content\plugins\landvent-manager-panel\core\functions\navs.php on line 102
[29-Jul-2025 20:53:50 UTC] PHP Warning:  Undefined array key "icon" in F:\os\OSPanel\domains\land.kiavi\wp-content\plugins\landvent-manager-panel\core\functions\navs.php on line 102
[29-Jul-2025 20:53:50 UTC] PHP Warning:  Undefined array key "icon" in F:\os\OSPanel\domains\land.kiavi\wp-content\plugins\landvent-manager-panel\core\functions\navs.php on line 102
[29-Jul-2025 20:53:50 UTC] PHP Warning:  Undefined array key "icon" in F:\os\OSPanel\domains\land.kiavi\wp-content\plugins\landvent-manager-panel\core\functions\navs.php on line 102
[29-Jul-2025 20:53:50 UTC] PHP Warning:  Undefined array key "icon" in F:\os\OSPanel\domains\land.kiavi\wp-content\plugins\landvent-manager-panel\core\functions\navs.php on line 102
[29-Jul-2025 20:53:50 UTC] PHP Warning:  Undefined array key "icon" in F:\os\OSPanel\domains\land.kiavi\wp-content\plugins\landvent-manager-panel\core\functions\navs.php on line 102
[29-Jul-2025 20:53:50 UTC] PHP Warning:  Undefined array key "icon" in F:\os\OSPanel\domains\land.kiavi\wp-content\plugins\landvent-manager-panel\core\functions\navs.php on line 102
[29-Jul-2025 20:53:50 UTC] PHP Warning:  Undefined array key "icon" in F:\os\OSPanel\domains\land.kiavi\wp-content\plugins\landvent-manager-panel\core\functions\navs.php on line 102
[29-Jul-2025 20:53:50 UTC] PHP Warning:  Undefined array key "icon" in F:\os\OSPanel\domains\land.kiavi\wp-content\plugins\landvent-manager-panel\core\functions\navs.php on line 102
[29-Jul-2025 20:53:50 UTC] PHP Warning:  Undefined array key "icon" in F:\os\OSPanel\domains\land.kiavi\wp-content\plugins\landvent-manager-panel\core\functions\navs.php on line 102
[29-Jul-2025 20:53:50 UTC] PHP Warning:  Undefined array key "icon" in F:\os\OSPanel\domains\land.kiavi\wp-content\plugins\landvent-manager-panel\core\functions\navs.php on line 102
[29-Jul-2025 20:53:50 UTC] PHP Warning:  Undefined array key "icon" in F:\os\OSPanel\domains\land.kiavi\wp-content\plugins\landvent-manager-panel\core\functions\navs.php on line 102
[29-Jul-2025 20:53:50 UTC] PHP Warning:  Undefined array key "icon" in F:\os\OSPanel\domains\land.kiavi\wp-content\plugins\landvent-manager-panel\core\functions\navs.php on line 102
[29-Jul-2025 20:53:50 UTC] PHP Deprecated:  Constant FILTER_SANITIZE_STRING is deprecated in F:\os\OSPanel\domains\land.kiavi\wp-content\plugins\landvent-manager-panel\core\functions\helpers.php on line 27
[29-Jul-2025 20:53:50 UTC] PHP Warning:  foreach() argument must be of type array|object, string given in F:\os\OSPanel\domains\land.kiavi\wp-content\plugins\landvent-manager-panel\core\config\applicant-info.php on line 258
[29-Jul-2025 20:53:50 UTC] PHP Warning:  foreach() argument must be of type array|object, string given in F:\os\OSPanel\domains\land.kiavi\wp-content\plugins\landvent-manager-panel\core\config\property-details.php on line 807
[29-Jul-2025 20:53:50 UTC] PHP Warning:  foreach() argument must be of type array|object, string given in F:\os\OSPanel\domains\land.kiavi\wp-content\plugins\landvent-manager-panel\core\config\property-details.php on line 913
[29-Jul-2025 20:53:50 UTC] PHP Deprecated:  Constant FILTER_SANITIZE_STRING is deprecated in F:\os\OSPanel\domains\land.kiavi\wp-content\plugins\landvent-manager-panel\core\functions\helpers.php on line 27
