[06-Jul-2025 11:09:30 UTC] PHP Warning:  foreach() argument must be of type array|object, string given in F:\os\OSPanel\domains\land.kiavi\wp-content\plugins\wpp-loan-application\includes\functions\wpp-helper.php on line 189
[06-Jul-2025 11:09:31 UTC] PHP Notice:  Function wpdb::prepare was called <strong>incorrectly</strong>. The query argument of wpdb::prepare() must have a placeholder. Please see <a href="https://developer.wordpress.org/advanced-administration/debug/debug-wordpress/">Debugging in WordPress</a> for more information. (This message was added in version 3.9.0.) in F:\os\OSPanel\domains\land.kiavi\wp-includes\functions.php on line 6121
[06-Jul-2025 11:09:31 UTC] PHP Fatal error:  Uncaught Error: Call to undefined function get_colums_data() in F:\os\OSPanel\domains\land.kiavi\wp-content\plugins\landvent-manager-panel\public\templates\dashboard-template.php:164
Stack trace:
#0 F:\os\OSPanel\domains\land.kiavi\wp-includes\template-loader.php(106): include()
#1 F:\os\OSPanel\domains\land.kiavi\wp-blog-header.php(19): require_once('F:\\os\\OSPanel\\d...')
#2 F:\os\OSPanel\domains\land.kiavi\index.php(17): require('F:\\os\\OSPanel\\d...')
#3 {main}
  thrown in F:\os\OSPanel\domains\land.kiavi\wp-content\plugins\landvent-manager-panel\public\templates\dashboard-template.php on line 164
[06-Jul-2025 11:09:36 UTC] PHP Warning:  foreach() argument must be of type array|object, string given in F:\os\OSPanel\domains\land.kiavi\wp-content\plugins\wpp-loan-application\includes\functions\wpp-helper.php on line 189
[06-Jul-2025 11:09:36 UTC] PHP Notice:  Function wpdb::prepare was called <strong>incorrectly</strong>. The query argument of wpdb::prepare() must have a placeholder. Please see <a href="https://developer.wordpress.org/advanced-administration/debug/debug-wordpress/">Debugging in WordPress</a> for more information. (This message was added in version 3.9.0.) in F:\os\OSPanel\domains\land.kiavi\wp-includes\functions.php on line 6121
[06-Jul-2025 11:09:36 UTC] PHP Fatal error:  Uncaught Error: Call to undefined function get_colums_data() in F:\os\OSPanel\domains\land.kiavi\wp-content\plugins\landvent-manager-panel\public\templates\dashboard-template.php:164
Stack trace:
#0 F:\os\OSPanel\domains\land.kiavi\wp-includes\template-loader.php(106): include()
#1 F:\os\OSPanel\domains\land.kiavi\wp-blog-header.php(19): require_once('F:\\os\\OSPanel\\d...')
#2 F:\os\OSPanel\domains\land.kiavi\index.php(17): require('F:\\os\\OSPanel\\d...')
#3 {main}
  thrown in F:\os\OSPanel\domains\land.kiavi\wp-content\plugins\landvent-manager-panel\public\templates\dashboard-template.php on line 164
[06-Jul-2025 11:09:58 UTC] PHP Warning:  foreach() argument must be of type array|object, string given in F:\os\OSPanel\domains\land.kiavi\wp-content\plugins\wpp-loan-application\includes\functions\wpp-helper.php on line 189
[06-Jul-2025 11:09:58 UTC] PHP Notice:  Function wpdb::prepare was called <strong>incorrectly</strong>. The query argument of wpdb::prepare() must have a placeholder. Please see <a href="https://developer.wordpress.org/advanced-administration/debug/debug-wordpress/">Debugging in WordPress</a> for more information. (This message was added in version 3.9.0.) in F:\os\OSPanel\domains\land.kiavi\wp-includes\functions.php on line 6121
[06-Jul-2025 11:10:23 UTC] PHP Warning:  foreach() argument must be of type array|object, string given in F:\os\OSPanel\domains\land.kiavi\wp-content\plugins\wpp-loan-application\includes\functions\wpp-helper.php on line 189
[06-Jul-2025 11:10:23 UTC] PHP Notice:  Function wpdb::prepare was called <strong>incorrectly</strong>. The query argument of wpdb::prepare() must have a placeholder. Please see <a href="https://developer.wordpress.org/advanced-administration/debug/debug-wordpress/">Debugging in WordPress</a> for more information. (This message was added in version 3.9.0.) in F:\os\OSPanel\domains\land.kiavi\wp-includes\functions.php on line 6121
[06-Jul-2025 11:10:23 UTC] PHP Fatal error:  Uncaught Error: Call to undefined function get_colums_data() in F:\os\OSPanel\domains\land.kiavi\wp-content\plugins\landvent-manager-panel\public\templates\dashboard-template.php:164
Stack trace:
#0 F:\os\OSPanel\domains\land.kiavi\wp-includes\template-loader.php(106): include()
#1 F:\os\OSPanel\domains\land.kiavi\wp-blog-header.php(19): require_once('F:\\os\\OSPanel\\d...')
#2 F:\os\OSPanel\domains\land.kiavi\index.php(17): require('F:\\os\\OSPanel\\d...')
#3 {main}
  thrown in F:\os\OSPanel\domains\land.kiavi\wp-content\plugins\landvent-manager-panel\public\templates\dashboard-template.php on line 164
[06-Jul-2025 11:10:44 UTC] PHP Warning:  foreach() argument must be of type array|object, string given in F:\os\OSPanel\domains\land.kiavi\wp-content\plugins\wpp-loan-application\includes\functions\wpp-helper.php on line 189
[06-Jul-2025 11:10:44 UTC] PHP Notice:  Function wpdb::prepare was called <strong>incorrectly</strong>. The query argument of wpdb::prepare() must have a placeholder. Please see <a href="https://developer.wordpress.org/advanced-administration/debug/debug-wordpress/">Debugging in WordPress</a> for more information. (This message was added in version 3.9.0.) in F:\os\OSPanel\domains\land.kiavi\wp-includes\functions.php on line 6121
[06-Jul-2025 11:10:44 UTC] PHP Fatal error:  Uncaught Error: Call to undefined function get_colums_data() in F:\os\OSPanel\domains\land.kiavi\wp-content\plugins\landvent-manager-panel\public\templates\dashboard-template.php:164
Stack trace:
#0 F:\os\OSPanel\domains\land.kiavi\wp-includes\template-loader.php(106): include()
#1 F:\os\OSPanel\domains\land.kiavi\wp-blog-header.php(19): require_once('F:\\os\\OSPanel\\d...')
#2 F:\os\OSPanel\domains\land.kiavi\index.php(17): require('F:\\os\\OSPanel\\d...')
#3 {main}
  thrown in F:\os\OSPanel\domains\land.kiavi\wp-content\plugins\landvent-manager-panel\public\templates\dashboard-template.php on line 164
[06-Jul-2025 11:11:18 UTC] PHP Warning:  foreach() argument must be of type array|object, string given in F:\os\OSPanel\domains\land.kiavi\wp-content\plugins\wpp-loan-application\includes\functions\wpp-helper.php on line 189
[06-Jul-2025 11:11:18 UTC] PHP Notice:  Function wpdb::prepare was called <strong>incorrectly</strong>. The query argument of wpdb::prepare() must have a placeholder. Please see <a href="https://developer.wordpress.org/advanced-administration/debug/debug-wordpress/">Debugging in WordPress</a> for more information. (This message was added in version 3.9.0.) in F:\os\OSPanel\domains\land.kiavi\wp-includes\functions.php on line 6121
[06-Jul-2025 11:11:18 UTC] PHP Fatal error:  Uncaught Error: Call to undefined function get_colums_data() in F:\os\OSPanel\domains\land.kiavi\wp-content\plugins\landvent-manager-panel\public\templates\dashboard-template.php:164
Stack trace:
#0 F:\os\OSPanel\domains\land.kiavi\wp-includes\template-loader.php(106): include()
#1 F:\os\OSPanel\domains\land.kiavi\wp-blog-header.php(19): require_once('F:\\os\\OSPanel\\d...')
#2 F:\os\OSPanel\domains\land.kiavi\index.php(17): require('F:\\os\\OSPanel\\d...')
#3 {main}
  thrown in F:\os\OSPanel\domains\land.kiavi\wp-content\plugins\landvent-manager-panel\public\templates\dashboard-template.php on line 164
[06-Jul-2025 11:11:33 UTC] PHP Warning:  foreach() argument must be of type array|object, string given in F:\os\OSPanel\domains\land.kiavi\wp-content\plugins\wpp-loan-application\includes\functions\wpp-helper.php on line 189
[06-Jul-2025 11:11:33 UTC] PHP Notice:  Function wpdb::prepare was called <strong>incorrectly</strong>. The query argument of wpdb::prepare() must have a placeholder. Please see <a href="https://developer.wordpress.org/advanced-administration/debug/debug-wordpress/">Debugging in WordPress</a> for more information. (This message was added in version 3.9.0.) in F:\os\OSPanel\domains\land.kiavi\wp-includes\functions.php on line 6121
[06-Jul-2025 11:11:33 UTC] PHP Fatal error:  Uncaught Error: Call to undefined function get_colums_data() in F:\os\OSPanel\domains\land.kiavi\wp-content\plugins\landvent-manager-panel\public\templates\dashboard-template.php:164
Stack trace:
#0 F:\os\OSPanel\domains\land.kiavi\wp-includes\template-loader.php(106): include()
#1 F:\os\OSPanel\domains\land.kiavi\wp-blog-header.php(19): require_once('F:\\os\\OSPanel\\d...')
#2 F:\os\OSPanel\domains\land.kiavi\index.php(17): require('F:\\os\\OSPanel\\d...')
#3 {main}
  thrown in F:\os\OSPanel\domains\land.kiavi\wp-content\plugins\landvent-manager-panel\public\templates\dashboard-template.php on line 164
[06-Jul-2025 11:11:45 UTC] PHP Warning:  foreach() argument must be of type array|object, string given in F:\os\OSPanel\domains\land.kiavi\wp-content\plugins\wpp-loan-application\includes\functions\wpp-helper.php on line 189
[06-Jul-2025 11:11:45 UTC] PHP Notice:  Function wpdb::prepare was called <strong>incorrectly</strong>. The query argument of wpdb::prepare() must have a placeholder. Please see <a href="https://developer.wordpress.org/advanced-administration/debug/debug-wordpress/">Debugging in WordPress</a> for more information. (This message was added in version 3.9.0.) in F:\os\OSPanel\domains\land.kiavi\wp-includes\functions.php on line 6121
[06-Jul-2025 11:11:45 UTC] PHP Fatal error:  Uncaught Error: Call to undefined function get_colums_data() in F:\os\OSPanel\domains\land.kiavi\wp-content\plugins\landvent-manager-panel\public\templates\dashboard-template.php:164
Stack trace:
#0 F:\os\OSPanel\domains\land.kiavi\wp-includes\template-loader.php(106): include()
#1 F:\os\OSPanel\domains\land.kiavi\wp-blog-header.php(19): require_once('F:\\os\\OSPanel\\d...')
#2 F:\os\OSPanel\domains\land.kiavi\index.php(17): require('F:\\os\\OSPanel\\d...')
#3 {main}
  thrown in F:\os\OSPanel\domains\land.kiavi\wp-content\plugins\landvent-manager-panel\public\templates\dashboard-template.php on line 164
[06-Jul-2025 11:12:35 UTC] PHP Warning:  foreach() argument must be of type array|object, string given in F:\os\OSPanel\domains\land.kiavi\wp-content\plugins\wpp-loan-application\includes\functions\wpp-helper.php on line 189
[06-Jul-2025 11:12:35 UTC] PHP Notice:  Function wpdb::prepare was called <strong>incorrectly</strong>. The query argument of wpdb::prepare() must have a placeholder. Please see <a href="https://developer.wordpress.org/advanced-administration/debug/debug-wordpress/">Debugging in WordPress</a> for more information. (This message was added in version 3.9.0.) in F:\os\OSPanel\domains\land.kiavi\wp-includes\functions.php on line 6121
[06-Jul-2025 11:12:55 UTC] PHP Warning:  foreach() argument must be of type array|object, string given in F:\os\OSPanel\domains\land.kiavi\wp-content\plugins\wpp-loan-application\includes\functions\wpp-helper.php on line 189
[06-Jul-2025 11:12:55 UTC] PHP Notice:  Function wpdb::prepare was called <strong>incorrectly</strong>. The query argument of wpdb::prepare() must have a placeholder. Please see <a href="https://developer.wordpress.org/advanced-administration/debug/debug-wordpress/">Debugging in WordPress</a> for more information. (This message was added in version 3.9.0.) in F:\os\OSPanel\domains\land.kiavi\wp-includes\functions.php on line 6121
[06-Jul-2025 11:12:55 UTC] PHP Notice:  unserialize(): Error at offset 0 of 1038 bytes in F:\os\OSPanel\domains\land.kiavi\wp-content\plugins\landvent-manager-panel\core\functions\get-colums-data.php on line 40
[06-Jul-2025 11:12:55 UTC] PHP Notice:  unserialize(): Error at offset 0 of 2 bytes in F:\os\OSPanel\domains\land.kiavi\wp-content\plugins\landvent-manager-panel\core\functions\get-colums-data.php on line 40
[06-Jul-2025 11:12:55 UTC] PHP Notice:  unserialize(): Error at offset 0 of 939 bytes in F:\os\OSPanel\domains\land.kiavi\wp-content\plugins\landvent-manager-panel\core\functions\get-colums-data.php on line 40
[06-Jul-2025 11:12:55 UTC] PHP Notice:  unserialize(): Error at offset 0 of 1117 bytes in F:\os\OSPanel\domains\land.kiavi\wp-content\plugins\landvent-manager-panel\core\functions\get-colums-data.php on line 40
[06-Jul-2025 11:12:55 UTC] PHP Notice:  unserialize(): Error at offset 0 of 1087 bytes in F:\os\OSPanel\domains\land.kiavi\wp-content\plugins\landvent-manager-panel\core\functions\get-colums-data.php on line 40
[06-Jul-2025 11:12:55 UTC] PHP Notice:  unserialize(): Error at offset 0 of 1089 bytes in F:\os\OSPanel\domains\land.kiavi\wp-content\plugins\landvent-manager-panel\core\functions\get-colums-data.php on line 40
[06-Jul-2025 11:12:55 UTC] PHP Notice:  unserialize(): Error at offset 0 of 1026 bytes in F:\os\OSPanel\domains\land.kiavi\wp-content\plugins\landvent-manager-panel\core\functions\get-colums-data.php on line 40
[06-Jul-2025 11:13:19 UTC] PHP Warning:  foreach() argument must be of type array|object, string given in F:\os\OSPanel\domains\land.kiavi\wp-content\plugins\wpp-loan-application\includes\functions\wpp-helper.php on line 189
[06-Jul-2025 11:13:19 UTC] PHP Notice:  Function wpdb::prepare was called <strong>incorrectly</strong>. The query argument of wpdb::prepare() must have a placeholder. Please see <a href="https://developer.wordpress.org/advanced-administration/debug/debug-wordpress/">Debugging in WordPress</a> for more information. (This message was added in version 3.9.0.) in F:\os\OSPanel\domains\land.kiavi\wp-includes\functions.php on line 6121
[06-Jul-2025 11:13:40 UTC] PHP Warning:  foreach() argument must be of type array|object, string given in F:\os\OSPanel\domains\land.kiavi\wp-content\plugins\wpp-loan-application\includes\functions\wpp-helper.php on line 189
[06-Jul-2025 11:13:40 UTC] PHP Notice:  Function wpdb::prepare was called <strong>incorrectly</strong>. The query argument of wpdb::prepare() must have a placeholder. Please see <a href="https://developer.wordpress.org/advanced-administration/debug/debug-wordpress/">Debugging in WordPress</a> for more information. (This message was added in version 3.9.0.) in F:\os\OSPanel\domains\land.kiavi\wp-includes\functions.php on line 6121
[06-Jul-2025 11:33:30 UTC] PHP Warning:  foreach() argument must be of type array|object, string given in F:\os\OSPanel\domains\land.kiavi\wp-content\plugins\wpp-loan-application\includes\functions\wpp-helper.php on line 189
[06-Jul-2025 11:33:30 UTC] PHP Notice:  Function wpdb::prepare was called <strong>incorrectly</strong>. The query argument of wpdb::prepare() must have a placeholder. Please see <a href="https://developer.wordpress.org/advanced-administration/debug/debug-wordpress/">Debugging in WordPress</a> for more information. (This message was added in version 3.9.0.) in F:\os\OSPanel\domains\land.kiavi\wp-includes\functions.php on line 6121
[06-Jul-2025 11:34:15 UTC] PHP Warning:  foreach() argument must be of type array|object, string given in F:\os\OSPanel\domains\land.kiavi\wp-content\plugins\wpp-loan-application\includes\functions\wpp-helper.php on line 189
[06-Jul-2025 11:34:15 UTC] PHP Notice:  Function wpdb::prepare was called <strong>incorrectly</strong>. The query argument of wpdb::prepare() must have a placeholder. Please see <a href="https://developer.wordpress.org/advanced-administration/debug/debug-wordpress/">Debugging in WordPress</a> for more information. (This message was added in version 3.9.0.) in F:\os\OSPanel\domains\land.kiavi\wp-includes\functions.php on line 6121
[06-Jul-2025 11:35:06 UTC] PHP Warning:  foreach() argument must be of type array|object, string given in F:\os\OSPanel\domains\land.kiavi\wp-content\plugins\wpp-loan-application\includes\functions\wpp-helper.php on line 189
[06-Jul-2025 11:35:06 UTC] PHP Notice:  Function wpdb::prepare was called <strong>incorrectly</strong>. The query argument of wpdb::prepare() must have a placeholder. Please see <a href="https://developer.wordpress.org/advanced-administration/debug/debug-wordpress/">Debugging in WordPress</a> for more information. (This message was added in version 3.9.0.) in F:\os\OSPanel\domains\land.kiavi\wp-includes\functions.php on line 6121
[06-Jul-2025 11:36:20 UTC] PHP Warning:  foreach() argument must be of type array|object, string given in F:\os\OSPanel\domains\land.kiavi\wp-content\plugins\wpp-loan-application\includes\functions\wpp-helper.php on line 189
[06-Jul-2025 11:36:20 UTC] PHP Notice:  Function wpdb::prepare was called <strong>incorrectly</strong>. The query argument of wpdb::prepare() must have a placeholder. Please see <a href="https://developer.wordpress.org/advanced-administration/debug/debug-wordpress/">Debugging in WordPress</a> for more information. (This message was added in version 3.9.0.) in F:\os\OSPanel\domains\land.kiavi\wp-includes\functions.php on line 6121
[06-Jul-2025 11:36:20 UTC] PHP Warning:  Attempt to read property "s2_entity_name" on array in F:\os\OSPanel\domains\land.kiavi\wp-content\plugins\landvent-manager-panel\public\templates\dashboard-template.php on line 173
[06-Jul-2025 11:36:20 UTC] PHP Warning:  Attempt to read property "s2_entity_name" on array in F:\os\OSPanel\domains\land.kiavi\wp-content\plugins\landvent-manager-panel\public\templates\dashboard-template.php on line 173
[06-Jul-2025 11:36:20 UTC] PHP Warning:  Attempt to read property "s2_entity_name" on array in F:\os\OSPanel\domains\land.kiavi\wp-content\plugins\landvent-manager-panel\public\templates\dashboard-template.php on line 173
[06-Jul-2025 11:36:20 UTC] PHP Warning:  Attempt to read property "s2_entity_name" on array in F:\os\OSPanel\domains\land.kiavi\wp-content\plugins\landvent-manager-panel\public\templates\dashboard-template.php on line 173
[06-Jul-2025 11:36:20 UTC] PHP Warning:  Attempt to read property "s2_entity_name" on array in F:\os\OSPanel\domains\land.kiavi\wp-content\plugins\landvent-manager-panel\public\templates\dashboard-template.php on line 173
[06-Jul-2025 11:36:20 UTC] PHP Warning:  Attempt to read property "s2_entity_name" on array in F:\os\OSPanel\domains\land.kiavi\wp-content\plugins\landvent-manager-panel\public\templates\dashboard-template.php on line 173
[06-Jul-2025 11:36:20 UTC] PHP Warning:  Attempt to read property "s2_entity_name" on array in F:\os\OSPanel\domains\land.kiavi\wp-content\plugins\landvent-manager-panel\public\templates\dashboard-template.php on line 173
[06-Jul-2025 11:36:52 UTC] PHP Warning:  foreach() argument must be of type array|object, string given in F:\os\OSPanel\domains\land.kiavi\wp-content\plugins\wpp-loan-application\includes\functions\wpp-helper.php on line 189
[06-Jul-2025 11:36:52 UTC] PHP Notice:  Function wpdb::prepare was called <strong>incorrectly</strong>. The query argument of wpdb::prepare() must have a placeholder. Please see <a href="https://developer.wordpress.org/advanced-administration/debug/debug-wordpress/">Debugging in WordPress</a> for more information. (This message was added in version 3.9.0.) in F:\os\OSPanel\domains\land.kiavi\wp-includes\functions.php on line 6121
[06-Jul-2025 11:36:52 UTC] PHP Warning:  Attempt to read property "raw_data" on array in F:\os\OSPanel\domains\land.kiavi\wp-content\plugins\landvent-manager-panel\public\templates\dashboard-template.php on line 173
[06-Jul-2025 11:36:52 UTC] PHP Warning:  Trying to access array offset on value of type null in F:\os\OSPanel\domains\land.kiavi\wp-content\plugins\landvent-manager-panel\public\templates\dashboard-template.php on line 173
[06-Jul-2025 11:36:52 UTC] PHP Warning:  Attempt to read property "raw_data" on array in F:\os\OSPanel\domains\land.kiavi\wp-content\plugins\landvent-manager-panel\public\templates\dashboard-template.php on line 173
[06-Jul-2025 11:36:52 UTC] PHP Warning:  Trying to access array offset on value of type null in F:\os\OSPanel\domains\land.kiavi\wp-content\plugins\landvent-manager-panel\public\templates\dashboard-template.php on line 173
[06-Jul-2025 11:36:52 UTC] PHP Warning:  Attempt to read property "raw_data" on array in F:\os\OSPanel\domains\land.kiavi\wp-content\plugins\landvent-manager-panel\public\templates\dashboard-template.php on line 173
[06-Jul-2025 11:36:52 UTC] PHP Warning:  Trying to access array offset on value of type null in F:\os\OSPanel\domains\land.kiavi\wp-content\plugins\landvent-manager-panel\public\templates\dashboard-template.php on line 173
[06-Jul-2025 11:36:52 UTC] PHP Warning:  Attempt to read property "raw_data" on array in F:\os\OSPanel\domains\land.kiavi\wp-content\plugins\landvent-manager-panel\public\templates\dashboard-template.php on line 173
[06-Jul-2025 11:36:52 UTC] PHP Warning:  Trying to access array offset on value of type null in F:\os\OSPanel\domains\land.kiavi\wp-content\plugins\landvent-manager-panel\public\templates\dashboard-template.php on line 173
[06-Jul-2025 11:36:52 UTC] PHP Warning:  Attempt to read property "raw_data" on array in F:\os\OSPanel\domains\land.kiavi\wp-content\plugins\landvent-manager-panel\public\templates\dashboard-template.php on line 173
[06-Jul-2025 11:36:52 UTC] PHP Warning:  Trying to access array offset on value of type null in F:\os\OSPanel\domains\land.kiavi\wp-content\plugins\landvent-manager-panel\public\templates\dashboard-template.php on line 173
[06-Jul-2025 11:36:52 UTC] PHP Warning:  Attempt to read property "raw_data" on array in F:\os\OSPanel\domains\land.kiavi\wp-content\plugins\landvent-manager-panel\public\templates\dashboard-template.php on line 173
[06-Jul-2025 11:36:52 UTC] PHP Warning:  Trying to access array offset on value of type null in F:\os\OSPanel\domains\land.kiavi\wp-content\plugins\landvent-manager-panel\public\templates\dashboard-template.php on line 173
[06-Jul-2025 11:36:52 UTC] PHP Warning:  Attempt to read property "raw_data" on array in F:\os\OSPanel\domains\land.kiavi\wp-content\plugins\landvent-manager-panel\public\templates\dashboard-template.php on line 173
[06-Jul-2025 11:36:52 UTC] PHP Warning:  Trying to access array offset on value of type null in F:\os\OSPanel\domains\land.kiavi\wp-content\plugins\landvent-manager-panel\public\templates\dashboard-template.php on line 173
[06-Jul-2025 11:37:05 UTC] PHP Warning:  foreach() argument must be of type array|object, string given in F:\os\OSPanel\domains\land.kiavi\wp-content\plugins\wpp-loan-application\includes\functions\wpp-helper.php on line 189
[06-Jul-2025 11:37:05 UTC] PHP Notice:  Function wpdb::prepare was called <strong>incorrectly</strong>. The query argument of wpdb::prepare() must have a placeholder. Please see <a href="https://developer.wordpress.org/advanced-administration/debug/debug-wordpress/">Debugging in WordPress</a> for more information. (This message was added in version 3.9.0.) in F:\os\OSPanel\domains\land.kiavi\wp-includes\functions.php on line 6121
[06-Jul-2025 11:37:05 UTC] PHP Warning:  Attempt to read property "raw" on array in F:\os\OSPanel\domains\land.kiavi\wp-content\plugins\landvent-manager-panel\public\templates\dashboard-template.php on line 173
[06-Jul-2025 11:37:05 UTC] PHP Warning:  Trying to access array offset on value of type null in F:\os\OSPanel\domains\land.kiavi\wp-content\plugins\landvent-manager-panel\public\templates\dashboard-template.php on line 173
[06-Jul-2025 11:37:05 UTC] PHP Warning:  Attempt to read property "raw" on array in F:\os\OSPanel\domains\land.kiavi\wp-content\plugins\landvent-manager-panel\public\templates\dashboard-template.php on line 173
[06-Jul-2025 11:37:05 UTC] PHP Warning:  Trying to access array offset on value of type null in F:\os\OSPanel\domains\land.kiavi\wp-content\plugins\landvent-manager-panel\public\templates\dashboard-template.php on line 173
[06-Jul-2025 11:37:05 UTC] PHP Warning:  Attempt to read property "raw" on array in F:\os\OSPanel\domains\land.kiavi\wp-content\plugins\landvent-manager-panel\public\templates\dashboard-template.php on line 173
[06-Jul-2025 11:37:05 UTC] PHP Warning:  Trying to access array offset on value of type null in F:\os\OSPanel\domains\land.kiavi\wp-content\plugins\landvent-manager-panel\public\templates\dashboard-template.php on line 173
[06-Jul-2025 11:37:05 UTC] PHP Warning:  Attempt to read property "raw" on array in F:\os\OSPanel\domains\land.kiavi\wp-content\plugins\landvent-manager-panel\public\templates\dashboard-template.php on line 173
[06-Jul-2025 11:37:05 UTC] PHP Warning:  Trying to access array offset on value of type null in F:\os\OSPanel\domains\land.kiavi\wp-content\plugins\landvent-manager-panel\public\templates\dashboard-template.php on line 173
[06-Jul-2025 11:37:05 UTC] PHP Warning:  Attempt to read property "raw" on array in F:\os\OSPanel\domains\land.kiavi\wp-content\plugins\landvent-manager-panel\public\templates\dashboard-template.php on line 173
[06-Jul-2025 11:37:05 UTC] PHP Warning:  Trying to access array offset on value of type null in F:\os\OSPanel\domains\land.kiavi\wp-content\plugins\landvent-manager-panel\public\templates\dashboard-template.php on line 173
[06-Jul-2025 11:37:05 UTC] PHP Warning:  Attempt to read property "raw" on array in F:\os\OSPanel\domains\land.kiavi\wp-content\plugins\landvent-manager-panel\public\templates\dashboard-template.php on line 173
[06-Jul-2025 11:37:05 UTC] PHP Warning:  Trying to access array offset on value of type null in F:\os\OSPanel\domains\land.kiavi\wp-content\plugins\landvent-manager-panel\public\templates\dashboard-template.php on line 173
[06-Jul-2025 11:37:05 UTC] PHP Warning:  Attempt to read property "raw" on array in F:\os\OSPanel\domains\land.kiavi\wp-content\plugins\landvent-manager-panel\public\templates\dashboard-template.php on line 173
[06-Jul-2025 11:37:05 UTC] PHP Warning:  Trying to access array offset on value of type null in F:\os\OSPanel\domains\land.kiavi\wp-content\plugins\landvent-manager-panel\public\templates\dashboard-template.php on line 173
[06-Jul-2025 11:37:15 UTC] PHP Warning:  foreach() argument must be of type array|object, string given in F:\os\OSPanel\domains\land.kiavi\wp-content\plugins\wpp-loan-application\includes\functions\wpp-helper.php on line 189
[06-Jul-2025 11:37:15 UTC] PHP Notice:  Function wpdb::prepare was called <strong>incorrectly</strong>. The query argument of wpdb::prepare() must have a placeholder. Please see <a href="https://developer.wordpress.org/advanced-administration/debug/debug-wordpress/">Debugging in WordPress</a> for more information. (This message was added in version 3.9.0.) in F:\os\OSPanel\domains\land.kiavi\wp-includes\functions.php on line 6121
[06-Jul-2025 11:37:15 UTC] PHP Warning:  Attempt to read property "raw" on array in F:\os\OSPanel\domains\land.kiavi\wp-content\plugins\landvent-manager-panel\public\templates\dashboard-template.php on line 173
[06-Jul-2025 11:37:15 UTC] PHP Warning:  Trying to access array offset on value of type null in F:\os\OSPanel\domains\land.kiavi\wp-content\plugins\landvent-manager-panel\public\templates\dashboard-template.php on line 173
[06-Jul-2025 11:37:15 UTC] PHP Warning:  Attempt to read property "raw" on array in F:\os\OSPanel\domains\land.kiavi\wp-content\plugins\landvent-manager-panel\public\templates\dashboard-template.php on line 173
[06-Jul-2025 11:37:15 UTC] PHP Warning:  Trying to access array offset on value of type null in F:\os\OSPanel\domains\land.kiavi\wp-content\plugins\landvent-manager-panel\public\templates\dashboard-template.php on line 173
[06-Jul-2025 11:37:15 UTC] PHP Warning:  Attempt to read property "raw" on array in F:\os\OSPanel\domains\land.kiavi\wp-content\plugins\landvent-manager-panel\public\templates\dashboard-template.php on line 173
[06-Jul-2025 11:37:15 UTC] PHP Warning:  Trying to access array offset on value of type null in F:\os\OSPanel\domains\land.kiavi\wp-content\plugins\landvent-manager-panel\public\templates\dashboard-template.php on line 173
[06-Jul-2025 11:37:15 UTC] PHP Warning:  Attempt to read property "raw" on array in F:\os\OSPanel\domains\land.kiavi\wp-content\plugins\landvent-manager-panel\public\templates\dashboard-template.php on line 173
[06-Jul-2025 11:37:15 UTC] PHP Warning:  Trying to access array offset on value of type null in F:\os\OSPanel\domains\land.kiavi\wp-content\plugins\landvent-manager-panel\public\templates\dashboard-template.php on line 173
[06-Jul-2025 11:37:15 UTC] PHP Warning:  Attempt to read property "raw" on array in F:\os\OSPanel\domains\land.kiavi\wp-content\plugins\landvent-manager-panel\public\templates\dashboard-template.php on line 173
[06-Jul-2025 11:37:15 UTC] PHP Warning:  Trying to access array offset on value of type null in F:\os\OSPanel\domains\land.kiavi\wp-content\plugins\landvent-manager-panel\public\templates\dashboard-template.php on line 173
[06-Jul-2025 11:37:15 UTC] PHP Warning:  Attempt to read property "raw" on array in F:\os\OSPanel\domains\land.kiavi\wp-content\plugins\landvent-manager-panel\public\templates\dashboard-template.php on line 173
[06-Jul-2025 11:37:15 UTC] PHP Warning:  Trying to access array offset on value of type null in F:\os\OSPanel\domains\land.kiavi\wp-content\plugins\landvent-manager-panel\public\templates\dashboard-template.php on line 173
[06-Jul-2025 11:37:15 UTC] PHP Warning:  Attempt to read property "raw" on array in F:\os\OSPanel\domains\land.kiavi\wp-content\plugins\landvent-manager-panel\public\templates\dashboard-template.php on line 173
[06-Jul-2025 11:37:15 UTC] PHP Warning:  Trying to access array offset on value of type null in F:\os\OSPanel\domains\land.kiavi\wp-content\plugins\landvent-manager-panel\public\templates\dashboard-template.php on line 173
[06-Jul-2025 11:37:55 UTC] PHP Warning:  foreach() argument must be of type array|object, string given in F:\os\OSPanel\domains\land.kiavi\wp-content\plugins\wpp-loan-application\includes\functions\wpp-helper.php on line 189
[06-Jul-2025 11:37:55 UTC] PHP Notice:  Function wpdb::prepare was called <strong>incorrectly</strong>. The query argument of wpdb::prepare() must have a placeholder. Please see <a href="https://developer.wordpress.org/advanced-administration/debug/debug-wordpress/">Debugging in WordPress</a> for more information. (This message was added in version 3.9.0.) in F:\os\OSPanel\domains\land.kiavi\wp-includes\functions.php on line 6121
[06-Jul-2025 11:37:55 UTC] PHP Warning:  Attempt to read property "s2_entity_name" on array in F:\os\OSPanel\domains\land.kiavi\wp-content\plugins\landvent-manager-panel\public\templates\dashboard-template.php on line 173
[06-Jul-2025 11:37:55 UTC] PHP Warning:  Undefined property: stdClass::$s2_entity_name in F:\os\OSPanel\domains\land.kiavi\wp-content\plugins\landvent-manager-panel\public\templates\dashboard-template.php on line 173
[06-Jul-2025 11:39:41 UTC] PHP Warning:  foreach() argument must be of type array|object, string given in F:\os\OSPanel\domains\land.kiavi\wp-content\plugins\wpp-loan-application\includes\functions\wpp-helper.php on line 189
[06-Jul-2025 11:39:41 UTC] PHP Notice:  Function wpdb::prepare was called <strong>incorrectly</strong>. The query argument of wpdb::prepare() must have a placeholder. Please see <a href="https://developer.wordpress.org/advanced-administration/debug/debug-wordpress/">Debugging in WordPress</a> for more information. (This message was added in version 3.9.0.) in F:\os\OSPanel\domains\land.kiavi\wp-includes\functions.php on line 6121
[06-Jul-2025 11:39:41 UTC] PHP Warning:  Undefined property: stdClass::$s2_entity_name in F:\os\OSPanel\domains\land.kiavi\wp-content\plugins\landvent-manager-panel\public\templates\dashboard-template.php on line 173
[06-Jul-2025 11:39:55 UTC] PHP Warning:  foreach() argument must be of type array|object, string given in F:\os\OSPanel\domains\land.kiavi\wp-content\plugins\wpp-loan-application\includes\functions\wpp-helper.php on line 189
