[30-Jul-2025 15:14:53 UTC] PHP Warning:  foreach() argument must be of type array|object, string given in F:\os\OSPanel\domains\land.kiavi\wp-content\plugins\wpp-loan-application\includes\functions\wpp-helper.php on line 189
[30-Jul-2025 15:15:09 UTC] PHP Warning:  foreach() argument must be of type array|object, string given in F:\os\OSPanel\domains\land.kiavi\wp-content\plugins\wpp-loan-application\includes\functions\wpp-helper.php on line 189
[30-Jul-2025 15:15:09 UTC] PHP Notice:  Function wpdb::prepare was called <strong>incorrectly</strong>. The query argument of wpdb::prepare() must have a placeholder. Please see <a href="https://developer.wordpress.org/advanced-administration/debug/debug-wordpress/">Debugging in WordPress</a> for more information. (This message was added in version 3.9.0.) in F:\os\OSPanel\domains\land.kiavi\wp-includes\functions.php on line 6121
[30-Jul-2025 15:15:09 UTC] PHP Warning:  Undefined property: stdClass::$s4_total_loan_amount_sum in F:\os\OSPanel\domains\land.kiavi\wp-content\plugins\landvent-manager-panel\public\templates\dashboard-template.php on line 110
[30-Jul-2025 15:15:09 UTC] PHP Deprecated:  number_format(): Passing null to parameter #1 ($num) of type float is deprecated in F:\os\OSPanel\domains\land.kiavi\wp-content\plugins\landvent-manager-panel\public\templates\dashboard-template.php on line 110
[30-Jul-2025 15:15:09 UTC] PHP Warning:  Undefined property: stdClass::$s4_total_loan_amount_sum in F:\os\OSPanel\domains\land.kiavi\wp-content\plugins\landvent-manager-panel\public\templates\dashboard-template.php on line 199
[30-Jul-2025 15:15:09 UTC] PHP Deprecated:  number_format(): Passing null to parameter #1 ($num) of type float is deprecated in F:\os\OSPanel\domains\land.kiavi\wp-content\plugins\landvent-manager-panel\public\templates\dashboard-template.php on line 199
[30-Jul-2025 15:15:14 UTC] PHP Warning:  foreach() argument must be of type array|object, string given in F:\os\OSPanel\domains\land.kiavi\wp-content\plugins\wpp-loan-application\includes\functions\wpp-helper.php on line 189
[30-Jul-2025 15:15:16 UTC] PHP Warning:  foreach() argument must be of type array|object, string given in F:\os\OSPanel\domains\land.kiavi\wp-content\plugins\wpp-loan-application\includes\functions\wpp-helper.php on line 189
[30-Jul-2025 15:15:17 UTC] PHP Warning:  foreach() argument must be of type array|object, string given in F:\os\OSPanel\domains\land.kiavi\wp-content\plugins\wpp-loan-application\includes\functions\wpp-helper.php on line 189
[30-Jul-2025 15:15:17 UTC] PHP Warning:  foreach() argument must be of type array|object, string given in F:\os\OSPanel\domains\land.kiavi\wp-content\plugins\wpp-loan-application\includes\functions\wpp-helper.php on line 189
[30-Jul-2025 15:15:19 UTC] PHP Warning:  foreach() argument must be of type array|object, string given in F:\os\OSPanel\domains\land.kiavi\wp-content\plugins\wpp-loan-application\includes\functions\wpp-helper.php on line 189
[30-Jul-2025 15:15:21 UTC] PHP Warning:  foreach() argument must be of type array|object, string given in F:\os\OSPanel\domains\land.kiavi\wp-content\plugins\wpp-loan-application\includes\functions\wpp-helper.php on line 189
[30-Jul-2025 15:15:21 UTC] PHP Warning:  Undefined array key "icon" in F:\os\OSPanel\domains\land.kiavi\wp-content\plugins\landvent-manager-panel\core\functions\navs.php on line 102
[30-Jul-2025 15:15:21 UTC] PHP Warning:  Undefined array key "icon" in F:\os\OSPanel\domains\land.kiavi\wp-content\plugins\landvent-manager-panel\core\functions\navs.php on line 102
[30-Jul-2025 15:15:21 UTC] PHP Warning:  Undefined array key "icon" in F:\os\OSPanel\domains\land.kiavi\wp-content\plugins\landvent-manager-panel\core\functions\navs.php on line 102
[30-Jul-2025 15:15:21 UTC] PHP Warning:  Undefined array key "icon" in F:\os\OSPanel\domains\land.kiavi\wp-content\plugins\landvent-manager-panel\core\functions\navs.php on line 102
[30-Jul-2025 15:15:21 UTC] PHP Warning:  Undefined array key "icon" in F:\os\OSPanel\domains\land.kiavi\wp-content\plugins\landvent-manager-panel\core\functions\navs.php on line 102
[30-Jul-2025 15:15:21 UTC] PHP Warning:  Undefined array key "icon" in F:\os\OSPanel\domains\land.kiavi\wp-content\plugins\landvent-manager-panel\core\functions\navs.php on line 102
[30-Jul-2025 15:15:21 UTC] PHP Warning:  Undefined array key "icon" in F:\os\OSPanel\domains\land.kiavi\wp-content\plugins\landvent-manager-panel\core\functions\navs.php on line 102
[30-Jul-2025 15:15:21 UTC] PHP Warning:  Undefined array key "icon" in F:\os\OSPanel\domains\land.kiavi\wp-content\plugins\landvent-manager-panel\core\functions\navs.php on line 102
[30-Jul-2025 15:15:21 UTC] PHP Warning:  Undefined array key "icon" in F:\os\OSPanel\domains\land.kiavi\wp-content\plugins\landvent-manager-panel\core\functions\navs.php on line 102
[30-Jul-2025 15:15:21 UTC] PHP Warning:  Undefined array key "icon" in F:\os\OSPanel\domains\land.kiavi\wp-content\plugins\landvent-manager-panel\core\functions\navs.php on line 102
[30-Jul-2025 15:15:21 UTC] PHP Warning:  Undefined array key "icon" in F:\os\OSPanel\domains\land.kiavi\wp-content\plugins\landvent-manager-panel\core\functions\navs.php on line 102
[30-Jul-2025 15:15:21 UTC] PHP Warning:  Undefined array key "icon" in F:\os\OSPanel\domains\land.kiavi\wp-content\plugins\landvent-manager-panel\core\functions\navs.php on line 102
[30-Jul-2025 15:15:21 UTC] PHP Warning:  Undefined array key "icon" in F:\os\OSPanel\domains\land.kiavi\wp-content\plugins\landvent-manager-panel\core\functions\navs.php on line 102
[30-Jul-2025 15:15:21 UTC] PHP Deprecated:  Constant FILTER_SANITIZE_STRING is deprecated in F:\os\OSPanel\domains\land.kiavi\wp-content\plugins\landvent-manager-panel\core\functions\helpers.php on line 27
[30-Jul-2025 15:15:21 UTC] PHP Warning:  foreach() argument must be of type array|object, string given in F:\os\OSPanel\domains\land.kiavi\wp-content\plugins\landvent-manager-panel\core\config\applicant-info.php on line 258
[30-Jul-2025 15:15:21 UTC] PHP Warning:  foreach() argument must be of type array|object, string given in F:\os\OSPanel\domains\land.kiavi\wp-content\plugins\landvent-manager-panel\core\config\property-details.php on line 807
[30-Jul-2025 15:15:21 UTC] PHP Warning:  foreach() argument must be of type array|object, string given in F:\os\OSPanel\domains\land.kiavi\wp-content\plugins\landvent-manager-panel\core\config\property-details.php on line 913
[30-Jul-2025 15:15:21 UTC] PHP Deprecated:  Constant FILTER_SANITIZE_STRING is deprecated in F:\os\OSPanel\domains\land.kiavi\wp-content\plugins\landvent-manager-panel\core\functions\helpers.php on line 27
[30-Jul-2025 15:15:55 UTC] PHP Warning:  foreach() argument must be of type array|object, string given in F:\os\OSPanel\domains\land.kiavi\wp-content\plugins\wpp-loan-application\includes\functions\wpp-helper.php on line 189
[30-Jul-2025 15:15:55 UTC] PHP Warning:  Undefined array key "icon" in F:\os\OSPanel\domains\land.kiavi\wp-content\plugins\landvent-manager-panel\core\functions\navs.php on line 102
[30-Jul-2025 15:15:55 UTC] PHP Warning:  Undefined array key "icon" in F:\os\OSPanel\domains\land.kiavi\wp-content\plugins\landvent-manager-panel\core\functions\navs.php on line 102
[30-Jul-2025 15:15:55 UTC] PHP Warning:  Undefined array key "icon" in F:\os\OSPanel\domains\land.kiavi\wp-content\plugins\landvent-manager-panel\core\functions\navs.php on line 102
[30-Jul-2025 15:15:55 UTC] PHP Warning:  Undefined array key "icon" in F:\os\OSPanel\domains\land.kiavi\wp-content\plugins\landvent-manager-panel\core\functions\navs.php on line 102
[30-Jul-2025 15:15:55 UTC] PHP Warning:  Undefined array key "icon" in F:\os\OSPanel\domains\land.kiavi\wp-content\plugins\landvent-manager-panel\core\functions\navs.php on line 102
[30-Jul-2025 15:15:55 UTC] PHP Warning:  Undefined array key "icon" in F:\os\OSPanel\domains\land.kiavi\wp-content\plugins\landvent-manager-panel\core\functions\navs.php on line 102
[30-Jul-2025 15:15:55 UTC] PHP Warning:  Undefined array key "icon" in F:\os\OSPanel\domains\land.kiavi\wp-content\plugins\landvent-manager-panel\core\functions\navs.php on line 102
[30-Jul-2025 15:15:55 UTC] PHP Warning:  Undefined array key "icon" in F:\os\OSPanel\domains\land.kiavi\wp-content\plugins\landvent-manager-panel\core\functions\navs.php on line 102
[30-Jul-2025 15:15:55 UTC] PHP Warning:  Undefined array key "icon" in F:\os\OSPanel\domains\land.kiavi\wp-content\plugins\landvent-manager-panel\core\functions\navs.php on line 102
[30-Jul-2025 15:15:55 UTC] PHP Warning:  Undefined array key "icon" in F:\os\OSPanel\domains\land.kiavi\wp-content\plugins\landvent-manager-panel\core\functions\navs.php on line 102
[30-Jul-2025 15:15:55 UTC] PHP Warning:  Undefined array key "icon" in F:\os\OSPanel\domains\land.kiavi\wp-content\plugins\landvent-manager-panel\core\functions\navs.php on line 102
[30-Jul-2025 15:15:55 UTC] PHP Warning:  Undefined array key "icon" in F:\os\OSPanel\domains\land.kiavi\wp-content\plugins\landvent-manager-panel\core\functions\navs.php on line 102
[30-Jul-2025 15:15:55 UTC] PHP Warning:  Undefined array key "icon" in F:\os\OSPanel\domains\land.kiavi\wp-content\plugins\landvent-manager-panel\core\functions\navs.php on line 102
[30-Jul-2025 15:15:55 UTC] PHP Deprecated:  Constant FILTER_SANITIZE_STRING is deprecated in F:\os\OSPanel\domains\land.kiavi\wp-content\plugins\landvent-manager-panel\core\functions\helpers.php on line 27
[30-Jul-2025 15:15:55 UTC] PHP Warning:  foreach() argument must be of type array|object, string given in F:\os\OSPanel\domains\land.kiavi\wp-content\plugins\landvent-manager-panel\core\config\applicant-info.php on line 258
[30-Jul-2025 15:15:55 UTC] PHP Warning:  foreach() argument must be of type array|object, string given in F:\os\OSPanel\domains\land.kiavi\wp-content\plugins\landvent-manager-panel\core\config\property-details.php on line 807
[30-Jul-2025 15:15:55 UTC] PHP Warning:  foreach() argument must be of type array|object, string given in F:\os\OSPanel\domains\land.kiavi\wp-content\plugins\landvent-manager-panel\core\config\property-details.php on line 913
[30-Jul-2025 15:15:55 UTC] PHP Deprecated:  Constant FILTER_SANITIZE_STRING is deprecated in F:\os\OSPanel\domains\land.kiavi\wp-content\plugins\landvent-manager-panel\core\functions\helpers.php on line 27
[30-Jul-2025 15:22:39 UTC] PHP Warning:  foreach() argument must be of type array|object, string given in F:\os\OSPanel\domains\land.kiavi\wp-content\plugins\wpp-loan-application\includes\functions\wpp-helper.php on line 189
[30-Jul-2025 15:22:39 UTC] PHP Warning:  Undefined array key "icon" in F:\os\OSPanel\domains\land.kiavi\wp-content\plugins\landvent-manager-panel\core\functions\navs.php on line 102
[30-Jul-2025 15:22:39 UTC] PHP Warning:  Undefined array key "icon" in F:\os\OSPanel\domains\land.kiavi\wp-content\plugins\landvent-manager-panel\core\functions\navs.php on line 102
[30-Jul-2025 15:22:39 UTC] PHP Warning:  Undefined array key "icon" in F:\os\OSPanel\domains\land.kiavi\wp-content\plugins\landvent-manager-panel\core\functions\navs.php on line 102
[30-Jul-2025 15:22:39 UTC] PHP Warning:  Undefined array key "icon" in F:\os\OSPanel\domains\land.kiavi\wp-content\plugins\landvent-manager-panel\core\functions\navs.php on line 102
[30-Jul-2025 15:22:39 UTC] PHP Warning:  Undefined array key "icon" in F:\os\OSPanel\domains\land.kiavi\wp-content\plugins\landvent-manager-panel\core\functions\navs.php on line 102
[30-Jul-2025 15:22:39 UTC] PHP Warning:  Undefined array key "icon" in F:\os\OSPanel\domains\land.kiavi\wp-content\plugins\landvent-manager-panel\core\functions\navs.php on line 102
[30-Jul-2025 15:22:39 UTC] PHP Warning:  Undefined array key "icon" in F:\os\OSPanel\domains\land.kiavi\wp-content\plugins\landvent-manager-panel\core\functions\navs.php on line 102
[30-Jul-2025 15:22:39 UTC] PHP Warning:  Undefined array key "icon" in F:\os\OSPanel\domains\land.kiavi\wp-content\plugins\landvent-manager-panel\core\functions\navs.php on line 102
[30-Jul-2025 15:22:39 UTC] PHP Warning:  Undefined array key "icon" in F:\os\OSPanel\domains\land.kiavi\wp-content\plugins\landvent-manager-panel\core\functions\navs.php on line 102
[30-Jul-2025 15:22:39 UTC] PHP Warning:  Undefined array key "icon" in F:\os\OSPanel\domains\land.kiavi\wp-content\plugins\landvent-manager-panel\core\functions\navs.php on line 102
[30-Jul-2025 15:22:39 UTC] PHP Warning:  Undefined array key "icon" in F:\os\OSPanel\domains\land.kiavi\wp-content\plugins\landvent-manager-panel\core\functions\navs.php on line 102
[30-Jul-2025 15:22:39 UTC] PHP Warning:  Undefined array key "icon" in F:\os\OSPanel\domains\land.kiavi\wp-content\plugins\landvent-manager-panel\core\functions\navs.php on line 102
[30-Jul-2025 15:22:39 UTC] PHP Warning:  Undefined array key "icon" in F:\os\OSPanel\domains\land.kiavi\wp-content\plugins\landvent-manager-panel\core\functions\navs.php on line 102
[30-Jul-2025 15:22:39 UTC] PHP Deprecated:  Constant FILTER_SANITIZE_STRING is deprecated in F:\os\OSPanel\domains\land.kiavi\wp-content\plugins\landvent-manager-panel\core\functions\helpers.php on line 27
[30-Jul-2025 15:22:39 UTC] PHP Warning:  foreach() argument must be of type array|object, string given in F:\os\OSPanel\domains\land.kiavi\wp-content\plugins\landvent-manager-panel\core\config\applicant-info.php on line 258
[30-Jul-2025 15:22:39 UTC] PHP Warning:  foreach() argument must be of type array|object, string given in F:\os\OSPanel\domains\land.kiavi\wp-content\plugins\landvent-manager-panel\core\config\property-details.php on line 807
[30-Jul-2025 15:22:39 UTC] PHP Warning:  foreach() argument must be of type array|object, string given in F:\os\OSPanel\domains\land.kiavi\wp-content\plugins\landvent-manager-panel\core\config\property-details.php on line 913
[30-Jul-2025 15:22:39 UTC] PHP Deprecated:  Constant FILTER_SANITIZE_STRING is deprecated in F:\os\OSPanel\domains\land.kiavi\wp-content\plugins\landvent-manager-panel\core\functions\helpers.php on line 27
[30-Jul-2025 15:24:13 UTC] PHP Warning:  foreach() argument must be of type array|object, string given in F:\os\OSPanel\domains\land.kiavi\wp-content\plugins\wpp-loan-application\includes\functions\wpp-helper.php on line 189
[30-Jul-2025 15:24:13 UTC] PHP Warning:  Undefined array key "icon" in F:\os\OSPanel\domains\land.kiavi\wp-content\plugins\landvent-manager-panel\core\functions\navs.php on line 102
[30-Jul-2025 15:24:13 UTC] PHP Warning:  Undefined array key "icon" in F:\os\OSPanel\domains\land.kiavi\wp-content\plugins\landvent-manager-panel\core\functions\navs.php on line 102
[30-Jul-2025 15:24:13 UTC] PHP Warning:  Undefined array key "icon" in F:\os\OSPanel\domains\land.kiavi\wp-content\plugins\landvent-manager-panel\core\functions\navs.php on line 102
[30-Jul-2025 15:24:13 UTC] PHP Warning:  Undefined array key "icon" in F:\os\OSPanel\domains\land.kiavi\wp-content\plugins\landvent-manager-panel\core\functions\navs.php on line 102
[30-Jul-2025 15:24:13 UTC] PHP Warning:  Undefined array key "icon" in F:\os\OSPanel\domains\land.kiavi\wp-content\plugins\landvent-manager-panel\core\functions\navs.php on line 102
[30-Jul-2025 15:24:13 UTC] PHP Warning:  Undefined array key "icon" in F:\os\OSPanel\domains\land.kiavi\wp-content\plugins\landvent-manager-panel\core\functions\navs.php on line 102
[30-Jul-2025 15:24:13 UTC] PHP Warning:  Undefined array key "icon" in F:\os\OSPanel\domains\land.kiavi\wp-content\plugins\landvent-manager-panel\core\functions\navs.php on line 102
[30-Jul-2025 15:24:13 UTC] PHP Warning:  Undefined array key "icon" in F:\os\OSPanel\domains\land.kiavi\wp-content\plugins\landvent-manager-panel\core\functions\navs.php on line 102
[30-Jul-2025 15:24:13 UTC] PHP Warning:  Undefined array key "icon" in F:\os\OSPanel\domains\land.kiavi\wp-content\plugins\landvent-manager-panel\core\functions\navs.php on line 102
[30-Jul-2025 15:24:13 UTC] PHP Warning:  Undefined array key "icon" in F:\os\OSPanel\domains\land.kiavi\wp-content\plugins\landvent-manager-panel\core\functions\navs.php on line 102
[30-Jul-2025 15:24:13 UTC] PHP Warning:  Undefined array key "icon" in F:\os\OSPanel\domains\land.kiavi\wp-content\plugins\landvent-manager-panel\core\functions\navs.php on line 102
[30-Jul-2025 15:24:13 UTC] PHP Warning:  Undefined array key "icon" in F:\os\OSPanel\domains\land.kiavi\wp-content\plugins\landvent-manager-panel\core\functions\navs.php on line 102
[30-Jul-2025 15:24:13 UTC] PHP Warning:  Undefined array key "icon" in F:\os\OSPanel\domains\land.kiavi\wp-content\plugins\landvent-manager-panel\core\functions\navs.php on line 102
[30-Jul-2025 15:24:13 UTC] PHP Deprecated:  Constant FILTER_SANITIZE_STRING is deprecated in F:\os\OSPanel\domains\land.kiavi\wp-content\plugins\landvent-manager-panel\core\functions\helpers.php on line 27
[30-Jul-2025 15:24:13 UTC] PHP Warning:  foreach() argument must be of type array|object, string given in F:\os\OSPanel\domains\land.kiavi\wp-content\plugins\landvent-manager-panel\core\config\applicant-info.php on line 258
[30-Jul-2025 15:24:13 UTC] PHP Warning:  foreach() argument must be of type array|object, string given in F:\os\OSPanel\domains\land.kiavi\wp-content\plugins\landvent-manager-panel\core\config\property-details.php on line 807
[30-Jul-2025 15:24:13 UTC] PHP Warning:  foreach() argument must be of type array|object, string given in F:\os\OSPanel\domains\land.kiavi\wp-content\plugins\landvent-manager-panel\core\config\property-details.php on line 913
[30-Jul-2025 15:24:13 UTC] PHP Deprecated:  Constant FILTER_SANITIZE_STRING is deprecated in F:\os\OSPanel\domains\land.kiavi\wp-content\plugins\landvent-manager-panel\core\functions\helpers.php on line 27
[30-Jul-2025 15:24:29 UTC] PHP Warning:  foreach() argument must be of type array|object, string given in F:\os\OSPanel\domains\land.kiavi\wp-content\plugins\wpp-loan-application\includes\functions\wpp-helper.php on line 189
[30-Jul-2025 15:24:29 UTC] PHP Warning:  Undefined array key "icon" in F:\os\OSPanel\domains\land.kiavi\wp-content\plugins\landvent-manager-panel\core\functions\navs.php on line 102
[30-Jul-2025 15:24:29 UTC] PHP Warning:  Undefined array key "icon" in F:\os\OSPanel\domains\land.kiavi\wp-content\plugins\landvent-manager-panel\core\functions\navs.php on line 102
[30-Jul-2025 15:24:29 UTC] PHP Warning:  Undefined array key "icon" in F:\os\OSPanel\domains\land.kiavi\wp-content\plugins\landvent-manager-panel\core\functions\navs.php on line 102
[30-Jul-2025 15:24:29 UTC] PHP Warning:  Undefined array key "icon" in F:\os\OSPanel\domains\land.kiavi\wp-content\plugins\landvent-manager-panel\core\functions\navs.php on line 102
[30-Jul-2025 15:24:29 UTC] PHP Warning:  Undefined array key "icon" in F:\os\OSPanel\domains\land.kiavi\wp-content\plugins\landvent-manager-panel\core\functions\navs.php on line 102
[30-Jul-2025 15:24:29 UTC] PHP Warning:  Undefined array key "icon" in F:\os\OSPanel\domains\land.kiavi\wp-content\plugins\landvent-manager-panel\core\functions\navs.php on line 102
[30-Jul-2025 15:24:29 UTC] PHP Warning:  Undefined array key "icon" in F:\os\OSPanel\domains\land.kiavi\wp-content\plugins\landvent-manager-panel\core\functions\navs.php on line 102
[30-Jul-2025 15:24:29 UTC] PHP Warning:  Undefined array key "icon" in F:\os\OSPanel\domains\land.kiavi\wp-content\plugins\landvent-manager-panel\core\functions\navs.php on line 102
[30-Jul-2025 15:24:29 UTC] PHP Warning:  Undefined array key "icon" in F:\os\OSPanel\domains\land.kiavi\wp-content\plugins\landvent-manager-panel\core\functions\navs.php on line 102
[30-Jul-2025 15:24:29 UTC] PHP Warning:  Undefined array key "icon" in F:\os\OSPanel\domains\land.kiavi\wp-content\plugins\landvent-manager-panel\core\functions\navs.php on line 102
[30-Jul-2025 15:24:29 UTC] PHP Warning:  Undefined array key "icon" in F:\os\OSPanel\domains\land.kiavi\wp-content\plugins\landvent-manager-panel\core\functions\navs.php on line 102
[30-Jul-2025 15:24:29 UTC] PHP Warning:  Undefined array key "icon" in F:\os\OSPanel\domains\land.kiavi\wp-content\plugins\landvent-manager-panel\core\functions\navs.php on line 102
[30-Jul-2025 15:24:29 UTC] PHP Warning:  Undefined array key "icon" in F:\os\OSPanel\domains\land.kiavi\wp-content\plugins\landvent-manager-panel\core\functions\navs.php on line 102
[30-Jul-2025 15:24:29 UTC] PHP Deprecated:  Constant FILTER_SANITIZE_STRING is deprecated in F:\os\OSPanel\domains\land.kiavi\wp-content\plugins\landvent-manager-panel\core\functions\helpers.php on line 27
[30-Jul-2025 15:24:29 UTC] PHP Warning:  foreach() argument must be of type array|object, string given in F:\os\OSPanel\domains\land.kiavi\wp-content\plugins\landvent-manager-panel\core\config\applicant-info.php on line 258
[30-Jul-2025 15:24:29 UTC] PHP Warning:  foreach() argument must be of type array|object, string given in F:\os\OSPanel\domains\land.kiavi\wp-content\plugins\landvent-manager-panel\core\config\property-details.php on line 807
[30-Jul-2025 15:24:29 UTC] PHP Warning:  foreach() argument must be of type array|object, string given in F:\os\OSPanel\domains\land.kiavi\wp-content\plugins\landvent-manager-panel\core\config\property-details.php on line 913
[30-Jul-2025 15:24:29 UTC] PHP Deprecated:  Constant FILTER_SANITIZE_STRING is deprecated in F:\os\OSPanel\domains\land.kiavi\wp-content\plugins\landvent-manager-panel\core\functions\helpers.php on line 27
[30-Jul-2025 15:27:33 UTC] PHP Warning:  foreach() argument must be of type array|object, string given in F:\os\OSPanel\domains\land.kiavi\wp-content\plugins\wpp-loan-application\includes\functions\wpp-helper.php on line 189
[30-Jul-2025 15:27:33 UTC] PHP Warning:  Undefined array key "icon" in F:\os\OSPanel\domains\land.kiavi\wp-content\plugins\landvent-manager-panel\core\functions\navs.php on line 102
[30-Jul-2025 15:27:33 UTC] PHP Warning:  Undefined array key "icon" in F:\os\OSPanel\domains\land.kiavi\wp-content\plugins\landvent-manager-panel\core\functions\navs.php on line 102
[30-Jul-2025 15:27:33 UTC] PHP Warning:  Undefined array key "icon" in F:\os\OSPanel\domains\land.kiavi\wp-content\plugins\landvent-manager-panel\core\functions\navs.php on line 102
[30-Jul-2025 15:27:33 UTC] PHP Warning:  Undefined array key "icon" in F:\os\OSPanel\domains\land.kiavi\wp-content\plugins\landvent-manager-panel\core\functions\navs.php on line 102
[30-Jul-2025 15:27:33 UTC] PHP Warning:  Undefined array key "icon" in F:\os\OSPanel\domains\land.kiavi\wp-content\plugins\landvent-manager-panel\core\functions\navs.php on line 102
[30-Jul-2025 15:27:33 UTC] PHP Warning:  Undefined array key "icon" in F:\os\OSPanel\domains\land.kiavi\wp-content\plugins\landvent-manager-panel\core\functions\navs.php on line 102
[30-Jul-2025 15:27:33 UTC] PHP Warning:  Undefined array key "icon" in F:\os\OSPanel\domains\land.kiavi\wp-content\plugins\landvent-manager-panel\core\functions\navs.php on line 102
[30-Jul-2025 15:27:33 UTC] PHP Warning:  Undefined array key "icon" in F:\os\OSPanel\domains\land.kiavi\wp-content\plugins\landvent-manager-panel\core\functions\navs.php on line 102
[30-Jul-2025 15:27:33 UTC] PHP Warning:  Undefined array key "icon" in F:\os\OSPanel\domains\land.kiavi\wp-content\plugins\landvent-manager-panel\core\functions\navs.php on line 102
[30-Jul-2025 15:27:33 UTC] PHP Warning:  Undefined array key "icon" in F:\os\OSPanel\domains\land.kiavi\wp-content\plugins\landvent-manager-panel\core\functions\navs.php on line 102
[30-Jul-2025 15:27:33 UTC] PHP Warning:  Undefined array key "icon" in F:\os\OSPanel\domains\land.kiavi\wp-content\plugins\landvent-manager-panel\core\functions\navs.php on line 102
[30-Jul-2025 15:27:33 UTC] PHP Warning:  Undefined array key "icon" in F:\os\OSPanel\domains\land.kiavi\wp-content\plugins\landvent-manager-panel\core\functions\navs.php on line 102
[30-Jul-2025 15:27:33 UTC] PHP Warning:  Undefined array key "icon" in F:\os\OSPanel\domains\land.kiavi\wp-content\plugins\landvent-manager-panel\core\functions\navs.php on line 102
[30-Jul-2025 15:27:33 UTC] PHP Deprecated:  Constant FILTER_SANITIZE_STRING is deprecated in F:\os\OSPanel\domains\land.kiavi\wp-content\plugins\landvent-manager-panel\core\functions\helpers.php on line 27
[30-Jul-2025 15:27:33 UTC] PHP Warning:  foreach() argument must be of type array|object, string given in F:\os\OSPanel\domains\land.kiavi\wp-content\plugins\landvent-manager-panel\core\config\applicant-info.php on line 258
[30-Jul-2025 15:27:33 UTC] PHP Warning:  foreach() argument must be of type array|object, string given in F:\os\OSPanel\domains\land.kiavi\wp-content\plugins\landvent-manager-panel\core\config\property-details.php on line 807
[30-Jul-2025 15:27:33 UTC] PHP Warning:  foreach() argument must be of type array|object, string given in F:\os\OSPanel\domains\land.kiavi\wp-content\plugins\landvent-manager-panel\core\config\property-details.php on line 913
[30-Jul-2025 15:27:33 UTC] PHP Deprecated:  Constant FILTER_SANITIZE_STRING is deprecated in F:\os\OSPanel\domains\land.kiavi\wp-content\plugins\landvent-manager-panel\core\functions\helpers.php on line 27
[30-Jul-2025 15:27:50 UTC] PHP Warning:  foreach() argument must be of type array|object, string given in F:\os\OSPanel\domains\land.kiavi\wp-content\plugins\wpp-loan-application\includes\functions\wpp-helper.php on line 189
[30-Jul-2025 15:27:50 UTC] PHP Warning:  Undefined array key "icon" in F:\os\OSPanel\domains\land.kiavi\wp-content\plugins\landvent-manager-panel\core\functions\navs.php on line 102
[30-Jul-2025 15:27:50 UTC] PHP Warning:  Undefined array key "icon" in F:\os\OSPanel\domains\land.kiavi\wp-content\plugins\landvent-manager-panel\core\functions\navs.php on line 102
[30-Jul-2025 15:27:50 UTC] PHP Warning:  Undefined array key "icon" in F:\os\OSPanel\domains\land.kiavi\wp-content\plugins\landvent-manager-panel\core\functions\navs.php on line 102
[30-Jul-2025 15:27:50 UTC] PHP Warning:  Undefined array key "icon" in F:\os\OSPanel\domains\land.kiavi\wp-content\plugins\landvent-manager-panel\core\functions\navs.php on line 102
[30-Jul-2025 15:27:50 UTC] PHP Warning:  Undefined array key "icon" in F:\os\OSPanel\domains\land.kiavi\wp-content\plugins\landvent-manager-panel\core\functions\navs.php on line 102
[30-Jul-2025 15:27:50 UTC] PHP Warning:  Undefined array key "icon" in F:\os\OSPanel\domains\land.kiavi\wp-content\plugins\landvent-manager-panel\core\functions\navs.php on line 102
[30-Jul-2025 15:27:50 UTC] PHP Warning:  Undefined array key "icon" in F:\os\OSPanel\domains\land.kiavi\wp-content\plugins\landvent-manager-panel\core\functions\navs.php on line 102
[30-Jul-2025 15:27:50 UTC] PHP Warning:  Undefined array key "icon" in F:\os\OSPanel\domains\land.kiavi\wp-content\plugins\landvent-manager-panel\core\functions\navs.php on line 102
[30-Jul-2025 15:27:50 UTC] PHP Warning:  Undefined array key "icon" in F:\os\OSPanel\domains\land.kiavi\wp-content\plugins\landvent-manager-panel\core\functions\navs.php on line 102
[30-Jul-2025 15:27:50 UTC] PHP Warning:  Undefined array key "icon" in F:\os\OSPanel\domains\land.kiavi\wp-content\plugins\landvent-manager-panel\core\functions\navs.php on line 102
[30-Jul-2025 15:27:50 UTC] PHP Warning:  Undefined array key "icon" in F:\os\OSPanel\domains\land.kiavi\wp-content\plugins\landvent-manager-panel\core\functions\navs.php on line 102
[30-Jul-2025 15:27:50 UTC] PHP Warning:  Undefined array key "icon" in F:\os\OSPanel\domains\land.kiavi\wp-content\plugins\landvent-manager-panel\core\functions\navs.php on line 102
[30-Jul-2025 15:27:50 UTC] PHP Warning:  Undefined array key "icon" in F:\os\OSPanel\domains\land.kiavi\wp-content\plugins\landvent-manager-panel\core\functions\navs.php on line 102
[30-Jul-2025 15:27:50 UTC] PHP Deprecated:  Constant FILTER_SANITIZE_STRING is deprecated in F:\os\OSPanel\domains\land.kiavi\wp-content\plugins\landvent-manager-panel\core\functions\helpers.php on line 27
[30-Jul-2025 15:27:50 UTC] PHP Warning:  foreach() argument must be of type array|object, string given in F:\os\OSPanel\domains\land.kiavi\wp-content\plugins\landvent-manager-panel\core\config\applicant-info.php on line 258
[30-Jul-2025 15:27:50 UTC] PHP Warning:  foreach() argument must be of type array|object, string given in F:\os\OSPanel\domains\land.kiavi\wp-content\plugins\landvent-manager-panel\core\config\property-details.php on line 807
[30-Jul-2025 15:27:50 UTC] PHP Warning:  foreach() argument must be of type array|object, string given in F:\os\OSPanel\domains\land.kiavi\wp-content\plugins\landvent-manager-panel\core\config\property-details.php on line 913
[30-Jul-2025 15:27:50 UTC] PHP Deprecated:  Constant FILTER_SANITIZE_STRING is deprecated in F:\os\OSPanel\domains\land.kiavi\wp-content\plugins\landvent-manager-panel\core\functions\helpers.php on line 27
[30-Jul-2025 15:32:27 UTC] PHP Warning:  foreach() argument must be of type array|object, string given in F:\os\OSPanel\domains\land.kiavi\wp-content\plugins\wpp-loan-application\includes\functions\wpp-helper.php on line 189
[30-Jul-2025 15:32:27 UTC] PHP Warning:  Undefined array key "icon" in F:\os\OSPanel\domains\land.kiavi\wp-content\plugins\landvent-manager-panel\core\functions\navs.php on line 102
[30-Jul-2025 15:32:27 UTC] PHP Warning:  Undefined array key "icon" in F:\os\OSPanel\domains\land.kiavi\wp-content\plugins\landvent-manager-panel\core\functions\navs.php on line 102
[30-Jul-2025 15:32:27 UTC] PHP Warning:  Undefined array key "icon" in F:\os\OSPanel\domains\land.kiavi\wp-content\plugins\landvent-manager-panel\core\functions\navs.php on line 102
[30-Jul-2025 15:32:27 UTC] PHP Warning:  Undefined array key "icon" in F:\os\OSPanel\domains\land.kiavi\wp-content\plugins\landvent-manager-panel\core\functions\navs.php on line 102
[30-Jul-2025 15:32:27 UTC] PHP Warning:  Undefined array key "icon" in F:\os\OSPanel\domains\land.kiavi\wp-content\plugins\landvent-manager-panel\core\functions\navs.php on line 102
[30-Jul-2025 15:32:27 UTC] PHP Warning:  Undefined array key "icon" in F:\os\OSPanel\domains\land.kiavi\wp-content\plugins\landvent-manager-panel\core\functions\navs.php on line 102
[30-Jul-2025 15:32:27 UTC] PHP Warning:  Undefined array key "icon" in F:\os\OSPanel\domains\land.kiavi\wp-content\plugins\landvent-manager-panel\core\functions\navs.php on line 102
[30-Jul-2025 15:32:27 UTC] PHP Warning:  Undefined array key "icon" in F:\os\OSPanel\domains\land.kiavi\wp-content\plugins\landvent-manager-panel\core\functions\navs.php on line 102
[30-Jul-2025 15:32:27 UTC] PHP Warning:  Undefined array key "icon" in F:\os\OSPanel\domains\land.kiavi\wp-content\plugins\landvent-manager-panel\core\functions\navs.php on line 102
[30-Jul-2025 15:32:27 UTC] PHP Warning:  Undefined array key "icon" in F:\os\OSPanel\domains\land.kiavi\wp-content\plugins\landvent-manager-panel\core\functions\navs.php on line 102
[30-Jul-2025 15:32:27 UTC] PHP Warning:  Undefined array key "icon" in F:\os\OSPanel\domains\land.kiavi\wp-content\plugins\landvent-manager-panel\core\functions\navs.php on line 102
[30-Jul-2025 15:32:27 UTC] PHP Warning:  Undefined array key "icon" in F:\os\OSPanel\domains\land.kiavi\wp-content\plugins\landvent-manager-panel\core\functions\navs.php on line 102
[30-Jul-2025 15:32:27 UTC] PHP Warning:  Undefined array key "icon" in F:\os\OSPanel\domains\land.kiavi\wp-content\plugins\landvent-manager-panel\core\functions\navs.php on line 102
[30-Jul-2025 15:32:27 UTC] PHP Deprecated:  Constant FILTER_SANITIZE_STRING is deprecated in F:\os\OSPanel\domains\land.kiavi\wp-content\plugins\landvent-manager-panel\core\functions\helpers.php on line 27
[30-Jul-2025 15:32:27 UTC] PHP Warning:  foreach() argument must be of type array|object, string given in F:\os\OSPanel\domains\land.kiavi\wp-content\plugins\landvent-manager-panel\core\config\applicant-info.php on line 258
[30-Jul-2025 15:32:27 UTC] PHP Warning:  foreach() argument must be of type array|object, string given in F:\os\OSPanel\domains\land.kiavi\wp-content\plugins\landvent-manager-panel\core\config\property-details.php on line 807
[30-Jul-2025 15:32:27 UTC] PHP Warning:  foreach() argument must be of type array|object, string given in F:\os\OSPanel\domains\land.kiavi\wp-content\plugins\landvent-manager-panel\core\config\property-details.php on line 913
[30-Jul-2025 15:32:27 UTC] PHP Deprecated:  Constant FILTER_SANITIZE_STRING is deprecated in F:\os\OSPanel\domains\land.kiavi\wp-content\plugins\landvent-manager-panel\core\functions\helpers.php on line 27
[30-Jul-2025 15:41:09 UTC] PHP Warning:  foreach() argument must be of type array|object, string given in F:\os\OSPanel\domains\land.kiavi\wp-content\plugins\wpp-loan-application\includes\functions\wpp-helper.php on line 189
[30-Jul-2025 15:41:09 UTC] PHP Warning:  Undefined array key "icon" in F:\os\OSPanel\domains\land.kiavi\wp-content\plugins\landvent-manager-panel\core\functions\navs.php on line 102
[30-Jul-2025 15:41:09 UTC] PHP Warning:  Undefined array key "icon" in F:\os\OSPanel\domains\land.kiavi\wp-content\plugins\landvent-manager-panel\core\functions\navs.php on line 102
[30-Jul-2025 15:41:09 UTC] PHP Warning:  Undefined array key "icon" in F:\os\OSPanel\domains\land.kiavi\wp-content\plugins\landvent-manager-panel\core\functions\navs.php on line 102
[30-Jul-2025 15:41:09 UTC] PHP Warning:  Undefined array key "icon" in F:\os\OSPanel\domains\land.kiavi\wp-content\plugins\landvent-manager-panel\core\functions\navs.php on line 102
[30-Jul-2025 15:41:09 UTC] PHP Warning:  Undefined array key "icon" in F:\os\OSPanel\domains\land.kiavi\wp-content\plugins\landvent-manager-panel\core\functions\navs.php on line 102
[30-Jul-2025 15:41:09 UTC] PHP Warning:  Undefined array key "icon" in F:\os\OSPanel\domains\land.kiavi\wp-content\plugins\landvent-manager-panel\core\functions\navs.php on line 102
[30-Jul-2025 15:41:09 UTC] PHP Warning:  Undefined array key "icon" in F:\os\OSPanel\domains\land.kiavi\wp-content\plugins\landvent-manager-panel\core\functions\navs.php on line 102
[30-Jul-2025 15:41:09 UTC] PHP Warning:  Undefined array key "icon" in F:\os\OSPanel\domains\land.kiavi\wp-content\plugins\landvent-manager-panel\core\functions\navs.php on line 102
[30-Jul-2025 15:41:09 UTC] PHP Warning:  Undefined array key "icon" in F:\os\OSPanel\domains\land.kiavi\wp-content\plugins\landvent-manager-panel\core\functions\navs.php on line 102
[30-Jul-2025 15:41:09 UTC] PHP Warning:  Undefined array key "icon" in F:\os\OSPanel\domains\land.kiavi\wp-content\plugins\landvent-manager-panel\core\functions\navs.php on line 102
[30-Jul-2025 15:41:09 UTC] PHP Warning:  Undefined array key "icon" in F:\os\OSPanel\domains\land.kiavi\wp-content\plugins\landvent-manager-panel\core\functions\navs.php on line 102
[30-Jul-2025 15:41:09 UTC] PHP Warning:  Undefined array key "icon" in F:\os\OSPanel\domains\land.kiavi\wp-content\plugins\landvent-manager-panel\core\functions\navs.php on line 102
[30-Jul-2025 15:41:09 UTC] PHP Warning:  Undefined array key "icon" in F:\os\OSPanel\domains\land.kiavi\wp-content\plugins\landvent-manager-panel\core\functions\navs.php on line 102
[30-Jul-2025 15:41:09 UTC] PHP Deprecated:  Constant FILTER_SANITIZE_STRING is deprecated in F:\os\OSPanel\domains\land.kiavi\wp-content\plugins\landvent-manager-panel\core\functions\helpers.php on line 27
[30-Jul-2025 15:41:09 UTC] PHP Warning:  foreach() argument must be of type array|object, string given in F:\os\OSPanel\domains\land.kiavi\wp-content\plugins\landvent-manager-panel\core\config\applicant-info.php on line 258
[30-Jul-2025 15:41:09 UTC] PHP Warning:  foreach() argument must be of type array|object, string given in F:\os\OSPanel\domains\land.kiavi\wp-content\plugins\landvent-manager-panel\core\config\property-details.php on line 807
[30-Jul-2025 15:41:09 UTC] PHP Warning:  foreach() argument must be of type array|object, string given in F:\os\OSPanel\domains\land.kiavi\wp-content\plugins\landvent-manager-panel\core\config\property-details.php on line 913
[30-Jul-2025 15:41:09 UTC] PHP Deprecated:  Constant FILTER_SANITIZE_STRING is deprecated in F:\os\OSPanel\domains\land.kiavi\wp-content\plugins\landvent-manager-panel\core\functions\helpers.php on line 27
[30-Jul-2025 15:43:55 UTC] PHP Warning:  foreach() argument must be of type array|object, string given in F:\os\OSPanel\domains\land.kiavi\wp-content\plugins\wpp-loan-application\includes\functions\wpp-helper.php on line 189
[30-Jul-2025 15:43:55 UTC] PHP Warning:  Undefined array key "icon" in F:\os\OSPanel\domains\land.kiavi\wp-content\plugins\landvent-manager-panel\core\functions\navs.php on line 102
[30-Jul-2025 15:43:55 UTC] PHP Warning:  Undefined array key "icon" in F:\os\OSPanel\domains\land.kiavi\wp-content\plugins\landvent-manager-panel\core\functions\navs.php on line 102
[30-Jul-2025 15:43:55 UTC] PHP Warning:  Undefined array key "icon" in F:\os\OSPanel\domains\land.kiavi\wp-content\plugins\landvent-manager-panel\core\functions\navs.php on line 102
[30-Jul-2025 15:43:55 UTC] PHP Warning:  Undefined array key "icon" in F:\os\OSPanel\domains\land.kiavi\wp-content\plugins\landvent-manager-panel\core\functions\navs.php on line 102
[30-Jul-2025 15:43:55 UTC] PHP Warning:  Undefined array key "icon" in F:\os\OSPanel\domains\land.kiavi\wp-content\plugins\landvent-manager-panel\core\functions\navs.php on line 102
[30-Jul-2025 15:43:55 UTC] PHP Warning:  Undefined array key "icon" in F:\os\OSPanel\domains\land.kiavi\wp-content\plugins\landvent-manager-panel\core\functions\navs.php on line 102
[30-Jul-2025 15:43:55 UTC] PHP Warning:  Undefined array key "icon" in F:\os\OSPanel\domains\land.kiavi\wp-content\plugins\landvent-manager-panel\core\functions\navs.php on line 102
[30-Jul-2025 15:43:55 UTC] PHP Warning:  Undefined array key "icon" in F:\os\OSPanel\domains\land.kiavi\wp-content\plugins\landvent-manager-panel\core\functions\navs.php on line 102
[30-Jul-2025 15:43:55 UTC] PHP Warning:  Undefined array key "icon" in F:\os\OSPanel\domains\land.kiavi\wp-content\plugins\landvent-manager-panel\core\functions\navs.php on line 102
[30-Jul-2025 15:43:55 UTC] PHP Warning:  Undefined array key "icon" in F:\os\OSPanel\domains\land.kiavi\wp-content\plugins\landvent-manager-panel\core\functions\navs.php on line 102
[30-Jul-2025 15:43:55 UTC] PHP Warning:  Undefined array key "icon" in F:\os\OSPanel\domains\land.kiavi\wp-content\plugins\landvent-manager-panel\core\functions\navs.php on line 102
[30-Jul-2025 15:43:55 UTC] PHP Warning:  Undefined array key "icon" in F:\os\OSPanel\domains\land.kiavi\wp-content\plugins\landvent-manager-panel\core\functions\navs.php on line 102
[30-Jul-2025 15:43:55 UTC] PHP Warning:  Undefined array key "icon" in F:\os\OSPanel\domains\land.kiavi\wp-content\plugins\landvent-manager-panel\core\functions\navs.php on line 102
[30-Jul-2025 15:43:55 UTC] PHP Deprecated:  Constant FILTER_SANITIZE_STRING is deprecated in F:\os\OSPanel\domains\land.kiavi\wp-content\plugins\landvent-manager-panel\core\functions\helpers.php on line 27
[30-Jul-2025 15:43:55 UTC] PHP Warning:  foreach() argument must be of type array|object, string given in F:\os\OSPanel\domains\land.kiavi\wp-content\plugins\landvent-manager-panel\core\config\applicant-info.php on line 258
[30-Jul-2025 15:43:55 UTC] PHP Warning:  foreach() argument must be of type array|object, string given in F:\os\OSPanel\domains\land.kiavi\wp-content\plugins\landvent-manager-panel\core\config\property-details.php on line 807
[30-Jul-2025 15:43:55 UTC] PHP Warning:  foreach() argument must be of type array|object, string given in F:\os\OSPanel\domains\land.kiavi\wp-content\plugins\landvent-manager-panel\core\config\property-details.php on line 913
[30-Jul-2025 15:43:55 UTC] PHP Deprecated:  Constant FILTER_SANITIZE_STRING is deprecated in F:\os\OSPanel\domains\land.kiavi\wp-content\plugins\landvent-manager-panel\core\functions\helpers.php on line 27
[30-Jul-2025 15:56:48 UTC] PHP Warning:  foreach() argument must be of type array|object, string given in F:\os\OSPanel\domains\land.kiavi\wp-content\plugins\wpp-loan-application\includes\functions\wpp-helper.php on line 189
[30-Jul-2025 15:56:48 UTC] PHP Warning:  Undefined array key "icon" in F:\os\OSPanel\domains\land.kiavi\wp-content\plugins\landvent-manager-panel\core\functions\navs.php on line 102
[30-Jul-2025 15:56:48 UTC] PHP Warning:  Undefined array key "icon" in F:\os\OSPanel\domains\land.kiavi\wp-content\plugins\landvent-manager-panel\core\functions\navs.php on line 102
[30-Jul-2025 15:56:48 UTC] PHP Warning:  Undefined array key "icon" in F:\os\OSPanel\domains\land.kiavi\wp-content\plugins\landvent-manager-panel\core\functions\navs.php on line 102
[30-Jul-2025 15:56:48 UTC] PHP Warning:  Undefined array key "icon" in F:\os\OSPanel\domains\land.kiavi\wp-content\plugins\landvent-manager-panel\core\functions\navs.php on line 102
[30-Jul-2025 15:56:48 UTC] PHP Warning:  Undefined array key "icon" in F:\os\OSPanel\domains\land.kiavi\wp-content\plugins\landvent-manager-panel\core\functions\navs.php on line 102
[30-Jul-2025 15:56:48 UTC] PHP Warning:  Undefined array key "icon" in F:\os\OSPanel\domains\land.kiavi\wp-content\plugins\landvent-manager-panel\core\functions\navs.php on line 102
[30-Jul-2025 15:56:48 UTC] PHP Warning:  Undefined array key "icon" in F:\os\OSPanel\domains\land.kiavi\wp-content\plugins\landvent-manager-panel\core\functions\navs.php on line 102
[30-Jul-2025 15:56:48 UTC] PHP Warning:  Undefined array key "icon" in F:\os\OSPanel\domains\land.kiavi\wp-content\plugins\landvent-manager-panel\core\functions\navs.php on line 102
[30-Jul-2025 15:56:48 UTC] PHP Warning:  Undefined array key "icon" in F:\os\OSPanel\domains\land.kiavi\wp-content\plugins\landvent-manager-panel\core\functions\navs.php on line 102
[30-Jul-2025 15:56:48 UTC] PHP Warning:  Undefined array key "icon" in F:\os\OSPanel\domains\land.kiavi\wp-content\plugins\landvent-manager-panel\core\functions\navs.php on line 102
[30-Jul-2025 15:56:48 UTC] PHP Warning:  Undefined array key "icon" in F:\os\OSPanel\domains\land.kiavi\wp-content\plugins\landvent-manager-panel\core\functions\navs.php on line 102
[30-Jul-2025 15:56:48 UTC] PHP Warning:  Undefined array key "icon" in F:\os\OSPanel\domains\land.kiavi\wp-content\plugins\landvent-manager-panel\core\functions\navs.php on line 102
[30-Jul-2025 15:56:48 UTC] PHP Warning:  Undefined array key "icon" in F:\os\OSPanel\domains\land.kiavi\wp-content\plugins\landvent-manager-panel\core\functions\navs.php on line 102
[30-Jul-2025 15:56:48 UTC] PHP Deprecated:  Constant FILTER_SANITIZE_STRING is deprecated in F:\os\OSPanel\domains\land.kiavi\wp-content\plugins\landvent-manager-panel\core\functions\helpers.php on line 27
[30-Jul-2025 15:56:48 UTC] PHP Warning:  foreach() argument must be of type array|object, string given in F:\os\OSPanel\domains\land.kiavi\wp-content\plugins\landvent-manager-panel\core\config\applicant-info.php on line 258
[30-Jul-2025 15:56:48 UTC] PHP Warning:  foreach() argument must be of type array|object, string given in F:\os\OSPanel\domains\land.kiavi\wp-content\plugins\landvent-manager-panel\core\config\property-details.php on line 807
[30-Jul-2025 15:56:48 UTC] PHP Warning:  foreach() argument must be of type array|object, string given in F:\os\OSPanel\domains\land.kiavi\wp-content\plugins\landvent-manager-panel\core\config\property-details.php on line 913
[30-Jul-2025 15:56:48 UTC] PHP Deprecated:  Constant FILTER_SANITIZE_STRING is deprecated in F:\os\OSPanel\domains\land.kiavi\wp-content\plugins\landvent-manager-panel\core\functions\helpers.php on line 27
[30-Jul-2025 15:58:00 UTC] PHP Warning:  foreach() argument must be of type array|object, string given in F:\os\OSPanel\domains\land.kiavi\wp-content\plugins\wpp-loan-application\includes\functions\wpp-helper.php on line 189
[30-Jul-2025 15:58:00 UTC] PHP Warning:  Undefined array key "icon" in F:\os\OSPanel\domains\land.kiavi\wp-content\plugins\landvent-manager-panel\core\functions\navs.php on line 102
[30-Jul-2025 15:58:00 UTC] PHP Warning:  Undefined array key "icon" in F:\os\OSPanel\domains\land.kiavi\wp-content\plugins\landvent-manager-panel\core\functions\navs.php on line 102
[30-Jul-2025 15:58:00 UTC] PHP Warning:  Undefined array key "icon" in F:\os\OSPanel\domains\land.kiavi\wp-content\plugins\landvent-manager-panel\core\functions\navs.php on line 102
[30-Jul-2025 15:58:00 UTC] PHP Warning:  Undefined array key "icon" in F:\os\OSPanel\domains\land.kiavi\wp-content\plugins\landvent-manager-panel\core\functions\navs.php on line 102
[30-Jul-2025 15:58:00 UTC] PHP Warning:  Undefined array key "icon" in F:\os\OSPanel\domains\land.kiavi\wp-content\plugins\landvent-manager-panel\core\functions\navs.php on line 102
[30-Jul-2025 15:58:00 UTC] PHP Warning:  Undefined array key "icon" in F:\os\OSPanel\domains\land.kiavi\wp-content\plugins\landvent-manager-panel\core\functions\navs.php on line 102
[30-Jul-2025 15:58:00 UTC] PHP Warning:  Undefined array key "icon" in F:\os\OSPanel\domains\land.kiavi\wp-content\plugins\landvent-manager-panel\core\functions\navs.php on line 102
[30-Jul-2025 15:58:00 UTC] PHP Warning:  Undefined array key "icon" in F:\os\OSPanel\domains\land.kiavi\wp-content\plugins\landvent-manager-panel\core\functions\navs.php on line 102
[30-Jul-2025 15:58:00 UTC] PHP Warning:  Undefined array key "icon" in F:\os\OSPanel\domains\land.kiavi\wp-content\plugins\landvent-manager-panel\core\functions\navs.php on line 102
[30-Jul-2025 15:58:00 UTC] PHP Warning:  Undefined array key "icon" in F:\os\OSPanel\domains\land.kiavi\wp-content\plugins\landvent-manager-panel\core\functions\navs.php on line 102
[30-Jul-2025 15:58:00 UTC] PHP Warning:  Undefined array key "icon" in F:\os\OSPanel\domains\land.kiavi\wp-content\plugins\landvent-manager-panel\core\functions\navs.php on line 102
[30-Jul-2025 15:58:00 UTC] PHP Warning:  Undefined array key "icon" in F:\os\OSPanel\domains\land.kiavi\wp-content\plugins\landvent-manager-panel\core\functions\navs.php on line 102
[30-Jul-2025 15:58:00 UTC] PHP Warning:  Undefined array key "icon" in F:\os\OSPanel\domains\land.kiavi\wp-content\plugins\landvent-manager-panel\core\functions\navs.php on line 102
[30-Jul-2025 15:58:00 UTC] PHP Deprecated:  Constant FILTER_SANITIZE_STRING is deprecated in F:\os\OSPanel\domains\land.kiavi\wp-content\plugins\landvent-manager-panel\core\functions\helpers.php on line 27
[30-Jul-2025 15:58:00 UTC] PHP Warning:  foreach() argument must be of type array|object, string given in F:\os\OSPanel\domains\land.kiavi\wp-content\plugins\landvent-manager-panel\core\config\applicant-info.php on line 258
[30-Jul-2025 15:58:00 UTC] PHP Warning:  foreach() argument must be of type array|object, string given in F:\os\OSPanel\domains\land.kiavi\wp-content\plugins\landvent-manager-panel\core\config\property-details.php on line 807
[30-Jul-2025 15:58:00 UTC] PHP Warning:  foreach() argument must be of type array|object, string given in F:\os\OSPanel\domains\land.kiavi\wp-content\plugins\landvent-manager-panel\core\config\property-details.php on line 913
[30-Jul-2025 15:58:00 UTC] PHP Deprecated:  Constant FILTER_SANITIZE_STRING is deprecated in F:\os\OSPanel\domains\land.kiavi\wp-content\plugins\landvent-manager-panel\core\functions\helpers.php on line 27
[30-Jul-2025 15:59:00 UTC] PHP Warning:  foreach() argument must be of type array|object, string given in F:\os\OSPanel\domains\land.kiavi\wp-content\plugins\wpp-loan-application\includes\functions\wpp-helper.php on line 189
[30-Jul-2025 15:59:00 UTC] PHP Warning:  Undefined array key "icon" in F:\os\OSPanel\domains\land.kiavi\wp-content\plugins\landvent-manager-panel\core\functions\navs.php on line 102
[30-Jul-2025 15:59:00 UTC] PHP Warning:  Undefined array key "icon" in F:\os\OSPanel\domains\land.kiavi\wp-content\plugins\landvent-manager-panel\core\functions\navs.php on line 102
[30-Jul-2025 15:59:00 UTC] PHP Warning:  Undefined array key "icon" in F:\os\OSPanel\domains\land.kiavi\wp-content\plugins\landvent-manager-panel\core\functions\navs.php on line 102
[30-Jul-2025 15:59:00 UTC] PHP Warning:  Undefined array key "icon" in F:\os\OSPanel\domains\land.kiavi\wp-content\plugins\landvent-manager-panel\core\functions\navs.php on line 102
[30-Jul-2025 15:59:00 UTC] PHP Warning:  Undefined array key "icon" in F:\os\OSPanel\domains\land.kiavi\wp-content\plugins\landvent-manager-panel\core\functions\navs.php on line 102
[30-Jul-2025 15:59:00 UTC] PHP Warning:  Undefined array key "icon" in F:\os\OSPanel\domains\land.kiavi\wp-content\plugins\landvent-manager-panel\core\functions\navs.php on line 102
[30-Jul-2025 15:59:00 UTC] PHP Warning:  Undefined array key "icon" in F:\os\OSPanel\domains\land.kiavi\wp-content\plugins\landvent-manager-panel\core\functions\navs.php on line 102
[30-Jul-2025 15:59:00 UTC] PHP Warning:  Undefined array key "icon" in F:\os\OSPanel\domains\land.kiavi\wp-content\plugins\landvent-manager-panel\core\functions\navs.php on line 102
[30-Jul-2025 15:59:00 UTC] PHP Warning:  Undefined array key "icon" in F:\os\OSPanel\domains\land.kiavi\wp-content\plugins\landvent-manager-panel\core\functions\navs.php on line 102
[30-Jul-2025 15:59:00 UTC] PHP Warning:  Undefined array key "icon" in F:\os\OSPanel\domains\land.kiavi\wp-content\plugins\landvent-manager-panel\core\functions\navs.php on line 102
[30-Jul-2025 15:59:00 UTC] PHP Warning:  Undefined array key "icon" in F:\os\OSPanel\domains\land.kiavi\wp-content\plugins\landvent-manager-panel\core\functions\navs.php on line 102
[30-Jul-2025 15:59:00 UTC] PHP Warning:  Undefined array key "icon" in F:\os\OSPanel\domains\land.kiavi\wp-content\plugins\landvent-manager-panel\core\functions\navs.php on line 102
[30-Jul-2025 15:59:00 UTC] PHP Warning:  Undefined array key "icon" in F:\os\OSPanel\domains\land.kiavi\wp-content\plugins\landvent-manager-panel\core\functions\navs.php on line 102
[30-Jul-2025 15:59:00 UTC] PHP Deprecated:  Constant FILTER_SANITIZE_STRING is deprecated in F:\os\OSPanel\domains\land.kiavi\wp-content\plugins\landvent-manager-panel\core\functions\helpers.php on line 27
[30-Jul-2025 15:59:00 UTC] PHP Warning:  foreach() argument must be of type array|object, string given in F:\os\OSPanel\domains\land.kiavi\wp-content\plugins\landvent-manager-panel\core\config\applicant-info.php on line 258
[30-Jul-2025 15:59:00 UTC] PHP Warning:  foreach() argument must be of type array|object, string given in F:\os\OSPanel\domains\land.kiavi\wp-content\plugins\landvent-manager-panel\core\config\property-details.php on line 807
[30-Jul-2025 15:59:00 UTC] PHP Warning:  foreach() argument must be of type array|object, string given in F:\os\OSPanel\domains\land.kiavi\wp-content\plugins\landvent-manager-panel\core\config\property-details.php on line 913
[30-Jul-2025 15:59:00 UTC] PHP Deprecated:  Constant FILTER_SANITIZE_STRING is deprecated in F:\os\OSPanel\domains\land.kiavi\wp-content\plugins\landvent-manager-panel\core\functions\helpers.php on line 27
